2024-05-19 18:14:05,607 - WARNING - Deadline exceeded: 504 Deadline Exceeded
2024-05-19 18:14:21,621 - WARNING - Deadline exceeded: 504 Deadline Exceeded
2024-05-19 18:14:22,640 - INFO - 127.0.0.1 - - [19/May/2024 18:14:22] "GET /socket.io/?EIO=4&transport=websocket&sid=c7zesEyRAZS0Bu39AAAw HTTP/1.1" 200 -
2024-05-19 18:14:22,798 - INFO - 127.0.0.1 - - [19/May/2024 18:14:22] "GET /socket.io/?EIO=4&transport=polling&t=O-HQmlC HTTP/1.1" 200 -
2024-05-19 18:14:22,799 - INFO - 127.0.0.1 - - [19/May/2024 18:14:22] "OPTIONS /auth/users HTTP/1.1" 200 -
2024-05-19 18:14:22,817 - INFO - 127.0.0.1 - - [19/May/2024 18:14:22] "POST /socket.io/?EIO=4&transport=polling&t=O-HQmlW&sid=DWCDmUfKtqR1wkpQAAAy HTTP/1.1" 200 -
2024-05-19 18:14:22,818 - INFO - 127.0.0.1 - - [19/May/2024 18:14:22] "GET /socket.io/?EIO=4&transport=polling&t=O-HQmlW.0&sid=DWCDmUfKtqR1wkpQAAAy HTTP/1.1" 200 -
2024-05-19 18:14:22,822 - INFO - 127.0.0.1 - - [19/May/2024 18:14:22] "GET /socket.io/?EIO=4&transport=polling&t=O-HQmlb&sid=DWCDmUfKtqR1wkpQAAAy HTTP/1.1" 200 -
2024-05-19 18:14:23,458 - INFO - 127.0.0.1 - - [19/May/2024 18:14:23] "GET /auth/users HTTP/1.1" 200 -
2024-05-19 18:14:25,789 - INFO - 127.0.0.1 - - [19/May/2024 18:14:25] "GET /socket.io/?EIO=4&transport=websocket&sid=DWCDmUfKtqR1wkpQAAAy HTTP/1.1" 200 -
2024-05-19 18:14:25,904 - INFO - 127.0.0.1 - - [19/May/2024 18:14:25] "GET /socket.io/?EIO=4&transport=polling&t=O-HQnVj HTTP/1.1" 200 -
2024-05-19 18:14:25,912 - INFO - 127.0.0.1 - - [19/May/2024 18:14:25] "POST /socket.io/?EIO=4&transport=polling&t=O-HQnVq&sid=pCv8ZIAu5-QRdiJPAAA0 HTTP/1.1" 200 -
2024-05-19 18:14:25,912 - INFO - 127.0.0.1 - - [19/May/2024 18:14:25] "GET /socket.io/?EIO=4&transport=polling&t=O-HQnVr&sid=pCv8ZIAu5-QRdiJPAAA0 HTTP/1.1" 200 -
2024-05-19 18:14:25,929 - INFO - 127.0.0.1 - - [19/May/2024 18:14:25] "GET /socket.io/?EIO=4&transport=polling&t=O-HQnW8&sid=pCv8ZIAu5-QRdiJPAAA0 HTTP/1.1" 200 -
2024-05-19 18:14:25,933 - INFO - 127.0.0.1 - - [19/May/2024 18:14:25] "GET /socket.io/?EIO=4&transport=polling&t=O-HQnWC&sid=pCv8ZIAu5-QRdiJPAAA0 HTTP/1.1" 200 -
2024-05-19 18:14:26,634 - INFO - 127.0.0.1 - - [19/May/2024 18:14:26] "GET /auth/users HTTP/1.1" 200 -
2024-05-19 18:14:37,637 - WARNING - Deadline exceeded: 504 Deadline Exceeded
2024-05-19 18:14:53,651 - WARNING - Deadline exceeded: 504 Deadline Exceeded
2024-05-19 18:14:56,138 - INFO - 127.0.0.1 - - [19/May/2024 18:14:56] "GET /socket.io/?EIO=4&transport=websocket&sid=pCv8ZIAu5-QRdiJPAAA0 HTTP/1.1" 200 -
2024-05-19 18:14:56,282 - INFO - 127.0.0.1 - - [19/May/2024 18:14:56] "GET /socket.io/?EIO=4&transport=polling&t=O-HQuwM HTTP/1.1" 200 -
2024-05-19 18:14:56,283 - INFO - 127.0.0.1 - - [19/May/2024 18:14:56] "OPTIONS /auth/users HTTP/1.1" 200 -
2024-05-19 18:14:56,299 - INFO - 127.0.0.1 - - [19/May/2024 18:14:56] "POST /socket.io/?EIO=4&transport=polling&t=O-HQuwg&sid=WSooWUi_6lDOhlbLAAA2 HTTP/1.1" 200 -
2024-05-19 18:14:56,299 - INFO - 127.0.0.1 - - [19/May/2024 18:14:56] "GET /socket.io/?EIO=4&transport=polling&t=O-HQuwg.0&sid=WSooWUi_6lDOhlbLAAA2 HTTP/1.1" 200 -
2024-05-19 18:14:56,927 - INFO - 127.0.0.1 - - [19/May/2024 18:14:56] "GET /auth/users HTTP/1.1" 200 -
2024-05-19 18:15:01,515 - INFO - 127.0.0.1 - - [19/May/2024 18:15:01] "GET /socket.io/?EIO=4&transport=websocket&sid=WSooWUi_6lDOhlbLAAA2 HTTP/1.1" 200 -
2024-05-19 18:15:01,627 - INFO - 127.0.0.1 - - [19/May/2024 18:15:01] "OPTIONS /auth/users HTTP/1.1" 200 -
2024-05-19 18:15:01,628 - INFO - 127.0.0.1 - - [19/May/2024 18:15:01] "GET /socket.io/?EIO=4&transport=polling&t=O-HQwDu HTTP/1.1" 200 -
2024-05-19 18:15:01,634 - INFO - 127.0.0.1 - - [19/May/2024 18:15:01] "POST /socket.io/?EIO=4&transport=polling&t=O-HQwD_&sid=ObnCNTWfWGLW4SITAAA4 HTTP/1.1" 200 -
2024-05-19 18:15:01,636 - INFO - 127.0.0.1 - - [19/May/2024 18:15:01] "GET /socket.io/?EIO=4&transport=polling&t=O-HQwD_.0&sid=ObnCNTWfWGLW4SITAAA4 HTTP/1.1" 200 -
2024-05-19 18:15:01,647 - INFO - 127.0.0.1 - - [19/May/2024 18:15:01] "GET /socket.io/?EIO=4&transport=polling&t=O-HQwEE&sid=ObnCNTWfWGLW4SITAAA4 HTTP/1.1" 200 -
2024-05-19 18:15:02,294 - INFO - 127.0.0.1 - - [19/May/2024 18:15:02] "GET /auth/users HTTP/1.1" 200 -
2024-05-19 18:15:09,662 - WARNING - Deadline exceeded: 504 Deadline Exceeded
2024-05-19 18:15:25,675 - WARNING - Deadline exceeded: 504 Deadline Exceeded
2024-05-19 18:15:41,688 - WARNING - Deadline exceeded: 504 Deadline Exceeded
2024-05-19 18:15:48,940 - INFO - 127.0.0.1 - - [19/May/2024 18:15:48] "GET /socket.io/?EIO=4&transport=websocket&sid=ObnCNTWfWGLW4SITAAA4 HTTP/1.1" 200 -
2024-05-19 18:15:49,095 - INFO - 127.0.0.1 - - [19/May/2024 18:15:49] "GET /socket.io/?EIO=4&transport=polling&t=O-HR5pa HTTP/1.1" 200 -
2024-05-19 18:15:49,097 - INFO - 127.0.0.1 - - [19/May/2024 18:15:49] "OPTIONS /auth/users HTTP/1.1" 200 -
2024-05-19 18:15:49,101 - INFO - 127.0.0.1 - - [19/May/2024 18:15:49] "POST /socket.io/?EIO=4&transport=polling&t=O-HR5pf&sid=d5wcChZ4jXsDVYDlAAA6 HTTP/1.1" 200 -
2024-05-19 18:15:49,101 - INFO - 127.0.0.1 - - [19/May/2024 18:15:49] "GET /socket.io/?EIO=4&transport=polling&t=O-HR5pg&sid=d5wcChZ4jXsDVYDlAAA6 HTTP/1.1" 200 -
2024-05-19 18:15:49,115 - INFO - 127.0.0.1 - - [19/May/2024 18:15:49] "GET /socket.io/?EIO=4&transport=polling&t=O-HR5pv&sid=d5wcChZ4jXsDVYDlAAA6 HTTP/1.1" 200 -
2024-05-19 18:15:49,120 - INFO - 127.0.0.1 - - [19/May/2024 18:15:49] "GET /socket.io/?EIO=4&transport=polling&t=O-HR5p_&sid=d5wcChZ4jXsDVYDlAAA6 HTTP/1.1" 200 -
2024-05-19 18:15:49,798 - INFO - 127.0.0.1 - - [19/May/2024 18:15:49] "GET /auth/users HTTP/1.1" 200 -
2024-05-19 18:15:57,705 - WARNING - Deadline exceeded: 504 Deadline Exceeded
2024-05-19 18:16:10,899 - INFO - 127.0.0.1 - - [19/May/2024 18:16:10] "GET /socket.io/?EIO=4&transport=websocket&sid=d5wcChZ4jXsDVYDlAAA6 HTTP/1.1" 200 -
2024-05-19 18:16:11,015 - INFO - 127.0.0.1 - - [19/May/2024 18:16:11] "OPTIONS /auth/users HTTP/1.1" 200 -
2024-05-19 18:16:11,016 - INFO - 127.0.0.1 - - [19/May/2024 18:16:11] "GET /socket.io/?EIO=4&transport=polling&t=O-HRBA4 HTTP/1.1" 200 -
2024-05-19 18:16:11,018 - INFO - 127.0.0.1 - - [19/May/2024 18:16:11] "POST /socket.io/?EIO=4&transport=polling&t=O-HRBA9&sid=vY1PtkuWJO8bTUPSAAA8 HTTP/1.1" 200 -
2024-05-19 18:16:11,019 - INFO - 127.0.0.1 - - [19/May/2024 18:16:11] "GET /socket.io/?EIO=4&transport=polling&t=O-HRBAA&sid=vY1PtkuWJO8bTUPSAAA8 HTTP/1.1" 200 -
2024-05-19 18:16:11,035 - INFO - 127.0.0.1 - - [19/May/2024 18:16:11] "GET /socket.io/?EIO=4&transport=polling&t=O-HRBAQ&sid=vY1PtkuWJO8bTUPSAAA8 HTTP/1.1" 200 -
2024-05-19 18:16:11,038 - INFO - 127.0.0.1 - - [19/May/2024 18:16:11] "GET /socket.io/?EIO=4&transport=polling&t=O-HRBAT&sid=vY1PtkuWJO8bTUPSAAA8 HTTP/1.1" 200 -
2024-05-19 18:16:12,899 - INFO - 127.0.0.1 - - [19/May/2024 18:16:12] "GET /auth/users HTTP/1.1" 200 -
2024-05-19 18:16:13,718 - WARNING - Deadline exceeded: 504 Deadline Exceeded
2024-05-19 18:16:29,734 - WARNING - Deadline exceeded: 504 Deadline Exceeded
2024-05-19 18:16:45,748 - WARNING - Deadline exceeded: 504 Deadline Exceeded
2024-05-19 18:17:01,758 - WARNING - Deadline exceeded: 504 Deadline Exceeded
2024-05-19 18:17:17,775 - WARNING - Deadline exceeded: 504 Deadline Exceeded
2024-05-19 18:17:33,793 - WARNING - Deadline exceeded: 504 Deadline Exceeded
2024-05-19 18:17:49,809 - WARNING - Deadline exceeded: 504 Deadline Exceeded
2024-05-19 18:18:05,826 - WARNING - Deadline exceeded: 504 Deadline Exceeded
2024-05-19 18:18:21,843 - WARNING - Deadline exceeded: 504 Deadline Exceeded
2024-05-19 18:18:37,853 - WARNING - Deadline exceeded: 504 Deadline Exceeded
2024-05-19 18:18:53,871 - WARNING - Deadline exceeded: 504 Deadline Exceeded
2024-05-19 18:19:09,883 - WARNING - Deadline exceeded: 504 Deadline Exceeded
2024-05-19 18:19:25,894 - WARNING - Deadline exceeded: 504 Deadline Exceeded
2024-05-19 18:19:41,910 - WARNING - Deadline exceeded: 504 Deadline Exceeded
2024-05-19 18:19:57,923 - WARNING - Deadline exceeded: 504 Deadline Exceeded
2024-05-19 18:20:13,939 - WARNING - Deadline exceeded: 504 Deadline Exceeded
2024-05-19 18:20:29,954 - WARNING - Deadline exceeded: 504 Deadline Exceeded
2024-05-19 18:20:45,967 - WARNING - Deadline exceeded: 504 Deadline Exceeded
2024-05-19 18:21:01,981 - WARNING - Deadline exceeded: 504 Deadline Exceeded
2024-05-19 18:21:17,997 - WARNING - Deadline exceeded: 504 Deadline Exceeded
2024-05-19 18:21:34,010 - WARNING - Deadline exceeded: 504 Deadline Exceeded
2024-05-19 18:21:50,029 - WARNING - Deadline exceeded: 504 Deadline Exceeded
2024-05-19 18:22:06,040 - WARNING - Deadline exceeded: 504 Deadline Exceeded
2024-05-19 18:22:22,052 - WARNING - Deadline exceeded: 504 Deadline Exceeded
2024-05-19 18:22:38,060 - WARNING - Deadline exceeded: 504 Deadline Exceeded
2024-05-19 18:22:54,074 - WARNING - Deadline exceeded: 504 Deadline Exceeded
2024-05-19 18:23:10,088 - WARNING - Deadline exceeded: 504 Deadline Exceeded
2024-05-19 18:23:26,103 - WARNING - Deadline exceeded: 504 Deadline Exceeded
2024-05-19 18:23:42,114 - WARNING - Deadline exceeded: 504 Deadline Exceeded
2024-05-19 18:23:58,126 - WARNING - Deadline exceeded: 504 Deadline Exceeded
2024-05-19 18:24:14,144 - WARNING - Deadline exceeded: 504 Deadline Exceeded
2024-05-19 18:24:15,564 - INFO - 127.0.0.1 - - [19/May/2024 18:24:15] "GET /socket.io/?EIO=4&transport=websocket&sid=vY1PtkuWJO8bTUPSAAA8 HTTP/1.1" 200 -
2024-05-19 18:24:15,713 - INFO - 127.0.0.1 - - [19/May/2024 18:24:15] "GET /socket.io/?EIO=4&transport=polling&t=O-HT1VV HTTP/1.1" 200 -
2024-05-19 18:24:15,715 - INFO - 127.0.0.1 - - [19/May/2024 18:24:15] "OPTIONS /auth/users HTTP/1.1" 200 -
2024-05-19 18:24:15,732 - INFO - 127.0.0.1 - - [19/May/2024 18:24:15] "POST /socket.io/?EIO=4&transport=polling&t=O-HT1Vn&sid=vxqJBtvklb6cW3aEAAA- HTTP/1.1" 200 -
2024-05-19 18:24:15,733 - INFO - 127.0.0.1 - - [19/May/2024 18:24:15] "GET /socket.io/?EIO=4&transport=polling&t=O-HT1Vo&sid=vxqJBtvklb6cW3aEAAA- HTTP/1.1" 200 -
2024-05-19 18:24:17,180 - INFO - 127.0.0.1 - - [19/May/2024 18:24:17] "GET /auth/users HTTP/1.1" 200 -
2024-05-19 18:24:30,162 - WARNING - Deadline exceeded: 504 Deadline Exceeded
2024-05-19 18:24:46,179 - WARNING - Deadline exceeded: 504 Deadline Exceeded
2024-05-19 18:24:58,179 - INFO - 127.0.0.1 - - [19/May/2024 18:24:58] "GET /socket.io/?EIO=4&transport=websocket&sid=vxqJBtvklb6cW3aEAAA- HTTP/1.1" 200 -
2024-05-19 18:24:58,316 - INFO - 127.0.0.1 - - [19/May/2024 18:24:58] "GET /socket.io/?EIO=4&transport=polling&t=O-HTBv8 HTTP/1.1" 200 -
2024-05-19 18:24:58,316 - INFO - 127.0.0.1 - - [19/May/2024 18:24:58] "OPTIONS /auth/users HTTP/1.1" 200 -
2024-05-19 18:24:58,332 - INFO - 127.0.0.1 - - [19/May/2024 18:24:58] "POST /socket.io/?EIO=4&transport=polling&t=O-HTBvR&sid=EwIMLJlVwXJYLPOXAABA HTTP/1.1" 200 -
2024-05-19 18:24:58,333 - INFO - 127.0.0.1 - - [19/May/2024 18:24:58] "GET /socket.io/?EIO=4&transport=polling&t=O-HTBvR.0&sid=EwIMLJlVwXJYLPOXAABA HTTP/1.1" 200 -
2024-05-19 18:24:59,097 - INFO - 127.0.0.1 - - [19/May/2024 18:24:59] "GET /auth/users HTTP/1.1" 200 -
2024-05-19 18:25:02,195 - WARNING - Deadline exceeded: 504 Deadline Exceeded
2024-05-19 18:25:18,206 - WARNING - Deadline exceeded: 504 Deadline Exceeded
2024-05-19 18:25:34,218 - WARNING - Deadline exceeded: 504 Deadline Exceeded
2024-05-19 18:25:50,231 - WARNING - Deadline exceeded: 504 Deadline Exceeded
2024-05-19 18:25:50,345 - INFO - 127.0.0.1 - - [19/May/2024 18:25:50] "GET /socket.io/?EIO=4&transport=websocket&sid=EwIMLJlVwXJYLPOXAABA HTTP/1.1" 200 -
2024-05-19 18:25:50,513 - INFO - 127.0.0.1 - - [19/May/2024 18:25:50] "GET /socket.io/?EIO=4&transport=polling&t=O-HTOej HTTP/1.1" 200 -
2024-05-19 18:25:50,514 - INFO - 127.0.0.1 - - [19/May/2024 18:25:50] "OPTIONS /auth/users HTTP/1.1" 200 -
2024-05-19 18:25:50,529 - INFO - 127.0.0.1 - - [19/May/2024 18:25:50] "POST /socket.io/?EIO=4&transport=polling&t=O-HTOf0&sid=Pfl0VJPt7NrkDsSjAABC HTTP/1.1" 200 -
2024-05-19 18:25:50,530 - INFO - 127.0.0.1 - - [19/May/2024 18:25:50] "GET /socket.io/?EIO=4&transport=polling&t=O-HTOf1&sid=Pfl0VJPt7NrkDsSjAABC HTTP/1.1" 200 -
2024-05-19 18:25:51,246 - INFO - 127.0.0.1 - - [19/May/2024 18:25:51] "GET /auth/users HTTP/1.1" 200 -
2024-05-19 18:26:06,247 - WARNING - Deadline exceeded: 504 Deadline Exceeded
2024-05-19 18:26:22,264 - WARNING - Deadline exceeded: 504 Deadline Exceeded
2024-05-19 18:26:38,281 - WARNING - Deadline exceeded: 504 Deadline Exceeded
2024-05-19 18:26:54,294 - WARNING - Deadline exceeded: 504 Deadline Exceeded
2024-05-19 18:27:10,302 - WARNING - Deadline exceeded: 504 Deadline Exceeded
2024-05-19 18:27:26,315 - WARNING - Deadline exceeded: 504 Deadline Exceeded
2024-05-19 18:27:42,327 - WARNING - Deadline exceeded: 504 Deadline Exceeded
2024-05-19 18:27:58,343 - WARNING - Deadline exceeded: 504 Deadline Exceeded
2024-05-19 18:28:14,353 - WARNING - Deadline exceeded: 504 Deadline Exceeded
2024-05-19 18:28:30,370 - WARNING - Deadline exceeded: 504 Deadline Exceeded
2024-05-19 18:28:46,386 - WARNING - Deadline exceeded: 504 Deadline Exceeded
2024-05-19 18:29:02,402 - WARNING - Deadline exceeded: 504 Deadline Exceeded
2024-05-19 18:29:18,416 - WARNING - Deadline exceeded: 504 Deadline Exceeded
2024-05-19 18:29:34,428 - WARNING - Deadline exceeded: 504 Deadline Exceeded
2024-05-19 18:29:50,439 - WARNING - Deadline exceeded: 504 Deadline Exceeded
2024-05-19 18:30:06,457 - WARNING - Deadline exceeded: 504 Deadline Exceeded
2024-05-19 18:30:22,469 - WARNING - Deadline exceeded: 504 Deadline Exceeded
2024-05-19 18:30:38,487 - WARNING - Deadline exceeded: 504 Deadline Exceeded
2024-05-19 18:30:54,500 - WARNING - Deadline exceeded: 504 Deadline Exceeded
2024-05-19 18:31:10,514 - WARNING - Deadline exceeded: 504 Deadline Exceeded
2024-05-19 18:31:26,528 - WARNING - Deadline exceeded: 504 Deadline Exceeded
2024-05-19 18:31:42,541 - WARNING - Deadline exceeded: 504 Deadline Exceeded
2024-05-19 18:31:58,553 - WARNING - Deadline exceeded: 504 Deadline Exceeded
2024-05-19 18:32:14,569 - WARNING - Deadline exceeded: 504 Deadline Exceeded
2024-05-19 18:32:30,585 - WARNING - Deadline exceeded: 504 Deadline Exceeded
2024-05-19 18:32:46,597 - WARNING - Deadline exceeded: 504 Deadline Exceeded
2024-05-19 18:33:02,611 - WARNING - Deadline exceeded: 504 Deadline Exceeded
2024-05-19 18:33:18,623 - WARNING - Deadline exceeded: 504 Deadline Exceeded
2024-05-19 18:33:34,636 - WARNING - Deadline exceeded: 504 Deadline Exceeded
2024-05-19 18:33:50,650 - WARNING - Deadline exceeded: 504 Deadline Exceeded
2024-05-19 18:34:06,663 - WARNING - Deadline exceeded: 504 Deadline Exceeded
2024-05-19 18:34:22,675 - WARNING - Deadline exceeded: 504 Deadline Exceeded
2024-05-19 18:34:38,681 - WARNING - Deadline exceeded: 504 Deadline Exceeded
2024-05-19 18:34:54,695 - WARNING - Deadline exceeded: 504 Deadline Exceeded
2024-05-19 18:35:10,705 - WARNING - Deadline exceeded: 504 Deadline Exceeded
2024-05-19 18:35:26,712 - WARNING - Deadline exceeded: 504 Deadline Exceeded
2024-05-19 18:35:42,729 - WARNING - Deadline exceeded: 504 Deadline Exceeded
2024-05-19 18:35:58,747 - WARNING - Deadline exceeded: 504 Deadline Exceeded
2024-05-19 18:36:14,760 - WARNING - Deadline exceeded: 504 Deadline Exceeded
2024-05-19 18:36:30,776 - WARNING - Deadline exceeded: 504 Deadline Exceeded
2024-05-19 18:36:46,784 - WARNING - Deadline exceeded: 504 Deadline Exceeded
2024-05-19 18:37:02,799 - WARNING - Deadline exceeded: 504 Deadline Exceeded
2024-05-19 18:37:18,816 - WARNING - Deadline exceeded: 504 Deadline Exceeded
2024-05-19 18:37:34,831 - WARNING - Deadline exceeded: 504 Deadline Exceeded
2024-05-19 18:37:50,847 - WARNING - Deadline exceeded: 504 Deadline Exceeded
2024-05-19 18:38:06,861 - WARNING - Deadline exceeded: 504 Deadline Exceeded
2024-05-19 18:38:22,871 - WARNING - Deadline exceeded: 504 Deadline Exceeded
2024-05-19 18:38:38,886 - WARNING - Deadline exceeded: 504 Deadline Exceeded
2024-05-19 18:38:54,902 - WARNING - Deadline exceeded: 504 Deadline Exceeded
2024-05-19 18:39:10,912 - WARNING - Deadline exceeded: 504 Deadline Exceeded
2024-05-19 18:39:26,923 - WARNING - Deadline exceeded: 504 Deadline Exceeded
2024-05-19 18:39:42,940 - WARNING - Deadline exceeded: 504 Deadline Exceeded
2024-05-19 18:39:58,954 - WARNING - Deadline exceeded: 504 Deadline Exceeded
2024-05-19 18:40:14,963 - WARNING - Deadline exceeded: 504 Deadline Exceeded
2024-05-19 18:40:30,976 - WARNING - Deadline exceeded: 504 Deadline Exceeded
2024-05-19 18:40:46,989 - WARNING - Deadline exceeded: 504 Deadline Exceeded
2024-05-19 18:41:03,000 - WARNING - Deadline exceeded: 504 Deadline Exceeded
2024-05-19 18:41:19,016 - WARNING - Deadline exceeded: 504 Deadline Exceeded
2024-05-19 18:41:35,030 - WARNING - Deadline exceeded: 504 Deadline Exceeded
2024-05-19 18:41:51,038 - WARNING - Deadline exceeded: 504 Deadline Exceeded
2024-05-19 18:42:07,053 - WARNING - Deadline exceeded: 504 Deadline Exceeded
2024-05-19 18:42:23,069 - WARNING - Deadline exceeded: 504 Deadline Exceeded
2024-05-19 18:42:39,081 - WARNING - Deadline exceeded: 504 Deadline Exceeded
2024-05-19 18:42:55,102 - WARNING - Deadline exceeded: 504 Deadline Exceeded
2024-05-19 18:43:11,120 - WARNING - Deadline exceeded: 504 Deadline Exceeded
2024-05-19 18:43:27,132 - WARNING - Deadline exceeded: 504 Deadline Exceeded
2024-05-19 18:43:43,141 - WARNING - Deadline exceeded: 504 Deadline Exceeded
2024-05-19 18:43:45,295 - INFO - 127.0.0.1 - - [19/May/2024 18:43:45] "GET /socket.io/?EIO=4&transport=websocket&sid=Pfl0VJPt7NrkDsSjAABC HTTP/1.1" 200 -
2024-05-19 18:43:45,976 - INFO - 127.0.0.1 - - [19/May/2024 18:43:45] "GET /socket.io/?EIO=4&transport=polling&t=O-HXVCs HTTP/1.1" 200 -
2024-05-19 18:43:45,981 - INFO - 127.0.0.1 - - [19/May/2024 18:43:45] "OPTIONS /auth/users HTTP/1.1" 200 -
2024-05-19 18:43:46,017 - INFO - 127.0.0.1 - - [19/May/2024 18:43:46] "POST /socket.io/?EIO=4&transport=polling&t=O-HXVDU&sid=h-JPyn5dxLzutBMOAABE HTTP/1.1" 200 -
2024-05-19 18:43:46,018 - INFO - 127.0.0.1 - - [19/May/2024 18:43:46] "GET /socket.io/?EIO=4&transport=polling&t=O-HXVDV&sid=h-JPyn5dxLzutBMOAABE HTTP/1.1" 200 -
2024-05-19 18:43:46,030 - INFO - 127.0.0.1 - - [19/May/2024 18:43:46] "GET /socket.io/?EIO=4&transport=polling&t=O-HXVDj&sid=h-JPyn5dxLzutBMOAABE HTTP/1.1" 200 -
2024-05-19 18:43:47,285 - INFO - 127.0.0.1 - - [19/May/2024 18:43:47] "GET /auth/users HTTP/1.1" 200 -
2024-05-19 18:44:33,585 - WARNING - Deadline exceeded: 504 Deadline Exceeded
2024-05-19 18:44:35,417 - WARNING - Deadline exceeded: 504 Deadline Exceeded
2024-05-19 18:50:55,816 - WARNING - Deadline exceeded: 504 Deadline Exceeded
2024-05-19 18:50:55,817 - WARNING - Deadline exceeded: 504 Deadline Exceeded
2024-05-19 18:51:11,894 - WARNING - Deadline exceeded: 504 Deadline Exceeded
2024-05-19 18:51:56,653 - WARNING - Deadline exceeded: 504 Deadline Exceeded
2024-05-19 18:51:58,784 - ERROR - An error occurred: Timeout of 60.0s exceeded, last exception: 503 failed to connect to all addresses; last error: UNAVAILABLE: ipv4:34.128.8.202:443: Failed to connect to remote host: FD shutdown
2024-05-19 18:52:13,190 - WARNING - Deadline exceeded: 504 Deadline Exceeded
2024-05-19 18:52:33,438 - WARNING - Deadline exceeded: 504 Deadline Exceeded
2024-05-19 18:52:51,683 - WARNING - Deadline exceeded: 504 Deadline Exceeded
2024-05-19 18:52:57,395 - ERROR - An error occurred: Timeout of 60.0s exceeded, last exception: 503 failed to connect to all addresses; last error: UNKNOWN: ipv4:34.128.8.234:443: tcp handshaker shutdown
2024-05-19 18:53:10,317 - INFO - 127.0.0.1 - - [19/May/2024 18:53:10] "GET /socket.io/?EIO=4&transport=websocket&sid=h-JPyn5dxLzutBMOAABE HTTP/1.1" 200 -
2024-05-19 18:53:10,863 - INFO - 127.0.0.1 - - [19/May/2024 18:53:10] "GET /socket.io/?EIO=4&transport=polling&t=O-HZf7B HTTP/1.1" 200 -
2024-05-19 18:53:10,868 - INFO - 127.0.0.1 - - [19/May/2024 18:53:10] "OPTIONS /auth/users HTTP/1.1" 200 -
2024-05-19 18:53:10,877 - ERROR - Exception on /auth/users [GET]
Traceback (most recent call last):
  File "/Users/muhailah/chtcht/chtcht/env/lib/python3.12/site-packages/urllib3/connection.py", line 174, in _new_conn
    conn = connection.create_connection(
           ^^^^^^^^^^^^^^^^^^^^^^^^^^^^^
  File "/Users/muhailah/chtcht/chtcht/env/lib/python3.12/site-packages/urllib3/util/connection.py", line 72, in create_connection
    for res in socket.getaddrinfo(host, port, family, socket.SOCK_STREAM):
               ^^^^^^^^^^^^^^^^^^^^^^^^^^^^^^^^^^^^^^^^^^^^^^^^^^^^^^^^^^
  File "/opt/homebrew/Cellar/python@3.12/3.12.3/Frameworks/Python.framework/Versions/3.12/lib/python3.12/socket.py", line 963, in getaddrinfo
    for res in _socket.getaddrinfo(host, port, family, type, proto, flags):
               ^^^^^^^^^^^^^^^^^^^^^^^^^^^^^^^^^^^^^^^^^^^^^^^^^^^^^^^^^^^
socket.gaierror: [Errno 8] nodename nor servname provided, or not known

During handling of the above exception, another exception occurred:

Traceback (most recent call last):
  File "/Users/muhailah/chtcht/chtcht/env/lib/python3.12/site-packages/urllib3/connectionpool.py", line 715, in urlopen
    httplib_response = self._make_request(
                       ^^^^^^^^^^^^^^^^^^^
  File "/Users/muhailah/chtcht/chtcht/env/lib/python3.12/site-packages/urllib3/connectionpool.py", line 404, in _make_request
    self._validate_conn(conn)
  File "/Users/muhailah/chtcht/chtcht/env/lib/python3.12/site-packages/urllib3/connectionpool.py", line 1058, in _validate_conn
    conn.connect()
  File "/Users/muhailah/chtcht/chtcht/env/lib/python3.12/site-packages/urllib3/connection.py", line 363, in connect
    self.sock = conn = self._new_conn()
                       ^^^^^^^^^^^^^^^^
  File "/Users/muhailah/chtcht/chtcht/env/lib/python3.12/site-packages/urllib3/connection.py", line 186, in _new_conn
    raise NewConnectionError(
urllib3.exceptions.NewConnectionError: <urllib3.connection.HTTPSConnection object at 0x1105fbd10>: Failed to establish a new connection: [Errno 8] nodename nor servname provided, or not known

During handling of the above exception, another exception occurred:

Traceback (most recent call last):
  File "/Users/muhailah/chtcht/chtcht/env/lib/python3.12/site-packages/requests/adapters.py", line 486, in send
    resp = conn.urlopen(
           ^^^^^^^^^^^^^
  File "/Users/muhailah/chtcht/chtcht/env/lib/python3.12/site-packages/urllib3/connectionpool.py", line 799, in urlopen
    retries = retries.increment(
              ^^^^^^^^^^^^^^^^^^
  File "/Users/muhailah/chtcht/chtcht/env/lib/python3.12/site-packages/urllib3/util/retry.py", line 592, in increment
    raise MaxRetryError(_pool, url, error or ResponseError(cause))
urllib3.exceptions.MaxRetryError: HTTPSConnectionPool(host='www.googleapis.com', port=443): Max retries exceeded with url: /identitytoolkit/v3/relyingparty/getAccountInfo?key=AIzaSyDd9YRWul2zoxW4l3SNw1Pso_S5ajE4bys (Caused by NewConnectionError('<urllib3.connection.HTTPSConnection object at 0x1105fbd10>: Failed to establish a new connection: [Errno 8] nodename nor servname provided, or not known'))

During handling of the above exception, another exception occurred:

Traceback (most recent call last):
  File "/Users/muhailah/chtcht/chtcht/env/lib/python3.12/site-packages/flask/app.py", line 1473, in wsgi_app
    response = self.full_dispatch_request()
               ^^^^^^^^^^^^^^^^^^^^^^^^^^^^
  File "/Users/muhailah/chtcht/chtcht/env/lib/python3.12/site-packages/flask/app.py", line 882, in full_dispatch_request
    rv = self.handle_user_exception(e)
         ^^^^^^^^^^^^^^^^^^^^^^^^^^^^^
  File "/Users/muhailah/chtcht/chtcht/env/lib/python3.12/site-packages/flask_cors/extension.py", line 176, in wrapped_function
    return cors_after_request(app.make_response(f(*args, **kwargs)))
                                                ^^^^^^^^^^^^^^^^^^
  File "/Users/muhailah/chtcht/chtcht/env/lib/python3.12/site-packages/flask/app.py", line 880, in full_dispatch_request
    rv = self.dispatch_request()
         ^^^^^^^^^^^^^^^^^^^^^^^
  File "/Users/muhailah/chtcht/chtcht/env/lib/python3.12/site-packages/flask/app.py", line 865, in dispatch_request
    return self.ensure_sync(self.view_functions[rule.endpoint])(**view_args)  # type: ignore[no-any-return]
           ^^^^^^^^^^^^^^^^^^^^^^^^^^^^^^^^^^^^^^^^^^^^^^^^^^^^^^^^^^^^^^^^^
  File "/Users/muhailah/chtcht/chtcht/app/blueprints/auth.py", line 102, in get_users
    user = auth.get_account_info(token)
           ^^^^^^^^^^^^^^^^^^^^^^^^^^^^
  File "/Users/muhailah/chtcht/chtcht/env/lib/python3.12/site-packages/pyrebase/pyrebase.py", line 138, in get_account_info
    request_object = requests.post(request_ref, headers=headers, data=data)
                     ^^^^^^^^^^^^^^^^^^^^^^^^^^^^^^^^^^^^^^^^^^^^^^^^^^^^^^
  File "/Users/muhailah/chtcht/chtcht/env/lib/python3.12/site-packages/requests/api.py", line 115, in post
    return request("post", url, data=data, json=json, **kwargs)
           ^^^^^^^^^^^^^^^^^^^^^^^^^^^^^^^^^^^^^^^^^^^^^^^^^^^^
  File "/Users/muhailah/chtcht/chtcht/env/lib/python3.12/site-packages/requests/api.py", line 59, in request
    return session.request(method=method, url=url, **kwargs)
           ^^^^^^^^^^^^^^^^^^^^^^^^^^^^^^^^^^^^^^^^^^^^^^^^^
  File "/Users/muhailah/chtcht/chtcht/env/lib/python3.12/site-packages/requests/sessions.py", line 589, in request
    resp = self.send(prep, **send_kwargs)
           ^^^^^^^^^^^^^^^^^^^^^^^^^^^^^^
  File "/Users/muhailah/chtcht/chtcht/env/lib/python3.12/site-packages/requests/sessions.py", line 703, in send
    r = adapter.send(request, **kwargs)
        ^^^^^^^^^^^^^^^^^^^^^^^^^^^^^^^
  File "/Users/muhailah/chtcht/chtcht/env/lib/python3.12/site-packages/requests/adapters.py", line 519, in send
    raise ConnectionError(e, request=request)
requests.exceptions.ConnectionError: HTTPSConnectionPool(host='www.googleapis.com', port=443): Max retries exceeded with url: /identitytoolkit/v3/relyingparty/getAccountInfo?key=AIzaSyDd9YRWul2zoxW4l3SNw1Pso_S5ajE4bys (Caused by NewConnectionError('<urllib3.connection.HTTPSConnection object at 0x1105fbd10>: Failed to establish a new connection: [Errno 8] nodename nor servname provided, or not known'))
2024-05-19 18:53:10,886 - INFO - 127.0.0.1 - - [19/May/2024 18:53:10] "[35m[1mGET /auth/users HTTP/1.1[0m" 500 -
2024-05-19 18:53:10,907 - INFO - 127.0.0.1 - - [19/May/2024 18:53:10] "POST /socket.io/?EIO=4&transport=polling&t=O-HZf7u&sid=xzxx5aJHSEhvTf7kAABG HTTP/1.1" 200 -
2024-05-19 18:53:10,908 - INFO - 127.0.0.1 - - [19/May/2024 18:53:10] "GET /socket.io/?EIO=4&transport=polling&t=O-HZf7w&sid=xzxx5aJHSEhvTf7kAABG HTTP/1.1" 200 -
2024-05-19 18:53:10,926 - INFO - 127.0.0.1 - - [19/May/2024 18:53:10] "GET /socket.io/?EIO=4&transport=polling&t=O-HZf8C&sid=xzxx5aJHSEhvTf7kAABG HTTP/1.1" 200 -
2024-05-19 18:53:10,930 - INFO - 127.0.0.1 - - [19/May/2024 18:53:10] "GET /socket.io/?EIO=4&transport=polling&t=O-HZf8G&sid=xzxx5aJHSEhvTf7kAABG HTTP/1.1" 200 -
2024-05-19 18:53:12,712 - WARNING - Deadline exceeded: 504 Deadline Exceeded
2024-05-19 18:53:31,742 - WARNING - Deadline exceeded: 504 Deadline Exceeded
2024-05-19 18:53:43,662 - ERROR - An error occurred: Timeout of 60.0s exceeded, last exception: 503 failed to connect to all addresses; last error: UNKNOWN: ipv4:34.128.8.234:443: tcp handshaker shutdown
2024-05-19 18:54:16,951 - WARNING - Deadline exceeded: 504 Deadline Exceeded
2024-05-19 18:54:44,793 - WARNING - Deadline exceeded: 504 Deadline Exceeded
2024-05-19 18:54:48,370 - ERROR - An error occurred: Timeout of 60.0s exceeded, last exception: 503 failed to connect to all addresses; last error: UNAVAILABLE: ipv4:34.128.9.42:443: Failed to connect to remote host: FD shutdown
2024-05-19 18:55:38,581 - WARNING - Deadline exceeded: 504 Deadline Exceeded
2024-05-19 18:55:39,004 - ERROR - An error occurred: Timeout of 60.0s exceeded, last exception: 503 failed to connect to all addresses; last error: UNAVAILABLE: ipv4:34.128.9.42:443: Failed to connect to remote host: FD shutdown
2024-05-19 18:56:16,335 - WARNING - Deadline exceeded: 504 Deadline Exceeded
2024-05-19 18:56:31,820 - ERROR - An error occurred: Timeout of 60.0s exceeded, last exception: 503 failed to connect to all addresses; last error: UNKNOWN: ipv4:34.128.8.202:443: Failed to connect to remote host: Operation timed out
2024-05-19 18:56:40,770 - WARNING - Deadline exceeded: 504 Deadline Exceeded
2024-05-19 18:56:59,586 - WARNING - Deadline exceeded: 504 Deadline Exceeded
2024-05-19 18:57:37,162 - ERROR - An error occurred: Timeout of 60.0s exceeded, last exception: 503 failed to connect to all addresses; last error: UNKNOWN: ipv4:34.128.8.202:443: Failed to connect to remote host: Operation timed out
2024-05-19 18:57:37,850 - ERROR - An error occurred: Timeout of 60.0s exceeded, last exception: 503 failed to connect to all addresses; last error: UNKNOWN: ipv4:34.128.8.202:443: Failed to connect to remote host: Operation timed out
2024-05-19 18:57:58,953 - WARNING - Deadline exceeded: 504 Deadline Exceeded
2024-05-19 18:58:20,588 - WARNING - Deadline exceeded: 504 Deadline Exceeded
2024-05-19 18:58:36,600 - WARNING - Deadline exceeded: 504 Deadline Exceeded
2024-05-19 18:58:43,174 - WARNING - Deadline exceeded: 504 Deadline Exceeded
2024-05-19 18:58:52,612 - WARNING - Deadline exceeded: 504 Deadline Exceeded
2024-05-19 18:59:08,624 - WARNING - Deadline exceeded: 504 Deadline Exceeded
2024-05-19 18:59:24,633 - WARNING - Deadline exceeded: 504 Deadline Exceeded
2024-05-19 18:59:40,644 - WARNING - Deadline exceeded: 504 Deadline Exceeded
2024-05-19 18:59:56,655 - WARNING - Deadline exceeded: 504 Deadline Exceeded
2024-05-19 19:00:12,666 - WARNING - Deadline exceeded: 504 Deadline Exceeded
2024-05-19 19:00:28,677 - WARNING - Deadline exceeded: 504 Deadline Exceeded
2024-05-19 19:00:44,686 - WARNING - Deadline exceeded: 504 Deadline Exceeded
2024-05-19 19:01:00,701 - WARNING - Deadline exceeded: 504 Deadline Exceeded
2024-05-19 19:01:16,712 - WARNING - Deadline exceeded: 504 Deadline Exceeded
2024-05-19 19:01:32,720 - WARNING - Deadline exceeded: 504 Deadline Exceeded
2024-05-19 19:01:48,731 - WARNING - Deadline exceeded: 504 Deadline Exceeded
2024-05-19 19:02:04,745 - WARNING - Deadline exceeded: 504 Deadline Exceeded
2024-05-19 19:02:20,757 - WARNING - Deadline exceeded: 504 Deadline Exceeded
2024-05-19 19:02:36,769 - WARNING - Deadline exceeded: 504 Deadline Exceeded
2024-05-19 19:02:52,781 - WARNING - Deadline exceeded: 504 Deadline Exceeded
2024-05-19 19:03:08,790 - WARNING - Deadline exceeded: 504 Deadline Exceeded
2024-05-19 19:03:24,798 - WARNING - Deadline exceeded: 504 Deadline Exceeded
2024-05-19 19:03:40,813 - WARNING - Deadline exceeded: 504 Deadline Exceeded
2024-05-19 19:03:56,827 - WARNING - Deadline exceeded: 504 Deadline Exceeded
2024-05-19 19:04:12,841 - WARNING - Deadline exceeded: 504 Deadline Exceeded
2024-05-19 19:04:28,845 - WARNING - Deadline exceeded: 504 Deadline Exceeded
2024-05-19 19:04:44,862 - WARNING - Deadline exceeded: 504 Deadline Exceeded
2024-05-19 19:04:46,496 - INFO - 127.0.0.1 - - [19/May/2024 19:04:46] "GET /socket.io/?EIO=4&transport=websocket&sid=xzxx5aJHSEhvTf7kAABG HTTP/1.1" 200 -
2024-05-19 19:04:47,128 - INFO - 127.0.0.1 - - [19/May/2024 19:04:47] "GET /socket.io/?EIO=4&transport=polling&t=O-HcJ6K HTTP/1.1" 200 -
2024-05-19 19:04:47,133 - INFO - 127.0.0.1 - - [19/May/2024 19:04:47] "OPTIONS /auth/users HTTP/1.1" 200 -
2024-05-19 19:04:47,174 - INFO - 127.0.0.1 - - [19/May/2024 19:04:47] "POST /socket.io/?EIO=4&transport=polling&t=O-HcJ74&sid=yl3hQnOj-UyBdGl7AABI HTTP/1.1" 200 -
2024-05-19 19:04:47,176 - INFO - 127.0.0.1 - - [19/May/2024 19:04:47] "GET /socket.io/?EIO=4&transport=polling&t=O-HcJ75&sid=yl3hQnOj-UyBdGl7AABI HTTP/1.1" 200 -
2024-05-19 19:04:47,196 - INFO - 127.0.0.1 - - [19/May/2024 19:04:47] "GET /socket.io/?EIO=4&transport=polling&t=O-HcJ7Q&sid=yl3hQnOj-UyBdGl7AABI HTTP/1.1" 200 -
2024-05-19 19:04:47,719 - ERROR - Exception on /auth/users [GET]
Traceback (most recent call last):
  File "/Users/muhailah/chtcht/chtcht/env/lib/python3.12/site-packages/pyrebase/pyrebase.py", line 544, in raise_detailed_error
    request_object.raise_for_status()
  File "/Users/muhailah/chtcht/chtcht/env/lib/python3.12/site-packages/requests/models.py", line 1021, in raise_for_status
    raise HTTPError(http_error_msg, response=self)
requests.exceptions.HTTPError: 400 Client Error: Bad Request for url: https://www.googleapis.com/identitytoolkit/v3/relyingparty/getAccountInfo?key=AIzaSyDd9YRWul2zoxW4l3SNw1Pso_S5ajE4bys

During handling of the above exception, another exception occurred:

Traceback (most recent call last):
  File "/Users/muhailah/chtcht/chtcht/env/lib/python3.12/site-packages/flask/app.py", line 1473, in wsgi_app
    response = self.full_dispatch_request()
               ^^^^^^^^^^^^^^^^^^^^^^^^^^^^
  File "/Users/muhailah/chtcht/chtcht/env/lib/python3.12/site-packages/flask/app.py", line 882, in full_dispatch_request
    rv = self.handle_user_exception(e)
         ^^^^^^^^^^^^^^^^^^^^^^^^^^^^^
  File "/Users/muhailah/chtcht/chtcht/env/lib/python3.12/site-packages/flask_cors/extension.py", line 176, in wrapped_function
    return cors_after_request(app.make_response(f(*args, **kwargs)))
                                                ^^^^^^^^^^^^^^^^^^
  File "/Users/muhailah/chtcht/chtcht/env/lib/python3.12/site-packages/flask/app.py", line 880, in full_dispatch_request
    rv = self.dispatch_request()
         ^^^^^^^^^^^^^^^^^^^^^^^
  File "/Users/muhailah/chtcht/chtcht/env/lib/python3.12/site-packages/flask/app.py", line 865, in dispatch_request
    return self.ensure_sync(self.view_functions[rule.endpoint])(**view_args)  # type: ignore[no-any-return]
           ^^^^^^^^^^^^^^^^^^^^^^^^^^^^^^^^^^^^^^^^^^^^^^^^^^^^^^^^^^^^^^^^^
  File "/Users/muhailah/chtcht/chtcht/app/blueprints/auth.py", line 102, in get_users
    user = auth.get_account_info(token)
           ^^^^^^^^^^^^^^^^^^^^^^^^^^^^
  File "/Users/muhailah/chtcht/chtcht/env/lib/python3.12/site-packages/pyrebase/pyrebase.py", line 139, in get_account_info
    raise_detailed_error(request_object)
  File "/Users/muhailah/chtcht/chtcht/env/lib/python3.12/site-packages/pyrebase/pyrebase.py", line 548, in raise_detailed_error
    raise HTTPError(e, request_object.text)
requests.exceptions.HTTPError: [Errno 400 Client Error: Bad Request for url: https://www.googleapis.com/identitytoolkit/v3/relyingparty/getAccountInfo?key=AIzaSyDd9YRWul2zoxW4l3SNw1Pso_S5ajE4bys] {
  "error": {
    "code": 400,
    "message": "INVALID_ID_TOKEN",
    "errors": [
      {
        "message": "INVALID_ID_TOKEN",
        "domain": "global",
        "reason": "invalid"
      }
    ]
  }
}

2024-05-19 19:04:47,723 - INFO - 127.0.0.1 - - [19/May/2024 19:04:47] "[35m[1mGET /auth/users HTTP/1.1[0m" 500 -
2024-05-19 19:05:48,700 - WARNING - Deadline exceeded: 504 Deadline Exceeded
2024-05-19 19:05:48,701 - WARNING - Deadline exceeded: 504 Deadline Exceeded
2024-05-19 19:08:00,233 - WARNING - Deadline exceeded: 504 Deadline Exceeded
2024-05-19 19:08:00,234 - WARNING - Deadline exceeded: 504 Deadline Exceeded
2024-05-19 19:08:16,244 - WARNING - Deadline exceeded: 504 Deadline Exceeded
2024-05-19 19:08:33,876 - WARNING - Deadline exceeded: 504 Deadline Exceeded
2024-05-19 19:08:49,891 - WARNING - Deadline exceeded: 504 Deadline Exceeded
2024-05-19 19:09:05,905 - WARNING - Deadline exceeded: 504 Deadline Exceeded
2024-05-19 19:09:21,913 - WARNING - Deadline exceeded: 504 Deadline Exceeded
2024-05-19 19:09:37,924 - WARNING - Deadline exceeded: 504 Deadline Exceeded
2024-05-19 19:09:53,936 - WARNING - Deadline exceeded: 504 Deadline Exceeded
2024-05-19 19:10:09,953 - WARNING - Deadline exceeded: 504 Deadline Exceeded
2024-05-19 19:10:25,966 - WARNING - Deadline exceeded: 504 Deadline Exceeded
2024-05-19 19:10:41,982 - WARNING - Deadline exceeded: 504 Deadline Exceeded
2024-05-19 19:10:50,980 - INFO - 127.0.0.1 - - [19/May/2024 19:10:50] "GET /socket.io/?EIO=4&transport=websocket&sid=yl3hQnOj-UyBdGl7AABI HTTP/1.1" 200 -
2024-05-19 19:10:51,736 - INFO - 127.0.0.1 - - [19/May/2024 19:10:51] "GET /socket.io/?EIO=4&transport=polling&t=O-Hdi7L HTTP/1.1" 200 -
2024-05-19 19:10:51,742 - INFO - 127.0.0.1 - - [19/May/2024 19:10:51] "OPTIONS /auth/users HTTP/1.1" 200 -
2024-05-19 19:10:51,788 - INFO - 127.0.0.1 - - [19/May/2024 19:10:51] "POST /socket.io/?EIO=4&transport=polling&t=O-Hdi8A&sid=YbhwdRs7EnJSoCUrAABK HTTP/1.1" 200 -
2024-05-19 19:10:51,789 - INFO - 127.0.0.1 - - [19/May/2024 19:10:51] "GET /socket.io/?EIO=4&transport=polling&t=O-Hdi8B&sid=YbhwdRs7EnJSoCUrAABK HTTP/1.1" 200 -
2024-05-19 19:10:51,816 - INFO - 127.0.0.1 - - [19/May/2024 19:10:51] "GET /socket.io/?EIO=4&transport=polling&t=O-Hdi8c&sid=YbhwdRs7EnJSoCUrAABK HTTP/1.1" 200 -
2024-05-19 19:10:52,321 - ERROR - Exception on /auth/users [GET]
Traceback (most recent call last):
  File "/Users/muhailah/chtcht/chtcht/env/lib/python3.12/site-packages/pyrebase/pyrebase.py", line 544, in raise_detailed_error
    request_object.raise_for_status()
  File "/Users/muhailah/chtcht/chtcht/env/lib/python3.12/site-packages/requests/models.py", line 1021, in raise_for_status
    raise HTTPError(http_error_msg, response=self)
requests.exceptions.HTTPError: 400 Client Error: Bad Request for url: https://www.googleapis.com/identitytoolkit/v3/relyingparty/getAccountInfo?key=AIzaSyDd9YRWul2zoxW4l3SNw1Pso_S5ajE4bys

During handling of the above exception, another exception occurred:

Traceback (most recent call last):
  File "/Users/muhailah/chtcht/chtcht/env/lib/python3.12/site-packages/flask/app.py", line 1473, in wsgi_app
    response = self.full_dispatch_request()
               ^^^^^^^^^^^^^^^^^^^^^^^^^^^^
  File "/Users/muhailah/chtcht/chtcht/env/lib/python3.12/site-packages/flask/app.py", line 882, in full_dispatch_request
    rv = self.handle_user_exception(e)
         ^^^^^^^^^^^^^^^^^^^^^^^^^^^^^
  File "/Users/muhailah/chtcht/chtcht/env/lib/python3.12/site-packages/flask_cors/extension.py", line 176, in wrapped_function
    return cors_after_request(app.make_response(f(*args, **kwargs)))
                                                ^^^^^^^^^^^^^^^^^^
  File "/Users/muhailah/chtcht/chtcht/env/lib/python3.12/site-packages/flask/app.py", line 880, in full_dispatch_request
    rv = self.dispatch_request()
         ^^^^^^^^^^^^^^^^^^^^^^^
  File "/Users/muhailah/chtcht/chtcht/env/lib/python3.12/site-packages/flask/app.py", line 865, in dispatch_request
    return self.ensure_sync(self.view_functions[rule.endpoint])(**view_args)  # type: ignore[no-any-return]
           ^^^^^^^^^^^^^^^^^^^^^^^^^^^^^^^^^^^^^^^^^^^^^^^^^^^^^^^^^^^^^^^^^
  File "/Users/muhailah/chtcht/chtcht/app/blueprints/auth.py", line 102, in get_users
    user = auth.get_account_info(token)
           ^^^^^^^^^^^^^^^^^^^^^^^^^^^^
  File "/Users/muhailah/chtcht/chtcht/env/lib/python3.12/site-packages/pyrebase/pyrebase.py", line 139, in get_account_info
    raise_detailed_error(request_object)
  File "/Users/muhailah/chtcht/chtcht/env/lib/python3.12/site-packages/pyrebase/pyrebase.py", line 548, in raise_detailed_error
    raise HTTPError(e, request_object.text)
requests.exceptions.HTTPError: [Errno 400 Client Error: Bad Request for url: https://www.googleapis.com/identitytoolkit/v3/relyingparty/getAccountInfo?key=AIzaSyDd9YRWul2zoxW4l3SNw1Pso_S5ajE4bys] {
  "error": {
    "code": 400,
    "message": "INVALID_ID_TOKEN",
    "errors": [
      {
        "message": "INVALID_ID_TOKEN",
        "domain": "global",
        "reason": "invalid"
      }
    ]
  }
}

2024-05-19 19:10:52,324 - INFO - 127.0.0.1 - - [19/May/2024 19:10:52] "[35m[1mGET /auth/users HTTP/1.1[0m" 500 -
2024-05-19 19:10:57,998 - WARNING - Deadline exceeded: 504 Deadline Exceeded
2024-05-19 19:11:14,007 - WARNING - Deadline exceeded: 504 Deadline Exceeded
2024-05-19 19:11:30,022 - WARNING - Deadline exceeded: 504 Deadline Exceeded
2024-05-19 19:11:46,037 - WARNING - Deadline exceeded: 504 Deadline Exceeded
2024-05-19 19:12:02,045 - WARNING - Deadline exceeded: 504 Deadline Exceeded
2024-05-19 19:12:18,061 - WARNING - Deadline exceeded: 504 Deadline Exceeded
2024-05-19 19:12:34,073 - WARNING - Deadline exceeded: 504 Deadline Exceeded
2024-05-19 19:12:50,089 - WARNING - Deadline exceeded: 504 Deadline Exceeded
2024-05-19 19:13:06,107 - WARNING - Deadline exceeded: 504 Deadline Exceeded
2024-05-19 19:13:22,122 - WARNING - Deadline exceeded: 504 Deadline Exceeded
2024-05-19 19:13:38,139 - WARNING - Deadline exceeded: 504 Deadline Exceeded
2024-05-19 19:13:54,157 - WARNING - Deadline exceeded: 504 Deadline Exceeded
2024-05-19 19:14:10,167 - WARNING - Deadline exceeded: 504 Deadline Exceeded
2024-05-19 19:14:26,182 - WARNING - Deadline exceeded: 504 Deadline Exceeded
2024-05-19 19:14:42,200 - WARNING - Deadline exceeded: 504 Deadline Exceeded
2024-05-19 19:14:58,216 - WARNING - Deadline exceeded: 504 Deadline Exceeded
2024-05-19 19:15:14,228 - WARNING - Deadline exceeded: 504 Deadline Exceeded
2024-05-19 19:15:26,498 - INFO - 127.0.0.1 - - [19/May/2024 19:15:26] "OPTIONS /auth/login HTTP/1.1" 200 -
2024-05-19 19:15:28,164 - INFO - 127.0.0.1 - - [19/May/2024 19:15:28] "POST /auth/login HTTP/1.1" 200 -
2024-05-19 19:15:28,193 - INFO - 127.0.0.1 - - [19/May/2024 19:15:28] "OPTIONS /auth/users HTTP/1.1" 200 -
2024-05-19 19:15:41,117 - INFO - 127.0.0.1 - - [19/May/2024 19:15:41] "GET /socket.io/?EIO=4&transport=websocket&sid=YbhwdRs7EnJSoCUrAABK HTTP/1.1" 200 -
2024-05-19 19:15:41,490 - INFO - 127.0.0.1 - - [19/May/2024 19:15:41] "GET /socket.io/?EIO=4&transport=polling&t=O-Heosk HTTP/1.1" 200 -
2024-05-19 19:15:41,495 - INFO - 127.0.0.1 - - [19/May/2024 19:15:41] "OPTIONS /auth/users HTTP/1.1" 200 -
2024-05-19 19:15:41,514 - INFO - 127.0.0.1 - - [19/May/2024 19:15:41] "POST /socket.io/?EIO=4&transport=polling&t=O-Heot9&sid=2MEImxw7FMl939aiAABM HTTP/1.1" 200 -
2024-05-19 19:15:41,516 - INFO - 127.0.0.1 - - [19/May/2024 19:15:41] "GET /socket.io/?EIO=4&transport=polling&t=O-HeotA&sid=2MEImxw7FMl939aiAABM HTTP/1.1" 200 -
2024-05-19 19:15:41,610 - INFO - 127.0.0.1 - - [19/May/2024 19:15:41] "GET /socket.io/?EIO=4&transport=polling&t=O-Heoue&sid=2MEImxw7FMl939aiAABM HTTP/1.1" 200 -
2024-05-19 19:15:41,622 - INFO - 127.0.0.1 - - [19/May/2024 19:15:41] "GET /socket.io/?EIO=4&transport=polling&t=O-Heour&sid=2MEImxw7FMl939aiAABM HTTP/1.1" 200 -
2024-05-19 19:15:42,200 - WARNING - Deadline exceeded: 504 Deadline Exceeded
2024-05-19 19:15:58,218 - WARNING - Deadline exceeded: 504 Deadline Exceeded
2024-05-19 19:16:00,203 - INFO - 127.0.0.1 - - [19/May/2024 19:16:00] "GET /socket.io/?EIO=4&transport=websocket&sid=2MEImxw7FMl939aiAABM HTTP/1.1" 200 -
2024-05-19 19:16:00,576 - INFO - 127.0.0.1 - - [19/May/2024 19:16:00] "GET /socket.io/?EIO=4&transport=polling&t=O-HetWz HTTP/1.1" 200 -
2024-05-19 19:16:00,581 - INFO - 127.0.0.1 - - [19/May/2024 19:16:00] "OPTIONS /auth/users HTTP/1.1" 200 -
2024-05-19 19:16:00,616 - INFO - 127.0.0.1 - - [19/May/2024 19:16:00] "POST /socket.io/?EIO=4&transport=polling&t=O-HetXb&sid=xekjXLbn5Uczcc1yAABO HTTP/1.1" 200 -
2024-05-19 19:16:00,617 - INFO - 127.0.0.1 - - [19/May/2024 19:16:00] "GET /socket.io/?EIO=4&transport=polling&t=O-HetXd&sid=xekjXLbn5Uczcc1yAABO HTTP/1.1" 200 -
2024-05-19 19:16:00,694 - INFO - 127.0.0.1 - - [19/May/2024 19:16:00] "GET /socket.io/?EIO=4&transport=polling&t=O-HetYq&sid=xekjXLbn5Uczcc1yAABO HTTP/1.1" 200 -
2024-05-19 19:16:05,211 - INFO - 127.0.0.1 - - [19/May/2024 19:16:05] "GET /socket.io/?EIO=4&transport=websocket&sid=xekjXLbn5Uczcc1yAABO HTTP/1.1" 200 -
2024-05-19 19:16:05,571 - INFO - 127.0.0.1 - - [19/May/2024 19:16:05] "GET /socket.io/?EIO=4&transport=polling&t=O-Heul0 HTTP/1.1" 200 -
2024-05-19 19:16:05,594 - INFO - 127.0.0.1 - - [19/May/2024 19:16:05] "POST /socket.io/?EIO=4&transport=polling&t=O-HeulO&sid=p1G1Wma9B-s46hdKAABQ HTTP/1.1" 200 -
2024-05-19 19:16:05,596 - INFO - 127.0.0.1 - - [19/May/2024 19:16:05] "GET /socket.io/?EIO=4&transport=polling&t=O-HeulP&sid=p1G1Wma9B-s46hdKAABQ HTTP/1.1" 200 -
2024-05-19 19:16:05,696 - INFO - 127.0.0.1 - - [19/May/2024 19:16:05] "GET /socket.io/?EIO=4&transport=polling&t=O-Heum-&sid=p1G1Wma9B-s46hdKAABQ HTTP/1.1" 200 -
2024-05-19 19:16:14,232 - WARNING - Deadline exceeded: 504 Deadline Exceeded
2024-05-19 19:16:20,416 - INFO - 127.0.0.1 - - [19/May/2024 19:16:20] "OPTIONS /auth/login HTTP/1.1" 200 -
2024-05-19 19:16:21,228 - INFO - 127.0.0.1 - - [19/May/2024 19:16:21] "POST /auth/login HTTP/1.1" 200 -
2024-05-19 19:16:21,250 - INFO - 127.0.0.1 - - [19/May/2024 19:16:21] "OPTIONS /auth/users HTTP/1.1" 200 -
2024-05-19 19:16:29,435 - INFO - 127.0.0.1 - - [19/May/2024 19:16:29] "GET /auth/users HTTP/1.1" 200 -
2024-05-19 19:16:29,440 - INFO - 127.0.0.1 - - [19/May/2024 19:16:29] "GET /auth/users HTTP/1.1" 200 -
2024-05-19 19:16:29,440 - INFO - 127.0.0.1 - - [19/May/2024 19:16:29] "GET /auth/users HTTP/1.1" 200 -
2024-05-19 19:16:29,450 - INFO - 127.0.0.1 - - [19/May/2024 19:16:29] "GET /auth/users HTTP/1.1" 200 -
2024-05-19 19:16:30,097 - INFO - 127.0.0.1 - - [19/May/2024 19:16:30] "GET /auth/users HTTP/1.1" 200 -
2024-05-19 19:16:34,508 - WARNING - Deadline exceeded: 504 Deadline Exceeded
2024-05-19 19:16:42,560 - INFO - [31m[1mWARNING: This is a development server. Do not use it in a production deployment. Use a production WSGI server instead.[0m
 * Running on http://localhost:5001
2024-05-19 19:16:42,560 - INFO - [33mPress CTRL+C to quit[0m
2024-05-19 19:16:45,836 - INFO - 127.0.0.1 - - [19/May/2024 19:16:45] "GET /socket.io/?EIO=4&transport=polling&t=O-Hf2a5 HTTP/1.1" 200 -
2024-05-19 19:16:45,843 - INFO - 127.0.0.1 - - [19/May/2024 19:16:45] "POST /socket.io/?EIO=4&transport=polling&t=O-Hf2aF&sid=18i8xk0p0ZZ8pGotAAAA HTTP/1.1" 200 -
2024-05-19 19:16:45,845 - INFO - 127.0.0.1 - - [19/May/2024 19:16:45] "GET /socket.io/?EIO=4&transport=polling&t=O-Hf2aH&sid=18i8xk0p0ZZ8pGotAAAA HTTP/1.1" 200 -
2024-05-19 19:16:45,850 - INFO - 127.0.0.1 - - [19/May/2024 19:16:45] "GET /socket.io/?EIO=4&transport=polling&t=O-Hf2aO&sid=18i8xk0p0ZZ8pGotAAAA HTTP/1.1" 200 -
2024-05-19 19:16:52,570 - WARNING - Deadline exceeded: 504 Deadline Exceeded
2024-05-19 19:16:55,211 - INFO - 127.0.0.1 - - [19/May/2024 19:16:55] "OPTIONS /auth/login HTTP/1.1" 200 -
2024-05-19 19:16:56,715 - INFO - 127.0.0.1 - - [19/May/2024 19:16:56] "POST /auth/login HTTP/1.1" 200 -
2024-05-19 19:16:56,740 - INFO - 127.0.0.1 - - [19/May/2024 19:16:56] "OPTIONS /auth/users HTTP/1.1" 200 -
2024-05-19 19:16:58,461 - INFO - 127.0.0.1 - - [19/May/2024 19:16:58] "GET /auth/users HTTP/1.1" 200 -
2024-05-19 19:17:12,647 - WARNING - Deadline exceeded: 504 Deadline Exceeded
2024-05-19 19:17:28,661 - WARNING - Deadline exceeded: 504 Deadline Exceeded
2024-05-19 19:17:44,675 - WARNING - Deadline exceeded: 504 Deadline Exceeded
2024-05-19 19:18:00,683 - WARNING - Deadline exceeded: 504 Deadline Exceeded
2024-05-19 19:18:16,693 - WARNING - Deadline exceeded: 504 Deadline Exceeded
2024-05-19 19:18:32,710 - WARNING - Deadline exceeded: 504 Deadline Exceeded
2024-05-19 19:18:48,726 - WARNING - Deadline exceeded: 504 Deadline Exceeded
2024-05-19 19:19:04,744 - WARNING - Deadline exceeded: 504 Deadline Exceeded
2024-05-19 22:04:26,225 - INFO - [31m[1mWARNING: This is a development server. Do not use it in a production deployment. Use a production WSGI server instead.[0m
 * Running on http://localhost:5001
2024-05-19 22:04:26,225 - INFO - [33mPress CTRL+C to quit[0m
2024-05-19 22:04:27,106 - ERROR - An error occurred: 400 Invalid resource name given (name=projects/massive-carrier-422819-k2/topics/user-presence). Refer to https://cloud.google.com/pubsub/docs/pubsub-basics#resource_names for more information.
2024-05-19 22:04:29,706 - INFO - 127.0.0.1 - - [19/May/2024 22:04:29] "GET /socket.io/?EIO=4&transport=polling&t=O-IFRa5 HTTP/1.1" 200 -
2024-05-19 22:04:29,714 - INFO - 127.0.0.1 - - [19/May/2024 22:04:29] "POST /socket.io/?EIO=4&transport=polling&t=O-IFRaF&sid=A_mksS7_bJqEbdwUAAAA HTTP/1.1" 200 -
2024-05-19 22:04:29,717 - INFO - 127.0.0.1 - - [19/May/2024 22:04:29] "GET /socket.io/?EIO=4&transport=polling&t=O-IFRaG&sid=A_mksS7_bJqEbdwUAAAA HTTP/1.1" 200 -
2024-05-19 22:04:29,723 - INFO - 127.0.0.1 - - [19/May/2024 22:04:29] "GET /socket.io/?EIO=4&transport=polling&t=O-IFRaP&sid=A_mksS7_bJqEbdwUAAAA HTTP/1.1" 200 -
2024-05-19 22:04:33,344 - ERROR - An error occurred: 400 Invalid resource name given (name=projects/massive-carrier-422819-k2/topics/user-presence). Refer to https://cloud.google.com/pubsub/docs/pubsub-basics#resource_names for more information.
2024-05-19 22:04:39,607 - ERROR - An error occurred: 400 Invalid resource name given (name=projects/massive-carrier-422819-k2/topics/user-presence). Refer to https://cloud.google.com/pubsub/docs/pubsub-basics#resource_names for more information.
2024-05-19 22:04:45,854 - ERROR - An error occurred: 400 Invalid resource name given (name=projects/massive-carrier-422819-k2/topics/user-presence). Refer to https://cloud.google.com/pubsub/docs/pubsub-basics#resource_names for more information.
2024-05-19 22:04:52,090 - ERROR - An error occurred: 400 Invalid resource name given (name=projects/massive-carrier-422819-k2/topics/user-presence). Refer to https://cloud.google.com/pubsub/docs/pubsub-basics#resource_names for more information.
2024-05-19 22:04:57,172 - INFO - [31m[1mWARNING: This is a development server. Do not use it in a production deployment. Use a production WSGI server instead.[0m
 * Running on http://localhost:5001
2024-05-19 22:04:57,173 - INFO - [33mPress CTRL+C to quit[0m
2024-05-19 22:04:59,431 - INFO - 127.0.0.1 - - [19/May/2024 22:04:59] "GET /socket.io/?EIO=4&transport=polling&t=O-IFYqX HTTP/1.1" 200 -
2024-05-19 22:04:59,438 - INFO - 127.0.0.1 - - [19/May/2024 22:04:59] "POST /socket.io/?EIO=4&transport=polling&t=O-IFYqf&sid=30wMondsMZhgOPP0AAAA HTTP/1.1" 200 -
2024-05-19 22:04:59,441 - INFO - 127.0.0.1 - - [19/May/2024 22:04:59] "GET /socket.io/?EIO=4&transport=polling&t=O-IFYqg&sid=30wMondsMZhgOPP0AAAA HTTP/1.1" 200 -
2024-05-19 22:04:59,445 - INFO - 127.0.0.1 - - [19/May/2024 22:04:59] "GET /socket.io/?EIO=4&transport=polling&t=O-IFYqp&sid=30wMondsMZhgOPP0AAAA HTTP/1.1" 200 -
2024-05-19 22:05:07,180 - WARNING - Deadline exceeded: 504 Deadline Exceeded
2024-05-19 22:06:10,374 - INFO - [31m[1mWARNING: This is a development server. Do not use it in a production deployment. Use a production WSGI server instead.[0m
 * Running on http://localhost:5001
2024-05-19 22:06:10,374 - INFO - [33mPress CTRL+C to quit[0m
2024-05-19 22:06:13,284 - INFO - 127.0.0.1 - - [19/May/2024 22:06:13] "GET /socket.io/?EIO=4&transport=polling&t=O-IFqsT HTTP/1.1" 200 -
2024-05-19 22:06:13,291 - INFO - 127.0.0.1 - - [19/May/2024 22:06:13] "POST /socket.io/?EIO=4&transport=polling&t=O-IFqsc&sid=R6qqi-W39ebU5XBxAAAA HTTP/1.1" 200 -
2024-05-19 22:06:13,294 - INFO - 127.0.0.1 - - [19/May/2024 22:06:13] "GET /socket.io/?EIO=4&transport=polling&t=O-IFqsd&sid=R6qqi-W39ebU5XBxAAAA HTTP/1.1" 200 -
2024-05-19 22:06:13,299 - INFO - 127.0.0.1 - - [19/May/2024 22:06:13] "GET /socket.io/?EIO=4&transport=polling&t=O-IFqsm&sid=R6qqi-W39ebU5XBxAAAA HTTP/1.1" 200 -
2024-05-19 22:06:20,379 - WARNING - Deadline exceeded: 504 Deadline Exceeded
2024-05-19 22:09:19,705 - INFO - [31m[1mWARNING: This is a development server. Do not use it in a production deployment. Use a production WSGI server instead.[0m
 * Running on http://localhost:5001
2024-05-19 22:09:19,705 - INFO - [33mPress CTRL+C to quit[0m
2024-05-19 22:09:20,182 - INFO - 127.0.0.1 - - [19/May/2024 22:09:20] "GET /socket.io/?EIO=4&transport=polling&t=O-IGYUo HTTP/1.1" 200 -
2024-05-19 22:09:20,189 - INFO - 127.0.0.1 - - [19/May/2024 22:09:20] "POST /socket.io/?EIO=4&transport=polling&t=O-IGYUu&sid=eXGR3btwtXmrtUHdAAAA HTTP/1.1" 200 -
2024-05-19 22:09:20,191 - INFO - 127.0.0.1 - - [19/May/2024 22:09:20] "GET /socket.io/?EIO=4&transport=polling&t=O-IGYUv&sid=eXGR3btwtXmrtUHdAAAA HTTP/1.1" 200 -
2024-05-19 22:09:20,196 - INFO - 127.0.0.1 - - [19/May/2024 22:09:20] "GET /socket.io/?EIO=4&transport=polling&t=O-IGYV2&sid=eXGR3btwtXmrtUHdAAAA HTTP/1.1" 200 -
2024-05-19 22:09:29,714 - WARNING - Deadline exceeded: 504 Deadline Exceeded
2024-05-19 22:09:45,727 - WARNING - Deadline exceeded: 504 Deadline Exceeded
2024-05-19 22:10:01,739 - WARNING - Deadline exceeded: 504 Deadline Exceeded
2024-05-19 22:10:17,756 - WARNING - Deadline exceeded: 504 Deadline Exceeded
2024-05-19 22:10:33,772 - WARNING - Deadline exceeded: 504 Deadline Exceeded
2024-05-19 22:10:36,447 - INFO - [31m[1mWARNING: This is a development server. Do not use it in a production deployment. Use a production WSGI server instead.[0m
 * Running on http://localhost:5001
2024-05-19 22:10:36,447 - INFO - [33mPress CTRL+C to quit[0m
2024-05-19 22:10:38,382 - INFO - 127.0.0.1 - - [19/May/2024 22:10:38] "GET /socket.io/?EIO=4&transport=polling&t=O-IGraf HTTP/1.1" 200 -
2024-05-19 22:10:38,389 - INFO - 127.0.0.1 - - [19/May/2024 22:10:38] "POST /socket.io/?EIO=4&transport=polling&t=O-IGran&sid=JD0KyMnZ-yWc-naKAAAA HTTP/1.1" 200 -
2024-05-19 22:10:38,391 - INFO - 127.0.0.1 - - [19/May/2024 22:10:38] "GET /socket.io/?EIO=4&transport=polling&t=O-IGrao&sid=JD0KyMnZ-yWc-naKAAAA HTTP/1.1" 200 -
2024-05-19 22:10:38,395 - INFO - 127.0.0.1 - - [19/May/2024 22:10:38] "GET /socket.io/?EIO=4&transport=polling&t=O-IGrav&sid=JD0KyMnZ-yWc-naKAAAA HTTP/1.1" 200 -
2024-05-19 22:10:46,452 - WARNING - Deadline exceeded: 504 Deadline Exceeded
2024-05-19 22:11:02,464 - WARNING - Deadline exceeded: 504 Deadline Exceeded
2024-05-19 22:11:18,476 - WARNING - Deadline exceeded: 504 Deadline Exceeded
2024-05-19 22:11:25,818 - INFO - [31m[1mWARNING: This is a development server. Do not use it in a production deployment. Use a production WSGI server instead.[0m
 * Running on http://localhost:5001
2024-05-19 22:11:25,818 - INFO - [33mPress CTRL+C to quit[0m
2024-05-19 22:11:27,384 - INFO - 127.0.0.1 - - [19/May/2024 22:11:27] "GET /socket.io/?EIO=4&transport=polling&t=O-IH1YJ HTTP/1.1" 200 -
2024-05-19 22:11:27,391 - INFO - 127.0.0.1 - - [19/May/2024 22:11:27] "POST /socket.io/?EIO=4&transport=polling&t=O-IH1YR&sid=f24jvPbwTgfWYTLnAAAA HTTP/1.1" 200 -
2024-05-19 22:11:27,394 - INFO - 127.0.0.1 - - [19/May/2024 22:11:27] "GET /socket.io/?EIO=4&transport=polling&t=O-IH1YS&sid=f24jvPbwTgfWYTLnAAAA HTTP/1.1" 200 -
2024-05-19 22:11:35,827 - WARNING - Deadline exceeded: 504 Deadline Exceeded
2024-05-19 22:11:51,838 - WARNING - Deadline exceeded: 504 Deadline Exceeded
2024-05-19 22:11:58,981 - INFO - [31m[1mWARNING: This is a development server. Do not use it in a production deployment. Use a production WSGI server instead.[0m
 * Running on http://localhost:5001
2024-05-19 22:11:58,981 - INFO - [33mPress CTRL+C to quit[0m
2024-05-19 22:11:59,947 - INFO - 127.0.0.1 - - [19/May/2024 22:11:59] "GET /socket.io/?EIO=4&transport=polling&t=O-IH9V5 HTTP/1.1" 200 -
2024-05-19 22:11:59,953 - INFO - 127.0.0.1 - - [19/May/2024 22:11:59] "POST /socket.io/?EIO=4&transport=polling&t=O-IH9VD&sid=ErAmYoOmrruq4n_PAAAA HTTP/1.1" 200 -
2024-05-19 22:11:59,956 - INFO - 127.0.0.1 - - [19/May/2024 22:11:59] "GET /socket.io/?EIO=4&transport=polling&t=O-IH9VE&sid=ErAmYoOmrruq4n_PAAAA HTTP/1.1" 200 -
2024-05-19 22:11:59,961 - INFO - 127.0.0.1 - - [19/May/2024 22:11:59] "GET /socket.io/?EIO=4&transport=polling&t=O-IH9VN&sid=ErAmYoOmrruq4n_PAAAA HTTP/1.1" 200 -
2024-05-19 22:12:25,013 - INFO - 127.0.0.1 - - [19/May/2024 22:12:25] "OPTIONS /auth/login HTTP/1.1" 200 -
2024-05-19 22:12:25,700 - INFO - 127.0.0.1 - - [19/May/2024 22:12:25] "[31m[1mPOST /auth/login HTTP/1.1[0m" 401 -
2024-05-19 22:12:27,785 - INFO - 127.0.0.1 - - [19/May/2024 22:12:27] "[31m[1mPOST /auth/login HTTP/1.1[0m" 401 -
2024-05-19 22:12:38,514 - INFO - 127.0.0.1 - - [19/May/2024 22:12:38] "GET /socket.io/?EIO=4&transport=websocket&sid=ErAmYoOmrruq4n_PAAAA HTTP/1.1" 200 -
2024-05-19 22:12:43,740 - INFO - 127.0.0.1 - - [19/May/2024 22:12:43] "OPTIONS /auth/login HTTP/1.1" 200 -
2024-05-19 22:12:45,286 - INFO - 127.0.0.1 - - [19/May/2024 22:12:45] "POST /auth/login HTTP/1.1" 200 -
2024-05-19 22:12:45,325 - INFO - 127.0.0.1 - - [19/May/2024 22:12:45] "GET /socket.io/?EIO=4&transport=polling&t=O-IHKa3 HTTP/1.1" 200 -
2024-05-19 22:12:45,326 - INFO - 127.0.0.1 - - [19/May/2024 22:12:45] "OPTIONS /auth/users HTTP/1.1" 200 -
2024-05-19 22:12:45,334 - INFO - 127.0.0.1 - - [19/May/2024 22:12:45] "POST /socket.io/?EIO=4&transport=polling&t=O-IHKaK&sid=cdRcLLt1o8twXtiZAAAC HTTP/1.1" 200 -
2024-05-19 22:12:45,335 - INFO - 127.0.0.1 - - [19/May/2024 22:12:45] "GET /socket.io/?EIO=4&transport=polling&t=O-IHKaL&sid=cdRcLLt1o8twXtiZAAAC HTTP/1.1" 200 -
2024-05-19 22:12:45,338 - INFO - 127.0.0.1 - - [19/May/2024 22:12:45] "GET /socket.io/?EIO=4&transport=polling&t=O-IHKaP&sid=cdRcLLt1o8twXtiZAAAC HTTP/1.1" 200 -
2024-05-19 22:12:47,610 - INFO - 127.0.0.1 - - [19/May/2024 22:12:47] "GET /auth/users HTTP/1.1" 200 -
2024-05-19 22:13:24,236 - INFO - 127.0.0.1 - - [19/May/2024 22:13:24] "OPTIONS /auth/login HTTP/1.1" 200 -
2024-05-19 22:13:25,267 - INFO - 127.0.0.1 - - [19/May/2024 22:13:25] "POST /auth/login HTTP/1.1" 200 -
2024-05-19 22:13:25,292 - INFO - 127.0.0.1 - - [19/May/2024 22:13:25] "OPTIONS /auth/users HTTP/1.1" 200 -
2024-05-19 22:13:26,000 - INFO - 127.0.0.1 - - [19/May/2024 22:13:26] "GET /auth/users HTTP/1.1" 200 -
2024-05-19 22:17:28,277 - INFO - [31m[1mWARNING: This is a development server. Do not use it in a production deployment. Use a production WSGI server instead.[0m
 * Running on http://localhost:5001
2024-05-19 22:17:28,277 - INFO - [33mPress CTRL+C to quit[0m
2024-05-19 22:17:29,844 - INFO - 127.0.0.1 - - [19/May/2024 22:17:29] "GET /socket.io/?EIO=4&transport=polling&t=O-IIQ1m HTTP/1.1" 200 -
2024-05-19 22:17:29,849 - INFO - 127.0.0.1 - - [19/May/2024 22:17:29] "POST /socket.io/?EIO=4&transport=polling&t=O-IIQ1s&sid=ExuwfbcyXtbu2BuYAAAA HTTP/1.1" 200 -
2024-05-19 22:17:29,850 - INFO - 127.0.0.1 - - [19/May/2024 22:17:29] "GET /socket.io/?EIO=4&transport=polling&t=O-IIQ1t&sid=ExuwfbcyXtbu2BuYAAAA HTTP/1.1" 200 -
2024-05-19 22:17:29,854 - INFO - 127.0.0.1 - - [19/May/2024 22:17:29] "GET /socket.io/?EIO=4&transport=polling&t=O-IIQ1y&sid=ExuwfbcyXtbu2BuYAAAA HTTP/1.1" 200 -
2024-05-19 22:17:48,577 - INFO - 127.0.0.1 - - [19/May/2024 22:17:48] "OPTIONS /auth/login HTTP/1.1" 200 -
2024-05-19 22:17:51,151 - INFO - 127.0.0.1 - - [19/May/2024 22:17:51] "POST /auth/login HTTP/1.1" 200 -
2024-05-19 22:17:51,176 - INFO - 127.0.0.1 - - [19/May/2024 22:17:51] "OPTIONS /auth/users HTTP/1.1" 200 -
2024-05-19 22:17:51,908 - INFO - 127.0.0.1 - - [19/May/2024 22:17:51] "GET /auth/users HTTP/1.1" 200 -
2024-05-19 22:19:00,514 - INFO - 127.0.0.1 - - [19/May/2024 22:19:00] "GET /socket.io/?EIO=4&transport=websocket&sid=ExuwfbcyXtbu2BuYAAAA HTTP/1.1" 200 -
2024-05-19 22:19:12,841 - INFO - 127.0.0.1 - - [19/May/2024 22:19:12] "OPTIONS /auth/login HTTP/1.1" 200 -
2024-05-19 22:19:13,792 - INFO - 127.0.0.1 - - [19/May/2024 22:19:13] "POST /auth/login HTTP/1.1" 200 -
2024-05-19 22:19:13,840 - INFO - 127.0.0.1 - - [19/May/2024 22:19:13] "GET /socket.io/?EIO=4&transport=polling&t=O-IIpQe HTTP/1.1" 200 -
2024-05-19 22:19:13,841 - INFO - 127.0.0.1 - - [19/May/2024 22:19:13] "OPTIONS /auth/users HTTP/1.1" 200 -
2024-05-19 22:19:13,852 - INFO - 127.0.0.1 - - [19/May/2024 22:19:13] "POST /socket.io/?EIO=4&transport=polling&t=O-IIpQu&sid=XKNQods_Wm6eFSxhAAAC HTTP/1.1" 200 -
2024-05-19 22:19:13,852 - INFO - 127.0.0.1 - - [19/May/2024 22:19:13] "GET /socket.io/?EIO=4&transport=polling&t=O-IIpQv&sid=XKNQods_Wm6eFSxhAAAC HTTP/1.1" 200 -
2024-05-19 22:19:13,855 - INFO - 127.0.0.1 - - [19/May/2024 22:19:13] "GET /socket.io/?EIO=4&transport=polling&t=O-IIpQ-&sid=XKNQods_Wm6eFSxhAAAC HTTP/1.1" 200 -
2024-05-19 22:19:14,532 - INFO - 127.0.0.1 - - [19/May/2024 22:19:14] "GET /auth/users HTTP/1.1" 200 -
2024-05-19 22:21:03,479 - INFO - 127.0.0.1 - - [19/May/2024 22:21:03] "GET /socket.io/?EIO=4&transport=websocket&sid=XKNQods_Wm6eFSxhAAAC HTTP/1.1" 200 -
2024-05-19 22:21:03,647 - INFO - 127.0.0.1 - - [19/May/2024 22:21:03] "GET /socket.io/?EIO=4&transport=polling&t=O-IJEET HTTP/1.1" 200 -
2024-05-19 22:21:03,649 - INFO - 127.0.0.1 - - [19/May/2024 22:21:03] "OPTIONS /auth/users HTTP/1.1" 200 -
2024-05-19 22:21:03,665 - INFO - 127.0.0.1 - - [19/May/2024 22:21:03] "POST /socket.io/?EIO=4&transport=polling&t=O-IJEEl&sid=Obttm9cZWr60wN7QAAAE HTTP/1.1" 200 -
2024-05-19 22:21:03,665 - INFO - 127.0.0.1 - - [19/May/2024 22:21:03] "GET /socket.io/?EIO=4&transport=polling&t=O-IJEEm&sid=Obttm9cZWr60wN7QAAAE HTTP/1.1" 200 -
2024-05-19 22:21:03,670 - INFO - 127.0.0.1 - - [19/May/2024 22:21:03] "GET /socket.io/?EIO=4&transport=polling&t=O-IJEEq&sid=Obttm9cZWr60wN7QAAAE HTTP/1.1" 200 -
2024-05-19 22:21:04,386 - INFO - 127.0.0.1 - - [19/May/2024 22:21:04] "GET /auth/users HTTP/1.1" 200 -
2024-05-19 22:22:01,707 - INFO - 127.0.0.1 - - [19/May/2024 22:22:01] "GET /socket.io/?EIO=4&transport=websocket&sid=Obttm9cZWr60wN7QAAAE HTTP/1.1" 200 -
2024-05-19 22:23:55,973 - INFO - 127.0.0.1 - - [19/May/2024 22:23:55] "OPTIONS /auth/login HTTP/1.1" 200 -
2024-05-19 22:23:57,641 - INFO - 127.0.0.1 - - [19/May/2024 22:23:57] "POST /auth/login HTTP/1.1" 200 -
2024-05-19 22:23:57,681 - INFO - 127.0.0.1 - - [19/May/2024 22:23:57] "GET /socket.io/?EIO=4&transport=polling&t=O-IJujf HTTP/1.1" 200 -
2024-05-19 22:23:57,685 - INFO - 127.0.0.1 - - [19/May/2024 22:23:57] "OPTIONS /auth/users HTTP/1.1" 200 -
2024-05-19 22:23:57,692 - INFO - 127.0.0.1 - - [19/May/2024 22:23:57] "POST /socket.io/?EIO=4&transport=polling&t=O-IJuju&sid=cdL5-O95hYJKmBgoAAAG HTTP/1.1" 200 -
2024-05-19 22:23:57,697 - INFO - 127.0.0.1 - - [19/May/2024 22:23:57] "GET /socket.io/?EIO=4&transport=polling&t=O-IJujx&sid=cdL5-O95hYJKmBgoAAAG HTTP/1.1" 200 -
2024-05-19 22:23:57,701 - INFO - 127.0.0.1 - - [19/May/2024 22:23:57] "GET /socket.io/?EIO=4&transport=polling&t=O-IJuk3&sid=cdL5-O95hYJKmBgoAAAG HTTP/1.1" 200 -
2024-05-19 22:23:58,387 - INFO - 127.0.0.1 - - [19/May/2024 22:23:58] "GET /auth/users HTTP/1.1" 200 -
2024-05-19 22:24:43,964 - INFO - 127.0.0.1 - - [19/May/2024 22:24:43] "GET /socket.io/?EIO=4&transport=websocket&sid=cdL5-O95hYJKmBgoAAAG HTTP/1.1" 200 -
2024-05-19 22:27:01,290 - INFO - [31m[1mWARNING: This is a development server. Do not use it in a production deployment. Use a production WSGI server instead.[0m
 * Running on http://localhost:5001
2024-05-19 22:27:01,291 - INFO - [33mPress CTRL+C to quit[0m
2024-05-19 22:27:15,394 - INFO - 127.0.0.1 - - [19/May/2024 22:27:15] "OPTIONS /auth/login HTTP/1.1" 200 -
2024-05-19 22:27:18,304 - INFO - 127.0.0.1 - - [19/May/2024 22:27:18] "POST /auth/login HTTP/1.1" 200 -
2024-05-19 22:27:18,350 - INFO - 127.0.0.1 - - [19/May/2024 22:27:18] "GET /socket.io/?EIO=4&transport=polling&t=O-IKfj8 HTTP/1.1" 200 -
2024-05-19 22:27:18,354 - INFO - 127.0.0.1 - - [19/May/2024 22:27:18] "OPTIONS /auth/users HTTP/1.1" 200 -
2024-05-19 22:27:18,368 - INFO - 127.0.0.1 - - [19/May/2024 22:27:18] "POST /socket.io/?EIO=4&transport=polling&t=O-IKfjM&sid=TNWOH_D2YMhZG8-oAAAA HTTP/1.1" 200 -
2024-05-19 22:27:18,369 - INFO - 127.0.0.1 - - [19/May/2024 22:27:18] "GET /socket.io/?EIO=4&transport=polling&t=O-IKfjO&sid=TNWOH_D2YMhZG8-oAAAA HTTP/1.1" 200 -
2024-05-19 22:27:18,375 - INFO - 127.0.0.1 - - [19/May/2024 22:27:18] "GET /socket.io/?EIO=4&transport=polling&t=O-IKfjb&sid=TNWOH_D2YMhZG8-oAAAA HTTP/1.1" 200 -
2024-05-19 22:27:19,032 - INFO - 127.0.0.1 - - [19/May/2024 22:27:19] "GET /auth/users HTTP/1.1" 200 -
2024-05-19 22:27:20,967 - INFO - 127.0.0.1 - - [19/May/2024 22:27:20] "OPTIONS /auth/logout HTTP/1.1" 200 -
2024-05-19 22:27:21,414 - INFO - 127.0.0.1 - - [19/May/2024 22:27:21] "POST /auth/logout HTTP/1.1" 200 -
2024-05-19 22:27:39,431 - INFO - 127.0.0.1 - - [19/May/2024 22:27:39] "OPTIONS /auth/login HTTP/1.1" 200 -
2024-05-19 22:27:40,416 - INFO - 127.0.0.1 - - [19/May/2024 22:27:40] "POST /auth/login HTTP/1.1" 200 -
2024-05-19 22:27:40,443 - INFO - 127.0.0.1 - - [19/May/2024 22:27:40] "OPTIONS /auth/users HTTP/1.1" 200 -
2024-05-19 22:27:41,157 - INFO - 127.0.0.1 - - [19/May/2024 22:27:41] "GET /auth/users HTTP/1.1" 200 -
2024-05-19 22:27:48,072 - INFO - 127.0.0.1 - - [19/May/2024 22:27:48] "OPTIONS /auth/logout HTTP/1.1" 200 -
2024-05-19 22:27:48,550 - INFO - 127.0.0.1 - - [19/May/2024 22:27:48] "POST /auth/logout HTTP/1.1" 200 -
2024-05-19 22:28:48,835 - INFO - [31m[1mWARNING: This is a development server. Do not use it in a production deployment. Use a production WSGI server instead.[0m
 * Running on http://localhost:5001
2024-05-19 22:28:48,835 - INFO - [33mPress CTRL+C to quit[0m
2024-05-19 22:28:52,201 - INFO - 127.0.0.1 - - [19/May/2024 22:28:52] "GET /socket.io/?EIO=4&transport=polling&t=O-IL0dV HTTP/1.1" 200 -
2024-05-19 22:28:52,211 - INFO - 127.0.0.1 - - [19/May/2024 22:28:52] "POST /socket.io/?EIO=4&transport=polling&t=O-IL0di&sid=uqAqq8aPDg77sz8bAAAA HTTP/1.1" 200 -
2024-05-19 22:28:52,215 - INFO - 127.0.0.1 - - [19/May/2024 22:28:52] "GET /socket.io/?EIO=4&transport=polling&t=O-IL0do&sid=uqAqq8aPDg77sz8bAAAA HTTP/1.1" 200 -
2024-05-19 22:28:52,223 - INFO - 127.0.0.1 - - [19/May/2024 22:28:52] "GET /socket.io/?EIO=4&transport=polling&t=O-IL0dy&sid=uqAqq8aPDg77sz8bAAAA HTTP/1.1" 200 -
2024-05-19 22:28:52,227 - INFO - 127.0.0.1 - - [19/May/2024 22:28:52] "GET /socket.io/?EIO=4&transport=polling&t=O-IL0e1&sid=uqAqq8aPDg77sz8bAAAA HTTP/1.1" 200 -
