2024-05-19 18:14:05,607 - WARNING - Deadline exceeded: 504 Deadline Exceeded
2024-05-19 18:14:21,621 - WARNING - Deadline exceeded: 504 Deadline Exceeded
2024-05-19 18:14:22,640 - INFO - 127.0.0.1 - - [19/May/2024 18:14:22] "GET /socket.io/?EIO=4&transport=websocket&sid=c7zesEyRAZS0Bu39AAAw HTTP/1.1" 200 -
2024-05-19 18:14:22,798 - INFO - 127.0.0.1 - - [19/May/2024 18:14:22] "GET /socket.io/?EIO=4&transport=polling&t=O-HQmlC HTTP/1.1" 200 -
2024-05-19 18:14:22,799 - INFO - 127.0.0.1 - - [19/May/2024 18:14:22] "OPTIONS /auth/users HTTP/1.1" 200 -
2024-05-19 18:14:22,817 - INFO - 127.0.0.1 - - [19/May/2024 18:14:22] "POST /socket.io/?EIO=4&transport=polling&t=O-HQmlW&sid=DWCDmUfKtqR1wkpQAAAy HTTP/1.1" 200 -
2024-05-19 18:14:22,818 - INFO - 127.0.0.1 - - [19/May/2024 18:14:22] "GET /socket.io/?EIO=4&transport=polling&t=O-HQmlW.0&sid=DWCDmUfKtqR1wkpQAAAy HTTP/1.1" 200 -
2024-05-19 18:14:22,822 - INFO - 127.0.0.1 - - [19/May/2024 18:14:22] "GET /socket.io/?EIO=4&transport=polling&t=O-HQmlb&sid=DWCDmUfKtqR1wkpQAAAy HTTP/1.1" 200 -
2024-05-19 18:14:23,458 - INFO - 127.0.0.1 - - [19/May/2024 18:14:23] "GET /auth/users HTTP/1.1" 200 -
2024-05-19 18:14:25,789 - INFO - 127.0.0.1 - - [19/May/2024 18:14:25] "GET /socket.io/?EIO=4&transport=websocket&sid=DWCDmUfKtqR1wkpQAAAy HTTP/1.1" 200 -
2024-05-19 18:14:25,904 - INFO - 127.0.0.1 - - [19/May/2024 18:14:25] "GET /socket.io/?EIO=4&transport=polling&t=O-HQnVj HTTP/1.1" 200 -
2024-05-19 18:14:25,912 - INFO - 127.0.0.1 - - [19/May/2024 18:14:25] "POST /socket.io/?EIO=4&transport=polling&t=O-HQnVq&sid=pCv8ZIAu5-QRdiJPAAA0 HTTP/1.1" 200 -
2024-05-19 18:14:25,912 - INFO - 127.0.0.1 - - [19/May/2024 18:14:25] "GET /socket.io/?EIO=4&transport=polling&t=O-HQnVr&sid=pCv8ZIAu5-QRdiJPAAA0 HTTP/1.1" 200 -
2024-05-19 18:14:25,929 - INFO - 127.0.0.1 - - [19/May/2024 18:14:25] "GET /socket.io/?EIO=4&transport=polling&t=O-HQnW8&sid=pCv8ZIAu5-QRdiJPAAA0 HTTP/1.1" 200 -
2024-05-19 18:14:25,933 - INFO - 127.0.0.1 - - [19/May/2024 18:14:25] "GET /socket.io/?EIO=4&transport=polling&t=O-HQnWC&sid=pCv8ZIAu5-QRdiJPAAA0 HTTP/1.1" 200 -
2024-05-19 18:14:26,634 - INFO - 127.0.0.1 - - [19/May/2024 18:14:26] "GET /auth/users HTTP/1.1" 200 -
2024-05-19 18:14:37,637 - WARNING - Deadline exceeded: 504 Deadline Exceeded
2024-05-19 18:14:53,651 - WARNING - Deadline exceeded: 504 Deadline Exceeded
2024-05-19 18:14:56,138 - INFO - 127.0.0.1 - - [19/May/2024 18:14:56] "GET /socket.io/?EIO=4&transport=websocket&sid=pCv8ZIAu5-QRdiJPAAA0 HTTP/1.1" 200 -
2024-05-19 18:14:56,282 - INFO - 127.0.0.1 - - [19/May/2024 18:14:56] "GET /socket.io/?EIO=4&transport=polling&t=O-HQuwM HTTP/1.1" 200 -
2024-05-19 18:14:56,283 - INFO - 127.0.0.1 - - [19/May/2024 18:14:56] "OPTIONS /auth/users HTTP/1.1" 200 -
2024-05-19 18:14:56,299 - INFO - 127.0.0.1 - - [19/May/2024 18:14:56] "POST /socket.io/?EIO=4&transport=polling&t=O-HQuwg&sid=WSooWUi_6lDOhlbLAAA2 HTTP/1.1" 200 -
2024-05-19 18:14:56,299 - INFO - 127.0.0.1 - - [19/May/2024 18:14:56] "GET /socket.io/?EIO=4&transport=polling&t=O-HQuwg.0&sid=WSooWUi_6lDOhlbLAAA2 HTTP/1.1" 200 -
2024-05-19 18:14:56,927 - INFO - 127.0.0.1 - - [19/May/2024 18:14:56] "GET /auth/users HTTP/1.1" 200 -
2024-05-19 18:15:01,515 - INFO - 127.0.0.1 - - [19/May/2024 18:15:01] "GET /socket.io/?EIO=4&transport=websocket&sid=WSooWUi_6lDOhlbLAAA2 HTTP/1.1" 200 -
2024-05-19 18:15:01,627 - INFO - 127.0.0.1 - - [19/May/2024 18:15:01] "OPTIONS /auth/users HTTP/1.1" 200 -
2024-05-19 18:15:01,628 - INFO - 127.0.0.1 - - [19/May/2024 18:15:01] "GET /socket.io/?EIO=4&transport=polling&t=O-HQwDu HTTP/1.1" 200 -
2024-05-19 18:15:01,634 - INFO - 127.0.0.1 - - [19/May/2024 18:15:01] "POST /socket.io/?EIO=4&transport=polling&t=O-HQwD_&sid=ObnCNTWfWGLW4SITAAA4 HTTP/1.1" 200 -
2024-05-19 18:15:01,636 - INFO - 127.0.0.1 - - [19/May/2024 18:15:01] "GET /socket.io/?EIO=4&transport=polling&t=O-HQwD_.0&sid=ObnCNTWfWGLW4SITAAA4 HTTP/1.1" 200 -
2024-05-19 18:15:01,647 - INFO - 127.0.0.1 - - [19/May/2024 18:15:01] "GET /socket.io/?EIO=4&transport=polling&t=O-HQwEE&sid=ObnCNTWfWGLW4SITAAA4 HTTP/1.1" 200 -
2024-05-19 18:15:02,294 - INFO - 127.0.0.1 - - [19/May/2024 18:15:02] "GET /auth/users HTTP/1.1" 200 -
2024-05-19 18:15:09,662 - WARNING - Deadline exceeded: 504 Deadline Exceeded
2024-05-19 18:15:25,675 - WARNING - Deadline exceeded: 504 Deadline Exceeded
2024-05-19 18:15:41,688 - WARNING - Deadline exceeded: 504 Deadline Exceeded
2024-05-19 18:15:48,940 - INFO - 127.0.0.1 - - [19/May/2024 18:15:48] "GET /socket.io/?EIO=4&transport=websocket&sid=ObnCNTWfWGLW4SITAAA4 HTTP/1.1" 200 -
2024-05-19 18:15:49,095 - INFO - 127.0.0.1 - - [19/May/2024 18:15:49] "GET /socket.io/?EIO=4&transport=polling&t=O-HR5pa HTTP/1.1" 200 -
2024-05-19 18:15:49,097 - INFO - 127.0.0.1 - - [19/May/2024 18:15:49] "OPTIONS /auth/users HTTP/1.1" 200 -
2024-05-19 18:15:49,101 - INFO - 127.0.0.1 - - [19/May/2024 18:15:49] "POST /socket.io/?EIO=4&transport=polling&t=O-HR5pf&sid=d5wcChZ4jXsDVYDlAAA6 HTTP/1.1" 200 -
2024-05-19 18:15:49,101 - INFO - 127.0.0.1 - - [19/May/2024 18:15:49] "GET /socket.io/?EIO=4&transport=polling&t=O-HR5pg&sid=d5wcChZ4jXsDVYDlAAA6 HTTP/1.1" 200 -
2024-05-19 18:15:49,115 - INFO - 127.0.0.1 - - [19/May/2024 18:15:49] "GET /socket.io/?EIO=4&transport=polling&t=O-HR5pv&sid=d5wcChZ4jXsDVYDlAAA6 HTTP/1.1" 200 -
2024-05-19 18:15:49,120 - INFO - 127.0.0.1 - - [19/May/2024 18:15:49] "GET /socket.io/?EIO=4&transport=polling&t=O-HR5p_&sid=d5wcChZ4jXsDVYDlAAA6 HTTP/1.1" 200 -
2024-05-19 18:15:49,798 - INFO - 127.0.0.1 - - [19/May/2024 18:15:49] "GET /auth/users HTTP/1.1" 200 -
2024-05-19 18:15:57,705 - WARNING - Deadline exceeded: 504 Deadline Exceeded
2024-05-19 18:16:10,899 - INFO - 127.0.0.1 - - [19/May/2024 18:16:10] "GET /socket.io/?EIO=4&transport=websocket&sid=d5wcChZ4jXsDVYDlAAA6 HTTP/1.1" 200 -
2024-05-19 18:16:11,015 - INFO - 127.0.0.1 - - [19/May/2024 18:16:11] "OPTIONS /auth/users HTTP/1.1" 200 -
2024-05-19 18:16:11,016 - INFO - 127.0.0.1 - - [19/May/2024 18:16:11] "GET /socket.io/?EIO=4&transport=polling&t=O-HRBA4 HTTP/1.1" 200 -
2024-05-19 18:16:11,018 - INFO - 127.0.0.1 - - [19/May/2024 18:16:11] "POST /socket.io/?EIO=4&transport=polling&t=O-HRBA9&sid=vY1PtkuWJO8bTUPSAAA8 HTTP/1.1" 200 -
2024-05-19 18:16:11,019 - INFO - 127.0.0.1 - - [19/May/2024 18:16:11] "GET /socket.io/?EIO=4&transport=polling&t=O-HRBAA&sid=vY1PtkuWJO8bTUPSAAA8 HTTP/1.1" 200 -
2024-05-19 18:16:11,035 - INFO - 127.0.0.1 - - [19/May/2024 18:16:11] "GET /socket.io/?EIO=4&transport=polling&t=O-HRBAQ&sid=vY1PtkuWJO8bTUPSAAA8 HTTP/1.1" 200 -
2024-05-19 18:16:11,038 - INFO - 127.0.0.1 - - [19/May/2024 18:16:11] "GET /socket.io/?EIO=4&transport=polling&t=O-HRBAT&sid=vY1PtkuWJO8bTUPSAAA8 HTTP/1.1" 200 -
2024-05-19 18:16:12,899 - INFO - 127.0.0.1 - - [19/May/2024 18:16:12] "GET /auth/users HTTP/1.1" 200 -
2024-05-19 18:16:13,718 - WARNING - Deadline exceeded: 504 Deadline Exceeded
2024-05-19 18:16:29,734 - WARNING - Deadline exceeded: 504 Deadline Exceeded
2024-05-19 18:16:45,748 - WARNING - Deadline exceeded: 504 Deadline Exceeded
2024-05-19 18:17:01,758 - WARNING - Deadline exceeded: 504 Deadline Exceeded
2024-05-19 18:17:17,775 - WARNING - Deadline exceeded: 504 Deadline Exceeded
2024-05-19 18:17:33,793 - WARNING - Deadline exceeded: 504 Deadline Exceeded
2024-05-19 18:17:49,809 - WARNING - Deadline exceeded: 504 Deadline Exceeded
2024-05-19 18:18:05,826 - WARNING - Deadline exceeded: 504 Deadline Exceeded
2024-05-19 18:18:21,843 - WARNING - Deadline exceeded: 504 Deadline Exceeded
2024-05-19 18:18:37,853 - WARNING - Deadline exceeded: 504 Deadline Exceeded
2024-05-19 18:18:53,871 - WARNING - Deadline exceeded: 504 Deadline Exceeded
2024-05-19 18:19:09,883 - WARNING - Deadline exceeded: 504 Deadline Exceeded
2024-05-19 18:19:25,894 - WARNING - Deadline exceeded: 504 Deadline Exceeded
2024-05-19 18:19:41,910 - WARNING - Deadline exceeded: 504 Deadline Exceeded
2024-05-19 18:19:57,923 - WARNING - Deadline exceeded: 504 Deadline Exceeded
2024-05-19 18:20:13,939 - WARNING - Deadline exceeded: 504 Deadline Exceeded
2024-05-19 18:20:29,954 - WARNING - Deadline exceeded: 504 Deadline Exceeded
2024-05-19 18:20:45,967 - WARNING - Deadline exceeded: 504 Deadline Exceeded
2024-05-19 18:21:01,981 - WARNING - Deadline exceeded: 504 Deadline Exceeded
2024-05-19 18:21:17,997 - WARNING - Deadline exceeded: 504 Deadline Exceeded
2024-05-19 18:21:34,010 - WARNING - Deadline exceeded: 504 Deadline Exceeded
2024-05-19 18:21:50,029 - WARNING - Deadline exceeded: 504 Deadline Exceeded
2024-05-19 18:22:06,040 - WARNING - Deadline exceeded: 504 Deadline Exceeded
2024-05-19 18:22:22,052 - WARNING - Deadline exceeded: 504 Deadline Exceeded
2024-05-19 18:22:38,060 - WARNING - Deadline exceeded: 504 Deadline Exceeded
2024-05-19 18:22:54,074 - WARNING - Deadline exceeded: 504 Deadline Exceeded
2024-05-19 18:23:10,088 - WARNING - Deadline exceeded: 504 Deadline Exceeded
2024-05-19 18:23:26,103 - WARNING - Deadline exceeded: 504 Deadline Exceeded
2024-05-19 18:23:42,114 - WARNING - Deadline exceeded: 504 Deadline Exceeded
2024-05-19 18:23:58,126 - WARNING - Deadline exceeded: 504 Deadline Exceeded
2024-05-19 18:24:14,144 - WARNING - Deadline exceeded: 504 Deadline Exceeded
2024-05-19 18:24:15,564 - INFO - 127.0.0.1 - - [19/May/2024 18:24:15] "GET /socket.io/?EIO=4&transport=websocket&sid=vY1PtkuWJO8bTUPSAAA8 HTTP/1.1" 200 -
2024-05-19 18:24:15,713 - INFO - 127.0.0.1 - - [19/May/2024 18:24:15] "GET /socket.io/?EIO=4&transport=polling&t=O-HT1VV HTTP/1.1" 200 -
2024-05-19 18:24:15,715 - INFO - 127.0.0.1 - - [19/May/2024 18:24:15] "OPTIONS /auth/users HTTP/1.1" 200 -
2024-05-19 18:24:15,732 - INFO - 127.0.0.1 - - [19/May/2024 18:24:15] "POST /socket.io/?EIO=4&transport=polling&t=O-HT1Vn&sid=vxqJBtvklb6cW3aEAAA- HTTP/1.1" 200 -
2024-05-19 18:24:15,733 - INFO - 127.0.0.1 - - [19/May/2024 18:24:15] "GET /socket.io/?EIO=4&transport=polling&t=O-HT1Vo&sid=vxqJBtvklb6cW3aEAAA- HTTP/1.1" 200 -
2024-05-19 18:24:17,180 - INFO - 127.0.0.1 - - [19/May/2024 18:24:17] "GET /auth/users HTTP/1.1" 200 -
2024-05-19 18:24:30,162 - WARNING - Deadline exceeded: 504 Deadline Exceeded
2024-05-19 18:24:46,179 - WARNING - Deadline exceeded: 504 Deadline Exceeded
2024-05-19 18:24:58,179 - INFO - 127.0.0.1 - - [19/May/2024 18:24:58] "GET /socket.io/?EIO=4&transport=websocket&sid=vxqJBtvklb6cW3aEAAA- HTTP/1.1" 200 -
2024-05-19 18:24:58,316 - INFO - 127.0.0.1 - - [19/May/2024 18:24:58] "GET /socket.io/?EIO=4&transport=polling&t=O-HTBv8 HTTP/1.1" 200 -
2024-05-19 18:24:58,316 - INFO - 127.0.0.1 - - [19/May/2024 18:24:58] "OPTIONS /auth/users HTTP/1.1" 200 -
2024-05-19 18:24:58,332 - INFO - 127.0.0.1 - - [19/May/2024 18:24:58] "POST /socket.io/?EIO=4&transport=polling&t=O-HTBvR&sid=EwIMLJlVwXJYLPOXAABA HTTP/1.1" 200 -
2024-05-19 18:24:58,333 - INFO - 127.0.0.1 - - [19/May/2024 18:24:58] "GET /socket.io/?EIO=4&transport=polling&t=O-HTBvR.0&sid=EwIMLJlVwXJYLPOXAABA HTTP/1.1" 200 -
2024-05-19 18:24:59,097 - INFO - 127.0.0.1 - - [19/May/2024 18:24:59] "GET /auth/users HTTP/1.1" 200 -
2024-05-19 18:25:02,195 - WARNING - Deadline exceeded: 504 Deadline Exceeded
2024-05-19 18:25:18,206 - WARNING - Deadline exceeded: 504 Deadline Exceeded
2024-05-19 18:25:34,218 - WARNING - Deadline exceeded: 504 Deadline Exceeded
2024-05-19 18:25:50,231 - WARNING - Deadline exceeded: 504 Deadline Exceeded
2024-05-19 18:25:50,345 - INFO - 127.0.0.1 - - [19/May/2024 18:25:50] "GET /socket.io/?EIO=4&transport=websocket&sid=EwIMLJlVwXJYLPOXAABA HTTP/1.1" 200 -
2024-05-19 18:25:50,513 - INFO - 127.0.0.1 - - [19/May/2024 18:25:50] "GET /socket.io/?EIO=4&transport=polling&t=O-HTOej HTTP/1.1" 200 -
2024-05-19 18:25:50,514 - INFO - 127.0.0.1 - - [19/May/2024 18:25:50] "OPTIONS /auth/users HTTP/1.1" 200 -
2024-05-19 18:25:50,529 - INFO - 127.0.0.1 - - [19/May/2024 18:25:50] "POST /socket.io/?EIO=4&transport=polling&t=O-HTOf0&sid=Pfl0VJPt7NrkDsSjAABC HTTP/1.1" 200 -
2024-05-19 18:25:50,530 - INFO - 127.0.0.1 - - [19/May/2024 18:25:50] "GET /socket.io/?EIO=4&transport=polling&t=O-HTOf1&sid=Pfl0VJPt7NrkDsSjAABC HTTP/1.1" 200 -
2024-05-19 18:25:51,246 - INFO - 127.0.0.1 - - [19/May/2024 18:25:51] "GET /auth/users HTTP/1.1" 200 -
2024-05-19 18:26:06,247 - WARNING - Deadline exceeded: 504 Deadline Exceeded
2024-05-19 18:26:22,264 - WARNING - Deadline exceeded: 504 Deadline Exceeded
2024-05-19 18:26:38,281 - WARNING - Deadline exceeded: 504 Deadline Exceeded
2024-05-19 18:26:54,294 - WARNING - Deadline exceeded: 504 Deadline Exceeded
2024-05-19 18:27:10,302 - WARNING - Deadline exceeded: 504 Deadline Exceeded
2024-05-19 18:27:26,315 - WARNING - Deadline exceeded: 504 Deadline Exceeded
2024-05-19 18:27:42,327 - WARNING - Deadline exceeded: 504 Deadline Exceeded
2024-05-19 18:27:58,343 - WARNING - Deadline exceeded: 504 Deadline Exceeded
2024-05-19 18:28:14,353 - WARNING - Deadline exceeded: 504 Deadline Exceeded
2024-05-19 18:28:30,370 - WARNING - Deadline exceeded: 504 Deadline Exceeded
2024-05-19 18:28:46,386 - WARNING - Deadline exceeded: 504 Deadline Exceeded
2024-05-19 18:29:02,402 - WARNING - Deadline exceeded: 504 Deadline Exceeded
2024-05-19 18:29:18,416 - WARNING - Deadline exceeded: 504 Deadline Exceeded
2024-05-19 18:29:34,428 - WARNING - Deadline exceeded: 504 Deadline Exceeded
2024-05-19 18:29:50,439 - WARNING - Deadline exceeded: 504 Deadline Exceeded
2024-05-19 18:30:06,457 - WARNING - Deadline exceeded: 504 Deadline Exceeded
2024-05-19 18:30:22,469 - WARNING - Deadline exceeded: 504 Deadline Exceeded
2024-05-19 18:30:38,487 - WARNING - Deadline exceeded: 504 Deadline Exceeded
2024-05-19 18:30:54,500 - WARNING - Deadline exceeded: 504 Deadline Exceeded
2024-05-19 18:31:10,514 - WARNING - Deadline exceeded: 504 Deadline Exceeded
2024-05-19 18:31:26,528 - WARNING - Deadline exceeded: 504 Deadline Exceeded
2024-05-19 18:31:42,541 - WARNING - Deadline exceeded: 504 Deadline Exceeded
2024-05-19 18:31:58,553 - WARNING - Deadline exceeded: 504 Deadline Exceeded
2024-05-19 18:32:14,569 - WARNING - Deadline exceeded: 504 Deadline Exceeded
2024-05-19 18:32:30,585 - WARNING - Deadline exceeded: 504 Deadline Exceeded
2024-05-19 18:32:46,597 - WARNING - Deadline exceeded: 504 Deadline Exceeded
2024-05-19 18:33:02,611 - WARNING - Deadline exceeded: 504 Deadline Exceeded
2024-05-19 18:33:18,623 - WARNING - Deadline exceeded: 504 Deadline Exceeded
2024-05-19 18:33:34,636 - WARNING - Deadline exceeded: 504 Deadline Exceeded
2024-05-19 18:33:50,650 - WARNING - Deadline exceeded: 504 Deadline Exceeded
2024-05-19 18:34:06,663 - WARNING - Deadline exceeded: 504 Deadline Exceeded
2024-05-19 18:34:22,675 - WARNING - Deadline exceeded: 504 Deadline Exceeded
2024-05-19 18:34:38,681 - WARNING - Deadline exceeded: 504 Deadline Exceeded
2024-05-19 18:34:54,695 - WARNING - Deadline exceeded: 504 Deadline Exceeded
2024-05-19 18:35:10,705 - WARNING - Deadline exceeded: 504 Deadline Exceeded
2024-05-19 18:35:26,712 - WARNING - Deadline exceeded: 504 Deadline Exceeded
2024-05-19 18:35:42,729 - WARNING - Deadline exceeded: 504 Deadline Exceeded
2024-05-19 18:35:58,747 - WARNING - Deadline exceeded: 504 Deadline Exceeded
2024-05-19 18:36:14,760 - WARNING - Deadline exceeded: 504 Deadline Exceeded
2024-05-19 18:36:30,776 - WARNING - Deadline exceeded: 504 Deadline Exceeded
2024-05-19 18:36:46,784 - WARNING - Deadline exceeded: 504 Deadline Exceeded
2024-05-19 18:37:02,799 - WARNING - Deadline exceeded: 504 Deadline Exceeded
2024-05-19 18:37:18,816 - WARNING - Deadline exceeded: 504 Deadline Exceeded
2024-05-19 18:37:34,831 - WARNING - Deadline exceeded: 504 Deadline Exceeded
2024-05-19 18:37:50,847 - WARNING - Deadline exceeded: 504 Deadline Exceeded
2024-05-19 18:38:06,861 - WARNING - Deadline exceeded: 504 Deadline Exceeded
2024-05-19 18:38:22,871 - WARNING - Deadline exceeded: 504 Deadline Exceeded
2024-05-19 18:38:38,886 - WARNING - Deadline exceeded: 504 Deadline Exceeded
2024-05-19 18:38:54,902 - WARNING - Deadline exceeded: 504 Deadline Exceeded
2024-05-19 18:39:10,912 - WARNING - Deadline exceeded: 504 Deadline Exceeded
2024-05-19 18:39:26,923 - WARNING - Deadline exceeded: 504 Deadline Exceeded
2024-05-19 18:39:42,940 - WARNING - Deadline exceeded: 504 Deadline Exceeded
2024-05-19 18:39:58,954 - WARNING - Deadline exceeded: 504 Deadline Exceeded
2024-05-19 18:40:14,963 - WARNING - Deadline exceeded: 504 Deadline Exceeded
2024-05-19 18:40:30,976 - WARNING - Deadline exceeded: 504 Deadline Exceeded
2024-05-19 18:40:46,989 - WARNING - Deadline exceeded: 504 Deadline Exceeded
2024-05-19 18:41:03,000 - WARNING - Deadline exceeded: 504 Deadline Exceeded
2024-05-19 18:41:19,016 - WARNING - Deadline exceeded: 504 Deadline Exceeded
2024-05-19 18:41:35,030 - WARNING - Deadline exceeded: 504 Deadline Exceeded
2024-05-19 18:41:51,038 - WARNING - Deadline exceeded: 504 Deadline Exceeded
2024-05-19 18:42:07,053 - WARNING - Deadline exceeded: 504 Deadline Exceeded
2024-05-19 18:42:23,069 - WARNING - Deadline exceeded: 504 Deadline Exceeded
2024-05-19 18:42:39,081 - WARNING - Deadline exceeded: 504 Deadline Exceeded
2024-05-19 18:42:55,102 - WARNING - Deadline exceeded: 504 Deadline Exceeded
2024-05-19 18:43:11,120 - WARNING - Deadline exceeded: 504 Deadline Exceeded
2024-05-19 18:43:27,132 - WARNING - Deadline exceeded: 504 Deadline Exceeded
2024-05-19 18:43:43,141 - WARNING - Deadline exceeded: 504 Deadline Exceeded
2024-05-19 18:43:45,295 - INFO - 127.0.0.1 - - [19/May/2024 18:43:45] "GET /socket.io/?EIO=4&transport=websocket&sid=Pfl0VJPt7NrkDsSjAABC HTTP/1.1" 200 -
2024-05-19 18:43:45,976 - INFO - 127.0.0.1 - - [19/May/2024 18:43:45] "GET /socket.io/?EIO=4&transport=polling&t=O-HXVCs HTTP/1.1" 200 -
2024-05-19 18:43:45,981 - INFO - 127.0.0.1 - - [19/May/2024 18:43:45] "OPTIONS /auth/users HTTP/1.1" 200 -
2024-05-19 18:43:46,017 - INFO - 127.0.0.1 - - [19/May/2024 18:43:46] "POST /socket.io/?EIO=4&transport=polling&t=O-HXVDU&sid=h-JPyn5dxLzutBMOAABE HTTP/1.1" 200 -
2024-05-19 18:43:46,018 - INFO - 127.0.0.1 - - [19/May/2024 18:43:46] "GET /socket.io/?EIO=4&transport=polling&t=O-HXVDV&sid=h-JPyn5dxLzutBMOAABE HTTP/1.1" 200 -
2024-05-19 18:43:46,030 - INFO - 127.0.0.1 - - [19/May/2024 18:43:46] "GET /socket.io/?EIO=4&transport=polling&t=O-HXVDj&sid=h-JPyn5dxLzutBMOAABE HTTP/1.1" 200 -
2024-05-19 18:43:47,285 - INFO - 127.0.0.1 - - [19/May/2024 18:43:47] "GET /auth/users HTTP/1.1" 200 -
2024-05-19 18:44:33,585 - WARNING - Deadline exceeded: 504 Deadline Exceeded
2024-05-19 18:44:35,417 - WARNING - Deadline exceeded: 504 Deadline Exceeded
2024-05-19 18:50:55,816 - WARNING - Deadline exceeded: 504 Deadline Exceeded
2024-05-19 18:50:55,817 - WARNING - Deadline exceeded: 504 Deadline Exceeded
2024-05-19 18:51:11,894 - WARNING - Deadline exceeded: 504 Deadline Exceeded
2024-05-19 18:51:56,653 - WARNING - Deadline exceeded: 504 Deadline Exceeded
2024-05-19 18:51:58,784 - ERROR - An error occurred: Timeout of 60.0s exceeded, last exception: 503 failed to connect to all addresses; last error: UNAVAILABLE: ipv4:34.128.8.202:443: Failed to connect to remote host: FD shutdown
2024-05-19 18:52:13,190 - WARNING - Deadline exceeded: 504 Deadline Exceeded
2024-05-19 18:52:33,438 - WARNING - Deadline exceeded: 504 Deadline Exceeded
2024-05-19 18:52:51,683 - WARNING - Deadline exceeded: 504 Deadline Exceeded
2024-05-19 18:52:57,395 - ERROR - An error occurred: Timeout of 60.0s exceeded, last exception: 503 failed to connect to all addresses; last error: UNKNOWN: ipv4:34.128.8.234:443: tcp handshaker shutdown
2024-05-19 18:53:10,317 - INFO - 127.0.0.1 - - [19/May/2024 18:53:10] "GET /socket.io/?EIO=4&transport=websocket&sid=h-JPyn5dxLzutBMOAABE HTTP/1.1" 200 -
2024-05-19 18:53:10,863 - INFO - 127.0.0.1 - - [19/May/2024 18:53:10] "GET /socket.io/?EIO=4&transport=polling&t=O-HZf7B HTTP/1.1" 200 -
2024-05-19 18:53:10,868 - INFO - 127.0.0.1 - - [19/May/2024 18:53:10] "OPTIONS /auth/users HTTP/1.1" 200 -
2024-05-19 18:53:10,877 - ERROR - Exception on /auth/users [GET]
Traceback (most recent call last):
  File "/Users/muhailah/chtcht/chtcht/env/lib/python3.12/site-packages/urllib3/connection.py", line 174, in _new_conn
    conn = connection.create_connection(
           ^^^^^^^^^^^^^^^^^^^^^^^^^^^^^
  File "/Users/muhailah/chtcht/chtcht/env/lib/python3.12/site-packages/urllib3/util/connection.py", line 72, in create_connection
    for res in socket.getaddrinfo(host, port, family, socket.SOCK_STREAM):
               ^^^^^^^^^^^^^^^^^^^^^^^^^^^^^^^^^^^^^^^^^^^^^^^^^^^^^^^^^^
  File "/opt/homebrew/Cellar/python@3.12/3.12.3/Frameworks/Python.framework/Versions/3.12/lib/python3.12/socket.py", line 963, in getaddrinfo
    for res in _socket.getaddrinfo(host, port, family, type, proto, flags):
               ^^^^^^^^^^^^^^^^^^^^^^^^^^^^^^^^^^^^^^^^^^^^^^^^^^^^^^^^^^^
socket.gaierror: [Errno 8] nodename nor servname provided, or not known

During handling of the above exception, another exception occurred:

Traceback (most recent call last):
  File "/Users/muhailah/chtcht/chtcht/env/lib/python3.12/site-packages/urllib3/connectionpool.py", line 715, in urlopen
    httplib_response = self._make_request(
                       ^^^^^^^^^^^^^^^^^^^
  File "/Users/muhailah/chtcht/chtcht/env/lib/python3.12/site-packages/urllib3/connectionpool.py", line 404, in _make_request
    self._validate_conn(conn)
  File "/Users/muhailah/chtcht/chtcht/env/lib/python3.12/site-packages/urllib3/connectionpool.py", line 1058, in _validate_conn
    conn.connect()
  File "/Users/muhailah/chtcht/chtcht/env/lib/python3.12/site-packages/urllib3/connection.py", line 363, in connect
    self.sock = conn = self._new_conn()
                       ^^^^^^^^^^^^^^^^
  File "/Users/muhailah/chtcht/chtcht/env/lib/python3.12/site-packages/urllib3/connection.py", line 186, in _new_conn
    raise NewConnectionError(
urllib3.exceptions.NewConnectionError: <urllib3.connection.HTTPSConnection object at 0x1105fbd10>: Failed to establish a new connection: [Errno 8] nodename nor servname provided, or not known

During handling of the above exception, another exception occurred:

Traceback (most recent call last):
  File "/Users/muhailah/chtcht/chtcht/env/lib/python3.12/site-packages/requests/adapters.py", line 486, in send
    resp = conn.urlopen(
           ^^^^^^^^^^^^^
  File "/Users/muhailah/chtcht/chtcht/env/lib/python3.12/site-packages/urllib3/connectionpool.py", line 799, in urlopen
    retries = retries.increment(
              ^^^^^^^^^^^^^^^^^^
  File "/Users/muhailah/chtcht/chtcht/env/lib/python3.12/site-packages/urllib3/util/retry.py", line 592, in increment
    raise MaxRetryError(_pool, url, error or ResponseError(cause))
urllib3.exceptions.MaxRetryError: HTTPSConnectionPool(host='www.googleapis.com', port=443): Max retries exceeded with url: /identitytoolkit/v3/relyingparty/getAccountInfo?key=AIzaSyDd9YRWul2zoxW4l3SNw1Pso_S5ajE4bys (Caused by NewConnectionError('<urllib3.connection.HTTPSConnection object at 0x1105fbd10>: Failed to establish a new connection: [Errno 8] nodename nor servname provided, or not known'))

During handling of the above exception, another exception occurred:

Traceback (most recent call last):
  File "/Users/muhailah/chtcht/chtcht/env/lib/python3.12/site-packages/flask/app.py", line 1473, in wsgi_app
    response = self.full_dispatch_request()
               ^^^^^^^^^^^^^^^^^^^^^^^^^^^^
  File "/Users/muhailah/chtcht/chtcht/env/lib/python3.12/site-packages/flask/app.py", line 882, in full_dispatch_request
    rv = self.handle_user_exception(e)
         ^^^^^^^^^^^^^^^^^^^^^^^^^^^^^
  File "/Users/muhailah/chtcht/chtcht/env/lib/python3.12/site-packages/flask_cors/extension.py", line 176, in wrapped_function
    return cors_after_request(app.make_response(f(*args, **kwargs)))
                                                ^^^^^^^^^^^^^^^^^^
  File "/Users/muhailah/chtcht/chtcht/env/lib/python3.12/site-packages/flask/app.py", line 880, in full_dispatch_request
    rv = self.dispatch_request()
         ^^^^^^^^^^^^^^^^^^^^^^^
  File "/Users/muhailah/chtcht/chtcht/env/lib/python3.12/site-packages/flask/app.py", line 865, in dispatch_request
    return self.ensure_sync(self.view_functions[rule.endpoint])(**view_args)  # type: ignore[no-any-return]
           ^^^^^^^^^^^^^^^^^^^^^^^^^^^^^^^^^^^^^^^^^^^^^^^^^^^^^^^^^^^^^^^^^
  File "/Users/muhailah/chtcht/chtcht/app/blueprints/auth.py", line 102, in get_users
    user = auth.get_account_info(token)
           ^^^^^^^^^^^^^^^^^^^^^^^^^^^^
  File "/Users/muhailah/chtcht/chtcht/env/lib/python3.12/site-packages/pyrebase/pyrebase.py", line 138, in get_account_info
    request_object = requests.post(request_ref, headers=headers, data=data)
                     ^^^^^^^^^^^^^^^^^^^^^^^^^^^^^^^^^^^^^^^^^^^^^^^^^^^^^^
  File "/Users/muhailah/chtcht/chtcht/env/lib/python3.12/site-packages/requests/api.py", line 115, in post
    return request("post", url, data=data, json=json, **kwargs)
           ^^^^^^^^^^^^^^^^^^^^^^^^^^^^^^^^^^^^^^^^^^^^^^^^^^^^
  File "/Users/muhailah/chtcht/chtcht/env/lib/python3.12/site-packages/requests/api.py", line 59, in request
    return session.request(method=method, url=url, **kwargs)
           ^^^^^^^^^^^^^^^^^^^^^^^^^^^^^^^^^^^^^^^^^^^^^^^^^
  File "/Users/muhailah/chtcht/chtcht/env/lib/python3.12/site-packages/requests/sessions.py", line 589, in request
    resp = self.send(prep, **send_kwargs)
           ^^^^^^^^^^^^^^^^^^^^^^^^^^^^^^
  File "/Users/muhailah/chtcht/chtcht/env/lib/python3.12/site-packages/requests/sessions.py", line 703, in send
    r = adapter.send(request, **kwargs)
        ^^^^^^^^^^^^^^^^^^^^^^^^^^^^^^^
  File "/Users/muhailah/chtcht/chtcht/env/lib/python3.12/site-packages/requests/adapters.py", line 519, in send
    raise ConnectionError(e, request=request)
requests.exceptions.ConnectionError: HTTPSConnectionPool(host='www.googleapis.com', port=443): Max retries exceeded with url: /identitytoolkit/v3/relyingparty/getAccountInfo?key=AIzaSyDd9YRWul2zoxW4l3SNw1Pso_S5ajE4bys (Caused by NewConnectionError('<urllib3.connection.HTTPSConnection object at 0x1105fbd10>: Failed to establish a new connection: [Errno 8] nodename nor servname provided, or not known'))
2024-05-19 18:53:10,886 - INFO - 127.0.0.1 - - [19/May/2024 18:53:10] "[35m[1mGET /auth/users HTTP/1.1[0m" 500 -
2024-05-19 18:53:10,907 - INFO - 127.0.0.1 - - [19/May/2024 18:53:10] "POST /socket.io/?EIO=4&transport=polling&t=O-HZf7u&sid=xzxx5aJHSEhvTf7kAABG HTTP/1.1" 200 -
2024-05-19 18:53:10,908 - INFO - 127.0.0.1 - - [19/May/2024 18:53:10] "GET /socket.io/?EIO=4&transport=polling&t=O-HZf7w&sid=xzxx5aJHSEhvTf7kAABG HTTP/1.1" 200 -
2024-05-19 18:53:10,926 - INFO - 127.0.0.1 - - [19/May/2024 18:53:10] "GET /socket.io/?EIO=4&transport=polling&t=O-HZf8C&sid=xzxx5aJHSEhvTf7kAABG HTTP/1.1" 200 -
2024-05-19 18:53:10,930 - INFO - 127.0.0.1 - - [19/May/2024 18:53:10] "GET /socket.io/?EIO=4&transport=polling&t=O-HZf8G&sid=xzxx5aJHSEhvTf7kAABG HTTP/1.1" 200 -
2024-05-19 18:53:12,712 - WARNING - Deadline exceeded: 504 Deadline Exceeded
2024-05-19 18:53:31,742 - WARNING - Deadline exceeded: 504 Deadline Exceeded
2024-05-19 18:53:43,662 - ERROR - An error occurred: Timeout of 60.0s exceeded, last exception: 503 failed to connect to all addresses; last error: UNKNOWN: ipv4:34.128.8.234:443: tcp handshaker shutdown
2024-05-19 18:54:16,951 - WARNING - Deadline exceeded: 504 Deadline Exceeded
2024-05-19 18:54:44,793 - WARNING - Deadline exceeded: 504 Deadline Exceeded
2024-05-19 18:54:48,370 - ERROR - An error occurred: Timeout of 60.0s exceeded, last exception: 503 failed to connect to all addresses; last error: UNAVAILABLE: ipv4:34.128.9.42:443: Failed to connect to remote host: FD shutdown
2024-05-19 18:55:38,581 - WARNING - Deadline exceeded: 504 Deadline Exceeded
2024-05-19 18:55:39,004 - ERROR - An error occurred: Timeout of 60.0s exceeded, last exception: 503 failed to connect to all addresses; last error: UNAVAILABLE: ipv4:34.128.9.42:443: Failed to connect to remote host: FD shutdown
2024-05-19 18:56:16,335 - WARNING - Deadline exceeded: 504 Deadline Exceeded
2024-05-19 18:56:31,820 - ERROR - An error occurred: Timeout of 60.0s exceeded, last exception: 503 failed to connect to all addresses; last error: UNKNOWN: ipv4:34.128.8.202:443: Failed to connect to remote host: Operation timed out
2024-05-19 18:56:40,770 - WARNING - Deadline exceeded: 504 Deadline Exceeded
2024-05-19 18:56:59,586 - WARNING - Deadline exceeded: 504 Deadline Exceeded
2024-05-19 18:57:37,162 - ERROR - An error occurred: Timeout of 60.0s exceeded, last exception: 503 failed to connect to all addresses; last error: UNKNOWN: ipv4:34.128.8.202:443: Failed to connect to remote host: Operation timed out
2024-05-19 18:57:37,850 - ERROR - An error occurred: Timeout of 60.0s exceeded, last exception: 503 failed to connect to all addresses; last error: UNKNOWN: ipv4:34.128.8.202:443: Failed to connect to remote host: Operation timed out
2024-05-19 18:57:58,953 - WARNING - Deadline exceeded: 504 Deadline Exceeded
2024-05-19 18:58:20,588 - WARNING - Deadline exceeded: 504 Deadline Exceeded
2024-05-19 18:58:36,600 - WARNING - Deadline exceeded: 504 Deadline Exceeded
2024-05-19 18:58:43,174 - WARNING - Deadline exceeded: 504 Deadline Exceeded
2024-05-19 18:58:52,612 - WARNING - Deadline exceeded: 504 Deadline Exceeded
2024-05-19 18:59:08,624 - WARNING - Deadline exceeded: 504 Deadline Exceeded
2024-05-19 18:59:24,633 - WARNING - Deadline exceeded: 504 Deadline Exceeded
2024-05-19 18:59:40,644 - WARNING - Deadline exceeded: 504 Deadline Exceeded
2024-05-19 18:59:56,655 - WARNING - Deadline exceeded: 504 Deadline Exceeded
2024-05-19 19:00:12,666 - WARNING - Deadline exceeded: 504 Deadline Exceeded
2024-05-19 19:00:28,677 - WARNING - Deadline exceeded: 504 Deadline Exceeded
2024-05-19 19:00:44,686 - WARNING - Deadline exceeded: 504 Deadline Exceeded
2024-05-19 19:01:00,701 - WARNING - Deadline exceeded: 504 Deadline Exceeded
2024-05-19 19:01:16,712 - WARNING - Deadline exceeded: 504 Deadline Exceeded
2024-05-19 19:01:32,720 - WARNING - Deadline exceeded: 504 Deadline Exceeded
2024-05-19 19:01:48,731 - WARNING - Deadline exceeded: 504 Deadline Exceeded
2024-05-19 19:02:04,745 - WARNING - Deadline exceeded: 504 Deadline Exceeded
2024-05-19 19:02:20,757 - WARNING - Deadline exceeded: 504 Deadline Exceeded
2024-05-19 19:02:36,769 - WARNING - Deadline exceeded: 504 Deadline Exceeded
2024-05-19 19:02:52,781 - WARNING - Deadline exceeded: 504 Deadline Exceeded
2024-05-19 19:03:08,790 - WARNING - Deadline exceeded: 504 Deadline Exceeded
2024-05-19 19:03:24,798 - WARNING - Deadline exceeded: 504 Deadline Exceeded
2024-05-19 19:03:40,813 - WARNING - Deadline exceeded: 504 Deadline Exceeded
2024-05-19 19:03:56,827 - WARNING - Deadline exceeded: 504 Deadline Exceeded
2024-05-19 19:04:12,841 - WARNING - Deadline exceeded: 504 Deadline Exceeded
2024-05-19 19:04:28,845 - WARNING - Deadline exceeded: 504 Deadline Exceeded
2024-05-19 19:04:44,862 - WARNING - Deadline exceeded: 504 Deadline Exceeded
2024-05-19 19:04:46,496 - INFO - 127.0.0.1 - - [19/May/2024 19:04:46] "GET /socket.io/?EIO=4&transport=websocket&sid=xzxx5aJHSEhvTf7kAABG HTTP/1.1" 200 -
2024-05-19 19:04:47,128 - INFO - 127.0.0.1 - - [19/May/2024 19:04:47] "GET /socket.io/?EIO=4&transport=polling&t=O-HcJ6K HTTP/1.1" 200 -
2024-05-19 19:04:47,133 - INFO - 127.0.0.1 - - [19/May/2024 19:04:47] "OPTIONS /auth/users HTTP/1.1" 200 -
2024-05-19 19:04:47,174 - INFO - 127.0.0.1 - - [19/May/2024 19:04:47] "POST /socket.io/?EIO=4&transport=polling&t=O-HcJ74&sid=yl3hQnOj-UyBdGl7AABI HTTP/1.1" 200 -
2024-05-19 19:04:47,176 - INFO - 127.0.0.1 - - [19/May/2024 19:04:47] "GET /socket.io/?EIO=4&transport=polling&t=O-HcJ75&sid=yl3hQnOj-UyBdGl7AABI HTTP/1.1" 200 -
2024-05-19 19:04:47,196 - INFO - 127.0.0.1 - - [19/May/2024 19:04:47] "GET /socket.io/?EIO=4&transport=polling&t=O-HcJ7Q&sid=yl3hQnOj-UyBdGl7AABI HTTP/1.1" 200 -
2024-05-19 19:04:47,719 - ERROR - Exception on /auth/users [GET]
Traceback (most recent call last):
  File "/Users/muhailah/chtcht/chtcht/env/lib/python3.12/site-packages/pyrebase/pyrebase.py", line 544, in raise_detailed_error
    request_object.raise_for_status()
  File "/Users/muhailah/chtcht/chtcht/env/lib/python3.12/site-packages/requests/models.py", line 1021, in raise_for_status
    raise HTTPError(http_error_msg, response=self)
requests.exceptions.HTTPError: 400 Client Error: Bad Request for url: https://www.googleapis.com/identitytoolkit/v3/relyingparty/getAccountInfo?key=AIzaSyDd9YRWul2zoxW4l3SNw1Pso_S5ajE4bys

During handling of the above exception, another exception occurred:

Traceback (most recent call last):
  File "/Users/muhailah/chtcht/chtcht/env/lib/python3.12/site-packages/flask/app.py", line 1473, in wsgi_app
    response = self.full_dispatch_request()
               ^^^^^^^^^^^^^^^^^^^^^^^^^^^^
  File "/Users/muhailah/chtcht/chtcht/env/lib/python3.12/site-packages/flask/app.py", line 882, in full_dispatch_request
    rv = self.handle_user_exception(e)
         ^^^^^^^^^^^^^^^^^^^^^^^^^^^^^
  File "/Users/muhailah/chtcht/chtcht/env/lib/python3.12/site-packages/flask_cors/extension.py", line 176, in wrapped_function
    return cors_after_request(app.make_response(f(*args, **kwargs)))
                                                ^^^^^^^^^^^^^^^^^^
  File "/Users/muhailah/chtcht/chtcht/env/lib/python3.12/site-packages/flask/app.py", line 880, in full_dispatch_request
    rv = self.dispatch_request()
         ^^^^^^^^^^^^^^^^^^^^^^^
  File "/Users/muhailah/chtcht/chtcht/env/lib/python3.12/site-packages/flask/app.py", line 865, in dispatch_request
    return self.ensure_sync(self.view_functions[rule.endpoint])(**view_args)  # type: ignore[no-any-return]
           ^^^^^^^^^^^^^^^^^^^^^^^^^^^^^^^^^^^^^^^^^^^^^^^^^^^^^^^^^^^^^^^^^
  File "/Users/muhailah/chtcht/chtcht/app/blueprints/auth.py", line 102, in get_users
    user = auth.get_account_info(token)
           ^^^^^^^^^^^^^^^^^^^^^^^^^^^^
  File "/Users/muhailah/chtcht/chtcht/env/lib/python3.12/site-packages/pyrebase/pyrebase.py", line 139, in get_account_info
    raise_detailed_error(request_object)
  File "/Users/muhailah/chtcht/chtcht/env/lib/python3.12/site-packages/pyrebase/pyrebase.py", line 548, in raise_detailed_error
    raise HTTPError(e, request_object.text)
requests.exceptions.HTTPError: [Errno 400 Client Error: Bad Request for url: https://www.googleapis.com/identitytoolkit/v3/relyingparty/getAccountInfo?key=AIzaSyDd9YRWul2zoxW4l3SNw1Pso_S5ajE4bys] {
  "error": {
    "code": 400,
    "message": "INVALID_ID_TOKEN",
    "errors": [
      {
        "message": "INVALID_ID_TOKEN",
        "domain": "global",
        "reason": "invalid"
      }
    ]
  }
}

2024-05-19 19:04:47,723 - INFO - 127.0.0.1 - - [19/May/2024 19:04:47] "[35m[1mGET /auth/users HTTP/1.1[0m" 500 -
2024-05-19 19:05:48,700 - WARNING - Deadline exceeded: 504 Deadline Exceeded
2024-05-19 19:05:48,701 - WARNING - Deadline exceeded: 504 Deadline Exceeded
2024-05-19 19:08:00,233 - WARNING - Deadline exceeded: 504 Deadline Exceeded
2024-05-19 19:08:00,234 - WARNING - Deadline exceeded: 504 Deadline Exceeded
2024-05-19 19:08:16,244 - WARNING - Deadline exceeded: 504 Deadline Exceeded
2024-05-19 19:08:33,876 - WARNING - Deadline exceeded: 504 Deadline Exceeded
2024-05-19 19:08:49,891 - WARNING - Deadline exceeded: 504 Deadline Exceeded
2024-05-19 19:09:05,905 - WARNING - Deadline exceeded: 504 Deadline Exceeded
2024-05-19 19:09:21,913 - WARNING - Deadline exceeded: 504 Deadline Exceeded
2024-05-19 19:09:37,924 - WARNING - Deadline exceeded: 504 Deadline Exceeded
2024-05-19 19:09:53,936 - WARNING - Deadline exceeded: 504 Deadline Exceeded
2024-05-19 19:10:09,953 - WARNING - Deadline exceeded: 504 Deadline Exceeded
2024-05-19 19:10:25,966 - WARNING - Deadline exceeded: 504 Deadline Exceeded
2024-05-19 19:10:41,982 - WARNING - Deadline exceeded: 504 Deadline Exceeded
2024-05-19 19:10:50,980 - INFO - 127.0.0.1 - - [19/May/2024 19:10:50] "GET /socket.io/?EIO=4&transport=websocket&sid=yl3hQnOj-UyBdGl7AABI HTTP/1.1" 200 -
2024-05-19 19:10:51,736 - INFO - 127.0.0.1 - - [19/May/2024 19:10:51] "GET /socket.io/?EIO=4&transport=polling&t=O-Hdi7L HTTP/1.1" 200 -
2024-05-19 19:10:51,742 - INFO - 127.0.0.1 - - [19/May/2024 19:10:51] "OPTIONS /auth/users HTTP/1.1" 200 -
2024-05-19 19:10:51,788 - INFO - 127.0.0.1 - - [19/May/2024 19:10:51] "POST /socket.io/?EIO=4&transport=polling&t=O-Hdi8A&sid=YbhwdRs7EnJSoCUrAABK HTTP/1.1" 200 -
2024-05-19 19:10:51,789 - INFO - 127.0.0.1 - - [19/May/2024 19:10:51] "GET /socket.io/?EIO=4&transport=polling&t=O-Hdi8B&sid=YbhwdRs7EnJSoCUrAABK HTTP/1.1" 200 -
2024-05-19 19:10:51,816 - INFO - 127.0.0.1 - - [19/May/2024 19:10:51] "GET /socket.io/?EIO=4&transport=polling&t=O-Hdi8c&sid=YbhwdRs7EnJSoCUrAABK HTTP/1.1" 200 -
2024-05-19 19:10:52,321 - ERROR - Exception on /auth/users [GET]
Traceback (most recent call last):
  File "/Users/muhailah/chtcht/chtcht/env/lib/python3.12/site-packages/pyrebase/pyrebase.py", line 544, in raise_detailed_error
    request_object.raise_for_status()
  File "/Users/muhailah/chtcht/chtcht/env/lib/python3.12/site-packages/requests/models.py", line 1021, in raise_for_status
    raise HTTPError(http_error_msg, response=self)
requests.exceptions.HTTPError: 400 Client Error: Bad Request for url: https://www.googleapis.com/identitytoolkit/v3/relyingparty/getAccountInfo?key=AIzaSyDd9YRWul2zoxW4l3SNw1Pso_S5ajE4bys

During handling of the above exception, another exception occurred:

Traceback (most recent call last):
  File "/Users/muhailah/chtcht/chtcht/env/lib/python3.12/site-packages/flask/app.py", line 1473, in wsgi_app
    response = self.full_dispatch_request()
               ^^^^^^^^^^^^^^^^^^^^^^^^^^^^
  File "/Users/muhailah/chtcht/chtcht/env/lib/python3.12/site-packages/flask/app.py", line 882, in full_dispatch_request
    rv = self.handle_user_exception(e)
         ^^^^^^^^^^^^^^^^^^^^^^^^^^^^^
  File "/Users/muhailah/chtcht/chtcht/env/lib/python3.12/site-packages/flask_cors/extension.py", line 176, in wrapped_function
    return cors_after_request(app.make_response(f(*args, **kwargs)))
                                                ^^^^^^^^^^^^^^^^^^
  File "/Users/muhailah/chtcht/chtcht/env/lib/python3.12/site-packages/flask/app.py", line 880, in full_dispatch_request
    rv = self.dispatch_request()
         ^^^^^^^^^^^^^^^^^^^^^^^
  File "/Users/muhailah/chtcht/chtcht/env/lib/python3.12/site-packages/flask/app.py", line 865, in dispatch_request
    return self.ensure_sync(self.view_functions[rule.endpoint])(**view_args)  # type: ignore[no-any-return]
           ^^^^^^^^^^^^^^^^^^^^^^^^^^^^^^^^^^^^^^^^^^^^^^^^^^^^^^^^^^^^^^^^^
  File "/Users/muhailah/chtcht/chtcht/app/blueprints/auth.py", line 102, in get_users
    user = auth.get_account_info(token)
           ^^^^^^^^^^^^^^^^^^^^^^^^^^^^
  File "/Users/muhailah/chtcht/chtcht/env/lib/python3.12/site-packages/pyrebase/pyrebase.py", line 139, in get_account_info
    raise_detailed_error(request_object)
  File "/Users/muhailah/chtcht/chtcht/env/lib/python3.12/site-packages/pyrebase/pyrebase.py", line 548, in raise_detailed_error
    raise HTTPError(e, request_object.text)
requests.exceptions.HTTPError: [Errno 400 Client Error: Bad Request for url: https://www.googleapis.com/identitytoolkit/v3/relyingparty/getAccountInfo?key=AIzaSyDd9YRWul2zoxW4l3SNw1Pso_S5ajE4bys] {
  "error": {
    "code": 400,
    "message": "INVALID_ID_TOKEN",
    "errors": [
      {
        "message": "INVALID_ID_TOKEN",
        "domain": "global",
        "reason": "invalid"
      }
    ]
  }
}

2024-05-19 19:10:52,324 - INFO - 127.0.0.1 - - [19/May/2024 19:10:52] "[35m[1mGET /auth/users HTTP/1.1[0m" 500 -
2024-05-19 19:10:57,998 - WARNING - Deadline exceeded: 504 Deadline Exceeded
2024-05-19 19:11:14,007 - WARNING - Deadline exceeded: 504 Deadline Exceeded
2024-05-19 19:11:30,022 - WARNING - Deadline exceeded: 504 Deadline Exceeded
2024-05-19 19:11:46,037 - WARNING - Deadline exceeded: 504 Deadline Exceeded
2024-05-19 19:12:02,045 - WARNING - Deadline exceeded: 504 Deadline Exceeded
2024-05-19 19:12:18,061 - WARNING - Deadline exceeded: 504 Deadline Exceeded
2024-05-19 19:12:34,073 - WARNING - Deadline exceeded: 504 Deadline Exceeded
2024-05-19 19:12:50,089 - WARNING - Deadline exceeded: 504 Deadline Exceeded
2024-05-19 19:13:06,107 - WARNING - Deadline exceeded: 504 Deadline Exceeded
2024-05-19 19:13:22,122 - WARNING - Deadline exceeded: 504 Deadline Exceeded
2024-05-19 19:13:38,139 - WARNING - Deadline exceeded: 504 Deadline Exceeded
2024-05-19 19:13:54,157 - WARNING - Deadline exceeded: 504 Deadline Exceeded
2024-05-19 19:14:10,167 - WARNING - Deadline exceeded: 504 Deadline Exceeded
2024-05-19 19:14:26,182 - WARNING - Deadline exceeded: 504 Deadline Exceeded
2024-05-19 19:14:42,200 - WARNING - Deadline exceeded: 504 Deadline Exceeded
2024-05-19 19:14:58,216 - WARNING - Deadline exceeded: 504 Deadline Exceeded
2024-05-19 19:15:14,228 - WARNING - Deadline exceeded: 504 Deadline Exceeded
2024-05-19 19:15:26,498 - INFO - 127.0.0.1 - - [19/May/2024 19:15:26] "OPTIONS /auth/login HTTP/1.1" 200 -
2024-05-19 19:15:28,164 - INFO - 127.0.0.1 - - [19/May/2024 19:15:28] "POST /auth/login HTTP/1.1" 200 -
2024-05-19 19:15:28,193 - INFO - 127.0.0.1 - - [19/May/2024 19:15:28] "OPTIONS /auth/users HTTP/1.1" 200 -
2024-05-19 19:15:41,117 - INFO - 127.0.0.1 - - [19/May/2024 19:15:41] "GET /socket.io/?EIO=4&transport=websocket&sid=YbhwdRs7EnJSoCUrAABK HTTP/1.1" 200 -
2024-05-19 19:15:41,490 - INFO - 127.0.0.1 - - [19/May/2024 19:15:41] "GET /socket.io/?EIO=4&transport=polling&t=O-Heosk HTTP/1.1" 200 -
2024-05-19 19:15:41,495 - INFO - 127.0.0.1 - - [19/May/2024 19:15:41] "OPTIONS /auth/users HTTP/1.1" 200 -
2024-05-19 19:15:41,514 - INFO - 127.0.0.1 - - [19/May/2024 19:15:41] "POST /socket.io/?EIO=4&transport=polling&t=O-Heot9&sid=2MEImxw7FMl939aiAABM HTTP/1.1" 200 -
2024-05-19 19:15:41,516 - INFO - 127.0.0.1 - - [19/May/2024 19:15:41] "GET /socket.io/?EIO=4&transport=polling&t=O-HeotA&sid=2MEImxw7FMl939aiAABM HTTP/1.1" 200 -
2024-05-19 19:15:41,610 - INFO - 127.0.0.1 - - [19/May/2024 19:15:41] "GET /socket.io/?EIO=4&transport=polling&t=O-Heoue&sid=2MEImxw7FMl939aiAABM HTTP/1.1" 200 -
2024-05-19 19:15:41,622 - INFO - 127.0.0.1 - - [19/May/2024 19:15:41] "GET /socket.io/?EIO=4&transport=polling&t=O-Heour&sid=2MEImxw7FMl939aiAABM HTTP/1.1" 200 -
2024-05-19 19:15:42,200 - WARNING - Deadline exceeded: 504 Deadline Exceeded
2024-05-19 19:15:58,218 - WARNING - Deadline exceeded: 504 Deadline Exceeded
2024-05-19 19:16:00,203 - INFO - 127.0.0.1 - - [19/May/2024 19:16:00] "GET /socket.io/?EIO=4&transport=websocket&sid=2MEImxw7FMl939aiAABM HTTP/1.1" 200 -
2024-05-19 19:16:00,576 - INFO - 127.0.0.1 - - [19/May/2024 19:16:00] "GET /socket.io/?EIO=4&transport=polling&t=O-HetWz HTTP/1.1" 200 -
2024-05-19 19:16:00,581 - INFO - 127.0.0.1 - - [19/May/2024 19:16:00] "OPTIONS /auth/users HTTP/1.1" 200 -
2024-05-19 19:16:00,616 - INFO - 127.0.0.1 - - [19/May/2024 19:16:00] "POST /socket.io/?EIO=4&transport=polling&t=O-HetXb&sid=xekjXLbn5Uczcc1yAABO HTTP/1.1" 200 -
2024-05-19 19:16:00,617 - INFO - 127.0.0.1 - - [19/May/2024 19:16:00] "GET /socket.io/?EIO=4&transport=polling&t=O-HetXd&sid=xekjXLbn5Uczcc1yAABO HTTP/1.1" 200 -
2024-05-19 19:16:00,694 - INFO - 127.0.0.1 - - [19/May/2024 19:16:00] "GET /socket.io/?EIO=4&transport=polling&t=O-HetYq&sid=xekjXLbn5Uczcc1yAABO HTTP/1.1" 200 -
2024-05-19 19:16:05,211 - INFO - 127.0.0.1 - - [19/May/2024 19:16:05] "GET /socket.io/?EIO=4&transport=websocket&sid=xekjXLbn5Uczcc1yAABO HTTP/1.1" 200 -
2024-05-19 19:16:05,571 - INFO - 127.0.0.1 - - [19/May/2024 19:16:05] "GET /socket.io/?EIO=4&transport=polling&t=O-Heul0 HTTP/1.1" 200 -
2024-05-19 19:16:05,594 - INFO - 127.0.0.1 - - [19/May/2024 19:16:05] "POST /socket.io/?EIO=4&transport=polling&t=O-HeulO&sid=p1G1Wma9B-s46hdKAABQ HTTP/1.1" 200 -
2024-05-19 19:16:05,596 - INFO - 127.0.0.1 - - [19/May/2024 19:16:05] "GET /socket.io/?EIO=4&transport=polling&t=O-HeulP&sid=p1G1Wma9B-s46hdKAABQ HTTP/1.1" 200 -
2024-05-19 19:16:05,696 - INFO - 127.0.0.1 - - [19/May/2024 19:16:05] "GET /socket.io/?EIO=4&transport=polling&t=O-Heum-&sid=p1G1Wma9B-s46hdKAABQ HTTP/1.1" 200 -
2024-05-19 19:16:14,232 - WARNING - Deadline exceeded: 504 Deadline Exceeded
2024-05-19 19:16:20,416 - INFO - 127.0.0.1 - - [19/May/2024 19:16:20] "OPTIONS /auth/login HTTP/1.1" 200 -
2024-05-19 19:16:21,228 - INFO - 127.0.0.1 - - [19/May/2024 19:16:21] "POST /auth/login HTTP/1.1" 200 -
2024-05-19 19:16:21,250 - INFO - 127.0.0.1 - - [19/May/2024 19:16:21] "OPTIONS /auth/users HTTP/1.1" 200 -
2024-05-19 19:16:29,435 - INFO - 127.0.0.1 - - [19/May/2024 19:16:29] "GET /auth/users HTTP/1.1" 200 -
2024-05-19 19:16:29,440 - INFO - 127.0.0.1 - - [19/May/2024 19:16:29] "GET /auth/users HTTP/1.1" 200 -
2024-05-19 19:16:29,440 - INFO - 127.0.0.1 - - [19/May/2024 19:16:29] "GET /auth/users HTTP/1.1" 200 -
2024-05-19 19:16:29,450 - INFO - 127.0.0.1 - - [19/May/2024 19:16:29] "GET /auth/users HTTP/1.1" 200 -
2024-05-19 19:16:30,097 - INFO - 127.0.0.1 - - [19/May/2024 19:16:30] "GET /auth/users HTTP/1.1" 200 -
2024-05-19 19:16:34,508 - WARNING - Deadline exceeded: 504 Deadline Exceeded
2024-05-19 19:16:42,560 - INFO - [31m[1mWARNING: This is a development server. Do not use it in a production deployment. Use a production WSGI server instead.[0m
 * Running on http://localhost:5001
2024-05-19 19:16:42,560 - INFO - [33mPress CTRL+C to quit[0m
2024-05-19 19:16:45,836 - INFO - 127.0.0.1 - - [19/May/2024 19:16:45] "GET /socket.io/?EIO=4&transport=polling&t=O-Hf2a5 HTTP/1.1" 200 -
2024-05-19 19:16:45,843 - INFO - 127.0.0.1 - - [19/May/2024 19:16:45] "POST /socket.io/?EIO=4&transport=polling&t=O-Hf2aF&sid=18i8xk0p0ZZ8pGotAAAA HTTP/1.1" 200 -
2024-05-19 19:16:45,845 - INFO - 127.0.0.1 - - [19/May/2024 19:16:45] "GET /socket.io/?EIO=4&transport=polling&t=O-Hf2aH&sid=18i8xk0p0ZZ8pGotAAAA HTTP/1.1" 200 -
2024-05-19 19:16:45,850 - INFO - 127.0.0.1 - - [19/May/2024 19:16:45] "GET /socket.io/?EIO=4&transport=polling&t=O-Hf2aO&sid=18i8xk0p0ZZ8pGotAAAA HTTP/1.1" 200 -
2024-05-19 19:16:52,570 - WARNING - Deadline exceeded: 504 Deadline Exceeded
2024-05-19 19:16:55,211 - INFO - 127.0.0.1 - - [19/May/2024 19:16:55] "OPTIONS /auth/login HTTP/1.1" 200 -
2024-05-19 19:16:56,715 - INFO - 127.0.0.1 - - [19/May/2024 19:16:56] "POST /auth/login HTTP/1.1" 200 -
2024-05-19 19:16:56,740 - INFO - 127.0.0.1 - - [19/May/2024 19:16:56] "OPTIONS /auth/users HTTP/1.1" 200 -
2024-05-19 19:16:58,461 - INFO - 127.0.0.1 - - [19/May/2024 19:16:58] "GET /auth/users HTTP/1.1" 200 -
2024-05-19 19:17:12,647 - WARNING - Deadline exceeded: 504 Deadline Exceeded
2024-05-19 19:17:28,661 - WARNING - Deadline exceeded: 504 Deadline Exceeded
2024-05-19 19:17:44,675 - WARNING - Deadline exceeded: 504 Deadline Exceeded
2024-05-19 19:18:00,683 - WARNING - Deadline exceeded: 504 Deadline Exceeded
2024-05-19 19:18:16,693 - WARNING - Deadline exceeded: 504 Deadline Exceeded
2024-05-19 19:18:32,710 - WARNING - Deadline exceeded: 504 Deadline Exceeded
2024-05-19 19:18:48,726 - WARNING - Deadline exceeded: 504 Deadline Exceeded
2024-05-19 19:19:04,744 - WARNING - Deadline exceeded: 504 Deadline Exceeded
2024-05-19 22:04:26,225 - INFO - [31m[1mWARNING: This is a development server. Do not use it in a production deployment. Use a production WSGI server instead.[0m
 * Running on http://localhost:5001
2024-05-19 22:04:26,225 - INFO - [33mPress CTRL+C to quit[0m
2024-05-19 22:04:27,106 - ERROR - An error occurred: 400 Invalid resource name given (name=projects/massive-carrier-422819-k2/topics/user-presence). Refer to https://cloud.google.com/pubsub/docs/pubsub-basics#resource_names for more information.
2024-05-19 22:04:29,706 - INFO - 127.0.0.1 - - [19/May/2024 22:04:29] "GET /socket.io/?EIO=4&transport=polling&t=O-IFRa5 HTTP/1.1" 200 -
2024-05-19 22:04:29,714 - INFO - 127.0.0.1 - - [19/May/2024 22:04:29] "POST /socket.io/?EIO=4&transport=polling&t=O-IFRaF&sid=A_mksS7_bJqEbdwUAAAA HTTP/1.1" 200 -
2024-05-19 22:04:29,717 - INFO - 127.0.0.1 - - [19/May/2024 22:04:29] "GET /socket.io/?EIO=4&transport=polling&t=O-IFRaG&sid=A_mksS7_bJqEbdwUAAAA HTTP/1.1" 200 -
2024-05-19 22:04:29,723 - INFO - 127.0.0.1 - - [19/May/2024 22:04:29] "GET /socket.io/?EIO=4&transport=polling&t=O-IFRaP&sid=A_mksS7_bJqEbdwUAAAA HTTP/1.1" 200 -
2024-05-19 22:04:33,344 - ERROR - An error occurred: 400 Invalid resource name given (name=projects/massive-carrier-422819-k2/topics/user-presence). Refer to https://cloud.google.com/pubsub/docs/pubsub-basics#resource_names for more information.
2024-05-19 22:04:39,607 - ERROR - An error occurred: 400 Invalid resource name given (name=projects/massive-carrier-422819-k2/topics/user-presence). Refer to https://cloud.google.com/pubsub/docs/pubsub-basics#resource_names for more information.
2024-05-19 22:04:45,854 - ERROR - An error occurred: 400 Invalid resource name given (name=projects/massive-carrier-422819-k2/topics/user-presence). Refer to https://cloud.google.com/pubsub/docs/pubsub-basics#resource_names for more information.
2024-05-19 22:04:52,090 - ERROR - An error occurred: 400 Invalid resource name given (name=projects/massive-carrier-422819-k2/topics/user-presence). Refer to https://cloud.google.com/pubsub/docs/pubsub-basics#resource_names for more information.
2024-05-19 22:04:57,172 - INFO - [31m[1mWARNING: This is a development server. Do not use it in a production deployment. Use a production WSGI server instead.[0m
 * Running on http://localhost:5001
2024-05-19 22:04:57,173 - INFO - [33mPress CTRL+C to quit[0m
2024-05-19 22:04:59,431 - INFO - 127.0.0.1 - - [19/May/2024 22:04:59] "GET /socket.io/?EIO=4&transport=polling&t=O-IFYqX HTTP/1.1" 200 -
2024-05-19 22:04:59,438 - INFO - 127.0.0.1 - - [19/May/2024 22:04:59] "POST /socket.io/?EIO=4&transport=polling&t=O-IFYqf&sid=30wMondsMZhgOPP0AAAA HTTP/1.1" 200 -
2024-05-19 22:04:59,441 - INFO - 127.0.0.1 - - [19/May/2024 22:04:59] "GET /socket.io/?EIO=4&transport=polling&t=O-IFYqg&sid=30wMondsMZhgOPP0AAAA HTTP/1.1" 200 -
2024-05-19 22:04:59,445 - INFO - 127.0.0.1 - - [19/May/2024 22:04:59] "GET /socket.io/?EIO=4&transport=polling&t=O-IFYqp&sid=30wMondsMZhgOPP0AAAA HTTP/1.1" 200 -
2024-05-19 22:05:07,180 - WARNING - Deadline exceeded: 504 Deadline Exceeded
2024-05-19 22:06:10,374 - INFO - [31m[1mWARNING: This is a development server. Do not use it in a production deployment. Use a production WSGI server instead.[0m
 * Running on http://localhost:5001
2024-05-19 22:06:10,374 - INFO - [33mPress CTRL+C to quit[0m
2024-05-19 22:06:13,284 - INFO - 127.0.0.1 - - [19/May/2024 22:06:13] "GET /socket.io/?EIO=4&transport=polling&t=O-IFqsT HTTP/1.1" 200 -
2024-05-19 22:06:13,291 - INFO - 127.0.0.1 - - [19/May/2024 22:06:13] "POST /socket.io/?EIO=4&transport=polling&t=O-IFqsc&sid=R6qqi-W39ebU5XBxAAAA HTTP/1.1" 200 -
2024-05-19 22:06:13,294 - INFO - 127.0.0.1 - - [19/May/2024 22:06:13] "GET /socket.io/?EIO=4&transport=polling&t=O-IFqsd&sid=R6qqi-W39ebU5XBxAAAA HTTP/1.1" 200 -
2024-05-19 22:06:13,299 - INFO - 127.0.0.1 - - [19/May/2024 22:06:13] "GET /socket.io/?EIO=4&transport=polling&t=O-IFqsm&sid=R6qqi-W39ebU5XBxAAAA HTTP/1.1" 200 -
2024-05-19 22:06:20,379 - WARNING - Deadline exceeded: 504 Deadline Exceeded
2024-05-19 22:09:19,705 - INFO - [31m[1mWARNING: This is a development server. Do not use it in a production deployment. Use a production WSGI server instead.[0m
 * Running on http://localhost:5001
2024-05-19 22:09:19,705 - INFO - [33mPress CTRL+C to quit[0m
2024-05-19 22:09:20,182 - INFO - 127.0.0.1 - - [19/May/2024 22:09:20] "GET /socket.io/?EIO=4&transport=polling&t=O-IGYUo HTTP/1.1" 200 -
2024-05-19 22:09:20,189 - INFO - 127.0.0.1 - - [19/May/2024 22:09:20] "POST /socket.io/?EIO=4&transport=polling&t=O-IGYUu&sid=eXGR3btwtXmrtUHdAAAA HTTP/1.1" 200 -
2024-05-19 22:09:20,191 - INFO - 127.0.0.1 - - [19/May/2024 22:09:20] "GET /socket.io/?EIO=4&transport=polling&t=O-IGYUv&sid=eXGR3btwtXmrtUHdAAAA HTTP/1.1" 200 -
2024-05-19 22:09:20,196 - INFO - 127.0.0.1 - - [19/May/2024 22:09:20] "GET /socket.io/?EIO=4&transport=polling&t=O-IGYV2&sid=eXGR3btwtXmrtUHdAAAA HTTP/1.1" 200 -
2024-05-19 22:09:29,714 - WARNING - Deadline exceeded: 504 Deadline Exceeded
2024-05-19 22:09:45,727 - WARNING - Deadline exceeded: 504 Deadline Exceeded
2024-05-19 22:10:01,739 - WARNING - Deadline exceeded: 504 Deadline Exceeded
2024-05-19 22:10:17,756 - WARNING - Deadline exceeded: 504 Deadline Exceeded
2024-05-19 22:10:33,772 - WARNING - Deadline exceeded: 504 Deadline Exceeded
2024-05-19 22:10:36,447 - INFO - [31m[1mWARNING: This is a development server. Do not use it in a production deployment. Use a production WSGI server instead.[0m
 * Running on http://localhost:5001
2024-05-19 22:10:36,447 - INFO - [33mPress CTRL+C to quit[0m
2024-05-19 22:10:38,382 - INFO - 127.0.0.1 - - [19/May/2024 22:10:38] "GET /socket.io/?EIO=4&transport=polling&t=O-IGraf HTTP/1.1" 200 -
2024-05-19 22:10:38,389 - INFO - 127.0.0.1 - - [19/May/2024 22:10:38] "POST /socket.io/?EIO=4&transport=polling&t=O-IGran&sid=JD0KyMnZ-yWc-naKAAAA HTTP/1.1" 200 -
2024-05-19 22:10:38,391 - INFO - 127.0.0.1 - - [19/May/2024 22:10:38] "GET /socket.io/?EIO=4&transport=polling&t=O-IGrao&sid=JD0KyMnZ-yWc-naKAAAA HTTP/1.1" 200 -
2024-05-19 22:10:38,395 - INFO - 127.0.0.1 - - [19/May/2024 22:10:38] "GET /socket.io/?EIO=4&transport=polling&t=O-IGrav&sid=JD0KyMnZ-yWc-naKAAAA HTTP/1.1" 200 -
2024-05-19 22:10:46,452 - WARNING - Deadline exceeded: 504 Deadline Exceeded
2024-05-19 22:11:02,464 - WARNING - Deadline exceeded: 504 Deadline Exceeded
2024-05-19 22:11:18,476 - WARNING - Deadline exceeded: 504 Deadline Exceeded
2024-05-19 22:11:25,818 - INFO - [31m[1mWARNING: This is a development server. Do not use it in a production deployment. Use a production WSGI server instead.[0m
 * Running on http://localhost:5001
2024-05-19 22:11:25,818 - INFO - [33mPress CTRL+C to quit[0m
2024-05-19 22:11:27,384 - INFO - 127.0.0.1 - - [19/May/2024 22:11:27] "GET /socket.io/?EIO=4&transport=polling&t=O-IH1YJ HTTP/1.1" 200 -
2024-05-19 22:11:27,391 - INFO - 127.0.0.1 - - [19/May/2024 22:11:27] "POST /socket.io/?EIO=4&transport=polling&t=O-IH1YR&sid=f24jvPbwTgfWYTLnAAAA HTTP/1.1" 200 -
2024-05-19 22:11:27,394 - INFO - 127.0.0.1 - - [19/May/2024 22:11:27] "GET /socket.io/?EIO=4&transport=polling&t=O-IH1YS&sid=f24jvPbwTgfWYTLnAAAA HTTP/1.1" 200 -
2024-05-19 22:11:35,827 - WARNING - Deadline exceeded: 504 Deadline Exceeded
2024-05-19 22:11:51,838 - WARNING - Deadline exceeded: 504 Deadline Exceeded
2024-05-19 22:11:58,981 - INFO - [31m[1mWARNING: This is a development server. Do not use it in a production deployment. Use a production WSGI server instead.[0m
 * Running on http://localhost:5001
2024-05-19 22:11:58,981 - INFO - [33mPress CTRL+C to quit[0m
2024-05-19 22:11:59,947 - INFO - 127.0.0.1 - - [19/May/2024 22:11:59] "GET /socket.io/?EIO=4&transport=polling&t=O-IH9V5 HTTP/1.1" 200 -
2024-05-19 22:11:59,953 - INFO - 127.0.0.1 - - [19/May/2024 22:11:59] "POST /socket.io/?EIO=4&transport=polling&t=O-IH9VD&sid=ErAmYoOmrruq4n_PAAAA HTTP/1.1" 200 -
2024-05-19 22:11:59,956 - INFO - 127.0.0.1 - - [19/May/2024 22:11:59] "GET /socket.io/?EIO=4&transport=polling&t=O-IH9VE&sid=ErAmYoOmrruq4n_PAAAA HTTP/1.1" 200 -
2024-05-19 22:11:59,961 - INFO - 127.0.0.1 - - [19/May/2024 22:11:59] "GET /socket.io/?EIO=4&transport=polling&t=O-IH9VN&sid=ErAmYoOmrruq4n_PAAAA HTTP/1.1" 200 -
2024-05-19 22:12:25,013 - INFO - 127.0.0.1 - - [19/May/2024 22:12:25] "OPTIONS /auth/login HTTP/1.1" 200 -
2024-05-19 22:12:25,700 - INFO - 127.0.0.1 - - [19/May/2024 22:12:25] "[31m[1mPOST /auth/login HTTP/1.1[0m" 401 -
2024-05-19 22:12:27,785 - INFO - 127.0.0.1 - - [19/May/2024 22:12:27] "[31m[1mPOST /auth/login HTTP/1.1[0m" 401 -
2024-05-19 22:12:38,514 - INFO - 127.0.0.1 - - [19/May/2024 22:12:38] "GET /socket.io/?EIO=4&transport=websocket&sid=ErAmYoOmrruq4n_PAAAA HTTP/1.1" 200 -
2024-05-19 22:12:43,740 - INFO - 127.0.0.1 - - [19/May/2024 22:12:43] "OPTIONS /auth/login HTTP/1.1" 200 -
2024-05-19 22:12:45,286 - INFO - 127.0.0.1 - - [19/May/2024 22:12:45] "POST /auth/login HTTP/1.1" 200 -
2024-05-19 22:12:45,325 - INFO - 127.0.0.1 - - [19/May/2024 22:12:45] "GET /socket.io/?EIO=4&transport=polling&t=O-IHKa3 HTTP/1.1" 200 -
2024-05-19 22:12:45,326 - INFO - 127.0.0.1 - - [19/May/2024 22:12:45] "OPTIONS /auth/users HTTP/1.1" 200 -
2024-05-19 22:12:45,334 - INFO - 127.0.0.1 - - [19/May/2024 22:12:45] "POST /socket.io/?EIO=4&transport=polling&t=O-IHKaK&sid=cdRcLLt1o8twXtiZAAAC HTTP/1.1" 200 -
2024-05-19 22:12:45,335 - INFO - 127.0.0.1 - - [19/May/2024 22:12:45] "GET /socket.io/?EIO=4&transport=polling&t=O-IHKaL&sid=cdRcLLt1o8twXtiZAAAC HTTP/1.1" 200 -
2024-05-19 22:12:45,338 - INFO - 127.0.0.1 - - [19/May/2024 22:12:45] "GET /socket.io/?EIO=4&transport=polling&t=O-IHKaP&sid=cdRcLLt1o8twXtiZAAAC HTTP/1.1" 200 -
2024-05-19 22:12:47,610 - INFO - 127.0.0.1 - - [19/May/2024 22:12:47] "GET /auth/users HTTP/1.1" 200 -
2024-05-19 22:13:24,236 - INFO - 127.0.0.1 - - [19/May/2024 22:13:24] "OPTIONS /auth/login HTTP/1.1" 200 -
2024-05-19 22:13:25,267 - INFO - 127.0.0.1 - - [19/May/2024 22:13:25] "POST /auth/login HTTP/1.1" 200 -
2024-05-19 22:13:25,292 - INFO - 127.0.0.1 - - [19/May/2024 22:13:25] "OPTIONS /auth/users HTTP/1.1" 200 -
2024-05-19 22:13:26,000 - INFO - 127.0.0.1 - - [19/May/2024 22:13:26] "GET /auth/users HTTP/1.1" 200 -
2024-05-19 22:17:28,277 - INFO - [31m[1mWARNING: This is a development server. Do not use it in a production deployment. Use a production WSGI server instead.[0m
 * Running on http://localhost:5001
2024-05-19 22:17:28,277 - INFO - [33mPress CTRL+C to quit[0m
2024-05-19 22:17:29,844 - INFO - 127.0.0.1 - - [19/May/2024 22:17:29] "GET /socket.io/?EIO=4&transport=polling&t=O-IIQ1m HTTP/1.1" 200 -
2024-05-19 22:17:29,849 - INFO - 127.0.0.1 - - [19/May/2024 22:17:29] "POST /socket.io/?EIO=4&transport=polling&t=O-IIQ1s&sid=ExuwfbcyXtbu2BuYAAAA HTTP/1.1" 200 -
2024-05-19 22:17:29,850 - INFO - 127.0.0.1 - - [19/May/2024 22:17:29] "GET /socket.io/?EIO=4&transport=polling&t=O-IIQ1t&sid=ExuwfbcyXtbu2BuYAAAA HTTP/1.1" 200 -
2024-05-19 22:17:29,854 - INFO - 127.0.0.1 - - [19/May/2024 22:17:29] "GET /socket.io/?EIO=4&transport=polling&t=O-IIQ1y&sid=ExuwfbcyXtbu2BuYAAAA HTTP/1.1" 200 -
2024-05-19 22:17:48,577 - INFO - 127.0.0.1 - - [19/May/2024 22:17:48] "OPTIONS /auth/login HTTP/1.1" 200 -
2024-05-19 22:17:51,151 - INFO - 127.0.0.1 - - [19/May/2024 22:17:51] "POST /auth/login HTTP/1.1" 200 -
2024-05-19 22:17:51,176 - INFO - 127.0.0.1 - - [19/May/2024 22:17:51] "OPTIONS /auth/users HTTP/1.1" 200 -
2024-05-19 22:17:51,908 - INFO - 127.0.0.1 - - [19/May/2024 22:17:51] "GET /auth/users HTTP/1.1" 200 -
2024-05-19 22:19:00,514 - INFO - 127.0.0.1 - - [19/May/2024 22:19:00] "GET /socket.io/?EIO=4&transport=websocket&sid=ExuwfbcyXtbu2BuYAAAA HTTP/1.1" 200 -
2024-05-19 22:19:12,841 - INFO - 127.0.0.1 - - [19/May/2024 22:19:12] "OPTIONS /auth/login HTTP/1.1" 200 -
2024-05-19 22:19:13,792 - INFO - 127.0.0.1 - - [19/May/2024 22:19:13] "POST /auth/login HTTP/1.1" 200 -
2024-05-19 22:19:13,840 - INFO - 127.0.0.1 - - [19/May/2024 22:19:13] "GET /socket.io/?EIO=4&transport=polling&t=O-IIpQe HTTP/1.1" 200 -
2024-05-19 22:19:13,841 - INFO - 127.0.0.1 - - [19/May/2024 22:19:13] "OPTIONS /auth/users HTTP/1.1" 200 -
2024-05-19 22:19:13,852 - INFO - 127.0.0.1 - - [19/May/2024 22:19:13] "POST /socket.io/?EIO=4&transport=polling&t=O-IIpQu&sid=XKNQods_Wm6eFSxhAAAC HTTP/1.1" 200 -
2024-05-19 22:19:13,852 - INFO - 127.0.0.1 - - [19/May/2024 22:19:13] "GET /socket.io/?EIO=4&transport=polling&t=O-IIpQv&sid=XKNQods_Wm6eFSxhAAAC HTTP/1.1" 200 -
2024-05-19 22:19:13,855 - INFO - 127.0.0.1 - - [19/May/2024 22:19:13] "GET /socket.io/?EIO=4&transport=polling&t=O-IIpQ-&sid=XKNQods_Wm6eFSxhAAAC HTTP/1.1" 200 -
2024-05-19 22:19:14,532 - INFO - 127.0.0.1 - - [19/May/2024 22:19:14] "GET /auth/users HTTP/1.1" 200 -
2024-05-19 22:21:03,479 - INFO - 127.0.0.1 - - [19/May/2024 22:21:03] "GET /socket.io/?EIO=4&transport=websocket&sid=XKNQods_Wm6eFSxhAAAC HTTP/1.1" 200 -
2024-05-19 22:21:03,647 - INFO - 127.0.0.1 - - [19/May/2024 22:21:03] "GET /socket.io/?EIO=4&transport=polling&t=O-IJEET HTTP/1.1" 200 -
2024-05-19 22:21:03,649 - INFO - 127.0.0.1 - - [19/May/2024 22:21:03] "OPTIONS /auth/users HTTP/1.1" 200 -
2024-05-19 22:21:03,665 - INFO - 127.0.0.1 - - [19/May/2024 22:21:03] "POST /socket.io/?EIO=4&transport=polling&t=O-IJEEl&sid=Obttm9cZWr60wN7QAAAE HTTP/1.1" 200 -
2024-05-19 22:21:03,665 - INFO - 127.0.0.1 - - [19/May/2024 22:21:03] "GET /socket.io/?EIO=4&transport=polling&t=O-IJEEm&sid=Obttm9cZWr60wN7QAAAE HTTP/1.1" 200 -
2024-05-19 22:21:03,670 - INFO - 127.0.0.1 - - [19/May/2024 22:21:03] "GET /socket.io/?EIO=4&transport=polling&t=O-IJEEq&sid=Obttm9cZWr60wN7QAAAE HTTP/1.1" 200 -
2024-05-19 22:21:04,386 - INFO - 127.0.0.1 - - [19/May/2024 22:21:04] "GET /auth/users HTTP/1.1" 200 -
2024-05-19 22:22:01,707 - INFO - 127.0.0.1 - - [19/May/2024 22:22:01] "GET /socket.io/?EIO=4&transport=websocket&sid=Obttm9cZWr60wN7QAAAE HTTP/1.1" 200 -
2024-05-19 22:23:55,973 - INFO - 127.0.0.1 - - [19/May/2024 22:23:55] "OPTIONS /auth/login HTTP/1.1" 200 -
2024-05-19 22:23:57,641 - INFO - 127.0.0.1 - - [19/May/2024 22:23:57] "POST /auth/login HTTP/1.1" 200 -
2024-05-19 22:23:57,681 - INFO - 127.0.0.1 - - [19/May/2024 22:23:57] "GET /socket.io/?EIO=4&transport=polling&t=O-IJujf HTTP/1.1" 200 -
2024-05-19 22:23:57,685 - INFO - 127.0.0.1 - - [19/May/2024 22:23:57] "OPTIONS /auth/users HTTP/1.1" 200 -
2024-05-19 22:23:57,692 - INFO - 127.0.0.1 - - [19/May/2024 22:23:57] "POST /socket.io/?EIO=4&transport=polling&t=O-IJuju&sid=cdL5-O95hYJKmBgoAAAG HTTP/1.1" 200 -
2024-05-19 22:23:57,697 - INFO - 127.0.0.1 - - [19/May/2024 22:23:57] "GET /socket.io/?EIO=4&transport=polling&t=O-IJujx&sid=cdL5-O95hYJKmBgoAAAG HTTP/1.1" 200 -
2024-05-19 22:23:57,701 - INFO - 127.0.0.1 - - [19/May/2024 22:23:57] "GET /socket.io/?EIO=4&transport=polling&t=O-IJuk3&sid=cdL5-O95hYJKmBgoAAAG HTTP/1.1" 200 -
2024-05-19 22:23:58,387 - INFO - 127.0.0.1 - - [19/May/2024 22:23:58] "GET /auth/users HTTP/1.1" 200 -
2024-05-19 22:24:43,964 - INFO - 127.0.0.1 - - [19/May/2024 22:24:43] "GET /socket.io/?EIO=4&transport=websocket&sid=cdL5-O95hYJKmBgoAAAG HTTP/1.1" 200 -
2024-05-19 22:27:01,290 - INFO - [31m[1mWARNING: This is a development server. Do not use it in a production deployment. Use a production WSGI server instead.[0m
 * Running on http://localhost:5001
2024-05-19 22:27:01,291 - INFO - [33mPress CTRL+C to quit[0m
2024-05-19 22:27:15,394 - INFO - 127.0.0.1 - - [19/May/2024 22:27:15] "OPTIONS /auth/login HTTP/1.1" 200 -
2024-05-19 22:27:18,304 - INFO - 127.0.0.1 - - [19/May/2024 22:27:18] "POST /auth/login HTTP/1.1" 200 -
2024-05-19 22:27:18,350 - INFO - 127.0.0.1 - - [19/May/2024 22:27:18] "GET /socket.io/?EIO=4&transport=polling&t=O-IKfj8 HTTP/1.1" 200 -
2024-05-19 22:27:18,354 - INFO - 127.0.0.1 - - [19/May/2024 22:27:18] "OPTIONS /auth/users HTTP/1.1" 200 -
2024-05-19 22:27:18,368 - INFO - 127.0.0.1 - - [19/May/2024 22:27:18] "POST /socket.io/?EIO=4&transport=polling&t=O-IKfjM&sid=TNWOH_D2YMhZG8-oAAAA HTTP/1.1" 200 -
2024-05-19 22:27:18,369 - INFO - 127.0.0.1 - - [19/May/2024 22:27:18] "GET /socket.io/?EIO=4&transport=polling&t=O-IKfjO&sid=TNWOH_D2YMhZG8-oAAAA HTTP/1.1" 200 -
2024-05-19 22:27:18,375 - INFO - 127.0.0.1 - - [19/May/2024 22:27:18] "GET /socket.io/?EIO=4&transport=polling&t=O-IKfjb&sid=TNWOH_D2YMhZG8-oAAAA HTTP/1.1" 200 -
2024-05-19 22:27:19,032 - INFO - 127.0.0.1 - - [19/May/2024 22:27:19] "GET /auth/users HTTP/1.1" 200 -
2024-05-19 22:27:20,967 - INFO - 127.0.0.1 - - [19/May/2024 22:27:20] "OPTIONS /auth/logout HTTP/1.1" 200 -
2024-05-19 22:27:21,414 - INFO - 127.0.0.1 - - [19/May/2024 22:27:21] "POST /auth/logout HTTP/1.1" 200 -
2024-05-19 22:27:39,431 - INFO - 127.0.0.1 - - [19/May/2024 22:27:39] "OPTIONS /auth/login HTTP/1.1" 200 -
2024-05-19 22:27:40,416 - INFO - 127.0.0.1 - - [19/May/2024 22:27:40] "POST /auth/login HTTP/1.1" 200 -
2024-05-19 22:27:40,443 - INFO - 127.0.0.1 - - [19/May/2024 22:27:40] "OPTIONS /auth/users HTTP/1.1" 200 -
2024-05-19 22:27:41,157 - INFO - 127.0.0.1 - - [19/May/2024 22:27:41] "GET /auth/users HTTP/1.1" 200 -
2024-05-19 22:27:48,072 - INFO - 127.0.0.1 - - [19/May/2024 22:27:48] "OPTIONS /auth/logout HTTP/1.1" 200 -
2024-05-19 22:27:48,550 - INFO - 127.0.0.1 - - [19/May/2024 22:27:48] "POST /auth/logout HTTP/1.1" 200 -
2024-05-19 22:28:48,835 - INFO - [31m[1mWARNING: This is a development server. Do not use it in a production deployment. Use a production WSGI server instead.[0m
 * Running on http://localhost:5001
2024-05-19 22:28:48,835 - INFO - [33mPress CTRL+C to quit[0m
2024-05-19 22:28:52,201 - INFO - 127.0.0.1 - - [19/May/2024 22:28:52] "GET /socket.io/?EIO=4&transport=polling&t=O-IL0dV HTTP/1.1" 200 -
2024-05-19 22:28:52,211 - INFO - 127.0.0.1 - - [19/May/2024 22:28:52] "POST /socket.io/?EIO=4&transport=polling&t=O-IL0di&sid=uqAqq8aPDg77sz8bAAAA HTTP/1.1" 200 -
2024-05-19 22:28:52,215 - INFO - 127.0.0.1 - - [19/May/2024 22:28:52] "GET /socket.io/?EIO=4&transport=polling&t=O-IL0do&sid=uqAqq8aPDg77sz8bAAAA HTTP/1.1" 200 -
2024-05-19 22:28:52,223 - INFO - 127.0.0.1 - - [19/May/2024 22:28:52] "GET /socket.io/?EIO=4&transport=polling&t=O-IL0dy&sid=uqAqq8aPDg77sz8bAAAA HTTP/1.1" 200 -
2024-05-19 22:28:52,227 - INFO - 127.0.0.1 - - [19/May/2024 22:28:52] "GET /socket.io/?EIO=4&transport=polling&t=O-IL0e1&sid=uqAqq8aPDg77sz8bAAAA HTTP/1.1" 200 -
2024-05-20 15:53:40,879 - INFO - [31m[1mWARNING: This is a development server. Do not use it in a production deployment. Use a production WSGI server instead.[0m
 * Running on http://localhost:5001
2024-05-20 15:53:40,879 - INFO - [33mPress CTRL+C to quit[0m
2024-05-20 16:15:44,100 - INFO - 127.0.0.1 - - [20/May/2024 16:15:44] "OPTIONS /auth/login HTTP/1.1" 200 -
2024-05-20 16:15:51,884 - INFO - 127.0.0.1 - - [20/May/2024 16:15:51] "POST /auth/login HTTP/1.1" 200 -
2024-05-20 16:15:51,929 - INFO - 127.0.0.1 - - [20/May/2024 16:15:51] "GET /socket.io/?EIO=4&transport=polling&t=O-M9ERp HTTP/1.1" 200 -
2024-05-20 16:15:51,933 - INFO - 127.0.0.1 - - [20/May/2024 16:15:51] "OPTIONS /auth/users HTTP/1.1" 200 -
2024-05-20 16:15:51,941 - INFO - 127.0.0.1 - - [20/May/2024 16:15:51] "POST /socket.io/?EIO=4&transport=polling&t=O-M9ES1&sid=A5jxgZ4aeciGyfVsAAAA HTTP/1.1" 200 -
2024-05-20 16:15:51,942 - INFO - 127.0.0.1 - - [20/May/2024 16:15:51] "GET /socket.io/?EIO=4&transport=polling&t=O-M9ES3&sid=A5jxgZ4aeciGyfVsAAAA HTTP/1.1" 200 -
2024-05-20 16:15:51,946 - INFO - 127.0.0.1 - - [20/May/2024 16:15:51] "GET /socket.io/?EIO=4&transport=polling&t=O-M9ES9&sid=A5jxgZ4aeciGyfVsAAAA HTTP/1.1" 200 -
2024-05-20 16:15:52,703 - INFO - 127.0.0.1 - - [20/May/2024 16:15:52] "GET /auth/users HTTP/1.1" 200 -
2024-05-20 16:16:06,110 - INFO - 127.0.0.1 - - [20/May/2024 16:16:06] "GET /socket.io/?EIO=4&transport=websocket&sid=A5jxgZ4aeciGyfVsAAAA HTTP/1.1" 200 -
2024-05-20 16:16:06,654 - INFO - 127.0.0.1 - - [20/May/2024 16:16:06] "OPTIONS /auth/users HTTP/1.1" 200 -
2024-05-20 16:16:06,654 - INFO - 127.0.0.1 - - [20/May/2024 16:16:06] "GET /socket.io/?EIO=4&transport=polling&t=O-M9I1w HTTP/1.1" 200 -
2024-05-20 16:16:06,669 - INFO - 127.0.0.1 - - [20/May/2024 16:16:06] "POST /socket.io/?EIO=4&transport=polling&t=O-M9I2B&sid=ZcmwdJxDqQ_XZ9k6AAAC HTTP/1.1" 200 -
2024-05-20 16:16:06,670 - INFO - 127.0.0.1 - - [20/May/2024 16:16:06] "GET /socket.io/?EIO=4&transport=polling&t=O-M9I2C&sid=ZcmwdJxDqQ_XZ9k6AAAC HTTP/1.1" 200 -
2024-05-20 16:16:06,672 - INFO - 127.0.0.1 - - [20/May/2024 16:16:06] "GET /socket.io/?EIO=4&transport=polling&t=O-M9I2F&sid=ZcmwdJxDqQ_XZ9k6AAAC HTTP/1.1" 200 -
2024-05-20 16:16:07,359 - INFO - 127.0.0.1 - - [20/May/2024 16:16:07] "GET /auth/users HTTP/1.1" 200 -
2024-05-20 16:16:51,214 - INFO - 127.0.0.1 - - [20/May/2024 16:16:51] "OPTIONS /auth/login HTTP/1.1" 200 -
2024-05-20 16:16:52,236 - INFO - 127.0.0.1 - - [20/May/2024 16:16:52] "POST /auth/login HTTP/1.1" 200 -
2024-05-20 16:16:52,276 - INFO - 127.0.0.1 - - [20/May/2024 16:16:52] "GET /socket.io/?EIO=4&transport=polling&t=O-M9TAh HTTP/1.1" 200 -
2024-05-20 16:16:52,277 - INFO - 127.0.0.1 - - [20/May/2024 16:16:52] "OPTIONS /auth/users HTTP/1.1" 200 -
2024-05-20 16:16:52,288 - INFO - 127.0.0.1 - - [20/May/2024 16:16:52] "POST /socket.io/?EIO=4&transport=polling&t=O-M9TAy&sid=DCVrtLrA07PHofbXAAAE HTTP/1.1" 200 -
2024-05-20 16:16:52,288 - INFO - 127.0.0.1 - - [20/May/2024 16:16:52] "GET /socket.io/?EIO=4&transport=polling&t=O-M9TAz&sid=DCVrtLrA07PHofbXAAAE HTTP/1.1" 200 -
2024-05-20 16:16:52,293 - INFO - 127.0.0.1 - - [20/May/2024 16:16:52] "GET /socket.io/?EIO=4&transport=polling&t=O-M9TB3&sid=DCVrtLrA07PHofbXAAAE HTTP/1.1" 200 -
2024-05-20 16:16:52,970 - INFO - 127.0.0.1 - - [20/May/2024 16:16:52] "GET /auth/users HTTP/1.1" 200 -
2024-05-20 16:16:53,962 - INFO - 127.0.0.1 - - [20/May/2024 16:16:53] "OPTIONS /auth/logout HTTP/1.1" 200 -
2024-05-20 16:16:54,373 - INFO - 127.0.0.1 - - [20/May/2024 16:16:54] "POST /auth/logout HTTP/1.1" 200 -
2024-05-20 16:18:05,574 - INFO - 127.0.0.1 - - [20/May/2024 16:18:05] "OPTIONS /auth/login HTTP/1.1" 200 -
2024-05-20 16:18:06,527 - INFO - 127.0.0.1 - - [20/May/2024 16:18:06] "POST /auth/login HTTP/1.1" 200 -
2024-05-20 16:18:06,550 - INFO - 127.0.0.1 - - [20/May/2024 16:18:06] "OPTIONS /auth/users HTTP/1.1" 200 -
2024-05-20 16:18:07,270 - INFO - 127.0.0.1 - - [20/May/2024 16:18:07] "GET /auth/users HTTP/1.1" 200 -
2024-05-20 16:18:24,683 - INFO - 127.0.0.1 - - [20/May/2024 16:18:24] "GET /socket.io/?EIO=4&transport=websocket&sid=ZcmwdJxDqQ_XZ9k6AAAC HTTP/1.1" 200 -
2024-05-20 16:18:24,819 - INFO - 127.0.0.1 - - [20/May/2024 16:18:24] "GET /socket.io/?EIO=4&transport=polling&t=O-M9pmn HTTP/1.1" 200 -
2024-05-20 16:18:24,822 - INFO - 127.0.0.1 - - [20/May/2024 16:18:24] "OPTIONS /auth/users HTTP/1.1" 200 -
2024-05-20 16:18:24,836 - INFO - 127.0.0.1 - - [20/May/2024 16:18:24] "POST /socket.io/?EIO=4&transport=polling&t=O-M9pn2&sid=0cTRe4HQnjSaRlYWAAAG HTTP/1.1" 200 -
2024-05-20 16:18:24,837 - INFO - 127.0.0.1 - - [20/May/2024 16:18:24] "GET /socket.io/?EIO=4&transport=polling&t=O-M9pn3&sid=0cTRe4HQnjSaRlYWAAAG HTTP/1.1" 200 -
2024-05-20 16:18:24,841 - INFO - 127.0.0.1 - - [20/May/2024 16:18:24] "GET /socket.io/?EIO=4&transport=polling&t=O-M9pn7&sid=0cTRe4HQnjSaRlYWAAAG HTTP/1.1" 200 -
2024-05-20 16:18:25,665 - INFO - 127.0.0.1 - - [20/May/2024 16:18:25] "GET /auth/users HTTP/1.1" 200 -
2024-05-20 16:19:41,091 - INFO - 127.0.0.1 - - [20/May/2024 16:19:41] "OPTIONS /messages/get_messages?receiver_id=kcA4QLnAfvcBnaxExxlmKqw1KIu2 HTTP/1.1" 200 -
2024-05-20 16:19:43,362 - INFO - 127.0.0.1 - - [20/May/2024 16:19:43] "GET /messages/get_messages?receiver_id=kcA4QLnAfvcBnaxExxlmKqw1KIu2 HTTP/1.1" 200 -
2024-05-20 16:24:39,724 - INFO - 127.0.0.1 - - [20/May/2024 16:24:39] "OPTIONS /messages/get_messages?receiver_id=kcA4QLnAfvcBnaxExxlmKqw1KIu2 HTTP/1.1" 200 -
2024-05-20 16:24:41,183 - INFO - 127.0.0.1 - - [20/May/2024 16:24:41] "GET /messages/get_messages?receiver_id=kcA4QLnAfvcBnaxExxlmKqw1KIu2 HTTP/1.1" 200 -
2024-05-20 16:27:43,563 - INFO - 127.0.0.1 - - [20/May/2024 16:27:43] "OPTIONS /messages/get_messages?receiver_id=kcA4QLnAfvcBnaxExxlmKqw1KIu2 HTTP/1.1" 200 -
2024-05-20 16:27:44,588 - INFO - 127.0.0.1 - - [20/May/2024 16:27:44] "GET /messages/get_messages?receiver_id=kcA4QLnAfvcBnaxExxlmKqw1KIu2 HTTP/1.1" 200 -
2024-05-20 16:27:47,034 - INFO - 127.0.0.1 - - [20/May/2024 16:27:47] "GET /messages/get_messages?receiver_id=kcA4QLnAfvcBnaxExxlmKqw1KIu2 HTTP/1.1" 200 -
2024-05-20 16:28:31,529 - INFO - 127.0.0.1 - - [20/May/2024 16:28:31] "OPTIONS /messages/get_messages?receiver_id=kcA4QLnAfvcBnaxExxlmKqw1KIu2 HTTP/1.1" 200 -
2024-05-20 16:28:32,379 - INFO - 127.0.0.1 - - [20/May/2024 16:28:32] "GET /messages/get_messages?receiver_id=kcA4QLnAfvcBnaxExxlmKqw1KIu2 HTTP/1.1" 200 -
2024-05-20 16:32:11,322 - INFO - 127.0.0.1 - - [20/May/2024 16:32:11] "OPTIONS /messages/get_messages?receiver_id=gEPooI5KujMcg8QMChAU32qh2ql1 HTTP/1.1" 200 -
2024-05-20 16:32:12,494 - INFO - 127.0.0.1 - - [20/May/2024 16:32:12] "GET /messages/get_messages?receiver_id=gEPooI5KujMcg8QMChAU32qh2ql1 HTTP/1.1" 200 -
2024-05-20 16:32:20,984 - INFO - 127.0.0.1 - - [20/May/2024 16:32:20] "GET /socket.io/?EIO=4&transport=websocket&sid=DCVrtLrA07PHofbXAAAE HTTP/1.1" 200 -
2024-05-20 16:32:25,575 - INFO - 127.0.0.1 - - [20/May/2024 16:32:25] "OPTIONS /messages/get_messages?receiver_id=kcA4QLnAfvcBnaxExxlmKqw1KIu2 HTTP/1.1" 200 -
2024-05-20 16:32:26,554 - INFO - 127.0.0.1 - - [20/May/2024 16:32:26] "GET /messages/get_messages?receiver_id=kcA4QLnAfvcBnaxExxlmKqw1KIu2 HTTP/1.1" 200 -
2024-05-20 16:33:03,292 - INFO - 127.0.0.1 - - [20/May/2024 16:33:03] "OPTIONS /messages/get_messages?receiver_id=kcA4QLnAfvcBnaxExxlmKqw1KIu2 HTTP/1.1" 200 -
2024-05-20 16:33:04,290 - INFO - 127.0.0.1 - - [20/May/2024 16:33:04] "GET /messages/get_messages?receiver_id=kcA4QLnAfvcBnaxExxlmKqw1KIu2 HTTP/1.1" 200 -
2024-05-20 16:33:08,485 - INFO - 127.0.0.1 - - [20/May/2024 16:33:08] "OPTIONS /messages/get_messages?receiver_id=kcA4QLnAfvcBnaxExxlmKqw1KIu2 HTTP/1.1" 200 -
2024-05-20 16:33:08,546 - INFO - 127.0.0.1 - - [20/May/2024 16:33:08] "GET /messages/get_messages?receiver_id=kcA4QLnAfvcBnaxExxlmKqw1KIu2 HTTP/1.1" 200 -
2024-05-20 16:33:09,626 - INFO - 127.0.0.1 - - [20/May/2024 16:33:09] "GET /messages/get_messages?receiver_id=kcA4QLnAfvcBnaxExxlmKqw1KIu2 HTTP/1.1" 200 -
2024-05-20 16:33:14,008 - INFO - 127.0.0.1 - - [20/May/2024 16:33:14] "GET /messages/get_messages?receiver_id=kcA4QLnAfvcBnaxExxlmKqw1KIu2 HTTP/1.1" 200 -
2024-05-20 16:33:32,188 - INFO - 127.0.0.1 - - [20/May/2024 16:33:32] "OPTIONS /messages/get_messages?receiver_id=kcA4QLnAfvcBnaxExxlmKqw1KIu2 HTTP/1.1" 200 -
2024-05-20 16:33:33,185 - INFO - 127.0.0.1 - - [20/May/2024 16:33:33] "GET /messages/get_messages?receiver_id=kcA4QLnAfvcBnaxExxlmKqw1KIu2 HTTP/1.1" 200 -
2024-05-20 16:33:58,966 - INFO - 127.0.0.1 - - [20/May/2024 16:33:58] "OPTIONS /messages/get_messages?receiver_id=kcA4QLnAfvcBnaxExxlmKqw1KIu2 HTTP/1.1" 200 -
2024-05-20 16:33:59,884 - INFO - 127.0.0.1 - - [20/May/2024 16:33:59] "GET /messages/get_messages?receiver_id=kcA4QLnAfvcBnaxExxlmKqw1KIu2 HTTP/1.1" 200 -
2024-05-20 16:35:01,036 - INFO - 127.0.0.1 - - [20/May/2024 16:35:01] "GET /socket.io/?EIO=4&transport=polling&t=O-MDc-g HTTP/1.1" 200 -
2024-05-20 16:35:01,039 - INFO - 127.0.0.1 - - [20/May/2024 16:35:01] "OPTIONS /auth/users HTTP/1.1" 200 -
2024-05-20 16:35:01,042 - INFO - 127.0.0.1 - - [20/May/2024 16:35:01] "POST /socket.io/?EIO=4&transport=polling&t=O-MDc-m&sid=jcjfdGqGuUm9fazBAAAI HTTP/1.1" 200 -
2024-05-20 16:35:01,045 - INFO - 127.0.0.1 - - [20/May/2024 16:35:01] "GET /socket.io/?EIO=4&transport=polling&t=O-MDc-n&sid=jcjfdGqGuUm9fazBAAAI HTTP/1.1" 200 -
2024-05-20 16:35:01,056 - INFO - 127.0.0.1 - - [20/May/2024 16:35:01] "GET /socket.io/?EIO=4&transport=polling&t=O-MDc-_&sid=jcjfdGqGuUm9fazBAAAI HTTP/1.1" 200 -
2024-05-20 16:35:02,361 - INFO - 127.0.0.1 - - [20/May/2024 16:35:02] "GET /auth/users HTTP/1.1" 200 -
2024-05-20 16:35:03,683 - INFO - 127.0.0.1 - - [20/May/2024 16:35:03] "OPTIONS /messages/get_messages?receiver_id=gEPooI5KujMcg8QMChAU32qh2ql1 HTTP/1.1" 200 -
2024-05-20 16:35:04,691 - INFO - 127.0.0.1 - - [20/May/2024 16:35:04] "GET /messages/get_messages?receiver_id=gEPooI5KujMcg8QMChAU32qh2ql1 HTTP/1.1" 200 -
2024-05-20 16:35:35,074 - INFO - 127.0.0.1 - - [20/May/2024 16:35:35] "OPTIONS /messages/publish HTTP/1.1" 200 -
2024-05-20 16:35:36,377 - INFO - Message published to Pub/Sub: 11187134908035090
2024-05-20 16:35:36,588 - INFO - Message saved to Firestore with ID: lhkBycoJdtT4EfmQxkTt
2024-05-20 16:35:36,589 - INFO - 127.0.0.1 - - [20/May/2024 16:35:36] "POST /messages/publish HTTP/1.1" 200 -
2024-05-20 16:36:37,940 - INFO - 127.0.0.1 - - [20/May/2024 16:36:37] "GET /socket.io/?EIO=4&transport=websocket&sid=jcjfdGqGuUm9fazBAAAI HTTP/1.1" 200 -
2024-05-20 16:36:38,116 - INFO - 127.0.0.1 - - [20/May/2024 16:36:38] "GET /socket.io/?EIO=4&transport=polling&t=O-MD-hX HTTP/1.1" 200 -
2024-05-20 16:36:38,118 - INFO - 127.0.0.1 - - [20/May/2024 16:36:38] "OPTIONS /auth/users HTTP/1.1" 200 -
2024-05-20 16:36:38,121 - INFO - 127.0.0.1 - - [20/May/2024 16:36:38] "POST /socket.io/?EIO=4&transport=polling&t=O-MD-hd&sid=Cjev9voQDyI1VIofAAAK HTTP/1.1" 200 -
2024-05-20 16:36:38,123 - INFO - 127.0.0.1 - - [20/May/2024 16:36:38] "GET /socket.io/?EIO=4&transport=polling&t=O-MD-he&sid=Cjev9voQDyI1VIofAAAK HTTP/1.1" 200 -
2024-05-20 16:36:38,157 - INFO - 127.0.0.1 - - [20/May/2024 16:36:38] "GET /socket.io/?EIO=4&transport=polling&t=O-MD-iC&sid=Cjev9voQDyI1VIofAAAK HTTP/1.1" 200 -
2024-05-20 16:36:38,366 - INFO - 127.0.0.1 - - [20/May/2024 16:36:38] "GET /socket.io/?EIO=4&transport=websocket&sid=0cTRe4HQnjSaRlYWAAAG HTTP/1.1" 200 -
2024-05-20 16:36:38,746 - INFO - 127.0.0.1 - - [20/May/2024 16:36:38] "GET /socket.io/?EIO=4&transport=polling&t=O-MD-rO HTTP/1.1" 200 -
2024-05-20 16:36:38,747 - INFO - 127.0.0.1 - - [20/May/2024 16:36:38] "OPTIONS /auth/users HTTP/1.1" 200 -
2024-05-20 16:36:38,749 - INFO - 127.0.0.1 - - [20/May/2024 16:36:38] "POST /socket.io/?EIO=4&transport=polling&t=O-MD-rS&sid=_v3UrbxS9428mvd0AAAM HTTP/1.1" 200 -
2024-05-20 16:36:38,750 - INFO - 127.0.0.1 - - [20/May/2024 16:36:38] "GET /socket.io/?EIO=4&transport=polling&t=O-MD-rT&sid=_v3UrbxS9428mvd0AAAM HTTP/1.1" 200 -
2024-05-20 16:36:38,754 - INFO - 127.0.0.1 - - [20/May/2024 16:36:38] "GET /socket.io/?EIO=4&transport=polling&t=O-MD-rX&sid=_v3UrbxS9428mvd0AAAM HTTP/1.1" 200 -
2024-05-20 16:36:38,914 - INFO - 127.0.0.1 - - [20/May/2024 16:36:38] "GET /auth/users HTTP/1.1" 200 -
2024-05-20 16:36:40,123 - INFO - 127.0.0.1 - - [20/May/2024 16:36:40] "OPTIONS /messages/get_messages?receiver_id=gEPooI5KujMcg8QMChAU32qh2ql1 HTTP/1.1" 200 -
2024-05-20 16:36:40,885 - INFO - 127.0.0.1 - - [20/May/2024 16:36:40] "GET /auth/users HTTP/1.1" 200 -
2024-05-20 16:36:42,646 - INFO - 127.0.0.1 - - [20/May/2024 16:36:42] "GET /messages/get_messages?receiver_id=gEPooI5KujMcg8QMChAU32qh2ql1 HTTP/1.1" 200 -
2024-05-20 16:37:41,928 - INFO - 127.0.0.1 - - [20/May/2024 16:37:41] "OPTIONS /messages/publish HTTP/1.1" 200 -
2024-05-20 16:37:42,710 - INFO - Message published to Pub/Sub: 11187229387635554
2024-05-20 16:37:42,908 - INFO - Message saved to Firestore with ID: BklSAL0g3Nj3puXtznbq
2024-05-20 16:37:42,909 - INFO - 127.0.0.1 - - [20/May/2024 16:37:42] "POST /messages/publish HTTP/1.1" 200 -
2024-05-20 16:37:45,753 - INFO - 127.0.0.1 - - [20/May/2024 16:37:45] "OPTIONS /messages/get_messages?receiver_id=kcA4QLnAfvcBnaxExxlmKqw1KIu2 HTTP/1.1" 200 -
2024-05-20 16:37:49,822 - INFO - 127.0.0.1 - - [20/May/2024 16:37:49] "GET /messages/get_messages?receiver_id=kcA4QLnAfvcBnaxExxlmKqw1KIu2 HTTP/1.1" 200 -
2024-05-20 16:38:06,706 - INFO - 127.0.0.1 - - [20/May/2024 16:38:06] "OPTIONS /messages/get_messages?receiver_id=gEPooI5KujMcg8QMChAU32qh2ql1 HTTP/1.1" 200 -
2024-05-20 16:38:07,764 - INFO - 127.0.0.1 - - [20/May/2024 16:38:07] "GET /messages/get_messages?receiver_id=gEPooI5KujMcg8QMChAU32qh2ql1 HTTP/1.1" 200 -
2024-05-20 16:38:24,181 - INFO - 127.0.0.1 - - [20/May/2024 16:38:24] "OPTIONS /messages/publish HTTP/1.1" 200 -
2024-05-20 16:38:26,506 - INFO - Message published to Pub/Sub: 11187229852753402
2024-05-20 16:38:27,393 - INFO - Message saved to Firestore with ID: sFmUkDWXNuMDZI37OBgD
2024-05-20 16:38:27,393 - INFO - 127.0.0.1 - - [20/May/2024 16:38:27] "POST /messages/publish HTTP/1.1" 200 -
2024-05-20 16:38:41,029 - INFO - 127.0.0.1 - - [20/May/2024 16:38:41] "OPTIONS /messages/get_messages?receiver_id=kcA4QLnAfvcBnaxExxlmKqw1KIu2 HTTP/1.1" 200 -
2024-05-20 16:38:42,092 - INFO - 127.0.0.1 - - [20/May/2024 16:38:42] "GET /messages/get_messages?receiver_id=kcA4QLnAfvcBnaxExxlmKqw1KIu2 HTTP/1.1" 200 -
2024-05-20 16:38:44,072 - INFO - 127.0.0.1 - - [20/May/2024 16:38:44] "OPTIONS /messages/get_messages?receiver_id=gEPooI5KujMcg8QMChAU32qh2ql1 HTTP/1.1" 200 -
2024-05-20 16:38:45,106 - INFO - 127.0.0.1 - - [20/May/2024 16:38:45] "GET /messages/get_messages?receiver_id=gEPooI5KujMcg8QMChAU32qh2ql1 HTTP/1.1" 200 -
2024-05-20 16:38:58,519 - INFO - 127.0.0.1 - - [20/May/2024 16:38:58] "OPTIONS /messages/publish HTTP/1.1" 200 -
2024-05-20 16:38:59,838 - INFO - Message published to Pub/Sub: 11187248425212997
2024-05-20 16:39:00,035 - INFO - Message saved to Firestore with ID: yYRz1sxaw3NSsSDQtXRX
2024-05-20 16:39:00,036 - INFO - 127.0.0.1 - - [20/May/2024 16:39:00] "POST /messages/publish HTTP/1.1" 200 -
2024-05-20 16:39:09,648 - INFO - 127.0.0.1 - - [20/May/2024 16:39:09] "OPTIONS /messages/publish HTTP/1.1" 200 -
2024-05-20 16:39:10,413 - INFO - Message published to Pub/Sub: 11187305919477484
2024-05-20 16:39:10,584 - INFO - Message saved to Firestore with ID: PzvssPtpSgaATeSRn4tR
2024-05-20 16:39:10,585 - INFO - 127.0.0.1 - - [20/May/2024 16:39:10] "POST /messages/publish HTTP/1.1" 200 -
2024-05-20 16:39:18,670 - INFO - 127.0.0.1 - - [20/May/2024 16:39:18] "OPTIONS /messages/publish HTTP/1.1" 200 -
2024-05-20 16:39:19,402 - INFO - Message published to Pub/Sub: 11187245600313861
2024-05-20 16:39:19,569 - INFO - Message saved to Firestore with ID: CqQilwWPQgitDMQU1hCV
2024-05-20 16:39:19,570 - INFO - 127.0.0.1 - - [20/May/2024 16:39:19] "POST /messages/publish HTTP/1.1" 200 -
2024-05-20 16:39:27,810 - INFO - 127.0.0.1 - - [20/May/2024 16:39:27] "OPTIONS /messages/publish HTTP/1.1" 200 -
2024-05-20 16:39:28,586 - INFO - Message published to Pub/Sub: 11187229852845845
2024-05-20 16:39:28,749 - INFO - Message saved to Firestore with ID: JcpBURC2mfX8yEcLIJyp
2024-05-20 16:39:28,750 - INFO - 127.0.0.1 - - [20/May/2024 16:39:28] "POST /messages/publish HTTP/1.1" 200 -
2024-05-20 16:39:57,511 - INFO - 127.0.0.1 - - [20/May/2024 16:39:57] "OPTIONS /messages/publish HTTP/1.1" 200 -
2024-05-20 16:39:58,284 - INFO - Message published to Pub/Sub: 11187245600361346
2024-05-20 16:39:58,463 - INFO - Message saved to Firestore with ID: 4R4RTYsNPaTfuIE5cLFP
2024-05-20 16:39:58,464 - INFO - 127.0.0.1 - - [20/May/2024 16:39:58] "POST /messages/publish HTTP/1.1" 200 -
2024-05-20 16:40:50,418 - INFO - 127.0.0.1 - - [20/May/2024 16:40:50] "OPTIONS /messages/publish HTTP/1.1" 200 -
2024-05-20 16:40:51,281 - INFO - Message published to Pub/Sub: 11187239497426462
2024-05-20 16:40:51,457 - INFO - Message saved to Firestore with ID: BsYXNh2GYalFpv0FNNjl
2024-05-20 16:40:51,458 - INFO - 127.0.0.1 - - [20/May/2024 16:40:51] "POST /messages/publish HTTP/1.1" 200 -
2024-05-20 16:41:03,481 - INFO - 127.0.0.1 - - [20/May/2024 16:41:03] "OPTIONS /messages/publish HTTP/1.1" 200 -
2024-05-20 16:41:04,225 - INFO - Message published to Pub/Sub: 11187231276440434
2024-05-20 16:41:04,434 - INFO - Message saved to Firestore with ID: 3iRtBTj824UmoF78DjUR
2024-05-20 16:41:04,435 - INFO - 127.0.0.1 - - [20/May/2024 16:41:04] "POST /messages/publish HTTP/1.1" 200 -
2024-05-20 16:41:21,415 - INFO - 127.0.0.1 - - [20/May/2024 16:41:21] "OPTIONS /messages/publish HTTP/1.1" 200 -
2024-05-20 16:41:22,834 - INFO - Message published to Pub/Sub: 11187249600969316
2024-05-20 16:41:23,108 - INFO - Message saved to Firestore with ID: sI5Y3jugZ2EvlNL9MuDw
2024-05-20 16:41:23,109 - INFO - 127.0.0.1 - - [20/May/2024 16:41:23] "POST /messages/publish HTTP/1.1" 200 -
2024-05-20 16:41:26,849 - INFO - 127.0.0.1 - - [20/May/2024 16:41:26] "OPTIONS /messages/publish HTTP/1.1" 200 -
2024-05-20 16:41:27,639 - INFO - Message published to Pub/Sub: 11187723157741647
2024-05-20 16:41:27,879 - INFO - Message saved to Firestore with ID: OM2BL2aJBWWC1zjOgUri
2024-05-20 16:41:27,880 - INFO - 127.0.0.1 - - [20/May/2024 16:41:27] "POST /messages/publish HTTP/1.1" 200 -
2024-05-20 16:42:22,951 - INFO - 127.0.0.1 - - [20/May/2024 16:42:22] "OPTIONS /messages/get_messages?receiver_id=QeaehvFgEYbfifUyyvWq4xvBd2j2 HTTP/1.1" 200 -
2024-05-20 16:42:24,827 - INFO - 127.0.0.1 - - [20/May/2024 16:42:24] "GET /messages/get_messages?receiver_id=QeaehvFgEYbfifUyyvWq4xvBd2j2 HTTP/1.1" 200 -
2024-05-20 16:42:33,608 - INFO - 127.0.0.1 - - [20/May/2024 16:42:33] "OPTIONS /messages/get_messages?receiver_id=Cq9vMZb8dfOqfHeZJy08SCPi7Fg1 HTTP/1.1" 200 -
2024-05-20 16:42:36,951 - INFO - 127.0.0.1 - - [20/May/2024 16:42:36] "GET /messages/get_messages?receiver_id=Cq9vMZb8dfOqfHeZJy08SCPi7Fg1 HTTP/1.1" 200 -
2024-05-20 16:42:40,935 - INFO - 127.0.0.1 - - [20/May/2024 16:42:40] "OPTIONS /messages/get_messages?receiver_id=vp05OyBixaeZ8p5TJTDYv4F1FLH3 HTTP/1.1" 200 -
2024-05-20 16:42:42,065 - INFO - 127.0.0.1 - - [20/May/2024 16:42:42] "GET /messages/get_messages?receiver_id=vp05OyBixaeZ8p5TJTDYv4F1FLH3 HTTP/1.1" 200 -
2024-05-20 16:42:50,093 - INFO - 127.0.0.1 - - [20/May/2024 16:42:50] "OPTIONS /messages/get_messages?receiver_id=vp05OyBixaeZ8p5TJTDYv4F1FLH3 HTTP/1.1" 200 -
2024-05-20 16:42:51,706 - INFO - 127.0.0.1 - - [20/May/2024 16:42:51] "GET /messages/get_messages?receiver_id=vp05OyBixaeZ8p5TJTDYv4F1FLH3 HTTP/1.1" 200 -
2024-05-20 16:42:56,049 - INFO - 127.0.0.1 - - [20/May/2024 16:42:56] "OPTIONS /messages/get_messages?receiver_id=Cq9vMZb8dfOqfHeZJy08SCPi7Fg1 HTTP/1.1" 200 -
2024-05-20 16:42:56,896 - INFO - 127.0.0.1 - - [20/May/2024 16:42:56] "GET /messages/get_messages?receiver_id=Cq9vMZb8dfOqfHeZJy08SCPi7Fg1 HTTP/1.1" 200 -
2024-05-20 16:44:07,898 - INFO - 127.0.0.1 - - [20/May/2024 16:44:07] "OPTIONS /messages/get_messages?receiver_id=gEPooI5KujMcg8QMChAU32qh2ql1 HTTP/1.1" 200 -
2024-05-20 16:44:08,768 - INFO - 127.0.0.1 - - [20/May/2024 16:44:08] "GET /messages/get_messages?receiver_id=gEPooI5KujMcg8QMChAU32qh2ql1 HTTP/1.1" 200 -
2024-05-20 16:44:15,076 - INFO - 127.0.0.1 - - [20/May/2024 16:44:15] "OPTIONS /auth/logout HTTP/1.1" 200 -
2024-05-20 16:44:16,314 - INFO - 127.0.0.1 - - [20/May/2024 16:44:16] "POST /auth/logout HTTP/1.1" 200 -
2024-05-20 16:44:44,191 - INFO - 127.0.0.1 - - [20/May/2024 16:44:44] "GET /socket.io/?EIO=4&transport=websocket&sid=_v3UrbxS9428mvd0AAAM HTTP/1.1" 200 -
2024-05-20 16:44:44,458 - INFO - 127.0.0.1 - - [20/May/2024 16:44:44] "GET /socket.io/?EIO=4&transport=polling&t=O-MFrQc HTTP/1.1" 200 -
2024-05-20 16:44:44,459 - INFO - 127.0.0.1 - - [20/May/2024 16:44:44] "OPTIONS /auth/users HTTP/1.1" 200 -
2024-05-20 16:44:44,475 - INFO - 127.0.0.1 - - [20/May/2024 16:44:44] "POST /socket.io/?EIO=4&transport=polling&t=O-MFrQv&sid=OQtEFvdrrIjawACzAAAO HTTP/1.1" 200 -
2024-05-20 16:44:44,476 - INFO - 127.0.0.1 - - [20/May/2024 16:44:44] "GET /socket.io/?EIO=4&transport=polling&t=O-MFrQv.0&sid=OQtEFvdrrIjawACzAAAO HTTP/1.1" 200 -
2024-05-20 16:44:45,214 - INFO - 127.0.0.1 - - [20/May/2024 16:44:45] "GET /auth/users HTTP/1.1" 200 -
2024-05-20 16:45:24,580 - INFO - 127.0.0.1 - - [20/May/2024 16:45:24] "OPTIONS /messages/get_messages?receiver_id=kcA4QLnAfvcBnaxExxlmKqw1KIu2 HTTP/1.1" 200 -
2024-05-20 16:45:25,575 - INFO - 127.0.0.1 - - [20/May/2024 16:45:25] "GET /messages/get_messages?receiver_id=kcA4QLnAfvcBnaxExxlmKqw1KIu2 HTTP/1.1" 200 -
2024-05-20 16:45:28,792 - INFO - 127.0.0.1 - - [20/May/2024 16:45:28] "GET /socket.io/?EIO=4&transport=websocket&sid=OQtEFvdrrIjawACzAAAO HTTP/1.1" 200 -
2024-05-20 16:46:15,557 - INFO - 127.0.0.1 - - [20/May/2024 16:46:15] "GET /socket.io/?EIO=4&transport=websocket&sid=Cjev9voQDyI1VIofAAAK HTTP/1.1" 200 -
2024-05-20 16:46:33,465 - INFO - 127.0.0.1 - - [20/May/2024 16:46:33] "OPTIONS /auth/login HTTP/1.1" 200 -
2024-05-20 16:46:34,937 - INFO - 127.0.0.1 - - [20/May/2024 16:46:34] "POST /auth/login HTTP/1.1" 200 -
2024-05-20 16:46:34,975 - INFO - 127.0.0.1 - - [20/May/2024 16:46:34] "GET /socket.io/?EIO=4&transport=polling&t=O-MGGPF HTTP/1.1" 200 -
2024-05-20 16:46:34,975 - INFO - 127.0.0.1 - - [20/May/2024 16:46:34] "OPTIONS /auth/users HTTP/1.1" 200 -
2024-05-20 16:46:34,987 - INFO - 127.0.0.1 - - [20/May/2024 16:46:34] "POST /socket.io/?EIO=4&transport=polling&t=O-MGGPc&sid=FZuZsPTyEAEqidkSAAAQ HTTP/1.1" 200 -
2024-05-20 16:46:34,987 - INFO - 127.0.0.1 - - [20/May/2024 16:46:34] "GET /socket.io/?EIO=4&transport=polling&t=O-MGGPe&sid=FZuZsPTyEAEqidkSAAAQ HTTP/1.1" 200 -
2024-05-20 16:46:35,763 - INFO - 127.0.0.1 - - [20/May/2024 16:46:35] "GET /auth/users HTTP/1.1" 200 -
2024-05-20 16:46:55,956 - INFO - 127.0.0.1 - - [20/May/2024 16:46:55] "GET /socket.io/?EIO=4&transport=websocket&sid=FZuZsPTyEAEqidkSAAAQ HTTP/1.1" 200 -
2024-05-20 16:46:56,070 - INFO - 127.0.0.1 - - [20/May/2024 16:46:56] "GET /socket.io/?EIO=4&transport=polling&t=O-MGLZ3 HTTP/1.1" 200 -
2024-05-20 16:46:56,071 - INFO - 127.0.0.1 - - [20/May/2024 16:46:56] "OPTIONS /auth/users HTTP/1.1" 200 -
2024-05-20 16:46:56,077 - INFO - 127.0.0.1 - - [20/May/2024 16:46:56] "POST /socket.io/?EIO=4&transport=polling&t=O-MGLZA&sid=0XCMCvncRyIDSIsPAAAS HTTP/1.1" 200 -
2024-05-20 16:46:56,078 - INFO - 127.0.0.1 - - [20/May/2024 16:46:56] "GET /socket.io/?EIO=4&transport=polling&t=O-MGLZB&sid=0XCMCvncRyIDSIsPAAAS HTTP/1.1" 200 -
2024-05-20 16:46:56,089 - INFO - 127.0.0.1 - - [20/May/2024 16:46:56] "GET /socket.io/?EIO=4&transport=polling&t=O-MGLZO&sid=0XCMCvncRyIDSIsPAAAS HTTP/1.1" 200 -
2024-05-20 16:46:56,092 - INFO - 127.0.0.1 - - [20/May/2024 16:46:56] "GET /socket.io/?EIO=4&transport=polling&t=O-MGLZR&sid=0XCMCvncRyIDSIsPAAAS HTTP/1.1" 200 -
2024-05-20 16:46:56,890 - INFO - 127.0.0.1 - - [20/May/2024 16:46:56] "GET /auth/users HTTP/1.1" 200 -
2024-05-20 16:46:59,143 - INFO - 127.0.0.1 - - [20/May/2024 16:46:59] "OPTIONS /messages/get_messages?receiver_id=kcA4QLnAfvcBnaxExxlmKqw1KIu2 HTTP/1.1" 200 -
2024-05-20 16:47:00,060 - INFO - 127.0.0.1 - - [20/May/2024 16:47:00] "GET /messages/get_messages?receiver_id=kcA4QLnAfvcBnaxExxlmKqw1KIu2 HTTP/1.1" 200 -
2024-05-20 16:48:42,274 - INFO - 127.0.0.1 - - [20/May/2024 16:48:42] "OPTIONS /messages/publish HTTP/1.1" 200 -
2024-05-20 16:48:43,232 - INFO - Message published to Pub/Sub: 11187310809784133
2024-05-20 16:48:43,518 - INFO - Message saved to Firestore with ID: OGs1GFOFnk7gzvQiCzvI
2024-05-20 16:48:43,519 - INFO - 127.0.0.1 - - [20/May/2024 16:48:43] "POST /messages/publish HTTP/1.1" 200 -
2024-05-20 16:49:41,319 - INFO - 127.0.0.1 - - [20/May/2024 16:49:41] "OPTIONS /messages/get_messages?receiver_id=kcA4QLnAfvcBnaxExxlmKqw1KIu2 HTTP/1.1" 200 -
2024-05-20 16:49:43,165 - INFO - 127.0.0.1 - - [20/May/2024 16:49:43] "GET /messages/get_messages?receiver_id=kcA4QLnAfvcBnaxExxlmKqw1KIu2 HTTP/1.1" 200 -
2024-05-20 16:49:44,148 - INFO - 127.0.0.1 - - [20/May/2024 16:49:44] "GET /messages/get_messages?receiver_id=kcA4QLnAfvcBnaxExxlmKqw1KIu2 HTTP/1.1" 200 -
2024-05-20 16:49:48,831 - INFO - 127.0.0.1 - - [20/May/2024 16:49:48] "OPTIONS /auth/logout HTTP/1.1" 200 -
2024-05-20 16:49:49,415 - INFO - 127.0.0.1 - - [20/May/2024 16:49:49] "POST /auth/logout HTTP/1.1" 200 -
2024-05-20 16:53:12,813 - INFO - 127.0.0.1 - - [20/May/2024 16:53:12] "OPTIONS /auth/login HTTP/1.1" 200 -
2024-05-20 16:53:13,904 - INFO - 127.0.0.1 - - [20/May/2024 16:53:13] "POST /auth/login HTTP/1.1" 200 -
2024-05-20 16:53:13,944 - INFO - 127.0.0.1 - - [20/May/2024 16:53:13] "OPTIONS /auth/users HTTP/1.1" 200 -
2024-05-20 16:53:14,728 - INFO - 127.0.0.1 - - [20/May/2024 16:53:14] "GET /auth/users HTTP/1.1" 200 -
2024-05-20 16:53:24,496 - INFO - 127.0.0.1 - - [20/May/2024 16:53:24] "OPTIONS /messages/get_messages?receiver_id=kcA4QLnAfvcBnaxExxlmKqw1KIu2 HTTP/1.1" 200 -
2024-05-20 16:53:25,428 - INFO - 127.0.0.1 - - [20/May/2024 16:53:25] "GET /messages/get_messages?receiver_id=kcA4QLnAfvcBnaxExxlmKqw1KIu2 HTTP/1.1" 200 -
2024-05-20 16:53:29,580 - INFO - 127.0.0.1 - - [20/May/2024 16:53:29] "OPTIONS /messages/get_messages?receiver_id=Cq9vMZb8dfOqfHeZJy08SCPi7Fg1 HTTP/1.1" 200 -
2024-05-20 16:53:30,433 - INFO - 127.0.0.1 - - [20/May/2024 16:53:30] "OPTIONS /messages/get_messages?receiver_id=QeaehvFgEYbfifUyyvWq4xvBd2j2 HTTP/1.1" 200 -
2024-05-20 16:53:30,451 - INFO - 127.0.0.1 - - [20/May/2024 16:53:30] "GET /messages/get_messages?receiver_id=Cq9vMZb8dfOqfHeZJy08SCPi7Fg1 HTTP/1.1" 200 -
2024-05-20 16:53:30,910 - INFO - 127.0.0.1 - - [20/May/2024 16:53:30] "OPTIONS /messages/get_messages?receiver_id=kcA4QLnAfvcBnaxExxlmKqw1KIu2 HTTP/1.1" 200 -
2024-05-20 16:53:31,294 - INFO - 127.0.0.1 - - [20/May/2024 16:53:31] "GET /messages/get_messages?receiver_id=QeaehvFgEYbfifUyyvWq4xvBd2j2 HTTP/1.1" 200 -
2024-05-20 16:53:31,360 - INFO - 127.0.0.1 - - [20/May/2024 16:53:31] "OPTIONS /messages/get_messages?receiver_id=vp05OyBixaeZ8p5TJTDYv4F1FLH3 HTTP/1.1" 200 -
2024-05-20 16:53:31,783 - INFO - 127.0.0.1 - - [20/May/2024 16:53:31] "GET /messages/get_messages?receiver_id=kcA4QLnAfvcBnaxExxlmKqw1KIu2 HTTP/1.1" 200 -
2024-05-20 16:53:32,321 - INFO - 127.0.0.1 - - [20/May/2024 16:53:32] "GET /messages/get_messages?receiver_id=vp05OyBixaeZ8p5TJTDYv4F1FLH3 HTTP/1.1" 200 -
2024-05-20 16:53:52,764 - INFO - 127.0.0.1 - - [20/May/2024 16:53:52] "OPTIONS /auth/logout HTTP/1.1" 200 -
2024-05-20 16:53:53,279 - INFO - 127.0.0.1 - - [20/May/2024 16:53:53] "POST /auth/logout HTTP/1.1" 200 -
2024-05-20 16:54:05,243 - INFO - 127.0.0.1 - - [20/May/2024 16:54:05] "OPTIONS /auth/login HTTP/1.1" 200 -
2024-05-20 16:54:06,351 - INFO - 127.0.0.1 - - [20/May/2024 16:54:06] "POST /auth/login HTTP/1.1" 200 -
2024-05-20 16:54:06,376 - INFO - 127.0.0.1 - - [20/May/2024 16:54:06] "OPTIONS /auth/users HTTP/1.1" 200 -
2024-05-20 16:54:07,108 - INFO - 127.0.0.1 - - [20/May/2024 16:54:07] "GET /auth/users HTTP/1.1" 200 -
2024-05-20 16:54:13,078 - INFO - 127.0.0.1 - - [20/May/2024 16:54:13] "OPTIONS /messages/get_messages?receiver_id=Cq9vMZb8dfOqfHeZJy08SCPi7Fg1 HTTP/1.1" 200 -
2024-05-20 16:54:13,886 - INFO - 127.0.0.1 - - [20/May/2024 16:54:13] "OPTIONS /messages/get_messages?receiver_id=QeaehvFgEYbfifUyyvWq4xvBd2j2 HTTP/1.1" 200 -
2024-05-20 16:54:14,020 - INFO - 127.0.0.1 - - [20/May/2024 16:54:14] "GET /messages/get_messages?receiver_id=Cq9vMZb8dfOqfHeZJy08SCPi7Fg1 HTTP/1.1" 200 -
2024-05-20 16:54:14,416 - INFO - 127.0.0.1 - - [20/May/2024 16:54:14] "OPTIONS /messages/get_messages?receiver_id=kcA4QLnAfvcBnaxExxlmKqw1KIu2 HTTP/1.1" 200 -
2024-05-20 16:54:14,747 - INFO - 127.0.0.1 - - [20/May/2024 16:54:14] "GET /messages/get_messages?receiver_id=QeaehvFgEYbfifUyyvWq4xvBd2j2 HTTP/1.1" 200 -
2024-05-20 16:54:15,013 - INFO - 127.0.0.1 - - [20/May/2024 16:54:15] "OPTIONS /messages/get_messages?receiver_id=vp05OyBixaeZ8p5TJTDYv4F1FLH3 HTTP/1.1" 200 -
2024-05-20 16:54:15,229 - INFO - 127.0.0.1 - - [20/May/2024 16:54:15] "GET /messages/get_messages?receiver_id=kcA4QLnAfvcBnaxExxlmKqw1KIu2 HTTP/1.1" 200 -
2024-05-20 16:54:15,892 - INFO - 127.0.0.1 - - [20/May/2024 16:54:15] "GET /messages/get_messages?receiver_id=vp05OyBixaeZ8p5TJTDYv4F1FLH3 HTTP/1.1" 200 -
2024-05-20 16:54:27,012 - INFO - 127.0.0.1 - - [20/May/2024 16:54:27] "OPTIONS /messages/publish HTTP/1.1" 200 -
2024-05-20 16:54:27,808 - INFO - Message published to Pub/Sub: 11187258669093193
2024-05-20 16:54:27,985 - INFO - Message saved to Firestore with ID: EGut9mtNdEESbgGnvlEJ
2024-05-20 16:54:27,986 - INFO - 127.0.0.1 - - [20/May/2024 16:54:27] "POST /messages/publish HTTP/1.1" 200 -
2024-05-20 16:54:41,859 - INFO - 127.0.0.1 - - [20/May/2024 16:54:41] "OPTIONS /auth/login HTTP/1.1" 200 -
2024-05-20 16:54:42,937 - INFO - 127.0.0.1 - - [20/May/2024 16:54:42] "POST /auth/login HTTP/1.1" 200 -
2024-05-20 16:54:42,988 - INFO - 127.0.0.1 - - [20/May/2024 16:54:42] "GET /socket.io/?EIO=4&transport=polling&t=O-MI7Yd HTTP/1.1" 200 -
2024-05-20 16:54:42,989 - INFO - 127.0.0.1 - - [20/May/2024 16:54:42] "OPTIONS /auth/users HTTP/1.1" 200 -
2024-05-20 16:54:42,999 - INFO - 127.0.0.1 - - [20/May/2024 16:54:42] "POST /socket.io/?EIO=4&transport=polling&t=O-MI7Yq&sid=JpzR1sjA1b5RoLEHAAAU HTTP/1.1" 200 -
2024-05-20 16:54:42,999 - INFO - 127.0.0.1 - - [20/May/2024 16:54:42] "GET /socket.io/?EIO=4&transport=polling&t=O-MI7Yr&sid=JpzR1sjA1b5RoLEHAAAU HTTP/1.1" 200 -
2024-05-20 16:54:43,006 - INFO - 127.0.0.1 - - [20/May/2024 16:54:43] "GET /socket.io/?EIO=4&transport=polling&t=O-MI7Yy&sid=JpzR1sjA1b5RoLEHAAAU HTTP/1.1" 200 -
2024-05-20 16:54:43,714 - INFO - 127.0.0.1 - - [20/May/2024 16:54:43] "GET /auth/users HTTP/1.1" 200 -
2024-05-20 16:54:54,380 - INFO - 127.0.0.1 - - [20/May/2024 16:54:54] "GET /socket.io/?EIO=4&transport=websocket&sid=0XCMCvncRyIDSIsPAAAS HTTP/1.1" 200 -
2024-05-20 16:54:54,647 - INFO - 127.0.0.1 - - [20/May/2024 16:54:54] "GET /socket.io/?EIO=4&transport=polling&t=O-MIAOr HTTP/1.1" 200 -
2024-05-20 16:54:54,649 - INFO - 127.0.0.1 - - [20/May/2024 16:54:54] "OPTIONS /auth/users HTTP/1.1" 200 -
2024-05-20 16:54:54,666 - INFO - 127.0.0.1 - - [20/May/2024 16:54:54] "POST /socket.io/?EIO=4&transport=polling&t=O-MIAP9&sid=_yWMUExIvTXaqZhPAAAW HTTP/1.1" 200 -
2024-05-20 16:54:54,667 - INFO - 127.0.0.1 - - [20/May/2024 16:54:54] "GET /socket.io/?EIO=4&transport=polling&t=O-MIAP9.0&sid=_yWMUExIvTXaqZhPAAAW HTTP/1.1" 200 -
2024-05-20 16:54:54,671 - INFO - 127.0.0.1 - - [20/May/2024 16:54:54] "GET /socket.io/?EIO=4&transport=polling&t=O-MIAPD&sid=_yWMUExIvTXaqZhPAAAW HTTP/1.1" 200 -
2024-05-20 16:54:55,376 - INFO - 127.0.0.1 - - [20/May/2024 16:54:55] "GET /auth/users HTTP/1.1" 200 -
2024-05-20 16:54:58,808 - INFO - 127.0.0.1 - - [20/May/2024 16:54:58] "OPTIONS /messages/get_messages?receiver_id=kcA4QLnAfvcBnaxExxlmKqw1KIu2 HTTP/1.1" 200 -
2024-05-20 16:54:59,620 - INFO - 127.0.0.1 - - [20/May/2024 16:54:59] "GET /messages/get_messages?receiver_id=kcA4QLnAfvcBnaxExxlmKqw1KIu2 HTTP/1.1" 200 -
2024-05-20 16:55:02,985 - INFO - 127.0.0.1 - - [20/May/2024 16:55:02] "OPTIONS /messages/get_messages?receiver_id=gEPooI5KujMcg8QMChAU32qh2ql1 HTTP/1.1" 200 -
2024-05-20 16:55:04,051 - INFO - 127.0.0.1 - - [20/May/2024 16:55:04] "GET /messages/get_messages?receiver_id=gEPooI5KujMcg8QMChAU32qh2ql1 HTTP/1.1" 200 -
2024-05-20 16:55:10,157 - INFO - 127.0.0.1 - - [20/May/2024 16:55:10] "OPTIONS /messages/publish HTTP/1.1" 200 -
2024-05-20 16:55:10,942 - INFO - Message published to Pub/Sub: 11187316064034925
2024-05-20 16:55:11,135 - INFO - Message saved to Firestore with ID: kyiVSDv6iMFLf5WuuTkF
2024-05-20 16:55:11,136 - INFO - 127.0.0.1 - - [20/May/2024 16:55:11] "POST /messages/publish HTTP/1.1" 200 -
2024-05-20 16:55:12,615 - INFO - 127.0.0.1 - - [20/May/2024 16:55:12] "OPTIONS /messages/get_messages?receiver_id=gEPooI5KujMcg8QMChAU32qh2ql1 HTTP/1.1" 200 -
2024-05-20 16:55:13,596 - INFO - 127.0.0.1 - - [20/May/2024 16:55:13] "GET /messages/get_messages?receiver_id=gEPooI5KujMcg8QMChAU32qh2ql1 HTTP/1.1" 200 -
2024-05-20 16:55:32,196 - INFO - 127.0.0.1 - - [20/May/2024 16:55:32] "OPTIONS /messages/publish HTTP/1.1" 200 -
2024-05-20 16:55:33,052 - INFO - Message published to Pub/Sub: 11187148276131764
2024-05-20 16:55:33,237 - INFO - Message saved to Firestore with ID: S0hxzybFNQXZyZ4SwVcr
2024-05-20 16:55:33,237 - INFO - 127.0.0.1 - - [20/May/2024 16:55:33] "POST /messages/publish HTTP/1.1" 200 -
2024-05-20 16:55:42,859 - INFO - 127.0.0.1 - - [20/May/2024 16:55:42] "OPTIONS /auth/logout HTTP/1.1" 200 -
2024-05-20 16:55:43,384 - INFO - 127.0.0.1 - - [20/May/2024 16:55:43] "POST /auth/logout HTTP/1.1" 200 -
2024-05-20 16:55:48,414 - INFO - 127.0.0.1 - - [20/May/2024 16:55:48] "GET /socket.io/?EIO=4&transport=websocket&sid=JpzR1sjA1b5RoLEHAAAU HTTP/1.1" 200 -
2024-05-20 16:55:48,664 - INFO - 127.0.0.1 - - [20/May/2024 16:55:48] "OPTIONS /auth/users HTTP/1.1" 200 -
2024-05-20 16:55:48,664 - INFO - 127.0.0.1 - - [20/May/2024 16:55:48] "GET /socket.io/?EIO=4&transport=polling&t=O-MINap HTTP/1.1" 200 -
2024-05-20 16:55:48,680 - INFO - 127.0.0.1 - - [20/May/2024 16:55:48] "POST /socket.io/?EIO=4&transport=polling&t=O-MINb6&sid=wbVdu3ZooroXU3kvAAAY HTTP/1.1" 200 -
2024-05-20 16:55:48,681 - INFO - 127.0.0.1 - - [20/May/2024 16:55:48] "GET /socket.io/?EIO=4&transport=polling&t=O-MINb6.0&sid=wbVdu3ZooroXU3kvAAAY HTTP/1.1" 200 -
2024-05-20 16:55:48,685 - INFO - 127.0.0.1 - - [20/May/2024 16:55:48] "GET /socket.io/?EIO=4&transport=polling&t=O-MINbB&sid=wbVdu3ZooroXU3kvAAAY HTTP/1.1" 200 -
2024-05-20 16:55:50,482 - INFO - 127.0.0.1 - - [20/May/2024 16:55:50] "GET /auth/users HTTP/1.1" 200 -
2024-05-20 16:55:56,737 - INFO - 127.0.0.1 - - [20/May/2024 16:55:56] "GET /socket.io/?EIO=4&transport=websocket&sid=wbVdu3ZooroXU3kvAAAY HTTP/1.1" 200 -
2024-05-20 16:55:56,853 - INFO - 127.0.0.1 - - [20/May/2024 16:55:56] "OPTIONS /auth/users HTTP/1.1" 200 -
2024-05-20 16:55:56,853 - INFO - 127.0.0.1 - - [20/May/2024 16:55:56] "GET /socket.io/?EIO=4&transport=polling&t=O-MIPan HTTP/1.1" 200 -
2024-05-20 16:55:56,872 - INFO - 127.0.0.1 - - [20/May/2024 16:55:56] "POST /socket.io/?EIO=4&transport=polling&t=O-MIPb6&sid=OorvqDWEK4V9zBhzAAAa HTTP/1.1" 200 -
2024-05-20 16:55:56,873 - INFO - 127.0.0.1 - - [20/May/2024 16:55:56] "GET /socket.io/?EIO=4&transport=polling&t=O-MIPb7&sid=OorvqDWEK4V9zBhzAAAa HTTP/1.1" 200 -
2024-05-20 16:55:56,876 - INFO - 127.0.0.1 - - [20/May/2024 16:55:56] "GET /socket.io/?EIO=4&transport=polling&t=O-MIPbB&sid=OorvqDWEK4V9zBhzAAAa HTTP/1.1" 200 -
2024-05-20 16:55:57,597 - INFO - 127.0.0.1 - - [20/May/2024 16:55:57] "GET /auth/users HTTP/1.1" 200 -
2024-05-20 16:56:23,499 - INFO - 127.0.0.1 - - [20/May/2024 16:56:23] "OPTIONS /messages/get_messages?receiver_id=gEPooI5KujMcg8QMChAU32qh2ql1 HTTP/1.1" 200 -
2024-05-20 16:56:24,361 - INFO - 127.0.0.1 - - [20/May/2024 16:56:24] "GET /messages/get_messages?receiver_id=gEPooI5KujMcg8QMChAU32qh2ql1 HTTP/1.1" 200 -
2024-05-20 16:56:49,054 - INFO - 127.0.0.1 - - [20/May/2024 16:56:49] "GET /socket.io/?EIO=4&transport=websocket&sid=OorvqDWEK4V9zBhzAAAa HTTP/1.1" 200 -
2024-05-20 16:56:49,189 - INFO - 127.0.0.1 - - [20/May/2024 16:56:49] "GET /socket.io/?EIO=4&transport=polling&t=O-MIcMY HTTP/1.1" 200 -
2024-05-20 16:56:49,191 - INFO - 127.0.0.1 - - [20/May/2024 16:56:49] "OPTIONS /auth/users HTTP/1.1" 200 -
2024-05-20 16:56:49,206 - INFO - 127.0.0.1 - - [20/May/2024 16:56:49] "POST /socket.io/?EIO=4&transport=polling&t=O-MIcMr&sid=W7iXyx7JbJPSlENKAAAc HTTP/1.1" 200 -
2024-05-20 16:56:49,209 - INFO - 127.0.0.1 - - [20/May/2024 16:56:49] "GET /socket.io/?EIO=4&transport=polling&t=O-MIcMr.0&sid=W7iXyx7JbJPSlENKAAAc HTTP/1.1" 200 -
2024-05-20 16:56:49,951 - INFO - 127.0.0.1 - - [20/May/2024 16:56:49] "GET /auth/users HTTP/1.1" 200 -
2024-05-20 16:56:51,102 - INFO - 127.0.0.1 - - [20/May/2024 16:56:51] "OPTIONS /messages/get_messages?receiver_id=gEPooI5KujMcg8QMChAU32qh2ql1 HTTP/1.1" 200 -
2024-05-20 16:56:53,394 - INFO - 127.0.0.1 - - [20/May/2024 16:56:53] "GET /messages/get_messages?receiver_id=gEPooI5KujMcg8QMChAU32qh2ql1 HTTP/1.1" 200 -
2024-05-20 16:56:54,587 - INFO - 127.0.0.1 - - [20/May/2024 16:56:54] "GET /messages/get_messages?receiver_id=gEPooI5KujMcg8QMChAU32qh2ql1 HTTP/1.1" 200 -
2024-05-20 16:57:55,475 - INFO - 127.0.0.1 - - [20/May/2024 16:57:55] "GET /socket.io/?EIO=4&transport=websocket&sid=_yWMUExIvTXaqZhPAAAW HTTP/1.1" 200 -
2024-05-20 16:57:56,227 - INFO - 127.0.0.1 - - [20/May/2024 16:57:56] "GET /socket.io/?EIO=4&transport=websocket&sid=W7iXyx7JbJPSlENKAAAc HTTP/1.1" 200 -
2024-05-20 16:59:47,700 - INFO - [31m[1mWARNING: This is a development server. Do not use it in a production deployment. Use a production WSGI server instead.[0m
 * Running on http://localhost:5001
2024-05-20 16:59:47,700 - INFO - [33mPress CTRL+C to quit[0m
2024-05-20 17:00:15,652 - INFO - 127.0.0.1 - - [20/May/2024 17:00:15] "OPTIONS /auth/login HTTP/1.1" 200 -
2024-05-20 17:00:21,218 - INFO - 127.0.0.1 - - [20/May/2024 17:00:21] "POST /auth/login HTTP/1.1" 200 -
2024-05-20 17:00:21,264 - INFO - 127.0.0.1 - - [20/May/2024 17:00:21] "OPTIONS /auth/users HTTP/1.1" 200 -
2024-05-20 17:00:21,265 - INFO - 127.0.0.1 - - [20/May/2024 17:00:21] "GET /socket.io/?EIO=4&transport=polling&t=O-MJQ88 HTTP/1.1" 200 -
2024-05-20 17:00:21,281 - INFO - 127.0.0.1 - - [20/May/2024 17:00:21] "POST /socket.io/?EIO=4&transport=polling&t=O-MJQ8U&sid=OQhNg8t01CtKCqtwAAAA HTTP/1.1" 200 -
2024-05-20 17:00:21,284 - INFO - 127.0.0.1 - - [20/May/2024 17:00:21] "GET /socket.io/?EIO=4&transport=polling&t=O-MJQ8V&sid=OQhNg8t01CtKCqtwAAAA HTTP/1.1" 200 -
2024-05-20 17:00:21,910 - INFO - 127.0.0.1 - - [20/May/2024 17:00:21] "GET /auth/users HTTP/1.1" 200 -
2024-05-20 17:00:27,616 - INFO - 127.0.0.1 - - [20/May/2024 17:00:27] "OPTIONS /messages/get_messages?receiver_id=Cq9vMZb8dfOqfHeZJy08SCPi7Fg1 HTTP/1.1" 200 -
2024-05-20 17:00:28,494 - INFO - 127.0.0.1 - - [20/May/2024 17:00:28] "OPTIONS /messages/get_messages?receiver_id=QeaehvFgEYbfifUyyvWq4xvBd2j2 HTTP/1.1" 200 -
2024-05-20 17:00:29,097 - INFO - 127.0.0.1 - - [20/May/2024 17:00:29] "OPTIONS /messages/get_messages?receiver_id=kcA4QLnAfvcBnaxExxlmKqw1KIu2 HTTP/1.1" 200 -
2024-05-20 17:00:29,730 - INFO - 127.0.0.1 - - [20/May/2024 17:00:29] "OPTIONS /messages/get_messages?receiver_id=vp05OyBixaeZ8p5TJTDYv4F1FLH3 HTTP/1.1" 200 -
2024-05-20 17:00:30,374 - INFO - 127.0.0.1 - - [20/May/2024 17:00:30] "GET /messages/get_messages?receiver_id=Cq9vMZb8dfOqfHeZJy08SCPi7Fg1 HTTP/1.1" 200 -
2024-05-20 17:00:30,380 - INFO - 127.0.0.1 - - [20/May/2024 17:00:30] "GET /messages/get_messages?receiver_id=QeaehvFgEYbfifUyyvWq4xvBd2j2 HTTP/1.1" 200 -
2024-05-20 17:00:30,598 - INFO - 127.0.0.1 - - [20/May/2024 17:00:30] "GET /messages/get_messages?receiver_id=vp05OyBixaeZ8p5TJTDYv4F1FLH3 HTTP/1.1" 200 -
2024-05-20 17:00:30,651 - INFO - 127.0.0.1 - - [20/May/2024 17:00:30] "GET /messages/get_messages?receiver_id=kcA4QLnAfvcBnaxExxlmKqw1KIu2 HTTP/1.1" 200 -
2024-05-20 17:00:31,860 - INFO - 127.0.0.1 - - [20/May/2024 17:00:31] "GET /messages/get_messages?receiver_id=kcA4QLnAfvcBnaxExxlmKqw1KIu2 HTTP/1.1" 200 -
2024-05-20 17:00:32,344 - INFO - 127.0.0.1 - - [20/May/2024 17:00:32] "GET /messages/get_messages?receiver_id=QeaehvFgEYbfifUyyvWq4xvBd2j2 HTTP/1.1" 200 -
2024-05-20 17:00:33,061 - INFO - 127.0.0.1 - - [20/May/2024 17:00:33] "GET /messages/get_messages?receiver_id=Cq9vMZb8dfOqfHeZJy08SCPi7Fg1 HTTP/1.1" 200 -
2024-05-20 17:00:40,411 - INFO - 127.0.0.1 - - [20/May/2024 17:00:40] "OPTIONS /messages/publish HTTP/1.1" 200 -
2024-05-20 17:00:41,174 - INFO - Message published to Pub/Sub: 11124633322941935
2024-05-20 17:00:41,365 - INFO - Message saved to Firestore with ID: 92kIcG2whdNxOAultMlp
2024-05-20 17:00:41,366 - INFO - 127.0.0.1 - - [20/May/2024 17:00:41] "POST /messages/publish HTTP/1.1" 200 -
2024-05-20 17:00:43,164 - INFO - 127.0.0.1 - - [20/May/2024 17:00:43] "OPTIONS /messages/get_messages?receiver_id=kcA4QLnAfvcBnaxExxlmKqw1KIu2 HTTP/1.1" 200 -
2024-05-20 17:00:44,112 - INFO - 127.0.0.1 - - [20/May/2024 17:00:44] "GET /messages/get_messages?receiver_id=kcA4QLnAfvcBnaxExxlmKqw1KIu2 HTTP/1.1" 200 -
2024-05-20 17:00:51,905 - INFO - 127.0.0.1 - - [20/May/2024 17:00:51] "OPTIONS /messages/publish HTTP/1.1" 200 -
2024-05-20 17:00:52,621 - INFO - Message published to Pub/Sub: 11125019581694243
2024-05-20 17:00:52,806 - INFO - Message saved to Firestore with ID: oVU3fXLmcdk9FdZRlpV0
2024-05-20 17:00:52,807 - INFO - 127.0.0.1 - - [20/May/2024 17:00:52] "POST /messages/publish HTTP/1.1" 200 -
2024-05-20 17:01:08,182 - INFO - 127.0.0.1 - - [20/May/2024 17:01:08] "OPTIONS /auth/login HTTP/1.1" 200 -
2024-05-20 17:01:09,224 - INFO - 127.0.0.1 - - [20/May/2024 17:01:09] "POST /auth/login HTTP/1.1" 200 -
2024-05-20 17:01:09,267 - INFO - 127.0.0.1 - - [20/May/2024 17:01:09] "GET /socket.io/?EIO=4&transport=polling&t=O-MJbsA HTTP/1.1" 200 -
2024-05-20 17:01:09,268 - INFO - 127.0.0.1 - - [20/May/2024 17:01:09] "OPTIONS /auth/users HTTP/1.1" 200 -
2024-05-20 17:01:09,279 - INFO - 127.0.0.1 - - [20/May/2024 17:01:09] "POST /socket.io/?EIO=4&transport=polling&t=O-MJbsT&sid=x_prq3Xq7-miN0dgAAAC HTTP/1.1" 200 -
2024-05-20 17:01:09,280 - INFO - 127.0.0.1 - - [20/May/2024 17:01:09] "GET /socket.io/?EIO=4&transport=polling&t=O-MJbsT.0&sid=x_prq3Xq7-miN0dgAAAC HTTP/1.1" 200 -
2024-05-20 17:01:09,284 - INFO - 127.0.0.1 - - [20/May/2024 17:01:09] "GET /socket.io/?EIO=4&transport=polling&t=O-MJbsY&sid=x_prq3Xq7-miN0dgAAAC HTTP/1.1" 200 -
2024-05-20 17:01:10,400 - INFO - 127.0.0.1 - - [20/May/2024 17:01:10] "GET /auth/users HTTP/1.1" 200 -
2024-05-20 17:01:21,152 - INFO - 127.0.0.1 - - [20/May/2024 17:01:21] "OPTIONS /messages/get_messages?receiver_id=gEPooI5KujMcg8QMChAU32qh2ql1 HTTP/1.1" 200 -
2024-05-20 17:01:22,003 - INFO - 127.0.0.1 - - [20/May/2024 17:01:22] "GET /messages/get_messages?receiver_id=gEPooI5KujMcg8QMChAU32qh2ql1 HTTP/1.1" 200 -
2024-05-20 17:01:28,849 - INFO - 127.0.0.1 - - [20/May/2024 17:01:28] "OPTIONS /messages/publish HTTP/1.1" 200 -
2024-05-20 17:01:29,734 - INFO - Message published to Pub/Sub: 11124760325000077
2024-05-20 17:01:29,921 - INFO - Message saved to Firestore with ID: j7p9NzVZx9nsoDN5Q5er
2024-05-20 17:01:29,924 - INFO - 127.0.0.1 - - [20/May/2024 17:01:29] "POST /messages/publish HTTP/1.1" 200 -
2024-05-20 17:01:42,265 - INFO - 127.0.0.1 - - [20/May/2024 17:01:42] "OPTIONS /messages/publish HTTP/1.1" 200 -
2024-05-20 17:01:42,930 - INFO - Message published to Pub/Sub: 11124597099975732
2024-05-20 17:01:43,127 - INFO - Message saved to Firestore with ID: 4Qy8f6zttZfluuigkbam
2024-05-20 17:01:43,128 - INFO - 127.0.0.1 - - [20/May/2024 17:01:43] "POST /messages/publish HTTP/1.1" 200 -
2024-05-20 17:01:52,796 - INFO - 127.0.0.1 - - [20/May/2024 17:01:52] "GET /socket.io/?EIO=4&transport=websocket&sid=OQhNg8t01CtKCqtwAAAA HTTP/1.1" 200 -
2024-05-20 17:01:52,895 - INFO - 127.0.0.1 - - [20/May/2024 17:01:52] "GET /socket.io/?EIO=4&transport=polling&t=O-MJmVz HTTP/1.1" 200 -
2024-05-20 17:01:52,895 - INFO - 127.0.0.1 - - [20/May/2024 17:01:52] "OPTIONS /auth/users HTTP/1.1" 200 -
2024-05-20 17:01:52,898 - INFO - 127.0.0.1 - - [20/May/2024 17:01:52] "POST /socket.io/?EIO=4&transport=polling&t=O-MJmW1&sid=c8a10hzwuHaFAlgVAAAE HTTP/1.1" 200 -
2024-05-20 17:01:52,901 - INFO - 127.0.0.1 - - [20/May/2024 17:01:52] "GET /socket.io/?EIO=4&transport=polling&t=O-MJmW1.0&sid=c8a10hzwuHaFAlgVAAAE HTTP/1.1" 200 -
2024-05-20 17:01:52,907 - INFO - 127.0.0.1 - - [20/May/2024 17:01:52] "GET /socket.io/?EIO=4&transport=polling&t=O-MJmWA&sid=c8a10hzwuHaFAlgVAAAE HTTP/1.1" 200 -
2024-05-20 17:01:54,748 - INFO - 127.0.0.1 - - [20/May/2024 17:01:54] "GET /auth/users HTTP/1.1" 200 -
2024-05-20 17:01:55,772 - INFO - 127.0.0.1 - - [20/May/2024 17:01:55] "OPTIONS /messages/get_messages?receiver_id=kcA4QLnAfvcBnaxExxlmKqw1KIu2 HTTP/1.1" 200 -
2024-05-20 17:02:00,394 - INFO - 127.0.0.1 - - [20/May/2024 17:02:00] "GET /messages/get_messages?receiver_id=kcA4QLnAfvcBnaxExxlmKqw1KIu2 HTTP/1.1" 200 -
2024-05-20 17:02:15,336 - INFO - 127.0.0.1 - - [20/May/2024 17:02:15] "OPTIONS /auth/logout HTTP/1.1" 200 -
2024-05-20 17:02:15,739 - INFO - 127.0.0.1 - - [20/May/2024 17:02:15] "POST /auth/logout HTTP/1.1" 200 -
2024-05-20 17:02:20,073 - INFO - 127.0.0.1 - - [20/May/2024 17:02:20] "GET /socket.io/?EIO=4&transport=websocket&sid=c8a10hzwuHaFAlgVAAAE HTTP/1.1" 200 -
2024-05-20 17:02:20,154 - INFO - 127.0.0.1 - - [20/May/2024 17:02:20] "GET /socket.io/?EIO=4&transport=polling&t=O-MJt9u HTTP/1.1" 200 -
2024-05-20 17:02:20,155 - INFO - 127.0.0.1 - - [20/May/2024 17:02:20] "OPTIONS /auth/users HTTP/1.1" 200 -
2024-05-20 17:02:20,158 - INFO - 127.0.0.1 - - [20/May/2024 17:02:20] "POST /socket.io/?EIO=4&transport=polling&t=O-MJt9y&sid=rICrivoOy6jB_LpkAAAG HTTP/1.1" 200 -
2024-05-20 17:02:20,162 - INFO - 127.0.0.1 - - [20/May/2024 17:02:20] "GET /socket.io/?EIO=4&transport=polling&t=O-MJt9y.0&sid=rICrivoOy6jB_LpkAAAG HTTP/1.1" 200 -
2024-05-20 17:02:20,898 - INFO - 127.0.0.1 - - [20/May/2024 17:02:20] "GET /auth/users HTTP/1.1" 200 -
2024-05-20 17:15:30,524 - WARNING - Deadline exceeded: 504 Deadline Exceeded
2024-05-20 17:16:13,413 - ERROR - An error occurred: Timeout of 60.0s exceeded, last exception: 503 ping timeout
2024-05-20 17:45:20,176 - INFO - Message published to Pub/Sub: 11187270434026096
2024-05-20 17:45:20,719 - INFO - Message saved to Firestore with ID: tC653KujUKWuOdRZbfCL
2024-05-20 18:04:51,339 - INFO - Message published to Pub/Sub: 11187301996685167
2024-05-20 18:04:51,943 - INFO - Message saved to Firestore with ID: qSeckrZJGZo0856Wgqc6
2024-05-20 18:05:50,006 - INFO - Message published to Pub/Sub: 11187723164584520
2024-05-20 18:05:50,530 - INFO - Message saved to Firestore with ID: 8LvfPoc2O8E6iCU1G3KC
2024-05-20 18:06:28,714 - INFO - Message published to Pub/Sub: 11187284201540837
2024-05-20 18:06:29,214 - INFO - Message saved to Firestore with ID: ah8CY1nNlg7N39gqXFmc
2024-05-20 18:07:10,606 - INFO - Message published to Pub/Sub: 11187325898079128
2024-05-20 18:07:11,151 - INFO - Message saved to Firestore with ID: sD4wHjK7OLAWpygxqW0S
2024-05-20 18:07:31,638 - INFO - Message published to Pub/Sub: 11187306056366252
2024-05-20 18:07:32,499 - INFO - Message saved to Firestore with ID: iMmNwwF3LGhExLIgnwpS
2024-05-20 18:07:57,686 - INFO - Message published to Pub/Sub: 11187177406467873
2024-05-20 18:07:58,277 - INFO - Message saved to Firestore with ID: jFWlkx2pSCWqhBrL6YlA
2024-05-20 18:08:27,498 - INFO - Message published to Pub/Sub: 11187285531345637
2024-05-20 18:08:27,980 - INFO - Message saved to Firestore with ID: hbDSnC4mS4rOvi5BH1LZ
2024-05-20 18:09:43,911 - INFO - Message published to Pub/Sub: 11187301835815713
2024-05-20 18:09:44,479 - INFO - Message saved to Firestore with ID: LXKroH2wHNuFHhzJMbFQ
