2024-05-18 23:16:12,455 - INFO - [31m[1mWARNING: This is a development server. Do not use it in a production deployment. Use a production WSGI server instead.[0m
 * Running on http://localhost:5001
2024-05-18 23:16:12,455 - INFO - [33mPress CTRL+C to quit[0m
2024-05-18 23:16:19,028 - INFO - 127.0.0.1 - - [18/May/2024 23:16:19] "OPTIONS /auth/login HTTP/1.1" 200 -
2024-05-18 23:16:19,916 - INFO - 127.0.0.1 - - [18/May/2024 23:16:19] "POST /auth/login HTTP/1.1" 200 -
2024-05-18 23:16:22,092 - INFO - 127.0.0.1 - - [18/May/2024 23:16:22] "GET /socket.io/?EIO=4&transport=polling&t=O-DMIf7 HTTP/1.1" 200 -
2024-05-18 23:16:22,102 - INFO - 127.0.0.1 - - [18/May/2024 23:16:22] "OPTIONS /messages/get_messages?receiver_id=kcA4QLnAfvcBnaxExxlmKqw1KIu2 HTTP/1.1" 200 -
2024-05-18 23:16:22,110 - INFO - 127.0.0.1 - - [18/May/2024 23:16:22] "POST /socket.io/?EIO=4&transport=polling&t=O-DMIfS&sid=FnS8bT84CZPO3pPkAAAA HTTP/1.1" 200 -
2024-05-18 23:16:22,112 - INFO - 127.0.0.1 - - [18/May/2024 23:16:22] "GET /socket.io/?EIO=4&transport=polling&t=O-DMIfT&sid=FnS8bT84CZPO3pPkAAAA HTTP/1.1" 200 -
2024-05-18 23:16:22,115 - INFO - 127.0.0.1 - - [18/May/2024 23:16:22] "GET /socket.io/?EIO=4&transport=polling&t=O-DMIfY&sid=FnS8bT84CZPO3pPkAAAA HTTP/1.1" 200 -
2024-05-18 23:16:23,142 - INFO - 127.0.0.1 - - [18/May/2024 23:16:23] "GET /messages/get_messages?receiver_id=kcA4QLnAfvcBnaxExxlmKqw1KIu2 HTTP/1.1" 200 -
2024-05-18 23:16:26,358 - INFO - 127.0.0.1 - - [18/May/2024 23:16:26] "OPTIONS /messages/publish HTTP/1.1" 200 -
2024-05-18 23:16:27,120 - INFO - Message published to Pub/Sub: 11184731649903577
2024-05-18 23:16:27,186 - INFO - Message saved to Firestore with ID: q9gI2UJu5jlgRr3tI8iz
2024-05-18 23:16:27,187 - INFO - 127.0.0.1 - - [18/May/2024 23:16:27] "POST /messages/publish HTTP/1.1" 200 -
2024-05-18 23:16:49,764 - INFO - 127.0.0.1 - - [18/May/2024 23:16:49] "OPTIONS /auth/login HTTP/1.1" 200 -
2024-05-18 23:16:50,458 - INFO - 127.0.0.1 - - [18/May/2024 23:16:50] "POST /auth/login HTTP/1.1" 200 -
2024-05-18 23:16:52,294 - INFO - 127.0.0.1 - - [18/May/2024 23:16:52] "GET /socket.io/?EIO=4&transport=polling&t=O-DMQ12 HTTP/1.1" 200 -
2024-05-18 23:16:52,306 - INFO - 127.0.0.1 - - [18/May/2024 23:16:52] "OPTIONS /messages/get_messages?receiver_id=gEPooI5KujMcg8QMChAU32qh2ql1 HTTP/1.1" 200 -
2024-05-18 23:16:52,316 - INFO - 127.0.0.1 - - [18/May/2024 23:16:52] "POST /socket.io/?EIO=4&transport=polling&t=O-DMQ1Q&sid=IvrSirCuY5FEVtbbAAAC HTTP/1.1" 200 -
2024-05-18 23:16:52,317 - INFO - 127.0.0.1 - - [18/May/2024 23:16:52] "GET /socket.io/?EIO=4&transport=polling&t=O-DMQ1R&sid=IvrSirCuY5FEVtbbAAAC HTTP/1.1" 200 -
2024-05-18 23:16:52,321 - INFO - 127.0.0.1 - - [18/May/2024 23:16:52] "GET /socket.io/?EIO=4&transport=polling&t=O-DMQ1W&sid=IvrSirCuY5FEVtbbAAAC HTTP/1.1" 200 -
2024-05-18 23:16:52,858 - INFO - 127.0.0.1 - - [18/May/2024 23:16:52] "GET /messages/get_messages?receiver_id=gEPooI5KujMcg8QMChAU32qh2ql1 HTTP/1.1" 200 -
2024-05-18 23:16:56,136 - INFO - 127.0.0.1 - - [18/May/2024 23:16:56] "OPTIONS /messages/publish HTTP/1.1" 200 -
2024-05-18 23:16:56,654 - INFO - Message published to Pub/Sub: 11184851599976450
2024-05-18 23:16:56,687 - INFO - Message saved to Firestore with ID: yKdQPr3gHUCxgbt3uzr8
2024-05-18 23:16:56,687 - INFO - 127.0.0.1 - - [18/May/2024 23:16:56] "POST /messages/publish HTTP/1.1" 200 -
2024-05-18 23:17:09,989 - INFO - 127.0.0.1 - - [18/May/2024 23:17:09] "OPTIONS /messages/publish HTTP/1.1" 200 -
2024-05-18 23:17:10,541 - INFO - Message published to Pub/Sub: 11184914972174230
2024-05-18 23:17:10,590 - INFO - Message saved to Firestore with ID: 3recj9AM1Vx5d6VTBvN1
2024-05-18 23:17:10,591 - INFO - 127.0.0.1 - - [18/May/2024 23:17:10] "POST /messages/publish HTTP/1.1" 200 -
2024-05-18 23:18:48,233 - INFO - 127.0.0.1 - - [18/May/2024 23:18:48] "OPTIONS /messages/publish HTTP/1.1" 200 -
2024-05-18 23:18:48,839 - INFO - Message published to Pub/Sub: 11184853860805220
2024-05-18 23:18:48,901 - INFO - Message saved to Firestore with ID: DplPt6IUBnZRAi1BoHeD
2024-05-18 23:18:48,901 - INFO - 127.0.0.1 - - [18/May/2024 23:18:48] "POST /messages/publish HTTP/1.1" 200 -
2024-05-18 23:18:50,134 - INFO - Message published to Pub/Sub: 11184848921141263
2024-05-18 23:18:50,193 - INFO - Message saved to Firestore with ID: jrOyNVkOjrXf1H6RnD15
2024-05-18 23:18:50,193 - INFO - 127.0.0.1 - - [18/May/2024 23:18:50] "POST /messages/publish HTTP/1.1" 200 -
2024-05-18 23:18:52,602 - INFO - Message published to Pub/Sub: 11184852180483416
2024-05-18 23:18:52,660 - INFO - Message saved to Firestore with ID: osuhI0CNXNf2Xwqnd9ZM
2024-05-18 23:18:52,661 - INFO - 127.0.0.1 - - [18/May/2024 23:18:52] "POST /messages/publish HTTP/1.1" 200 -
2024-05-18 23:19:10,724 - INFO - 127.0.0.1 - - [18/May/2024 23:19:10] "OPTIONS /messages/publish HTTP/1.1" 200 -
2024-05-18 23:19:11,310 - INFO - Message published to Pub/Sub: 11184858250533932
2024-05-18 23:19:11,340 - INFO - Message saved to Firestore with ID: r8d22g1M8jknOS8yOOdB
2024-05-18 23:19:11,340 - INFO - 127.0.0.1 - - [18/May/2024 23:19:11] "POST /messages/publish HTTP/1.1" 200 -
2024-05-18 23:19:17,559 - INFO - 127.0.0.1 - - [18/May/2024 23:19:17] "OPTIONS /messages/publish HTTP/1.1" 200 -
2024-05-18 23:19:18,181 - INFO - Message published to Pub/Sub: 11184653632478455
2024-05-18 23:19:18,215 - INFO - Message saved to Firestore with ID: 6SWEGXa0RwGWIfHfeboO
2024-05-18 23:19:18,216 - INFO - 127.0.0.1 - - [18/May/2024 23:19:18] "POST /messages/publish HTTP/1.1" 200 -
2024-05-18 23:24:59,312 - INFO - 127.0.0.1 - - [18/May/2024 23:24:59] "GET /socket.io/?EIO=4&transport=websocket&sid=FnS8bT84CZPO3pPkAAAA HTTP/1.1" 200 -
2024-05-18 23:24:59,384 - INFO - 127.0.0.1 - - [18/May/2024 23:24:59] "GET /socket.io/?EIO=4&transport=websocket&sid=IvrSirCuY5FEVtbbAAAC HTTP/1.1" 200 -
2024-05-18 23:27:01,418 - INFO - 127.0.0.1 - - [18/May/2024 23:27:01] "GET /socket.io/?EIO=4&transport=polling&t=O-DOkka HTTP/1.1" 200 -
2024-05-18 23:27:01,432 - INFO - 127.0.0.1 - - [18/May/2024 23:27:01] "OPTIONS /messages/get_messages?receiver_id=gEPooI5KujMcg8QMChAU32qh2ql1 HTTP/1.1" 200 -
2024-05-18 23:27:01,436 - INFO - 127.0.0.1 - - [18/May/2024 23:27:01] "POST /socket.io/?EIO=4&transport=polling&t=O-DOkkw&sid=rijaXmoLIrLeP-O4AAAE HTTP/1.1" 200 -
2024-05-18 23:27:01,440 - INFO - 127.0.0.1 - - [18/May/2024 23:27:01] "GET /socket.io/?EIO=4&transport=polling&t=O-DOkkw.0&sid=rijaXmoLIrLeP-O4AAAE HTTP/1.1" 200 -
2024-05-18 23:27:02,142 - INFO - 127.0.0.1 - - [18/May/2024 23:27:02] "GET /messages/get_messages?receiver_id=gEPooI5KujMcg8QMChAU32qh2ql1 HTTP/1.1" 200 -
2024-05-18 23:27:02,655 - INFO - 127.0.0.1 - - [18/May/2024 23:27:02] "GET /messages/get_messages?receiver_id=gEPooI5KujMcg8QMChAU32qh2ql1 HTTP/1.1" 200 -
2024-05-18 23:27:03,167 - INFO - 127.0.0.1 - - [18/May/2024 23:27:03] "GET /messages/get_messages?receiver_id=gEPooI5KujMcg8QMChAU32qh2ql1 HTTP/1.1" 200 -
2024-05-18 23:27:03,703 - INFO - 127.0.0.1 - - [18/May/2024 23:27:03] "GET /messages/get_messages?receiver_id=gEPooI5KujMcg8QMChAU32qh2ql1 HTTP/1.1" 200 -
2024-05-18 23:27:04,507 - INFO - 127.0.0.1 - - [18/May/2024 23:27:04] "GET /messages/get_messages?receiver_id=gEPooI5KujMcg8QMChAU32qh2ql1 HTTP/1.1" 200 -
2024-05-18 23:27:05,033 - INFO - 127.0.0.1 - - [18/May/2024 23:27:05] "GET /messages/get_messages?receiver_id=gEPooI5KujMcg8QMChAU32qh2ql1 HTTP/1.1" 200 -
2024-05-18 23:27:05,495 - INFO - 127.0.0.1 - - [18/May/2024 23:27:05] "GET /messages/get_messages?receiver_id=gEPooI5KujMcg8QMChAU32qh2ql1 HTTP/1.1" 200 -
2024-05-18 23:27:06,015 - INFO - 127.0.0.1 - - [18/May/2024 23:27:06] "GET /messages/get_messages?receiver_id=gEPooI5KujMcg8QMChAU32qh2ql1 HTTP/1.1" 200 -
2024-05-18 23:27:06,509 - INFO - 127.0.0.1 - - [18/May/2024 23:27:06] "GET /messages/get_messages?receiver_id=gEPooI5KujMcg8QMChAU32qh2ql1 HTTP/1.1" 200 -
2024-05-18 23:27:06,520 - INFO - 127.0.0.1 - - [18/May/2024 23:27:06] "OPTIONS /messages/get_messages?receiver_id=gEPooI5KujMcg8QMChAU32qh2ql1 HTTP/1.1" 200 -
2024-05-18 23:27:06,961 - INFO - 127.0.0.1 - - [18/May/2024 23:27:06] "GET /messages/get_messages?receiver_id=gEPooI5KujMcg8QMChAU32qh2ql1 HTTP/1.1" 200 -
2024-05-18 23:27:07,445 - INFO - 127.0.0.1 - - [18/May/2024 23:27:07] "GET /messages/get_messages?receiver_id=gEPooI5KujMcg8QMChAU32qh2ql1 HTTP/1.1" 200 -
2024-05-18 23:27:08,276 - INFO - 127.0.0.1 - - [18/May/2024 23:27:08] "GET /messages/get_messages?receiver_id=gEPooI5KujMcg8QMChAU32qh2ql1 HTTP/1.1" 200 -
2024-05-18 23:27:08,717 - INFO - 127.0.0.1 - - [18/May/2024 23:27:08] "GET /messages/get_messages?receiver_id=gEPooI5KujMcg8QMChAU32qh2ql1 HTTP/1.1" 200 -
2024-05-18 23:27:09,164 - INFO - 127.0.0.1 - - [18/May/2024 23:27:09] "GET /messages/get_messages?receiver_id=gEPooI5KujMcg8QMChAU32qh2ql1 HTTP/1.1" 200 -
2024-05-18 23:27:09,587 - INFO - 127.0.0.1 - - [18/May/2024 23:27:09] "GET /messages/get_messages?receiver_id=gEPooI5KujMcg8QMChAU32qh2ql1 HTTP/1.1" 200 -
2024-05-18 23:27:10,065 - INFO - 127.0.0.1 - - [18/May/2024 23:27:10] "GET /messages/get_messages?receiver_id=gEPooI5KujMcg8QMChAU32qh2ql1 HTTP/1.1" 200 -
2024-05-18 23:27:10,572 - INFO - 127.0.0.1 - - [18/May/2024 23:27:10] "GET /messages/get_messages?receiver_id=gEPooI5KujMcg8QMChAU32qh2ql1 HTTP/1.1" 200 -
2024-05-18 23:27:11,046 - INFO - 127.0.0.1 - - [18/May/2024 23:27:11] "GET /messages/get_messages?receiver_id=gEPooI5KujMcg8QMChAU32qh2ql1 HTTP/1.1" 200 -
2024-05-18 23:27:11,523 - INFO - 127.0.0.1 - - [18/May/2024 23:27:11] "GET /messages/get_messages?receiver_id=gEPooI5KujMcg8QMChAU32qh2ql1 HTTP/1.1" 200 -
2024-05-18 23:27:11,529 - INFO - 127.0.0.1 - - [18/May/2024 23:27:11] "OPTIONS /messages/get_messages?receiver_id=gEPooI5KujMcg8QMChAU32qh2ql1 HTTP/1.1" 200 -
2024-05-18 23:27:11,660 - INFO - 127.0.0.1 - - [18/May/2024 23:27:11] "GET /socket.io/?EIO=4&transport=websocket&sid=rijaXmoLIrLeP-O4AAAE HTTP/1.1" 200 -
2024-05-18 23:27:11,971 - INFO - 127.0.0.1 - - [18/May/2024 23:27:11] "GET /messages/get_messages?receiver_id=gEPooI5KujMcg8QMChAU32qh2ql1 HTTP/1.1" 200 -
2024-05-18 23:27:14,419 - INFO - 127.0.0.1 - - [18/May/2024 23:27:14] "GET /socket.io/?EIO=4&transport=polling&t=O-DOnvn HTTP/1.1" 200 -
2024-05-18 23:27:14,429 - INFO - 127.0.0.1 - - [18/May/2024 23:27:14] "POST /socket.io/?EIO=4&transport=polling&t=O-DOnvx&sid=W6UZZbGbNcAdcNxzAAAG HTTP/1.1" 200 -
2024-05-18 23:27:14,430 - INFO - 127.0.0.1 - - [18/May/2024 23:27:14] "GET /socket.io/?EIO=4&transport=polling&t=O-DOnvy&sid=W6UZZbGbNcAdcNxzAAAG HTTP/1.1" 200 -
2024-05-18 23:27:14,435 - INFO - 127.0.0.1 - - [18/May/2024 23:27:14] "GET /socket.io/?EIO=4&transport=polling&t=O-DOnw2&sid=W6UZZbGbNcAdcNxzAAAG HTTP/1.1" 200 -
2024-05-18 23:27:14,917 - INFO - 127.0.0.1 - - [18/May/2024 23:27:14] "GET /messages/get_messages?receiver_id=gEPooI5KujMcg8QMChAU32qh2ql1 HTTP/1.1" 200 -
2024-05-18 23:45:32,871 - INFO - 127.0.0.1 - - [18/May/2024 23:45:32] "GET /socket.io/?EIO=4&transport=websocket&sid=W6UZZbGbNcAdcNxzAAAG HTTP/1.1" 200 -
2024-05-18 23:45:34,951 - INFO - 127.0.0.1 - - [18/May/2024 23:45:34] "GET /socket.io/?EIO=4&transport=polling&t=O-DS-bY HTTP/1.1" 200 -
2024-05-18 23:45:34,956 - INFO - 127.0.0.1 - - [18/May/2024 23:45:34] "OPTIONS /messages/get_messages?receiver_id=kcA4QLnAfvcBnaxExxlmKqw1KIu2 HTTP/1.1" 200 -
2024-05-18 23:45:34,963 - INFO - 127.0.0.1 - - [18/May/2024 23:45:34] "POST /socket.io/?EIO=4&transport=polling&t=O-DS-bl&sid=-uBSb3sznuHiLvnmAAAI HTTP/1.1" 200 -
2024-05-18 23:45:34,964 - INFO - 127.0.0.1 - - [18/May/2024 23:45:34] "GET /socket.io/?EIO=4&transport=polling&t=O-DS-bm&sid=-uBSb3sznuHiLvnmAAAI HTTP/1.1" 200 -
2024-05-18 23:45:34,967 - INFO - 127.0.0.1 - - [18/May/2024 23:45:34] "GET /socket.io/?EIO=4&transport=polling&t=O-DS-bs&sid=-uBSb3sznuHiLvnmAAAI HTTP/1.1" 200 -
2024-05-18 23:45:35,640 - INFO - 127.0.0.1 - - [18/May/2024 23:45:35] "GET /messages/get_messages?receiver_id=kcA4QLnAfvcBnaxExxlmKqw1KIu2 HTTP/1.1" 200 -
2024-05-18 23:46:22,630 - INFO - 127.0.0.1 - - [18/May/2024 23:46:22] "GET /socket.io/?EIO=4&transport=websocket&sid=-uBSb3sznuHiLvnmAAAI HTTP/1.1" 200 -
2024-05-18 23:46:23,871 - INFO - 127.0.0.1 - - [18/May/2024 23:46:23] "GET /socket.io/?EIO=4&transport=polling&t=O-DTAXw HTTP/1.1" 200 -
2024-05-18 23:46:23,875 - INFO - 127.0.0.1 - - [18/May/2024 23:46:23] "OPTIONS /messages/get_messages?receiver_id=gEPooI5KujMcg8QMChAU32qh2ql1 HTTP/1.1" 200 -
2024-05-18 23:46:23,884 - INFO - 127.0.0.1 - - [18/May/2024 23:46:23] "POST /socket.io/?EIO=4&transport=polling&t=O-DTAYA&sid=CKjsK6KUN3IBpJMBAAAK HTTP/1.1" 200 -
2024-05-18 23:46:23,885 - INFO - 127.0.0.1 - - [18/May/2024 23:46:23] "GET /socket.io/?EIO=4&transport=polling&t=O-DTAYB&sid=CKjsK6KUN3IBpJMBAAAK HTTP/1.1" 200 -
2024-05-18 23:46:23,890 - INFO - 127.0.0.1 - - [18/May/2024 23:46:23] "GET /socket.io/?EIO=4&transport=polling&t=O-DTAYG&sid=CKjsK6KUN3IBpJMBAAAK HTTP/1.1" 200 -
2024-05-18 23:46:24,409 - INFO - 127.0.0.1 - - [18/May/2024 23:46:24] "GET /messages/get_messages?receiver_id=gEPooI5KujMcg8QMChAU32qh2ql1 HTTP/1.1" 200 -
2024-05-18 23:48:36,679 - INFO - 127.0.0.1 - - [18/May/2024 23:48:36] "GET /socket.io/?EIO=4&transport=websocket&sid=CKjsK6KUN3IBpJMBAAAK HTTP/1.1" 200 -
2024-05-18 23:48:39,068 - INFO - 127.0.0.1 - - [18/May/2024 23:48:39] "GET /socket.io/?EIO=4&transport=polling&t=O-DThYN HTTP/1.1" 200 -
2024-05-18 23:48:39,074 - INFO - 127.0.0.1 - - [18/May/2024 23:48:39] "OPTIONS /messages/get_messages?receiver_id=gEPooI5KujMcg8QMChAU32qh2ql1 HTTP/1.1" 200 -
2024-05-18 23:48:39,083 - INFO - 127.0.0.1 - - [18/May/2024 23:48:39] "POST /socket.io/?EIO=4&transport=polling&t=O-DThYe&sid=_irg_PBVFJlgJqLBAAAM HTTP/1.1" 200 -
2024-05-18 23:48:39,085 - INFO - 127.0.0.1 - - [18/May/2024 23:48:39] "GET /socket.io/?EIO=4&transport=polling&t=O-DThYf&sid=_irg_PBVFJlgJqLBAAAM HTTP/1.1" 200 -
2024-05-18 23:48:39,612 - INFO - 127.0.0.1 - - [18/May/2024 23:48:39] "GET /messages/get_messages?receiver_id=gEPooI5KujMcg8QMChAU32qh2ql1 HTTP/1.1" 200 -
2024-05-19 00:07:39,302 - INFO - 127.0.0.1 - - [19/May/2024 00:07:39] "GET /socket.io/?EIO=4&transport=websocket&sid=_irg_PBVFJlgJqLBAAAM HTTP/1.1" 200 -
2024-05-19 00:07:39,452 - INFO - 127.0.0.1 - - [19/May/2024 00:07:39] "GET /socket.io/?EIO=4&transport=polling&t=O-DY1yv HTTP/1.1" 200 -
2024-05-19 00:07:39,457 - INFO - 127.0.0.1 - - [19/May/2024 00:07:39] "POST /socket.io/?EIO=4&transport=polling&t=O-DY1y-&sid=s4R52dIwi8IhXdXYAAAO HTTP/1.1" 200 -
2024-05-19 00:07:39,457 - INFO - 127.0.0.1 - - [19/May/2024 00:07:39] "GET /socket.io/?EIO=4&transport=polling&t=O-DY1y_&sid=s4R52dIwi8IhXdXYAAAO HTTP/1.1" 200 -
2024-05-19 00:07:39,518 - INFO - 127.0.0.1 - - [19/May/2024 00:07:39] "GET /socket.io/?EIO=4&transport=polling&t=O-DY1zx HTTP/1.1" 200 -
2024-05-19 00:07:39,527 - INFO - 127.0.0.1 - - [19/May/2024 00:07:39] "POST /socket.io/?EIO=4&transport=polling&t=O-DY1-5&sid=3i-IeUs0H8S01g2mAAAQ HTTP/1.1" 200 -
2024-05-19 00:07:39,528 - INFO - 127.0.0.1 - - [19/May/2024 00:07:39] "GET /socket.io/?EIO=4&transport=polling&t=O-DY1-6&sid=3i-IeUs0H8S01g2mAAAQ HTTP/1.1" 200 -
2024-05-19 00:07:39,533 - INFO - 127.0.0.1 - - [19/May/2024 00:07:39] "GET /socket.io/?EIO=4&transport=polling&t=O-DY1-B&sid=3i-IeUs0H8S01g2mAAAQ HTTP/1.1" 200 -
2024-05-19 00:07:57,852 - INFO - 127.0.0.1 - - [19/May/2024 00:07:57] "GET /socket.io/?EIO=4&transport=websocket&sid=s4R52dIwi8IhXdXYAAAO HTTP/1.1" 200 -
2024-05-19 00:07:57,938 - INFO - 127.0.0.1 - - [19/May/2024 00:07:57] "GET /socket.io/?EIO=4&transport=polling&t=O-DY6Tm HTTP/1.1" 200 -
2024-05-19 00:07:57,940 - INFO - 127.0.0.1 - - [19/May/2024 00:07:57] "POST /socket.io/?EIO=4&transport=polling&t=O-DY6Tp&sid=XlpUasAUHeRMDGp0AAAS HTTP/1.1" 200 -
2024-05-19 00:07:57,941 - INFO - 127.0.0.1 - - [19/May/2024 00:07:57] "GET /socket.io/?EIO=4&transport=polling&t=O-DY6Tp.0&sid=XlpUasAUHeRMDGp0AAAS HTTP/1.1" 200 -
2024-05-19 00:07:58,399 - INFO - 127.0.0.1 - - [19/May/2024 00:07:58] "GET /socket.io/?EIO=4&transport=websocket&sid=3i-IeUs0H8S01g2mAAAQ HTTP/1.1" 200 -
2024-05-19 00:07:58,568 - INFO - 127.0.0.1 - - [19/May/2024 00:07:58] "GET /socket.io/?EIO=4&transport=polling&t=O-DY6db HTTP/1.1" 200 -
2024-05-19 00:07:58,576 - INFO - 127.0.0.1 - - [19/May/2024 00:07:58] "POST /socket.io/?EIO=4&transport=polling&t=O-DY6dj&sid=5iQ2XZh6ajpwn5SWAAAU HTTP/1.1" 200 -
2024-05-19 00:07:58,578 - INFO - 127.0.0.1 - - [19/May/2024 00:07:58] "GET /socket.io/?EIO=4&transport=polling&t=O-DY6dl&sid=5iQ2XZh6ajpwn5SWAAAU HTTP/1.1" 200 -
2024-05-19 00:07:58,585 - INFO - 127.0.0.1 - - [19/May/2024 00:07:58] "GET /socket.io/?EIO=4&transport=polling&t=O-DY6dt&sid=5iQ2XZh6ajpwn5SWAAAU HTTP/1.1" 200 -
2024-05-19 00:08:21,220 - INFO - 127.0.0.1 - - [19/May/2024 00:08:21] "GET /socket.io/?EIO=4&transport=websocket&sid=XlpUasAUHeRMDGp0AAAS HTTP/1.1" 200 -
2024-05-19 00:08:21,226 - INFO - 127.0.0.1 - - [19/May/2024 00:08:21] "GET /socket.io/?EIO=4&transport=websocket&sid=5iQ2XZh6ajpwn5SWAAAU HTTP/1.1" 200 -
2024-05-19 00:08:21,325 - INFO - 127.0.0.1 - - [19/May/2024 00:08:21] "GET /socket.io/?EIO=4&transport=polling&t=O-DYCBB HTTP/1.1" 200 -
2024-05-19 00:08:21,328 - INFO - 127.0.0.1 - - [19/May/2024 00:08:21] "POST /socket.io/?EIO=4&transport=polling&t=O-DYCBE&sid=TbPtiCVsobMm2e3oAAAW HTTP/1.1" 200 -
2024-05-19 00:08:21,329 - INFO - 127.0.0.1 - - [19/May/2024 00:08:21] "GET /socket.io/?EIO=4&transport=polling&t=O-DYCBF&sid=TbPtiCVsobMm2e3oAAAW HTTP/1.1" 200 -
2024-05-19 00:08:21,332 - INFO - 127.0.0.1 - - [19/May/2024 00:08:21] "GET /socket.io/?EIO=4&transport=polling&t=O-DYCBJ&sid=TbPtiCVsobMm2e3oAAAW HTTP/1.1" 200 -
2024-05-19 00:08:21,431 - INFO - 127.0.0.1 - - [19/May/2024 00:08:21] "GET /socket.io/?EIO=4&transport=polling&t=O-DYCCo HTTP/1.1" 200 -
2024-05-19 00:08:21,439 - INFO - 127.0.0.1 - - [19/May/2024 00:08:21] "POST /socket.io/?EIO=4&transport=polling&t=O-DYCCy&sid=J36uxtkOZ_aImFdsAAAY HTTP/1.1" 200 -
2024-05-19 00:08:21,442 - INFO - 127.0.0.1 - - [19/May/2024 00:08:21] "GET /socket.io/?EIO=4&transport=polling&t=O-DYCC_&sid=J36uxtkOZ_aImFdsAAAY HTTP/1.1" 200 -
2024-05-19 00:08:21,446 - INFO - 127.0.0.1 - - [19/May/2024 00:08:21] "GET /socket.io/?EIO=4&transport=polling&t=O-DYCD4&sid=J36uxtkOZ_aImFdsAAAY HTTP/1.1" 200 -
2024-05-19 00:08:40,232 - INFO - 127.0.0.1 - - [19/May/2024 00:08:40] "OPTIONS /messages/publish HTTP/1.1" 200 -
2024-05-19 00:08:40,988 - INFO - Message published to Pub/Sub: 11184881823036742
2024-05-19 00:08:41,225 - INFO - Message saved to Firestore with ID: 1EHMzVrVAj1VPfXfDevp
2024-05-19 00:08:41,226 - INFO - 127.0.0.1 - - [19/May/2024 00:08:41] "POST /messages/publish HTTP/1.1" 200 -
2024-05-19 00:09:01,186 - INFO - 127.0.0.1 - - [19/May/2024 00:09:01] "OPTIONS /messages/publish HTTP/1.1" 200 -
2024-05-19 00:09:01,750 - INFO - Message published to Pub/Sub: 11184913806612297
2024-05-19 00:09:01,813 - INFO - Message saved to Firestore with ID: tPMmJpALAnF3vtkgMFMg
2024-05-19 00:09:01,814 - INFO - 127.0.0.1 - - [19/May/2024 00:09:01] "POST /messages/publish HTTP/1.1" 200 -
2024-05-19 00:09:12,032 - INFO - 127.0.0.1 - - [19/May/2024 00:09:12] "OPTIONS /messages/publish HTTP/1.1" 200 -
2024-05-19 00:09:12,565 - INFO - Message published to Pub/Sub: 11184899800400169
2024-05-19 00:09:12,636 - INFO - Message saved to Firestore with ID: 9El1WCIz5rTM7rcB7PYp
2024-05-19 00:09:12,637 - INFO - 127.0.0.1 - - [19/May/2024 00:09:12] "POST /messages/publish HTTP/1.1" 200 -
2024-05-19 00:09:24,701 - INFO - 127.0.0.1 - - [19/May/2024 00:09:24] "OPTIONS /messages/publish HTTP/1.1" 200 -
2024-05-19 00:09:25,257 - INFO - Message published to Pub/Sub: 11184903988396052
2024-05-19 00:09:25,314 - INFO - Message saved to Firestore with ID: dUTBsgR33qOCD2ssGxP4
2024-05-19 00:09:25,315 - INFO - 127.0.0.1 - - [19/May/2024 00:09:25] "POST /messages/publish HTTP/1.1" 200 -
2024-05-19 00:09:27,952 - INFO - Message published to Pub/Sub: 11184712318441846
2024-05-19 00:09:28,011 - INFO - Message saved to Firestore with ID: s6kT2X85acTeBCXhTkwc
2024-05-19 00:09:28,012 - INFO - 127.0.0.1 - - [19/May/2024 00:09:28] "POST /messages/publish HTTP/1.1" 200 -
2024-05-19 00:09:34,192 - INFO - 127.0.0.1 - - [19/May/2024 00:09:34] "OPTIONS /messages/publish HTTP/1.1" 200 -
2024-05-19 00:09:34,731 - INFO - Message published to Pub/Sub: 11184917940850465
2024-05-19 00:09:34,775 - INFO - Message saved to Firestore with ID: 6wpxOIGrQJ2BMYnIag7n
2024-05-19 00:09:34,775 - INFO - 127.0.0.1 - - [19/May/2024 00:09:34] "POST /messages/publish HTTP/1.1" 200 -
2024-05-19 00:09:39,963 - INFO - 127.0.0.1 - - [19/May/2024 00:09:39] "OPTIONS /messages/publish HTTP/1.1" 200 -
2024-05-19 00:09:40,507 - INFO - Message published to Pub/Sub: 11184923242449923
2024-05-19 00:09:40,576 - INFO - Message saved to Firestore with ID: prVPndewV5dzcC1j7E8m
2024-05-19 00:09:40,577 - INFO - 127.0.0.1 - - [19/May/2024 00:09:40] "POST /messages/publish HTTP/1.1" 200 -
2024-05-19 00:09:45,121 - INFO - Message published to Pub/Sub: 11184913123593568
2024-05-19 00:09:45,151 - INFO - Message saved to Firestore with ID: w8Q3wFfJDA9y5TT28996
2024-05-19 00:09:45,152 - INFO - 127.0.0.1 - - [19/May/2024 00:09:45] "POST /messages/publish HTTP/1.1" 200 -
2024-05-19 00:09:53,922 - INFO - 127.0.0.1 - - [19/May/2024 00:09:53] "GET /socket.io/?EIO=4&transport=websocket&sid=J36uxtkOZ_aImFdsAAAY HTTP/1.1" 200 -
2024-05-19 00:09:54,020 - INFO - 127.0.0.1 - - [19/May/2024 00:09:54] "GET /socket.io/?EIO=4&transport=polling&t=O-DYYpX HTTP/1.1" 200 -
2024-05-19 00:09:54,023 - INFO - 127.0.0.1 - - [19/May/2024 00:09:54] "POST /socket.io/?EIO=4&transport=polling&t=O-DYYpc&sid=2qMcClU8B99t5ofgAAAa HTTP/1.1" 200 -
2024-05-19 00:09:54,025 - INFO - 127.0.0.1 - - [19/May/2024 00:09:54] "GET /socket.io/?EIO=4&transport=polling&t=O-DYYpc.0&sid=2qMcClU8B99t5ofgAAAa HTTP/1.1" 200 -
2024-05-19 00:09:56,372 - INFO - 127.0.0.1 - - [19/May/2024 00:09:56] "GET /socket.io/?EIO=4&transport=websocket&sid=TbPtiCVsobMm2e3oAAAW HTTP/1.1" 200 -
2024-05-19 00:09:56,465 - INFO - 127.0.0.1 - - [19/May/2024 00:09:56] "GET /socket.io/?EIO=4&transport=polling&t=O-DYZPk HTTP/1.1" 200 -
2024-05-19 00:09:56,469 - INFO - 127.0.0.1 - - [19/May/2024 00:09:56] "POST /socket.io/?EIO=4&transport=polling&t=O-DYZPq&sid=8iU5ECMNas4N6hZbAAAc HTTP/1.1" 200 -
2024-05-19 00:09:56,472 - INFO - 127.0.0.1 - - [19/May/2024 00:09:56] "GET /socket.io/?EIO=4&transport=polling&t=O-DYZPq.0&sid=8iU5ECMNas4N6hZbAAAc HTTP/1.1" 200 -
2024-05-19 00:10:03,551 - INFO - 127.0.0.1 - - [19/May/2024 00:10:03] "GET /socket.io/?EIO=4&transport=websocket&sid=8iU5ECMNas4N6hZbAAAc HTTP/1.1" 200 -
2024-05-19 00:10:03,645 - INFO - 127.0.0.1 - - [19/May/2024 00:10:03] "GET /socket.io/?EIO=4&transport=polling&t=O-DYb9w HTTP/1.1" 200 -
2024-05-19 00:10:03,647 - INFO - 127.0.0.1 - - [19/May/2024 00:10:03] "POST /socket.io/?EIO=4&transport=polling&t=O-DYb9-&sid=YVNg1B0t2Q0XPrxHAAAe HTTP/1.1" 200 -
2024-05-19 00:10:03,648 - INFO - 127.0.0.1 - - [19/May/2024 00:10:03] "GET /socket.io/?EIO=4&transport=polling&t=O-DYb9-.0&sid=YVNg1B0t2Q0XPrxHAAAe HTTP/1.1" 200 -
2024-05-19 00:10:03,649 - INFO - 127.0.0.1 - - [19/May/2024 00:10:03] "GET /socket.io/?EIO=4&transport=polling&t=O-DYbA1&sid=YVNg1B0t2Q0XPrxHAAAe HTTP/1.1" 200 -
2024-05-19 00:10:04,367 - INFO - 127.0.0.1 - - [19/May/2024 00:10:04] "GET /socket.io/?EIO=4&transport=websocket&sid=2qMcClU8B99t5ofgAAAa HTTP/1.1" 200 -
2024-05-19 00:10:04,459 - INFO - 127.0.0.1 - - [19/May/2024 00:10:04] "GET /socket.io/?EIO=4&transport=polling&t=O-DYbMf HTTP/1.1" 200 -
2024-05-19 00:10:04,460 - INFO - 127.0.0.1 - - [19/May/2024 00:10:04] "POST /socket.io/?EIO=4&transport=polling&t=O-DYbMh&sid=ctgOixTZWyEWOEpoAAAg HTTP/1.1" 200 -
2024-05-19 00:10:04,461 - INFO - 127.0.0.1 - - [19/May/2024 00:10:04] "GET /socket.io/?EIO=4&transport=polling&t=O-DYbMi&sid=ctgOixTZWyEWOEpoAAAg HTTP/1.1" 200 -
2024-05-19 00:10:04,462 - INFO - 127.0.0.1 - - [19/May/2024 00:10:04] "GET /socket.io/?EIO=4&transport=polling&t=O-DYbMk&sid=ctgOixTZWyEWOEpoAAAg HTTP/1.1" 200 -
2024-05-19 00:10:05,699 - INFO - 127.0.0.1 - - [19/May/2024 00:10:05] "GET /socket.io/?EIO=4&transport=websocket&sid=YVNg1B0t2Q0XPrxHAAAe HTTP/1.1" 200 -
2024-05-19 00:10:05,768 - INFO - 127.0.0.1 - - [19/May/2024 00:10:05] "GET /socket.io/?EIO=4&transport=polling&t=O-DYbh6 HTTP/1.1" 200 -
2024-05-19 00:10:05,770 - INFO - 127.0.0.1 - - [19/May/2024 00:10:05] "POST /socket.io/?EIO=4&transport=polling&t=O-DYbh9&sid=sEXUbP0ShpyZ6Ze0AAAi HTTP/1.1" 200 -
2024-05-19 00:10:05,770 - INFO - 127.0.0.1 - - [19/May/2024 00:10:05] "GET /socket.io/?EIO=4&transport=polling&t=O-DYbh9.0&sid=sEXUbP0ShpyZ6Ze0AAAi HTTP/1.1" 200 -
2024-05-19 00:10:06,367 - INFO - 127.0.0.1 - - [19/May/2024 00:10:06] "GET /socket.io/?EIO=4&transport=websocket&sid=ctgOixTZWyEWOEpoAAAg HTTP/1.1" 200 -
2024-05-19 00:10:06,463 - INFO - 127.0.0.1 - - [19/May/2024 00:10:06] "GET /socket.io/?EIO=4&transport=polling&t=O-DYbr- HTTP/1.1" 200 -
2024-05-19 00:10:06,465 - INFO - 127.0.0.1 - - [19/May/2024 00:10:06] "POST /socket.io/?EIO=4&transport=polling&t=O-DYbr_&sid=eVU4WJdSKp5wYr3cAAAk HTTP/1.1" 200 -
2024-05-19 00:10:06,465 - INFO - 127.0.0.1 - - [19/May/2024 00:10:06] "GET /socket.io/?EIO=4&transport=polling&t=O-DYbs0&sid=eVU4WJdSKp5wYr3cAAAk HTTP/1.1" 200 -
2024-05-19 00:10:06,466 - INFO - 127.0.0.1 - - [19/May/2024 00:10:06] "GET /socket.io/?EIO=4&transport=polling&t=O-DYbs2&sid=eVU4WJdSKp5wYr3cAAAk HTTP/1.1" 200 -
2024-05-19 00:10:07,672 - INFO - 127.0.0.1 - - [19/May/2024 00:10:07] "GET /socket.io/?EIO=4&transport=websocket&sid=sEXUbP0ShpyZ6Ze0AAAi HTTP/1.1" 200 -
2024-05-19 00:10:07,741 - INFO - 127.0.0.1 - - [19/May/2024 00:10:07] "GET /socket.io/?EIO=4&transport=polling&t=O-DYc9w HTTP/1.1" 200 -
2024-05-19 00:10:07,743 - INFO - 127.0.0.1 - - [19/May/2024 00:10:07] "POST /socket.io/?EIO=4&transport=polling&t=O-DYc9-&sid=e4VIJ9ZCZJiehaPmAAAm HTTP/1.1" 200 -
2024-05-19 00:10:07,744 - INFO - 127.0.0.1 - - [19/May/2024 00:10:07] "GET /socket.io/?EIO=4&transport=polling&t=O-DYc9-.0&sid=e4VIJ9ZCZJiehaPmAAAm HTTP/1.1" 200 -
2024-05-19 00:10:07,746 - INFO - 127.0.0.1 - - [19/May/2024 00:10:07] "GET /socket.io/?EIO=4&transport=polling&t=O-DYcA1&sid=e4VIJ9ZCZJiehaPmAAAm HTTP/1.1" 200 -
2024-05-19 00:10:08,367 - INFO - 127.0.0.1 - - [19/May/2024 00:10:08] "GET /socket.io/?EIO=4&transport=websocket&sid=eVU4WJdSKp5wYr3cAAAk HTTP/1.1" 200 -
2024-05-19 00:10:08,474 - INFO - 127.0.0.1 - - [19/May/2024 00:10:08] "GET /socket.io/?EIO=4&transport=polling&t=O-DYcLO HTTP/1.1" 200 -
2024-05-19 00:10:08,477 - INFO - 127.0.0.1 - - [19/May/2024 00:10:08] "POST /socket.io/?EIO=4&transport=polling&t=O-DYcLR&sid=a5YvxxR5E0FhCT8WAAAo HTTP/1.1" 200 -
2024-05-19 00:10:08,478 - INFO - 127.0.0.1 - - [19/May/2024 00:10:08] "GET /socket.io/?EIO=4&transport=polling&t=O-DYcLS&sid=a5YvxxR5E0FhCT8WAAAo HTTP/1.1" 200 -
2024-05-19 00:10:08,480 - INFO - 127.0.0.1 - - [19/May/2024 00:10:08] "GET /socket.io/?EIO=4&transport=polling&t=O-DYcLV&sid=a5YvxxR5E0FhCT8WAAAo HTTP/1.1" 200 -
2024-05-19 00:10:23,566 - INFO - 127.0.0.1 - - [19/May/2024 00:10:23] "GET /socket.io/?EIO=4&transport=websocket&sid=e4VIJ9ZCZJiehaPmAAAm HTTP/1.1" 200 -
2024-05-19 00:10:23,651 - INFO - 127.0.0.1 - - [19/May/2024 00:10:23] "GET /socket.io/?EIO=4&transport=polling&t=O-DYg2X HTTP/1.1" 200 -
2024-05-19 00:10:23,652 - INFO - 127.0.0.1 - - [19/May/2024 00:10:23] "POST /socket.io/?EIO=4&transport=polling&t=O-DYg2Z&sid=IkRQIwqMRPoAWFA9AAAq HTTP/1.1" 200 -
2024-05-19 00:10:23,653 - INFO - 127.0.0.1 - - [19/May/2024 00:10:23] "GET /socket.io/?EIO=4&transport=polling&t=O-DYg2a&sid=IkRQIwqMRPoAWFA9AAAq HTTP/1.1" 200 -
2024-05-19 00:10:23,655 - INFO - 127.0.0.1 - - [19/May/2024 00:10:23] "GET /socket.io/?EIO=4&transport=polling&t=O-DYg2c&sid=IkRQIwqMRPoAWFA9AAAq HTTP/1.1" 200 -
2024-05-19 00:10:24,373 - INFO - 127.0.0.1 - - [19/May/2024 00:10:24] "GET /socket.io/?EIO=4&transport=websocket&sid=a5YvxxR5E0FhCT8WAAAo HTTP/1.1" 200 -
2024-05-19 00:10:24,471 - INFO - 127.0.0.1 - - [19/May/2024 00:10:24] "GET /socket.io/?EIO=4&transport=polling&t=O-DYgFM HTTP/1.1" 200 -
2024-05-19 00:10:24,472 - INFO - 127.0.0.1 - - [19/May/2024 00:10:24] "POST /socket.io/?EIO=4&transport=polling&t=O-DYgFN&sid=sM4DtIzcHxuWFrrvAAAs HTTP/1.1" 200 -
2024-05-19 00:10:24,473 - INFO - 127.0.0.1 - - [19/May/2024 00:10:24] "GET /socket.io/?EIO=4&transport=polling&t=O-DYgFO&sid=sM4DtIzcHxuWFrrvAAAs HTTP/1.1" 200 -
2024-05-19 00:10:24,474 - INFO - 127.0.0.1 - - [19/May/2024 00:10:24] "GET /socket.io/?EIO=4&transport=polling&t=O-DYgFQ&sid=sM4DtIzcHxuWFrrvAAAs HTTP/1.1" 200 -
2024-05-19 00:11:14,801 - INFO - 127.0.0.1 - - [19/May/2024 00:11:14] "GET /socket.io/?EIO=4&transport=websocket&sid=sM4DtIzcHxuWFrrvAAAs HTTP/1.1" 200 -
2024-05-19 00:11:14,812 - INFO - 127.0.0.1 - - [19/May/2024 00:11:14] "GET /socket.io/?EIO=4&transport=websocket&sid=IkRQIwqMRPoAWFA9AAAq HTTP/1.1" 200 -
2024-05-19 00:11:14,913 - INFO - 127.0.0.1 - - [19/May/2024 00:11:14] "GET /socket.io/?EIO=4&transport=polling&t=O-DYsZV HTTP/1.1" 200 -
2024-05-19 00:11:14,915 - INFO - 127.0.0.1 - - [19/May/2024 00:11:14] "POST /socket.io/?EIO=4&transport=polling&t=O-DYsZY&sid=pZ_oyc_V1W-qWFo5AAAu HTTP/1.1" 200 -
2024-05-19 00:11:14,915 - INFO - 127.0.0.1 - - [19/May/2024 00:11:14] "GET /socket.io/?EIO=4&transport=polling&t=O-DYsZY.0&sid=pZ_oyc_V1W-qWFo5AAAu HTTP/1.1" 200 -
2024-05-19 00:11:14,927 - INFO - 127.0.0.1 - - [19/May/2024 00:11:14] "GET /socket.io/?EIO=4&transport=polling&t=O-DYsZk HTTP/1.1" 200 -
2024-05-19 00:11:14,928 - INFO - 127.0.0.1 - - [19/May/2024 00:11:14] "POST /socket.io/?EIO=4&transport=polling&t=O-DYsZl&sid=aVErfC_GAR2JqOFvAAAw HTTP/1.1" 200 -
2024-05-19 00:11:14,929 - INFO - 127.0.0.1 - - [19/May/2024 00:11:14] "GET /socket.io/?EIO=4&transport=polling&t=O-DYsZm&sid=aVErfC_GAR2JqOFvAAAw HTTP/1.1" 200 -
2024-05-19 00:11:14,930 - INFO - 127.0.0.1 - - [19/May/2024 00:11:14] "GET /socket.io/?EIO=4&transport=polling&t=O-DYsZn&sid=aVErfC_GAR2JqOFvAAAw HTTP/1.1" 200 -
2024-05-19 00:16:01,701 - INFO - 127.0.0.1 - - [19/May/2024 00:16:01] "GET /socket.io/?EIO=4&transport=websocket&sid=pZ_oyc_V1W-qWFo5AAAu HTTP/1.1" 200 -
2024-05-19 00:16:01,784 - INFO - 127.0.0.1 - - [19/May/2024 00:16:01] "GET /socket.io/?EIO=4&transport=polling&t=O-DZybs HTTP/1.1" 200 -
2024-05-19 00:16:01,787 - INFO - 127.0.0.1 - - [19/May/2024 00:16:01] "POST /socket.io/?EIO=4&transport=polling&t=O-DZybv&sid=EnUxuE4cCkXNMwjOAAAy HTTP/1.1" 200 -
2024-05-19 00:16:01,788 - INFO - 127.0.0.1 - - [19/May/2024 00:16:01] "GET /socket.io/?EIO=4&transport=polling&t=O-DZybw&sid=EnUxuE4cCkXNMwjOAAAy HTTP/1.1" 200 -
2024-05-19 00:16:01,790 - INFO - 127.0.0.1 - - [19/May/2024 00:16:01] "GET /socket.io/?EIO=4&transport=polling&t=O-DZybz&sid=EnUxuE4cCkXNMwjOAAAy HTTP/1.1" 200 -
2024-05-19 00:16:02,374 - INFO - 127.0.0.1 - - [19/May/2024 00:16:02] "GET /socket.io/?EIO=4&transport=websocket&sid=aVErfC_GAR2JqOFvAAAw HTTP/1.1" 200 -
2024-05-19 00:16:02,509 - INFO - 127.0.0.1 - - [19/May/2024 00:16:02] "GET /socket.io/?EIO=4&transport=polling&t=O-DZynC HTTP/1.1" 200 -
2024-05-19 00:16:02,513 - INFO - 127.0.0.1 - - [19/May/2024 00:16:02] "POST /socket.io/?EIO=4&transport=polling&t=O-DZynG&sid=_g-OtDUDgBk5sL7GAAA0 HTTP/1.1" 200 -
2024-05-19 00:16:02,513 - INFO - 127.0.0.1 - - [19/May/2024 00:16:02] "GET /socket.io/?EIO=4&transport=polling&t=O-DZynG.0&sid=_g-OtDUDgBk5sL7GAAA0 HTTP/1.1" 200 -
2024-05-19 00:16:02,514 - INFO - 127.0.0.1 - - [19/May/2024 00:16:02] "GET /socket.io/?EIO=4&transport=polling&t=O-DZynI&sid=_g-OtDUDgBk5sL7GAAA0 HTTP/1.1" 200 -
2024-05-19 00:16:03,378 - INFO - 127.0.0.1 - - [19/May/2024 00:16:03] "GET /socket.io/?EIO=4&transport=websocket&sid=EnUxuE4cCkXNMwjOAAAy HTTP/1.1" 200 -
2024-05-19 00:16:03,437 - INFO - 127.0.0.1 - - [19/May/2024 00:16:03] "GET /socket.io/?EIO=4&transport=polling&t=O-DZy_h HTTP/1.1" 200 -
2024-05-19 00:16:03,439 - INFO - 127.0.0.1 - - [19/May/2024 00:16:03] "POST /socket.io/?EIO=4&transport=polling&t=O-DZy_k&sid=EMhMMdJpQREfQru6AAA2 HTTP/1.1" 200 -
2024-05-19 00:16:03,440 - INFO - 127.0.0.1 - - [19/May/2024 00:16:03] "GET /socket.io/?EIO=4&transport=polling&t=O-DZy_k.0&sid=EMhMMdJpQREfQru6AAA2 HTTP/1.1" 200 -
2024-05-19 00:16:03,442 - INFO - 127.0.0.1 - - [19/May/2024 00:16:03] "GET /socket.io/?EIO=4&transport=polling&t=O-DZy_n&sid=EMhMMdJpQREfQru6AAA2 HTTP/1.1" 200 -
2024-05-19 00:16:04,364 - INFO - 127.0.0.1 - - [19/May/2024 00:16:04] "GET /socket.io/?EIO=4&transport=websocket&sid=_g-OtDUDgBk5sL7GAAA0 HTTP/1.1" 200 -
2024-05-19 00:16:04,457 - INFO - 127.0.0.1 - - [19/May/2024 00:16:04] "GET /socket.io/?EIO=4&transport=polling&t=O-DZzFd HTTP/1.1" 200 -
2024-05-19 00:16:04,460 - INFO - 127.0.0.1 - - [19/May/2024 00:16:04] "POST /socket.io/?EIO=4&transport=polling&t=O-DZzFg&sid=RA5j1sunrnFcN-eEAAA4 HTTP/1.1" 200 -
2024-05-19 00:16:04,461 - INFO - 127.0.0.1 - - [19/May/2024 00:16:04] "GET /socket.io/?EIO=4&transport=polling&t=O-DZzFg.0&sid=RA5j1sunrnFcN-eEAAA4 HTTP/1.1" 200 -
2024-05-19 00:16:04,464 - INFO - 127.0.0.1 - - [19/May/2024 00:16:04] "GET /socket.io/?EIO=4&transport=polling&t=O-DZzFl&sid=RA5j1sunrnFcN-eEAAA4 HTTP/1.1" 200 -
2024-05-19 00:16:06,124 - INFO - 127.0.0.1 - - [19/May/2024 00:16:06] "OPTIONS /messages/get_messages?receiver_id=gEPooI5KujMcg8QMChAU32qh2ql1 HTTP/1.1" 200 -
2024-05-19 00:16:07,079 - INFO - 127.0.0.1 - - [19/May/2024 00:16:07] "GET /messages/get_messages?receiver_id=gEPooI5KujMcg8QMChAU32qh2ql1 HTTP/1.1" 200 -
2024-05-19 00:18:19,074 - INFO - 127.0.0.1 - - [19/May/2024 00:18:19] "OPTIONS /messages/get_messages?receiver_id=kcA4QLnAfvcBnaxExxlmKqw1KIu2 HTTP/1.1" 200 -
2024-05-19 00:18:19,751 - INFO - 127.0.0.1 - - [19/May/2024 00:18:19] "GET /messages/get_messages?receiver_id=kcA4QLnAfvcBnaxExxlmKqw1KIu2 HTTP/1.1" 200 -
2024-05-19 00:18:34,482 - INFO - 127.0.0.1 - - [19/May/2024 00:18:34] "OPTIONS /messages/get_messages?receiver_id=Cq9vMZb8dfOqfHeZJy08SCPi7Fg1 HTTP/1.1" 200 -
2024-05-19 00:18:34,991 - INFO - 127.0.0.1 - - [19/May/2024 00:18:34] "GET /messages/get_messages?receiver_id=Cq9vMZb8dfOqfHeZJy08SCPi7Fg1 HTTP/1.1" 200 -
2024-05-19 00:18:45,196 - INFO - 127.0.0.1 - - [19/May/2024 00:18:45] "OPTIONS /messages/get_messages?receiver_id=gEPooI5KujMcg8QMChAU32qh2ql1 HTTP/1.1" 200 -
2024-05-19 00:18:45,658 - INFO - 127.0.0.1 - - [19/May/2024 00:18:45] "GET /messages/get_messages?receiver_id=gEPooI5KujMcg8QMChAU32qh2ql1 HTTP/1.1" 200 -
2024-05-19 00:20:22,490 - INFO - 127.0.0.1 - - [19/May/2024 00:20:22] "GET /socket.io/?EIO=4&transport=websocket&sid=EMhMMdJpQREfQru6AAA2 HTTP/1.1" 200 -
2024-05-19 00:20:22,595 - INFO - 127.0.0.1 - - [19/May/2024 00:20:22] "GET /socket.io/?EIO=4&transport=polling&t=O-DayH1 HTTP/1.1" 200 -
2024-05-19 00:20:22,599 - INFO - 127.0.0.1 - - [19/May/2024 00:20:22] "POST /socket.io/?EIO=4&transport=polling&t=O-DayH4&sid=kRU93rCSEjgYIh12AAA6 HTTP/1.1" 200 -
2024-05-19 00:20:22,602 - INFO - 127.0.0.1 - - [19/May/2024 00:20:22] "GET /socket.io/?EIO=4&transport=polling&t=O-DayH5&sid=kRU93rCSEjgYIh12AAA6 HTTP/1.1" 200 -
2024-05-19 00:20:23,902 - INFO - 127.0.0.1 - - [19/May/2024 00:20:23] "OPTIONS /messages/get_messages?receiver_id=gEPooI5KujMcg8QMChAU32qh2ql1 HTTP/1.1" 200 -
2024-05-19 00:20:24,377 - INFO - 127.0.0.1 - - [19/May/2024 00:20:24] "GET /messages/get_messages?receiver_id=gEPooI5KujMcg8QMChAU32qh2ql1 HTTP/1.1" 200 -
2024-05-19 00:22:09,449 - INFO - [31m[1mWARNING: This is a development server. Do not use it in a production deployment. Use a production WSGI server instead.[0m
 * Running on http://localhost:5001
2024-05-19 00:22:09,449 - INFO - [33mPress CTRL+C to quit[0m
2024-05-19 00:22:10,358 - INFO - 127.0.0.1 - - [19/May/2024 00:22:10] "GET /socket.io/?EIO=4&transport=polling&t=O-DbMaj HTTP/1.1" 200 -
2024-05-19 00:22:10,358 - INFO - 127.0.0.1 - - [19/May/2024 00:22:10] "GET /socket.io/?EIO=4&transport=polling&t=O-DbMal HTTP/1.1" 200 -
2024-05-19 00:22:10,370 - INFO - 127.0.0.1 - - [19/May/2024 00:22:10] "POST /socket.io/?EIO=4&transport=polling&t=O-DbMaw&sid=yyvYqKCNURfHN4nnAAAA HTTP/1.1" 200 -
2024-05-19 00:22:10,370 - INFO - 127.0.0.1 - - [19/May/2024 00:22:10] "POST /socket.io/?EIO=4&transport=polling&t=O-DbMaw&sid=GNKyDnVpfeZ6iQ5rAAAB HTTP/1.1" 200 -
2024-05-19 00:22:10,371 - INFO - 127.0.0.1 - - [19/May/2024 00:22:10] "GET /socket.io/?EIO=4&transport=polling&t=O-DbMay&sid=GNKyDnVpfeZ6iQ5rAAAB HTTP/1.1" 200 -
2024-05-19 00:22:10,372 - INFO - 127.0.0.1 - - [19/May/2024 00:22:10] "GET /socket.io/?EIO=4&transport=polling&t=O-DbMaz&sid=yyvYqKCNURfHN4nnAAAA HTTP/1.1" 200 -
2024-05-19 00:22:10,380 - INFO - 127.0.0.1 - - [19/May/2024 00:22:10] "GET /socket.io/?EIO=4&transport=polling&t=O-DbMb6&sid=GNKyDnVpfeZ6iQ5rAAAB HTTP/1.1" 200 -
2024-05-19 00:22:27,701 - INFO - 127.0.0.1 - - [19/May/2024 00:22:27] "GET /socket.io/?EIO=4&transport=websocket&sid=yyvYqKCNURfHN4nnAAAA HTTP/1.1" 200 -
2024-05-19 00:22:27,804 - INFO - 127.0.0.1 - - [19/May/2024 00:22:27] "GET /socket.io/?EIO=4&transport=polling&t=O-DbQrQ HTTP/1.1" 200 -
2024-05-19 00:22:27,807 - INFO - 127.0.0.1 - - [19/May/2024 00:22:27] "POST /socket.io/?EIO=4&transport=polling&t=O-DbQrT&sid=5npxp9H8KMxT8Pu7AAAE HTTP/1.1" 200 -
2024-05-19 00:22:27,808 - INFO - 127.0.0.1 - - [19/May/2024 00:22:27] "GET /socket.io/?EIO=4&transport=polling&t=O-DbQrT.0&sid=5npxp9H8KMxT8Pu7AAAE HTTP/1.1" 200 -
2024-05-19 00:22:27,811 - INFO - 127.0.0.1 - - [19/May/2024 00:22:27] "GET /socket.io/?EIO=4&transport=polling&t=O-DbQrY&sid=5npxp9H8KMxT8Pu7AAAE HTTP/1.1" 200 -
2024-05-19 00:22:29,256 - INFO - 127.0.0.1 - - [19/May/2024 00:22:29] "OPTIONS /messages/get_messages?receiver_id=gEPooI5KujMcg8QMChAU32qh2ql1 HTTP/1.1" 200 -
2024-05-19 00:22:29,705 - ERROR - Exception on /messages/get_messages [GET]
Traceback (most recent call last):
  File "/Users/muhailah/chtcht/chtcht/env/lib/python3.12/site-packages/pyrebase/pyrebase.py", line 544, in raise_detailed_error
    request_object.raise_for_status()
  File "/Users/muhailah/chtcht/chtcht/env/lib/python3.12/site-packages/requests/models.py", line 1021, in raise_for_status
    raise HTTPError(http_error_msg, response=self)
requests.exceptions.HTTPError: 400 Client Error: Bad Request for url: https://www.googleapis.com/identitytoolkit/v3/relyingparty/getAccountInfo?key=AIzaSyDd9YRWul2zoxW4l3SNw1Pso_S5ajE4bys

During handling of the above exception, another exception occurred:

Traceback (most recent call last):
  File "/Users/muhailah/chtcht/chtcht/env/lib/python3.12/site-packages/flask/app.py", line 1473, in wsgi_app
    response = self.full_dispatch_request()
               ^^^^^^^^^^^^^^^^^^^^^^^^^^^^
  File "/Users/muhailah/chtcht/chtcht/env/lib/python3.12/site-packages/flask/app.py", line 882, in full_dispatch_request
    rv = self.handle_user_exception(e)
         ^^^^^^^^^^^^^^^^^^^^^^^^^^^^^
  File "/Users/muhailah/chtcht/chtcht/env/lib/python3.12/site-packages/flask_cors/extension.py", line 176, in wrapped_function
    return cors_after_request(app.make_response(f(*args, **kwargs)))
                                                ^^^^^^^^^^^^^^^^^^
  File "/Users/muhailah/chtcht/chtcht/env/lib/python3.12/site-packages/flask/app.py", line 880, in full_dispatch_request
    rv = self.dispatch_request()
         ^^^^^^^^^^^^^^^^^^^^^^^
  File "/Users/muhailah/chtcht/chtcht/env/lib/python3.12/site-packages/flask/app.py", line 865, in dispatch_request
    return self.ensure_sync(self.view_functions[rule.endpoint])(**view_args)  # type: ignore[no-any-return]
           ^^^^^^^^^^^^^^^^^^^^^^^^^^^^^^^^^^^^^^^^^^^^^^^^^^^^^^^^^^^^^^^^^
  File "/Users/muhailah/chtcht/chtcht/app/blueprints/message.py", line 129, in get_messages
    user = auth.get_account_info(token)
           ^^^^^^^^^^^^^^^^^^^^^^^^^^^^
  File "/Users/muhailah/chtcht/chtcht/env/lib/python3.12/site-packages/pyrebase/pyrebase.py", line 139, in get_account_info
    raise_detailed_error(request_object)
  File "/Users/muhailah/chtcht/chtcht/env/lib/python3.12/site-packages/pyrebase/pyrebase.py", line 548, in raise_detailed_error
    raise HTTPError(e, request_object.text)
requests.exceptions.HTTPError: [Errno 400 Client Error: Bad Request for url: https://www.googleapis.com/identitytoolkit/v3/relyingparty/getAccountInfo?key=AIzaSyDd9YRWul2zoxW4l3SNw1Pso_S5ajE4bys] {
  "error": {
    "code": 400,
    "message": "INVALID_ID_TOKEN",
    "errors": [
      {
        "message": "INVALID_ID_TOKEN",
        "domain": "global",
        "reason": "invalid"
      }
    ]
  }
}

2024-05-19 00:22:29,714 - INFO - 127.0.0.1 - - [19/May/2024 00:22:29] "[35m[1mGET /messages/get_messages?receiver_id=gEPooI5KujMcg8QMChAU32qh2ql1 HTTP/1.1[0m" 500 -
2024-05-19 00:22:34,502 - INFO - 127.0.0.1 - - [19/May/2024 00:22:34] "OPTIONS /messages/get_messages?receiver_id=kcA4QLnAfvcBnaxExxlmKqw1KIu2 HTTP/1.1" 200 -
2024-05-19 00:22:34,884 - ERROR - Exception on /messages/get_messages [GET]
Traceback (most recent call last):
  File "/Users/muhailah/chtcht/chtcht/env/lib/python3.12/site-packages/pyrebase/pyrebase.py", line 544, in raise_detailed_error
    request_object.raise_for_status()
  File "/Users/muhailah/chtcht/chtcht/env/lib/python3.12/site-packages/requests/models.py", line 1021, in raise_for_status
    raise HTTPError(http_error_msg, response=self)
requests.exceptions.HTTPError: 400 Client Error: Bad Request for url: https://www.googleapis.com/identitytoolkit/v3/relyingparty/getAccountInfo?key=AIzaSyDd9YRWul2zoxW4l3SNw1Pso_S5ajE4bys

During handling of the above exception, another exception occurred:

Traceback (most recent call last):
  File "/Users/muhailah/chtcht/chtcht/env/lib/python3.12/site-packages/flask/app.py", line 1473, in wsgi_app
    response = self.full_dispatch_request()
               ^^^^^^^^^^^^^^^^^^^^^^^^^^^^
  File "/Users/muhailah/chtcht/chtcht/env/lib/python3.12/site-packages/flask/app.py", line 882, in full_dispatch_request
    rv = self.handle_user_exception(e)
         ^^^^^^^^^^^^^^^^^^^^^^^^^^^^^
  File "/Users/muhailah/chtcht/chtcht/env/lib/python3.12/site-packages/flask_cors/extension.py", line 176, in wrapped_function
    return cors_after_request(app.make_response(f(*args, **kwargs)))
                                                ^^^^^^^^^^^^^^^^^^
  File "/Users/muhailah/chtcht/chtcht/env/lib/python3.12/site-packages/flask/app.py", line 880, in full_dispatch_request
    rv = self.dispatch_request()
         ^^^^^^^^^^^^^^^^^^^^^^^
  File "/Users/muhailah/chtcht/chtcht/env/lib/python3.12/site-packages/flask/app.py", line 865, in dispatch_request
    return self.ensure_sync(self.view_functions[rule.endpoint])(**view_args)  # type: ignore[no-any-return]
           ^^^^^^^^^^^^^^^^^^^^^^^^^^^^^^^^^^^^^^^^^^^^^^^^^^^^^^^^^^^^^^^^^
  File "/Users/muhailah/chtcht/chtcht/app/blueprints/message.py", line 129, in get_messages
    user = auth.get_account_info(token)
           ^^^^^^^^^^^^^^^^^^^^^^^^^^^^
  File "/Users/muhailah/chtcht/chtcht/env/lib/python3.12/site-packages/pyrebase/pyrebase.py", line 139, in get_account_info
    raise_detailed_error(request_object)
  File "/Users/muhailah/chtcht/chtcht/env/lib/python3.12/site-packages/pyrebase/pyrebase.py", line 548, in raise_detailed_error
    raise HTTPError(e, request_object.text)
requests.exceptions.HTTPError: [Errno 400 Client Error: Bad Request for url: https://www.googleapis.com/identitytoolkit/v3/relyingparty/getAccountInfo?key=AIzaSyDd9YRWul2zoxW4l3SNw1Pso_S5ajE4bys] {
  "error": {
    "code": 400,
    "message": "INVALID_ID_TOKEN",
    "errors": [
      {
        "message": "INVALID_ID_TOKEN",
        "domain": "global",
        "reason": "invalid"
      }
    ]
  }
}

2024-05-19 00:22:34,888 - INFO - 127.0.0.1 - - [19/May/2024 00:22:34] "[35m[1mGET /messages/get_messages?receiver_id=kcA4QLnAfvcBnaxExxlmKqw1KIu2 HTTP/1.1[0m" 500 -
2024-05-19 00:22:36,033 - INFO - 127.0.0.1 - - [19/May/2024 00:22:36] "OPTIONS /messages/get_messages?receiver_id=Cq9vMZb8dfOqfHeZJy08SCPi7Fg1 HTTP/1.1" 200 -
2024-05-19 00:22:36,416 - ERROR - Exception on /messages/get_messages [GET]
Traceback (most recent call last):
  File "/Users/muhailah/chtcht/chtcht/env/lib/python3.12/site-packages/pyrebase/pyrebase.py", line 544, in raise_detailed_error
    request_object.raise_for_status()
  File "/Users/muhailah/chtcht/chtcht/env/lib/python3.12/site-packages/requests/models.py", line 1021, in raise_for_status
    raise HTTPError(http_error_msg, response=self)
requests.exceptions.HTTPError: 400 Client Error: Bad Request for url: https://www.googleapis.com/identitytoolkit/v3/relyingparty/getAccountInfo?key=AIzaSyDd9YRWul2zoxW4l3SNw1Pso_S5ajE4bys

During handling of the above exception, another exception occurred:

Traceback (most recent call last):
  File "/Users/muhailah/chtcht/chtcht/env/lib/python3.12/site-packages/flask/app.py", line 1473, in wsgi_app
    response = self.full_dispatch_request()
               ^^^^^^^^^^^^^^^^^^^^^^^^^^^^
  File "/Users/muhailah/chtcht/chtcht/env/lib/python3.12/site-packages/flask/app.py", line 882, in full_dispatch_request
    rv = self.handle_user_exception(e)
         ^^^^^^^^^^^^^^^^^^^^^^^^^^^^^
  File "/Users/muhailah/chtcht/chtcht/env/lib/python3.12/site-packages/flask_cors/extension.py", line 176, in wrapped_function
    return cors_after_request(app.make_response(f(*args, **kwargs)))
                                                ^^^^^^^^^^^^^^^^^^
  File "/Users/muhailah/chtcht/chtcht/env/lib/python3.12/site-packages/flask/app.py", line 880, in full_dispatch_request
    rv = self.dispatch_request()
         ^^^^^^^^^^^^^^^^^^^^^^^
  File "/Users/muhailah/chtcht/chtcht/env/lib/python3.12/site-packages/flask/app.py", line 865, in dispatch_request
    return self.ensure_sync(self.view_functions[rule.endpoint])(**view_args)  # type: ignore[no-any-return]
           ^^^^^^^^^^^^^^^^^^^^^^^^^^^^^^^^^^^^^^^^^^^^^^^^^^^^^^^^^^^^^^^^^
  File "/Users/muhailah/chtcht/chtcht/app/blueprints/message.py", line 129, in get_messages
    user = auth.get_account_info(token)
           ^^^^^^^^^^^^^^^^^^^^^^^^^^^^
  File "/Users/muhailah/chtcht/chtcht/env/lib/python3.12/site-packages/pyrebase/pyrebase.py", line 139, in get_account_info
    raise_detailed_error(request_object)
  File "/Users/muhailah/chtcht/chtcht/env/lib/python3.12/site-packages/pyrebase/pyrebase.py", line 548, in raise_detailed_error
    raise HTTPError(e, request_object.text)
requests.exceptions.HTTPError: [Errno 400 Client Error: Bad Request for url: https://www.googleapis.com/identitytoolkit/v3/relyingparty/getAccountInfo?key=AIzaSyDd9YRWul2zoxW4l3SNw1Pso_S5ajE4bys] {
  "error": {
    "code": 400,
    "message": "INVALID_ID_TOKEN",
    "errors": [
      {
        "message": "INVALID_ID_TOKEN",
        "domain": "global",
        "reason": "invalid"
      }
    ]
  }
}

2024-05-19 00:22:36,419 - INFO - 127.0.0.1 - - [19/May/2024 00:22:36] "[35m[1mGET /messages/get_messages?receiver_id=Cq9vMZb8dfOqfHeZJy08SCPi7Fg1 HTTP/1.1[0m" 500 -
2024-05-19 00:22:37,075 - INFO - 127.0.0.1 - - [19/May/2024 00:22:37] "OPTIONS /messages/get_messages?receiver_id=gEPooI5KujMcg8QMChAU32qh2ql1 HTTP/1.1" 200 -
2024-05-19 00:22:37,500 - ERROR - Exception on /messages/get_messages [GET]
Traceback (most recent call last):
  File "/Users/muhailah/chtcht/chtcht/env/lib/python3.12/site-packages/pyrebase/pyrebase.py", line 544, in raise_detailed_error
    request_object.raise_for_status()
  File "/Users/muhailah/chtcht/chtcht/env/lib/python3.12/site-packages/requests/models.py", line 1021, in raise_for_status
    raise HTTPError(http_error_msg, response=self)
requests.exceptions.HTTPError: 400 Client Error: Bad Request for url: https://www.googleapis.com/identitytoolkit/v3/relyingparty/getAccountInfo?key=AIzaSyDd9YRWul2zoxW4l3SNw1Pso_S5ajE4bys

During handling of the above exception, another exception occurred:

Traceback (most recent call last):
  File "/Users/muhailah/chtcht/chtcht/env/lib/python3.12/site-packages/flask/app.py", line 1473, in wsgi_app
    response = self.full_dispatch_request()
               ^^^^^^^^^^^^^^^^^^^^^^^^^^^^
  File "/Users/muhailah/chtcht/chtcht/env/lib/python3.12/site-packages/flask/app.py", line 882, in full_dispatch_request
    rv = self.handle_user_exception(e)
         ^^^^^^^^^^^^^^^^^^^^^^^^^^^^^
  File "/Users/muhailah/chtcht/chtcht/env/lib/python3.12/site-packages/flask_cors/extension.py", line 176, in wrapped_function
    return cors_after_request(app.make_response(f(*args, **kwargs)))
                                                ^^^^^^^^^^^^^^^^^^
  File "/Users/muhailah/chtcht/chtcht/env/lib/python3.12/site-packages/flask/app.py", line 880, in full_dispatch_request
    rv = self.dispatch_request()
         ^^^^^^^^^^^^^^^^^^^^^^^
  File "/Users/muhailah/chtcht/chtcht/env/lib/python3.12/site-packages/flask/app.py", line 865, in dispatch_request
    return self.ensure_sync(self.view_functions[rule.endpoint])(**view_args)  # type: ignore[no-any-return]
           ^^^^^^^^^^^^^^^^^^^^^^^^^^^^^^^^^^^^^^^^^^^^^^^^^^^^^^^^^^^^^^^^^
  File "/Users/muhailah/chtcht/chtcht/app/blueprints/message.py", line 129, in get_messages
    user = auth.get_account_info(token)
           ^^^^^^^^^^^^^^^^^^^^^^^^^^^^
  File "/Users/muhailah/chtcht/chtcht/env/lib/python3.12/site-packages/pyrebase/pyrebase.py", line 139, in get_account_info
    raise_detailed_error(request_object)
  File "/Users/muhailah/chtcht/chtcht/env/lib/python3.12/site-packages/pyrebase/pyrebase.py", line 548, in raise_detailed_error
    raise HTTPError(e, request_object.text)
requests.exceptions.HTTPError: [Errno 400 Client Error: Bad Request for url: https://www.googleapis.com/identitytoolkit/v3/relyingparty/getAccountInfo?key=AIzaSyDd9YRWul2zoxW4l3SNw1Pso_S5ajE4bys] {
  "error": {
    "code": 400,
    "message": "INVALID_ID_TOKEN",
    "errors": [
      {
        "message": "INVALID_ID_TOKEN",
        "domain": "global",
        "reason": "invalid"
      }
    ]
  }
}

2024-05-19 00:22:37,504 - INFO - 127.0.0.1 - - [19/May/2024 00:22:37] "[35m[1mGET /messages/get_messages?receiver_id=gEPooI5KujMcg8QMChAU32qh2ql1 HTTP/1.1[0m" 500 -
2024-05-19 00:22:40,905 - INFO - 127.0.0.1 - - [19/May/2024 00:22:40] "OPTIONS /messages/get_messages?receiver_id=gEPooI5KujMcg8QMChAU32qh2ql1 HTTP/1.1" 200 -
2024-05-19 00:22:41,301 - ERROR - Exception on /messages/get_messages [GET]
Traceback (most recent call last):
  File "/Users/muhailah/chtcht/chtcht/env/lib/python3.12/site-packages/pyrebase/pyrebase.py", line 544, in raise_detailed_error
    request_object.raise_for_status()
  File "/Users/muhailah/chtcht/chtcht/env/lib/python3.12/site-packages/requests/models.py", line 1021, in raise_for_status
    raise HTTPError(http_error_msg, response=self)
requests.exceptions.HTTPError: 400 Client Error: Bad Request for url: https://www.googleapis.com/identitytoolkit/v3/relyingparty/getAccountInfo?key=AIzaSyDd9YRWul2zoxW4l3SNw1Pso_S5ajE4bys

During handling of the above exception, another exception occurred:

Traceback (most recent call last):
  File "/Users/muhailah/chtcht/chtcht/env/lib/python3.12/site-packages/flask/app.py", line 1473, in wsgi_app
    response = self.full_dispatch_request()
               ^^^^^^^^^^^^^^^^^^^^^^^^^^^^
  File "/Users/muhailah/chtcht/chtcht/env/lib/python3.12/site-packages/flask/app.py", line 882, in full_dispatch_request
    rv = self.handle_user_exception(e)
         ^^^^^^^^^^^^^^^^^^^^^^^^^^^^^
  File "/Users/muhailah/chtcht/chtcht/env/lib/python3.12/site-packages/flask_cors/extension.py", line 176, in wrapped_function
    return cors_after_request(app.make_response(f(*args, **kwargs)))
                                                ^^^^^^^^^^^^^^^^^^
  File "/Users/muhailah/chtcht/chtcht/env/lib/python3.12/site-packages/flask/app.py", line 880, in full_dispatch_request
    rv = self.dispatch_request()
         ^^^^^^^^^^^^^^^^^^^^^^^
  File "/Users/muhailah/chtcht/chtcht/env/lib/python3.12/site-packages/flask/app.py", line 865, in dispatch_request
    return self.ensure_sync(self.view_functions[rule.endpoint])(**view_args)  # type: ignore[no-any-return]
           ^^^^^^^^^^^^^^^^^^^^^^^^^^^^^^^^^^^^^^^^^^^^^^^^^^^^^^^^^^^^^^^^^
  File "/Users/muhailah/chtcht/chtcht/app/blueprints/message.py", line 129, in get_messages
    user = auth.get_account_info(token)
           ^^^^^^^^^^^^^^^^^^^^^^^^^^^^
  File "/Users/muhailah/chtcht/chtcht/env/lib/python3.12/site-packages/pyrebase/pyrebase.py", line 139, in get_account_info
    raise_detailed_error(request_object)
  File "/Users/muhailah/chtcht/chtcht/env/lib/python3.12/site-packages/pyrebase/pyrebase.py", line 548, in raise_detailed_error
    raise HTTPError(e, request_object.text)
requests.exceptions.HTTPError: [Errno 400 Client Error: Bad Request for url: https://www.googleapis.com/identitytoolkit/v3/relyingparty/getAccountInfo?key=AIzaSyDd9YRWul2zoxW4l3SNw1Pso_S5ajE4bys] {
  "error": {
    "code": 400,
    "message": "INVALID_ID_TOKEN",
    "errors": [
      {
        "message": "INVALID_ID_TOKEN",
        "domain": "global",
        "reason": "invalid"
      }
    ]
  }
}

2024-05-19 00:22:41,304 - INFO - 127.0.0.1 - - [19/May/2024 00:22:41] "[35m[1mGET /messages/get_messages?receiver_id=gEPooI5KujMcg8QMChAU32qh2ql1 HTTP/1.1[0m" 500 -
2024-05-19 00:22:41,915 - INFO - 127.0.0.1 - - [19/May/2024 00:22:41] "OPTIONS /messages/get_messages?receiver_id=kcA4QLnAfvcBnaxExxlmKqw1KIu2 HTTP/1.1" 200 -
2024-05-19 00:22:42,304 - ERROR - Exception on /messages/get_messages [GET]
Traceback (most recent call last):
  File "/Users/muhailah/chtcht/chtcht/env/lib/python3.12/site-packages/pyrebase/pyrebase.py", line 544, in raise_detailed_error
    request_object.raise_for_status()
  File "/Users/muhailah/chtcht/chtcht/env/lib/python3.12/site-packages/requests/models.py", line 1021, in raise_for_status
    raise HTTPError(http_error_msg, response=self)
requests.exceptions.HTTPError: 400 Client Error: Bad Request for url: https://www.googleapis.com/identitytoolkit/v3/relyingparty/getAccountInfo?key=AIzaSyDd9YRWul2zoxW4l3SNw1Pso_S5ajE4bys

During handling of the above exception, another exception occurred:

Traceback (most recent call last):
  File "/Users/muhailah/chtcht/chtcht/env/lib/python3.12/site-packages/flask/app.py", line 1473, in wsgi_app
    response = self.full_dispatch_request()
               ^^^^^^^^^^^^^^^^^^^^^^^^^^^^
  File "/Users/muhailah/chtcht/chtcht/env/lib/python3.12/site-packages/flask/app.py", line 882, in full_dispatch_request
    rv = self.handle_user_exception(e)
         ^^^^^^^^^^^^^^^^^^^^^^^^^^^^^
  File "/Users/muhailah/chtcht/chtcht/env/lib/python3.12/site-packages/flask_cors/extension.py", line 176, in wrapped_function
    return cors_after_request(app.make_response(f(*args, **kwargs)))
                                                ^^^^^^^^^^^^^^^^^^
  File "/Users/muhailah/chtcht/chtcht/env/lib/python3.12/site-packages/flask/app.py", line 880, in full_dispatch_request
    rv = self.dispatch_request()
         ^^^^^^^^^^^^^^^^^^^^^^^
  File "/Users/muhailah/chtcht/chtcht/env/lib/python3.12/site-packages/flask/app.py", line 865, in dispatch_request
    return self.ensure_sync(self.view_functions[rule.endpoint])(**view_args)  # type: ignore[no-any-return]
           ^^^^^^^^^^^^^^^^^^^^^^^^^^^^^^^^^^^^^^^^^^^^^^^^^^^^^^^^^^^^^^^^^
  File "/Users/muhailah/chtcht/chtcht/app/blueprints/message.py", line 129, in get_messages
    user = auth.get_account_info(token)
           ^^^^^^^^^^^^^^^^^^^^^^^^^^^^
  File "/Users/muhailah/chtcht/chtcht/env/lib/python3.12/site-packages/pyrebase/pyrebase.py", line 139, in get_account_info
    raise_detailed_error(request_object)
  File "/Users/muhailah/chtcht/chtcht/env/lib/python3.12/site-packages/pyrebase/pyrebase.py", line 548, in raise_detailed_error
    raise HTTPError(e, request_object.text)
requests.exceptions.HTTPError: [Errno 400 Client Error: Bad Request for url: https://www.googleapis.com/identitytoolkit/v3/relyingparty/getAccountInfo?key=AIzaSyDd9YRWul2zoxW4l3SNw1Pso_S5ajE4bys] {
  "error": {
    "code": 400,
    "message": "INVALID_ID_TOKEN",
    "errors": [
      {
        "message": "INVALID_ID_TOKEN",
        "domain": "global",
        "reason": "invalid"
      }
    ]
  }
}

2024-05-19 00:22:42,307 - INFO - 127.0.0.1 - - [19/May/2024 00:22:42] "[35m[1mGET /messages/get_messages?receiver_id=kcA4QLnAfvcBnaxExxlmKqw1KIu2 HTTP/1.1[0m" 500 -
2024-05-19 00:22:42,784 - INFO - 127.0.0.1 - - [19/May/2024 00:22:42] "OPTIONS /messages/get_messages?receiver_id=Cq9vMZb8dfOqfHeZJy08SCPi7Fg1 HTTP/1.1" 200 -
2024-05-19 00:22:43,226 - ERROR - Exception on /messages/get_messages [GET]
Traceback (most recent call last):
  File "/Users/muhailah/chtcht/chtcht/env/lib/python3.12/site-packages/pyrebase/pyrebase.py", line 544, in raise_detailed_error
    request_object.raise_for_status()
  File "/Users/muhailah/chtcht/chtcht/env/lib/python3.12/site-packages/requests/models.py", line 1021, in raise_for_status
    raise HTTPError(http_error_msg, response=self)
requests.exceptions.HTTPError: 400 Client Error: Bad Request for url: https://www.googleapis.com/identitytoolkit/v3/relyingparty/getAccountInfo?key=AIzaSyDd9YRWul2zoxW4l3SNw1Pso_S5ajE4bys

During handling of the above exception, another exception occurred:

Traceback (most recent call last):
  File "/Users/muhailah/chtcht/chtcht/env/lib/python3.12/site-packages/flask/app.py", line 1473, in wsgi_app
    response = self.full_dispatch_request()
               ^^^^^^^^^^^^^^^^^^^^^^^^^^^^
  File "/Users/muhailah/chtcht/chtcht/env/lib/python3.12/site-packages/flask/app.py", line 882, in full_dispatch_request
    rv = self.handle_user_exception(e)
         ^^^^^^^^^^^^^^^^^^^^^^^^^^^^^
  File "/Users/muhailah/chtcht/chtcht/env/lib/python3.12/site-packages/flask_cors/extension.py", line 176, in wrapped_function
    return cors_after_request(app.make_response(f(*args, **kwargs)))
                                                ^^^^^^^^^^^^^^^^^^
  File "/Users/muhailah/chtcht/chtcht/env/lib/python3.12/site-packages/flask/app.py", line 880, in full_dispatch_request
    rv = self.dispatch_request()
         ^^^^^^^^^^^^^^^^^^^^^^^
  File "/Users/muhailah/chtcht/chtcht/env/lib/python3.12/site-packages/flask/app.py", line 865, in dispatch_request
    return self.ensure_sync(self.view_functions[rule.endpoint])(**view_args)  # type: ignore[no-any-return]
           ^^^^^^^^^^^^^^^^^^^^^^^^^^^^^^^^^^^^^^^^^^^^^^^^^^^^^^^^^^^^^^^^^
  File "/Users/muhailah/chtcht/chtcht/app/blueprints/message.py", line 129, in get_messages
    user = auth.get_account_info(token)
           ^^^^^^^^^^^^^^^^^^^^^^^^^^^^
  File "/Users/muhailah/chtcht/chtcht/env/lib/python3.12/site-packages/pyrebase/pyrebase.py", line 139, in get_account_info
    raise_detailed_error(request_object)
  File "/Users/muhailah/chtcht/chtcht/env/lib/python3.12/site-packages/pyrebase/pyrebase.py", line 548, in raise_detailed_error
    raise HTTPError(e, request_object.text)
requests.exceptions.HTTPError: [Errno 400 Client Error: Bad Request for url: https://www.googleapis.com/identitytoolkit/v3/relyingparty/getAccountInfo?key=AIzaSyDd9YRWul2zoxW4l3SNw1Pso_S5ajE4bys] {
  "error": {
    "code": 400,
    "message": "INVALID_ID_TOKEN",
    "errors": [
      {
        "message": "INVALID_ID_TOKEN",
        "domain": "global",
        "reason": "invalid"
      }
    ]
  }
}

2024-05-19 00:22:43,229 - INFO - 127.0.0.1 - - [19/May/2024 00:22:43] "[35m[1mGET /messages/get_messages?receiver_id=Cq9vMZb8dfOqfHeZJy08SCPi7Fg1 HTTP/1.1[0m" 500 -
2024-05-19 00:22:44,041 - ERROR - Exception on /messages/get_messages [GET]
Traceback (most recent call last):
  File "/Users/muhailah/chtcht/chtcht/env/lib/python3.12/site-packages/pyrebase/pyrebase.py", line 544, in raise_detailed_error
    request_object.raise_for_status()
  File "/Users/muhailah/chtcht/chtcht/env/lib/python3.12/site-packages/requests/models.py", line 1021, in raise_for_status
    raise HTTPError(http_error_msg, response=self)
requests.exceptions.HTTPError: 400 Client Error: Bad Request for url: https://www.googleapis.com/identitytoolkit/v3/relyingparty/getAccountInfo?key=AIzaSyDd9YRWul2zoxW4l3SNw1Pso_S5ajE4bys

During handling of the above exception, another exception occurred:

Traceback (most recent call last):
  File "/Users/muhailah/chtcht/chtcht/env/lib/python3.12/site-packages/flask/app.py", line 1473, in wsgi_app
    response = self.full_dispatch_request()
               ^^^^^^^^^^^^^^^^^^^^^^^^^^^^
  File "/Users/muhailah/chtcht/chtcht/env/lib/python3.12/site-packages/flask/app.py", line 882, in full_dispatch_request
    rv = self.handle_user_exception(e)
         ^^^^^^^^^^^^^^^^^^^^^^^^^^^^^
  File "/Users/muhailah/chtcht/chtcht/env/lib/python3.12/site-packages/flask_cors/extension.py", line 176, in wrapped_function
    return cors_after_request(app.make_response(f(*args, **kwargs)))
                                                ^^^^^^^^^^^^^^^^^^
  File "/Users/muhailah/chtcht/chtcht/env/lib/python3.12/site-packages/flask/app.py", line 880, in full_dispatch_request
    rv = self.dispatch_request()
         ^^^^^^^^^^^^^^^^^^^^^^^
  File "/Users/muhailah/chtcht/chtcht/env/lib/python3.12/site-packages/flask/app.py", line 865, in dispatch_request
    return self.ensure_sync(self.view_functions[rule.endpoint])(**view_args)  # type: ignore[no-any-return]
           ^^^^^^^^^^^^^^^^^^^^^^^^^^^^^^^^^^^^^^^^^^^^^^^^^^^^^^^^^^^^^^^^^
  File "/Users/muhailah/chtcht/chtcht/app/blueprints/message.py", line 129, in get_messages
    user = auth.get_account_info(token)
           ^^^^^^^^^^^^^^^^^^^^^^^^^^^^
  File "/Users/muhailah/chtcht/chtcht/env/lib/python3.12/site-packages/pyrebase/pyrebase.py", line 139, in get_account_info
    raise_detailed_error(request_object)
  File "/Users/muhailah/chtcht/chtcht/env/lib/python3.12/site-packages/pyrebase/pyrebase.py", line 548, in raise_detailed_error
    raise HTTPError(e, request_object.text)
requests.exceptions.HTTPError: [Errno 400 Client Error: Bad Request for url: https://www.googleapis.com/identitytoolkit/v3/relyingparty/getAccountInfo?key=AIzaSyDd9YRWul2zoxW4l3SNw1Pso_S5ajE4bys] {
  "error": {
    "code": 400,
    "message": "INVALID_ID_TOKEN",
    "errors": [
      {
        "message": "INVALID_ID_TOKEN",
        "domain": "global",
        "reason": "invalid"
      }
    ]
  }
}

2024-05-19 00:22:44,045 - INFO - 127.0.0.1 - - [19/May/2024 00:22:44] "[35m[1mGET /messages/get_messages?receiver_id=kcA4QLnAfvcBnaxExxlmKqw1KIu2 HTTP/1.1[0m" 500 -
2024-05-19 00:22:46,354 - INFO - 127.0.0.1 - - [19/May/2024 00:22:46] "OPTIONS /messages/get_messages?receiver_id=kcA4QLnAfvcBnaxExxlmKqw1KIu2 HTTP/1.1" 200 -
2024-05-19 00:22:46,774 - ERROR - Exception on /messages/get_messages [GET]
Traceback (most recent call last):
  File "/Users/muhailah/chtcht/chtcht/env/lib/python3.12/site-packages/pyrebase/pyrebase.py", line 544, in raise_detailed_error
    request_object.raise_for_status()
  File "/Users/muhailah/chtcht/chtcht/env/lib/python3.12/site-packages/requests/models.py", line 1021, in raise_for_status
    raise HTTPError(http_error_msg, response=self)
requests.exceptions.HTTPError: 400 Client Error: Bad Request for url: https://www.googleapis.com/identitytoolkit/v3/relyingparty/getAccountInfo?key=AIzaSyDd9YRWul2zoxW4l3SNw1Pso_S5ajE4bys

During handling of the above exception, another exception occurred:

Traceback (most recent call last):
  File "/Users/muhailah/chtcht/chtcht/env/lib/python3.12/site-packages/flask/app.py", line 1473, in wsgi_app
    response = self.full_dispatch_request()
               ^^^^^^^^^^^^^^^^^^^^^^^^^^^^
  File "/Users/muhailah/chtcht/chtcht/env/lib/python3.12/site-packages/flask/app.py", line 882, in full_dispatch_request
    rv = self.handle_user_exception(e)
         ^^^^^^^^^^^^^^^^^^^^^^^^^^^^^
  File "/Users/muhailah/chtcht/chtcht/env/lib/python3.12/site-packages/flask_cors/extension.py", line 176, in wrapped_function
    return cors_after_request(app.make_response(f(*args, **kwargs)))
                                                ^^^^^^^^^^^^^^^^^^
  File "/Users/muhailah/chtcht/chtcht/env/lib/python3.12/site-packages/flask/app.py", line 880, in full_dispatch_request
    rv = self.dispatch_request()
         ^^^^^^^^^^^^^^^^^^^^^^^
  File "/Users/muhailah/chtcht/chtcht/env/lib/python3.12/site-packages/flask/app.py", line 865, in dispatch_request
    return self.ensure_sync(self.view_functions[rule.endpoint])(**view_args)  # type: ignore[no-any-return]
           ^^^^^^^^^^^^^^^^^^^^^^^^^^^^^^^^^^^^^^^^^^^^^^^^^^^^^^^^^^^^^^^^^
  File "/Users/muhailah/chtcht/chtcht/app/blueprints/message.py", line 129, in get_messages
    user = auth.get_account_info(token)
           ^^^^^^^^^^^^^^^^^^^^^^^^^^^^
  File "/Users/muhailah/chtcht/chtcht/env/lib/python3.12/site-packages/pyrebase/pyrebase.py", line 139, in get_account_info
    raise_detailed_error(request_object)
  File "/Users/muhailah/chtcht/chtcht/env/lib/python3.12/site-packages/pyrebase/pyrebase.py", line 548, in raise_detailed_error
    raise HTTPError(e, request_object.text)
requests.exceptions.HTTPError: [Errno 400 Client Error: Bad Request for url: https://www.googleapis.com/identitytoolkit/v3/relyingparty/getAccountInfo?key=AIzaSyDd9YRWul2zoxW4l3SNw1Pso_S5ajE4bys] {
  "error": {
    "code": 400,
    "message": "INVALID_ID_TOKEN",
    "errors": [
      {
        "message": "INVALID_ID_TOKEN",
        "domain": "global",
        "reason": "invalid"
      }
    ]
  }
}

2024-05-19 00:22:46,778 - INFO - 127.0.0.1 - - [19/May/2024 00:22:46] "[35m[1mGET /messages/get_messages?receiver_id=kcA4QLnAfvcBnaxExxlmKqw1KIu2 HTTP/1.1[0m" 500 -
2024-05-19 00:22:48,431 - INFO - 127.0.0.1 - - [19/May/2024 00:22:48] "GET /socket.io/?EIO=4&transport=websocket&sid=5npxp9H8KMxT8Pu7AAAE HTTP/1.1" 200 -
2024-05-19 00:22:48,502 - INFO - 127.0.0.1 - - [19/May/2024 00:22:48] "GET /socket.io/?EIO=4&transport=polling&t=O-DbVuq HTTP/1.1" 200 -
2024-05-19 00:22:48,506 - INFO - 127.0.0.1 - - [19/May/2024 00:22:48] "POST /socket.io/?EIO=4&transport=polling&t=O-DbVuu&sid=Bw3hooyokNKWKTH_AAAG HTTP/1.1" 200 -
2024-05-19 00:22:48,507 - INFO - 127.0.0.1 - - [19/May/2024 00:22:48] "GET /socket.io/?EIO=4&transport=polling&t=O-DbVuv&sid=Bw3hooyokNKWKTH_AAAG HTTP/1.1" 200 -
2024-05-19 00:22:49,969 - ERROR - Exception on /messages/get_messages [GET]
Traceback (most recent call last):
  File "/Users/muhailah/chtcht/chtcht/env/lib/python3.12/site-packages/pyrebase/pyrebase.py", line 544, in raise_detailed_error
    request_object.raise_for_status()
  File "/Users/muhailah/chtcht/chtcht/env/lib/python3.12/site-packages/requests/models.py", line 1021, in raise_for_status
    raise HTTPError(http_error_msg, response=self)
requests.exceptions.HTTPError: 400 Client Error: Bad Request for url: https://www.googleapis.com/identitytoolkit/v3/relyingparty/getAccountInfo?key=AIzaSyDd9YRWul2zoxW4l3SNw1Pso_S5ajE4bys

During handling of the above exception, another exception occurred:

Traceback (most recent call last):
  File "/Users/muhailah/chtcht/chtcht/env/lib/python3.12/site-packages/flask/app.py", line 1473, in wsgi_app
    response = self.full_dispatch_request()
               ^^^^^^^^^^^^^^^^^^^^^^^^^^^^
  File "/Users/muhailah/chtcht/chtcht/env/lib/python3.12/site-packages/flask/app.py", line 882, in full_dispatch_request
    rv = self.handle_user_exception(e)
         ^^^^^^^^^^^^^^^^^^^^^^^^^^^^^
  File "/Users/muhailah/chtcht/chtcht/env/lib/python3.12/site-packages/flask_cors/extension.py", line 176, in wrapped_function
    return cors_after_request(app.make_response(f(*args, **kwargs)))
                                                ^^^^^^^^^^^^^^^^^^
  File "/Users/muhailah/chtcht/chtcht/env/lib/python3.12/site-packages/flask/app.py", line 880, in full_dispatch_request
    rv = self.dispatch_request()
         ^^^^^^^^^^^^^^^^^^^^^^^
  File "/Users/muhailah/chtcht/chtcht/env/lib/python3.12/site-packages/flask/app.py", line 865, in dispatch_request
    return self.ensure_sync(self.view_functions[rule.endpoint])(**view_args)  # type: ignore[no-any-return]
           ^^^^^^^^^^^^^^^^^^^^^^^^^^^^^^^^^^^^^^^^^^^^^^^^^^^^^^^^^^^^^^^^^
  File "/Users/muhailah/chtcht/chtcht/app/blueprints/message.py", line 129, in get_messages
    user = auth.get_account_info(token)
           ^^^^^^^^^^^^^^^^^^^^^^^^^^^^
  File "/Users/muhailah/chtcht/chtcht/env/lib/python3.12/site-packages/pyrebase/pyrebase.py", line 139, in get_account_info
    raise_detailed_error(request_object)
  File "/Users/muhailah/chtcht/chtcht/env/lib/python3.12/site-packages/pyrebase/pyrebase.py", line 548, in raise_detailed_error
    raise HTTPError(e, request_object.text)
requests.exceptions.HTTPError: [Errno 400 Client Error: Bad Request for url: https://www.googleapis.com/identitytoolkit/v3/relyingparty/getAccountInfo?key=AIzaSyDd9YRWul2zoxW4l3SNw1Pso_S5ajE4bys] {
  "error": {
    "code": 400,
    "message": "INVALID_ID_TOKEN",
    "errors": [
      {
        "message": "INVALID_ID_TOKEN",
        "domain": "global",
        "reason": "invalid"
      }
    ]
  }
}

2024-05-19 00:22:49,973 - INFO - 127.0.0.1 - - [19/May/2024 00:22:49] "[35m[1mGET /messages/get_messages?receiver_id=kcA4QLnAfvcBnaxExxlmKqw1KIu2 HTTP/1.1[0m" 500 -
2024-05-19 00:23:08,530 - INFO - 127.0.0.1 - - [19/May/2024 00:23:08] "OPTIONS /messages/get_messages?receiver_id=kcA4QLnAfvcBnaxExxlmKqw1KIu2 HTTP/1.1" 200 -
2024-05-19 00:23:08,925 - ERROR - Exception on /messages/get_messages [GET]
Traceback (most recent call last):
  File "/Users/muhailah/chtcht/chtcht/env/lib/python3.12/site-packages/pyrebase/pyrebase.py", line 544, in raise_detailed_error
    request_object.raise_for_status()
  File "/Users/muhailah/chtcht/chtcht/env/lib/python3.12/site-packages/requests/models.py", line 1021, in raise_for_status
    raise HTTPError(http_error_msg, response=self)
requests.exceptions.HTTPError: 400 Client Error: Bad Request for url: https://www.googleapis.com/identitytoolkit/v3/relyingparty/getAccountInfo?key=AIzaSyDd9YRWul2zoxW4l3SNw1Pso_S5ajE4bys

During handling of the above exception, another exception occurred:

Traceback (most recent call last):
  File "/Users/muhailah/chtcht/chtcht/env/lib/python3.12/site-packages/flask/app.py", line 1473, in wsgi_app
    response = self.full_dispatch_request()
               ^^^^^^^^^^^^^^^^^^^^^^^^^^^^
  File "/Users/muhailah/chtcht/chtcht/env/lib/python3.12/site-packages/flask/app.py", line 882, in full_dispatch_request
    rv = self.handle_user_exception(e)
         ^^^^^^^^^^^^^^^^^^^^^^^^^^^^^
  File "/Users/muhailah/chtcht/chtcht/env/lib/python3.12/site-packages/flask_cors/extension.py", line 176, in wrapped_function
    return cors_after_request(app.make_response(f(*args, **kwargs)))
                                                ^^^^^^^^^^^^^^^^^^
  File "/Users/muhailah/chtcht/chtcht/env/lib/python3.12/site-packages/flask/app.py", line 880, in full_dispatch_request
    rv = self.dispatch_request()
         ^^^^^^^^^^^^^^^^^^^^^^^
  File "/Users/muhailah/chtcht/chtcht/env/lib/python3.12/site-packages/flask/app.py", line 865, in dispatch_request
    return self.ensure_sync(self.view_functions[rule.endpoint])(**view_args)  # type: ignore[no-any-return]
           ^^^^^^^^^^^^^^^^^^^^^^^^^^^^^^^^^^^^^^^^^^^^^^^^^^^^^^^^^^^^^^^^^
  File "/Users/muhailah/chtcht/chtcht/app/blueprints/message.py", line 129, in get_messages
    user = auth.get_account_info(token)
           ^^^^^^^^^^^^^^^^^^^^^^^^^^^^
  File "/Users/muhailah/chtcht/chtcht/env/lib/python3.12/site-packages/pyrebase/pyrebase.py", line 139, in get_account_info
    raise_detailed_error(request_object)
  File "/Users/muhailah/chtcht/chtcht/env/lib/python3.12/site-packages/pyrebase/pyrebase.py", line 548, in raise_detailed_error
    raise HTTPError(e, request_object.text)
requests.exceptions.HTTPError: [Errno 400 Client Error: Bad Request for url: https://www.googleapis.com/identitytoolkit/v3/relyingparty/getAccountInfo?key=AIzaSyDd9YRWul2zoxW4l3SNw1Pso_S5ajE4bys] {
  "error": {
    "code": 400,
    "message": "INVALID_ID_TOKEN",
    "errors": [
      {
        "message": "INVALID_ID_TOKEN",
        "domain": "global",
        "reason": "invalid"
      }
    ]
  }
}

2024-05-19 00:23:08,930 - INFO - 127.0.0.1 - - [19/May/2024 00:23:08] "[35m[1mGET /messages/get_messages?receiver_id=kcA4QLnAfvcBnaxExxlmKqw1KIu2 HTTP/1.1[0m" 500 -
2024-05-19 00:23:09,068 - INFO - 127.0.0.1 - - [19/May/2024 00:23:09] "OPTIONS /messages/get_messages?receiver_id=gEPooI5KujMcg8QMChAU32qh2ql1 HTTP/1.1" 200 -
2024-05-19 00:23:09,453 - ERROR - Exception on /messages/get_messages [GET]
Traceback (most recent call last):
  File "/Users/muhailah/chtcht/chtcht/env/lib/python3.12/site-packages/pyrebase/pyrebase.py", line 544, in raise_detailed_error
    request_object.raise_for_status()
  File "/Users/muhailah/chtcht/chtcht/env/lib/python3.12/site-packages/requests/models.py", line 1021, in raise_for_status
    raise HTTPError(http_error_msg, response=self)
requests.exceptions.HTTPError: 400 Client Error: Bad Request for url: https://www.googleapis.com/identitytoolkit/v3/relyingparty/getAccountInfo?key=AIzaSyDd9YRWul2zoxW4l3SNw1Pso_S5ajE4bys

During handling of the above exception, another exception occurred:

Traceback (most recent call last):
  File "/Users/muhailah/chtcht/chtcht/env/lib/python3.12/site-packages/flask/app.py", line 1473, in wsgi_app
    response = self.full_dispatch_request()
               ^^^^^^^^^^^^^^^^^^^^^^^^^^^^
  File "/Users/muhailah/chtcht/chtcht/env/lib/python3.12/site-packages/flask/app.py", line 882, in full_dispatch_request
    rv = self.handle_user_exception(e)
         ^^^^^^^^^^^^^^^^^^^^^^^^^^^^^
  File "/Users/muhailah/chtcht/chtcht/env/lib/python3.12/site-packages/flask_cors/extension.py", line 176, in wrapped_function
    return cors_after_request(app.make_response(f(*args, **kwargs)))
                                                ^^^^^^^^^^^^^^^^^^
  File "/Users/muhailah/chtcht/chtcht/env/lib/python3.12/site-packages/flask/app.py", line 880, in full_dispatch_request
    rv = self.dispatch_request()
         ^^^^^^^^^^^^^^^^^^^^^^^
  File "/Users/muhailah/chtcht/chtcht/env/lib/python3.12/site-packages/flask/app.py", line 865, in dispatch_request
    return self.ensure_sync(self.view_functions[rule.endpoint])(**view_args)  # type: ignore[no-any-return]
           ^^^^^^^^^^^^^^^^^^^^^^^^^^^^^^^^^^^^^^^^^^^^^^^^^^^^^^^^^^^^^^^^^
  File "/Users/muhailah/chtcht/chtcht/app/blueprints/message.py", line 129, in get_messages
    user = auth.get_account_info(token)
           ^^^^^^^^^^^^^^^^^^^^^^^^^^^^
  File "/Users/muhailah/chtcht/chtcht/env/lib/python3.12/site-packages/pyrebase/pyrebase.py", line 139, in get_account_info
    raise_detailed_error(request_object)
  File "/Users/muhailah/chtcht/chtcht/env/lib/python3.12/site-packages/pyrebase/pyrebase.py", line 548, in raise_detailed_error
    raise HTTPError(e, request_object.text)
requests.exceptions.HTTPError: [Errno 400 Client Error: Bad Request for url: https://www.googleapis.com/identitytoolkit/v3/relyingparty/getAccountInfo?key=AIzaSyDd9YRWul2zoxW4l3SNw1Pso_S5ajE4bys] {
  "error": {
    "code": 400,
    "message": "INVALID_ID_TOKEN",
    "errors": [
      {
        "message": "INVALID_ID_TOKEN",
        "domain": "global",
        "reason": "invalid"
      }
    ]
  }
}

2024-05-19 00:23:09,456 - INFO - 127.0.0.1 - - [19/May/2024 00:23:09] "[35m[1mGET /messages/get_messages?receiver_id=gEPooI5KujMcg8QMChAU32qh2ql1 HTTP/1.1[0m" 500 -
2024-05-19 00:23:12,758 - ERROR - Exception on /messages/get_messages [GET]
Traceback (most recent call last):
  File "/Users/muhailah/chtcht/chtcht/env/lib/python3.12/site-packages/pyrebase/pyrebase.py", line 544, in raise_detailed_error
    request_object.raise_for_status()
  File "/Users/muhailah/chtcht/chtcht/env/lib/python3.12/site-packages/requests/models.py", line 1021, in raise_for_status
    raise HTTPError(http_error_msg, response=self)
requests.exceptions.HTTPError: 400 Client Error: Bad Request for url: https://www.googleapis.com/identitytoolkit/v3/relyingparty/getAccountInfo?key=AIzaSyDd9YRWul2zoxW4l3SNw1Pso_S5ajE4bys

During handling of the above exception, another exception occurred:

Traceback (most recent call last):
  File "/Users/muhailah/chtcht/chtcht/env/lib/python3.12/site-packages/flask/app.py", line 1473, in wsgi_app
    response = self.full_dispatch_request()
               ^^^^^^^^^^^^^^^^^^^^^^^^^^^^
  File "/Users/muhailah/chtcht/chtcht/env/lib/python3.12/site-packages/flask/app.py", line 882, in full_dispatch_request
    rv = self.handle_user_exception(e)
         ^^^^^^^^^^^^^^^^^^^^^^^^^^^^^
  File "/Users/muhailah/chtcht/chtcht/env/lib/python3.12/site-packages/flask_cors/extension.py", line 176, in wrapped_function
    return cors_after_request(app.make_response(f(*args, **kwargs)))
                                                ^^^^^^^^^^^^^^^^^^
  File "/Users/muhailah/chtcht/chtcht/env/lib/python3.12/site-packages/flask/app.py", line 880, in full_dispatch_request
    rv = self.dispatch_request()
         ^^^^^^^^^^^^^^^^^^^^^^^
  File "/Users/muhailah/chtcht/chtcht/env/lib/python3.12/site-packages/flask/app.py", line 865, in dispatch_request
    return self.ensure_sync(self.view_functions[rule.endpoint])(**view_args)  # type: ignore[no-any-return]
           ^^^^^^^^^^^^^^^^^^^^^^^^^^^^^^^^^^^^^^^^^^^^^^^^^^^^^^^^^^^^^^^^^
  File "/Users/muhailah/chtcht/chtcht/app/blueprints/message.py", line 129, in get_messages
    user = auth.get_account_info(token)
           ^^^^^^^^^^^^^^^^^^^^^^^^^^^^
  File "/Users/muhailah/chtcht/chtcht/env/lib/python3.12/site-packages/pyrebase/pyrebase.py", line 139, in get_account_info
    raise_detailed_error(request_object)
  File "/Users/muhailah/chtcht/chtcht/env/lib/python3.12/site-packages/pyrebase/pyrebase.py", line 548, in raise_detailed_error
    raise HTTPError(e, request_object.text)
requests.exceptions.HTTPError: [Errno 400 Client Error: Bad Request for url: https://www.googleapis.com/identitytoolkit/v3/relyingparty/getAccountInfo?key=AIzaSyDd9YRWul2zoxW4l3SNw1Pso_S5ajE4bys] {
  "error": {
    "code": 400,
    "message": "INVALID_ID_TOKEN",
    "errors": [
      {
        "message": "INVALID_ID_TOKEN",
        "domain": "global",
        "reason": "invalid"
      }
    ]
  }
}

2024-05-19 00:23:12,762 - INFO - 127.0.0.1 - - [19/May/2024 00:23:12] "[35m[1mGET /messages/get_messages?receiver_id=kcA4QLnAfvcBnaxExxlmKqw1KIu2 HTTP/1.1[0m" 500 -
2024-05-19 00:23:18,582 - INFO - 127.0.0.1 - - [19/May/2024 00:23:18] "OPTIONS /messages/publish HTTP/1.1" 200 -
2024-05-19 00:23:18,969 - ERROR - Failed to publish message: [Errno 400 Client Error: Bad Request for url: https://www.googleapis.com/identitytoolkit/v3/relyingparty/getAccountInfo?key=AIzaSyDd9YRWul2zoxW4l3SNw1Pso_S5ajE4bys] {
  "error": {
    "code": 400,
    "message": "INVALID_ID_TOKEN",
    "errors": [
      {
        "message": "INVALID_ID_TOKEN",
        "domain": "global",
        "reason": "invalid"
      }
    ]
  }
}

2024-05-19 00:23:18,973 - INFO - 127.0.0.1 - - [19/May/2024 00:23:18] "[35m[1mPOST /messages/publish HTTP/1.1[0m" 500 -
2024-05-19 00:23:26,988 - INFO - 127.0.0.1 - - [19/May/2024 00:23:26] "GET /socket.io/?EIO=4&transport=websocket&sid=GNKyDnVpfeZ6iQ5rAAAB HTTP/1.1" 200 -
2024-05-19 00:23:27,067 - INFO - 127.0.0.1 - - [19/May/2024 00:23:27] "GET /socket.io/?EIO=4&transport=polling&t=O-DbfJP HTTP/1.1" 200 -
2024-05-19 00:23:27,071 - INFO - 127.0.0.1 - - [19/May/2024 00:23:27] "POST /socket.io/?EIO=4&transport=polling&t=O-DbfJT&sid=xIzdNvsPkdGVNmMdAAAI HTTP/1.1" 200 -
2024-05-19 00:23:27,072 - INFO - 127.0.0.1 - - [19/May/2024 00:23:27] "GET /socket.io/?EIO=4&transport=polling&t=O-DbfJU&sid=xIzdNvsPkdGVNmMdAAAI HTTP/1.1" 200 -
2024-05-19 00:23:27,073 - INFO - 127.0.0.1 - - [19/May/2024 00:23:27] "GET /socket.io/?EIO=4&transport=polling&t=O-DbfJW&sid=xIzdNvsPkdGVNmMdAAAI HTTP/1.1" 200 -
2024-05-19 00:23:28,012 - INFO - 127.0.0.1 - - [19/May/2024 00:23:28] "OPTIONS /messages/get_messages?receiver_id=gEPooI5KujMcg8QMChAU32qh2ql1 HTTP/1.1" 200 -
2024-05-19 00:23:28,391 - ERROR - Exception on /messages/get_messages [GET]
Traceback (most recent call last):
  File "/Users/muhailah/chtcht/chtcht/env/lib/python3.12/site-packages/pyrebase/pyrebase.py", line 544, in raise_detailed_error
    request_object.raise_for_status()
  File "/Users/muhailah/chtcht/chtcht/env/lib/python3.12/site-packages/requests/models.py", line 1021, in raise_for_status
    raise HTTPError(http_error_msg, response=self)
requests.exceptions.HTTPError: 400 Client Error: Bad Request for url: https://www.googleapis.com/identitytoolkit/v3/relyingparty/getAccountInfo?key=AIzaSyDd9YRWul2zoxW4l3SNw1Pso_S5ajE4bys

During handling of the above exception, another exception occurred:

Traceback (most recent call last):
  File "/Users/muhailah/chtcht/chtcht/env/lib/python3.12/site-packages/flask/app.py", line 1473, in wsgi_app
    response = self.full_dispatch_request()
               ^^^^^^^^^^^^^^^^^^^^^^^^^^^^
  File "/Users/muhailah/chtcht/chtcht/env/lib/python3.12/site-packages/flask/app.py", line 882, in full_dispatch_request
    rv = self.handle_user_exception(e)
         ^^^^^^^^^^^^^^^^^^^^^^^^^^^^^
  File "/Users/muhailah/chtcht/chtcht/env/lib/python3.12/site-packages/flask_cors/extension.py", line 176, in wrapped_function
    return cors_after_request(app.make_response(f(*args, **kwargs)))
                                                ^^^^^^^^^^^^^^^^^^
  File "/Users/muhailah/chtcht/chtcht/env/lib/python3.12/site-packages/flask/app.py", line 880, in full_dispatch_request
    rv = self.dispatch_request()
         ^^^^^^^^^^^^^^^^^^^^^^^
  File "/Users/muhailah/chtcht/chtcht/env/lib/python3.12/site-packages/flask/app.py", line 865, in dispatch_request
    return self.ensure_sync(self.view_functions[rule.endpoint])(**view_args)  # type: ignore[no-any-return]
           ^^^^^^^^^^^^^^^^^^^^^^^^^^^^^^^^^^^^^^^^^^^^^^^^^^^^^^^^^^^^^^^^^
  File "/Users/muhailah/chtcht/chtcht/app/blueprints/message.py", line 129, in get_messages
    user = auth.get_account_info(token)
           ^^^^^^^^^^^^^^^^^^^^^^^^^^^^
  File "/Users/muhailah/chtcht/chtcht/env/lib/python3.12/site-packages/pyrebase/pyrebase.py", line 139, in get_account_info
    raise_detailed_error(request_object)
  File "/Users/muhailah/chtcht/chtcht/env/lib/python3.12/site-packages/pyrebase/pyrebase.py", line 548, in raise_detailed_error
    raise HTTPError(e, request_object.text)
requests.exceptions.HTTPError: [Errno 400 Client Error: Bad Request for url: https://www.googleapis.com/identitytoolkit/v3/relyingparty/getAccountInfo?key=AIzaSyDd9YRWul2zoxW4l3SNw1Pso_S5ajE4bys] {
  "error": {
    "code": 400,
    "message": "INVALID_ID_TOKEN",
    "errors": [
      {
        "message": "INVALID_ID_TOKEN",
        "domain": "global",
        "reason": "invalid"
      }
    ]
  }
}

2024-05-19 00:23:28,394 - INFO - 127.0.0.1 - - [19/May/2024 00:23:28] "[35m[1mGET /messages/get_messages?receiver_id=gEPooI5KujMcg8QMChAU32qh2ql1 HTTP/1.1[0m" 500 -
2024-05-19 00:23:31,194 - INFO - 127.0.0.1 - - [19/May/2024 00:23:31] "OPTIONS /messages/publish HTTP/1.1" 200 -
2024-05-19 00:23:31,594 - ERROR - Failed to publish message: [Errno 400 Client Error: Bad Request for url: https://www.googleapis.com/identitytoolkit/v3/relyingparty/getAccountInfo?key=AIzaSyDd9YRWul2zoxW4l3SNw1Pso_S5ajE4bys] {
  "error": {
    "code": 400,
    "message": "INVALID_ID_TOKEN",
    "errors": [
      {
        "message": "INVALID_ID_TOKEN",
        "domain": "global",
        "reason": "invalid"
      }
    ]
  }
}

2024-05-19 00:23:31,599 - INFO - 127.0.0.1 - - [19/May/2024 00:23:31] "[35m[1mPOST /messages/publish HTTP/1.1[0m" 500 -
2024-05-19 00:24:20,799 - INFO - [31m[1mWARNING: This is a development server. Do not use it in a production deployment. Use a production WSGI server instead.[0m
 * Running on http://localhost:5001
2024-05-19 00:24:20,799 - INFO - [33mPress CTRL+C to quit[0m
2024-05-19 00:24:33,476 - INFO - 127.0.0.1 - - [19/May/2024 00:24:33] "OPTIONS /auth/login HTTP/1.1" 200 -
2024-05-19 00:24:34,445 - INFO - 127.0.0.1 - - [19/May/2024 00:24:34] "POST /auth/login HTTP/1.1" 200 -
2024-05-19 00:24:34,465 - INFO - 127.0.0.1 - - [19/May/2024 00:24:34] "GET /socket.io/?EIO=4&transport=polling&t=O-DbvmS HTTP/1.1" 200 -
2024-05-19 00:24:34,469 - INFO - 127.0.0.1 - - [19/May/2024 00:24:34] "POST /socket.io/?EIO=4&transport=polling&t=O-DbvmZ&sid=zYrRfBranVspksISAAAA HTTP/1.1" 200 -
2024-05-19 00:24:34,471 - INFO - 127.0.0.1 - - [19/May/2024 00:24:34] "GET /socket.io/?EIO=4&transport=polling&t=O-Dbvma&sid=zYrRfBranVspksISAAAA HTTP/1.1" 200 -
2024-05-19 00:24:34,475 - INFO - 127.0.0.1 - - [19/May/2024 00:24:34] "GET /socket.io/?EIO=4&transport=polling&t=O-Dbvmg&sid=zYrRfBranVspksISAAAA HTTP/1.1" 200 -
2024-05-19 00:24:36,841 - INFO - 127.0.0.1 - - [19/May/2024 00:24:36] "OPTIONS /messages/get_messages?receiver_id=kcA4QLnAfvcBnaxExxlmKqw1KIu2 HTTP/1.1" 200 -
2024-05-19 00:24:37,835 - INFO - 127.0.0.1 - - [19/May/2024 00:24:37] "GET /messages/get_messages?receiver_id=kcA4QLnAfvcBnaxExxlmKqw1KIu2 HTTP/1.1" 200 -
2024-05-19 00:24:48,026 - INFO - 127.0.0.1 - - [19/May/2024 00:24:48] "OPTIONS /messages/get_messages?receiver_id=gEPooI5KujMcg8QMChAU32qh2ql1 HTTP/1.1" 200 -
2024-05-19 00:24:48,481 - INFO - 127.0.0.1 - - [19/May/2024 00:24:48] "GET /messages/get_messages?receiver_id=gEPooI5KujMcg8QMChAU32qh2ql1 HTTP/1.1" 200 -
2024-05-19 00:24:51,989 - INFO - 127.0.0.1 - - [19/May/2024 00:24:51] "OPTIONS /messages/get_messages?receiver_id=Cq9vMZb8dfOqfHeZJy08SCPi7Fg1 HTTP/1.1" 200 -
2024-05-19 00:24:52,481 - INFO - 127.0.0.1 - - [19/May/2024 00:24:52] "GET /messages/get_messages?receiver_id=Cq9vMZb8dfOqfHeZJy08SCPi7Fg1 HTTP/1.1" 200 -
2024-05-19 00:24:56,050 - INFO - 127.0.0.1 - - [19/May/2024 00:24:56] "OPTIONS /messages/get_messages?receiver_id=kcA4QLnAfvcBnaxExxlmKqw1KIu2 HTTP/1.1" 200 -
2024-05-19 00:24:56,528 - INFO - 127.0.0.1 - - [19/May/2024 00:24:56] "GET /messages/get_messages?receiver_id=kcA4QLnAfvcBnaxExxlmKqw1KIu2 HTTP/1.1" 200 -
2024-05-19 00:25:05,907 - INFO - 127.0.0.1 - - [19/May/2024 00:25:05] "OPTIONS /messages/get_messages?receiver_id=gEPooI5KujMcg8QMChAU32qh2ql1 HTTP/1.1" 200 -
2024-05-19 00:25:06,367 - INFO - 127.0.0.1 - - [19/May/2024 00:25:06] "GET /messages/get_messages?receiver_id=gEPooI5KujMcg8QMChAU32qh2ql1 HTTP/1.1" 200 -
2024-05-19 00:25:07,165 - INFO - 127.0.0.1 - - [19/May/2024 00:25:07] "OPTIONS /messages/get_messages?receiver_id=kcA4QLnAfvcBnaxExxlmKqw1KIu2 HTTP/1.1" 200 -
2024-05-19 00:25:07,653 - INFO - 127.0.0.1 - - [19/May/2024 00:25:07] "GET /messages/get_messages?receiver_id=kcA4QLnAfvcBnaxExxlmKqw1KIu2 HTTP/1.1" 200 -
2024-05-19 00:25:08,029 - INFO - 127.0.0.1 - - [19/May/2024 00:25:08] "OPTIONS /messages/get_messages?receiver_id=Cq9vMZb8dfOqfHeZJy08SCPi7Fg1 HTTP/1.1" 200 -
2024-05-19 00:25:08,483 - INFO - 127.0.0.1 - - [19/May/2024 00:25:08] "GET /messages/get_messages?receiver_id=Cq9vMZb8dfOqfHeZJy08SCPi7Fg1 HTTP/1.1" 200 -
2024-05-19 00:25:09,918 - INFO - 127.0.0.1 - - [19/May/2024 00:25:09] "GET /messages/get_messages?receiver_id=kcA4QLnAfvcBnaxExxlmKqw1KIu2 HTTP/1.1" 200 -
2024-05-19 00:26:24,978 - INFO - 127.0.0.1 - - [19/May/2024 00:26:24] "OPTIONS /auth/login HTTP/1.1" 200 -
2024-05-19 00:26:25,663 - INFO - 127.0.0.1 - - [19/May/2024 00:26:25] "POST /auth/login HTTP/1.1" 200 -
2024-05-19 00:26:25,720 - INFO - 127.0.0.1 - - [19/May/2024 00:26:25] "GET /socket.io/?EIO=4&transport=polling&t=O-DcKwl HTTP/1.1" 200 -
2024-05-19 00:26:25,726 - INFO - 127.0.0.1 - - [19/May/2024 00:26:25] "POST /socket.io/?EIO=4&transport=polling&t=O-DcKwy&sid=1t61b0aYs1Iz0rH4AAAC HTTP/1.1" 200 -
2024-05-19 00:26:25,727 - INFO - 127.0.0.1 - - [19/May/2024 00:26:25] "GET /socket.io/?EIO=4&transport=polling&t=O-DcKwz&sid=1t61b0aYs1Iz0rH4AAAC HTTP/1.1" 200 -
2024-05-19 00:26:27,294 - INFO - 127.0.0.1 - - [19/May/2024 00:26:27] "OPTIONS /messages/get_messages?receiver_id=gEPooI5KujMcg8QMChAU32qh2ql1 HTTP/1.1" 200 -
2024-05-19 00:26:27,876 - INFO - 127.0.0.1 - - [19/May/2024 00:26:27] "GET /messages/get_messages?receiver_id=gEPooI5KujMcg8QMChAU32qh2ql1 HTTP/1.1" 200 -
2024-05-19 00:26:31,097 - INFO - 127.0.0.1 - - [19/May/2024 00:26:31] "OPTIONS /messages/publish HTTP/1.1" 200 -
2024-05-19 00:26:31,786 - INFO - Message published to Pub/Sub: 11184926722249600
2024-05-19 00:26:31,852 - INFO - Message saved to Firestore with ID: zrEuPxjjvYNqgc1a08dF
2024-05-19 00:26:31,852 - INFO - 127.0.0.1 - - [19/May/2024 00:26:31] "POST /messages/publish HTTP/1.1" 200 -
2024-05-19 01:03:23,775 - INFO - 127.0.0.1 - - [19/May/2024 01:03:23] "OPTIONS /messages/get_messages?receiver_id=gEPooI5KujMcg8QMChAU32qh2ql1 HTTP/1.1" 200 -
2024-05-19 01:03:25,522 - INFO - 127.0.0.1 - - [19/May/2024 01:03:25] "GET /messages/get_messages?receiver_id=gEPooI5KujMcg8QMChAU32qh2ql1 HTTP/1.1" 200 -
2024-05-19 01:03:29,163 - INFO - 127.0.0.1 - - [19/May/2024 01:03:29] "OPTIONS /messages/get_messages?receiver_id=kcA4QLnAfvcBnaxExxlmKqw1KIu2 HTTP/1.1" 200 -
2024-05-19 01:03:29,678 - INFO - 127.0.0.1 - - [19/May/2024 01:03:29] "GET /messages/get_messages?receiver_id=kcA4QLnAfvcBnaxExxlmKqw1KIu2 HTTP/1.1" 200 -
2024-05-19 01:03:34,718 - INFO - 127.0.0.1 - - [19/May/2024 01:03:34] "OPTIONS /messages/get_messages?receiver_id=Cq9vMZb8dfOqfHeZJy08SCPi7Fg1 HTTP/1.1" 200 -
2024-05-19 01:03:35,194 - INFO - 127.0.0.1 - - [19/May/2024 01:03:35] "GET /messages/get_messages?receiver_id=Cq9vMZb8dfOqfHeZJy08SCPi7Fg1 HTTP/1.1" 200 -
2024-05-19 01:03:38,108 - INFO - 127.0.0.1 - - [19/May/2024 01:03:38] "OPTIONS /messages/get_messages?receiver_id=Cq9vMZb8dfOqfHeZJy08SCPi7Fg1 HTTP/1.1" 200 -
2024-05-19 01:03:38,536 - INFO - 127.0.0.1 - - [19/May/2024 01:03:38] "GET /messages/get_messages?receiver_id=Cq9vMZb8dfOqfHeZJy08SCPi7Fg1 HTTP/1.1" 200 -
2024-05-19 01:03:39,475 - INFO - 127.0.0.1 - - [19/May/2024 01:03:39] "OPTIONS /messages/get_messages?receiver_id=kcA4QLnAfvcBnaxExxlmKqw1KIu2 HTTP/1.1" 200 -
2024-05-19 01:03:39,929 - INFO - 127.0.0.1 - - [19/May/2024 01:03:39] "GET /messages/get_messages?receiver_id=kcA4QLnAfvcBnaxExxlmKqw1KIu2 HTTP/1.1" 200 -
2024-05-19 01:12:37,876 - INFO - 127.0.0.1 - - [19/May/2024 01:12:37] "GET /socket.io/?EIO=4&transport=websocket&sid=zYrRfBranVspksISAAAA HTTP/1.1" 200 -
2024-05-19 01:12:37,895 - INFO - 127.0.0.1 - - [19/May/2024 01:12:37] "GET /socket.io/?EIO=4&transport=websocket&sid=1t61b0aYs1Iz0rH4AAAC HTTP/1.1" 200 -
2024-05-19 01:12:38,020 - INFO - 127.0.0.1 - - [19/May/2024 01:12:38] "GET /socket.io/?EIO=4&transport=polling&t=O-Dmvm2 HTTP/1.1" 200 -
2024-05-19 01:12:38,026 - INFO - 127.0.0.1 - - [19/May/2024 01:12:38] "POST /socket.io/?EIO=4&transport=polling&t=O-Dmvm8&sid=tJ0GXSc1hw9YF13FAAAE HTTP/1.1" 200 -
2024-05-19 01:12:38,026 - INFO - 127.0.0.1 - - [19/May/2024 01:12:38] "GET /socket.io/?EIO=4&transport=polling&t=O-Dmvm9&sid=tJ0GXSc1hw9YF13FAAAE HTTP/1.1" 200 -
2024-05-19 01:12:38,028 - INFO - 127.0.0.1 - - [19/May/2024 01:12:38] "GET /socket.io/?EIO=4&transport=polling&t=O-DmvmB&sid=tJ0GXSc1hw9YF13FAAAE HTTP/1.1" 200 -
2024-05-19 01:12:38,041 - INFO - 127.0.0.1 - - [19/May/2024 01:12:38] "GET /socket.io/?EIO=4&transport=polling&t=O-DmvmO HTTP/1.1" 200 -
2024-05-19 01:12:38,044 - INFO - 127.0.0.1 - - [19/May/2024 01:12:38] "POST /socket.io/?EIO=4&transport=polling&t=O-DmvmR&sid=JsQS-5JYtA1djYKgAAAG HTTP/1.1" 200 -
2024-05-19 01:12:38,045 - INFO - 127.0.0.1 - - [19/May/2024 01:12:38] "GET /socket.io/?EIO=4&transport=polling&t=O-DmvmR.0&sid=JsQS-5JYtA1djYKgAAAG HTTP/1.1" 200 -
2024-05-19 01:12:38,047 - INFO - 127.0.0.1 - - [19/May/2024 01:12:38] "GET /socket.io/?EIO=4&transport=polling&t=O-DmvmU&sid=JsQS-5JYtA1djYKgAAAG HTTP/1.1" 200 -
2024-05-19 01:12:41,025 - INFO - 127.0.0.1 - - [19/May/2024 01:12:41] "OPTIONS /messages/get_messages?receiver_id=gEPooI5KujMcg8QMChAU32qh2ql1 HTTP/1.1" 200 -
2024-05-19 01:12:41,677 - INFO - 127.0.0.1 - - [19/May/2024 01:12:41] "GET /messages/get_messages?receiver_id=gEPooI5KujMcg8QMChAU32qh2ql1 HTTP/1.1" 200 -
2024-05-19 01:12:46,764 - INFO - 127.0.0.1 - - [19/May/2024 01:12:46] "OPTIONS /messages/get_messages?receiver_id=gEPooI5KujMcg8QMChAU32qh2ql1 HTTP/1.1" 200 -
2024-05-19 01:12:47,283 - INFO - 127.0.0.1 - - [19/May/2024 01:12:47] "GET /messages/get_messages?receiver_id=gEPooI5KujMcg8QMChAU32qh2ql1 HTTP/1.1" 200 -
2024-05-19 01:12:50,460 - INFO - 127.0.0.1 - - [19/May/2024 01:12:50] "OPTIONS /messages/get_messages?receiver_id=kcA4QLnAfvcBnaxExxlmKqw1KIu2 HTTP/1.1" 200 -
2024-05-19 01:12:50,935 - INFO - 127.0.0.1 - - [19/May/2024 01:12:50] "GET /messages/get_messages?receiver_id=kcA4QLnAfvcBnaxExxlmKqw1KIu2 HTTP/1.1" 200 -
2024-05-19 01:12:54,717 - INFO - 127.0.0.1 - - [19/May/2024 01:12:54] "OPTIONS /messages/publish HTTP/1.1" 200 -
2024-05-19 01:12:55,534 - INFO - Message published to Pub/Sub: 11184986395116746
2024-05-19 01:12:55,585 - INFO - Message saved to Firestore with ID: QxwUFZkfvp0Ug21roamq
2024-05-19 01:12:55,585 - INFO - 127.0.0.1 - - [19/May/2024 01:12:55] "POST /messages/publish HTTP/1.1" 200 -
2024-05-19 01:13:08,342 - INFO - 127.0.0.1 - - [19/May/2024 01:13:08] "GET /socket.io/?EIO=4&transport=websocket&sid=JsQS-5JYtA1djYKgAAAG HTTP/1.1" 200 -
2024-05-19 01:13:08,418 - INFO - 127.0.0.1 - - [19/May/2024 01:13:08] "GET /socket.io/?EIO=4&transport=polling&t=O-Dn1B1 HTTP/1.1" 200 -
2024-05-19 01:13:08,421 - INFO - 127.0.0.1 - - [19/May/2024 01:13:08] "POST /socket.io/?EIO=4&transport=polling&t=O-Dn1B3&sid=ebnkboBkfhGb-9l1AAAI HTTP/1.1" 200 -
2024-05-19 01:13:08,421 - INFO - 127.0.0.1 - - [19/May/2024 01:13:08] "GET /socket.io/?EIO=4&transport=polling&t=O-Dn1B3.0&sid=ebnkboBkfhGb-9l1AAAI HTTP/1.1" 200 -
2024-05-19 01:13:08,431 - INFO - 127.0.0.1 - - [19/May/2024 01:13:08] "GET /socket.io/?EIO=4&transport=polling&t=O-Dn1BD&sid=ebnkboBkfhGb-9l1AAAI HTTP/1.1" 200 -
2024-05-19 01:13:10,669 - INFO - 127.0.0.1 - - [19/May/2024 01:13:10] "OPTIONS /messages/get_messages?receiver_id=kcA4QLnAfvcBnaxExxlmKqw1KIu2 HTTP/1.1" 200 -
2024-05-19 01:13:11,210 - INFO - 127.0.0.1 - - [19/May/2024 01:13:11] "GET /messages/get_messages?receiver_id=kcA4QLnAfvcBnaxExxlmKqw1KIu2 HTTP/1.1" 200 -
2024-05-19 01:13:12,256 - INFO - 127.0.0.1 - - [19/May/2024 01:13:12] "OPTIONS /messages/get_messages?receiver_id=gEPooI5KujMcg8QMChAU32qh2ql1 HTTP/1.1" 200 -
2024-05-19 01:13:12,849 - INFO - 127.0.0.1 - - [19/May/2024 01:13:12] "GET /messages/get_messages?receiver_id=gEPooI5KujMcg8QMChAU32qh2ql1 HTTP/1.1" 200 -
2024-05-19 01:15:39,369 - INFO - 127.0.0.1 - - [19/May/2024 01:15:39] "GET /socket.io/?EIO=4&transport=websocket&sid=ebnkboBkfhGb-9l1AAAI HTTP/1.1" 200 -
2024-05-19 01:15:39,395 - INFO - 127.0.0.1 - - [19/May/2024 01:15:39] "GET /socket.io/?EIO=4&transport=websocket&sid=tJ0GXSc1hw9YF13FAAAE HTTP/1.1" 200 -
2024-05-19 01:15:39,463 - INFO - 127.0.0.1 - - [19/May/2024 01:15:39] "GET /socket.io/?EIO=4&transport=polling&t=O-Dnc35 HTTP/1.1" 200 -
2024-05-19 01:15:39,465 - INFO - 127.0.0.1 - - [19/May/2024 01:15:39] "POST /socket.io/?EIO=4&transport=polling&t=O-Dnc38&sid=nn-HU_QMocb2z9CWAAAK HTTP/1.1" 200 -
2024-05-19 01:15:39,466 - INFO - 127.0.0.1 - - [19/May/2024 01:15:39] "GET /socket.io/?EIO=4&transport=polling&t=O-Dnc38.0&sid=nn-HU_QMocb2z9CWAAAK HTTP/1.1" 200 -
2024-05-19 01:15:39,511 - INFO - 127.0.0.1 - - [19/May/2024 01:15:39] "GET /socket.io/?EIO=4&transport=polling&t=O-Dnc3s HTTP/1.1" 200 -
2024-05-19 01:15:39,513 - INFO - 127.0.0.1 - - [19/May/2024 01:15:39] "POST /socket.io/?EIO=4&transport=polling&t=O-Dnc3u&sid=vK9EdCQUmuL8PDX5AAAM HTTP/1.1" 200 -
2024-05-19 01:15:39,513 - INFO - 127.0.0.1 - - [19/May/2024 01:15:39] "GET /socket.io/?EIO=4&transport=polling&t=O-Dnc3u.0&sid=vK9EdCQUmuL8PDX5AAAM HTTP/1.1" 200 -
2024-05-19 01:17:17,554 - INFO - 127.0.0.1 - - [19/May/2024 01:17:17] "GET /socket.io/?EIO=4&transport=websocket&sid=nn-HU_QMocb2z9CWAAAK HTTP/1.1" 200 -
2024-05-19 01:17:17,554 - INFO - 127.0.0.1 - - [19/May/2024 01:17:17] "GET /socket.io/?EIO=4&transport=websocket&sid=vK9EdCQUmuL8PDX5AAAM HTTP/1.1" 200 -
2024-05-19 01:17:17,644 - INFO - 127.0.0.1 - - [19/May/2024 01:17:17] "GET /socket.io/?EIO=4&transport=polling&t=O-Dn-1B HTTP/1.1" 200 -
2024-05-19 01:17:17,646 - INFO - 127.0.0.1 - - [19/May/2024 01:17:17] "POST /socket.io/?EIO=4&transport=polling&t=O-Dn-1D&sid=E9iEeNzDSxITrorqAAAO HTTP/1.1" 200 -
2024-05-19 01:17:17,647 - INFO - 127.0.0.1 - - [19/May/2024 01:17:17] "GET /socket.io/?EIO=4&transport=polling&t=O-Dn-1D.0&sid=E9iEeNzDSxITrorqAAAO HTTP/1.1" 200 -
2024-05-19 01:17:17,649 - INFO - 127.0.0.1 - - [19/May/2024 01:17:17] "GET /socket.io/?EIO=4&transport=polling&t=O-Dn-1G&sid=E9iEeNzDSxITrorqAAAO HTTP/1.1" 200 -
2024-05-19 01:17:17,706 - INFO - 127.0.0.1 - - [19/May/2024 01:17:17] "GET /socket.io/?EIO=4&transport=polling&t=O-Dn-29 HTTP/1.1" 200 -
2024-05-19 01:17:17,708 - INFO - 127.0.0.1 - - [19/May/2024 01:17:17] "POST /socket.io/?EIO=4&transport=polling&t=O-Dn-2B&sid=PTeLG8kJP9N-Xx2nAAAQ HTTP/1.1" 200 -
2024-05-19 01:17:17,709 - INFO - 127.0.0.1 - - [19/May/2024 01:17:17] "GET /socket.io/?EIO=4&transport=polling&t=O-Dn-2B.0&sid=PTeLG8kJP9N-Xx2nAAAQ HTTP/1.1" 200 -
2024-05-19 01:17:17,711 - INFO - 127.0.0.1 - - [19/May/2024 01:17:17] "GET /socket.io/?EIO=4&transport=polling&t=O-Dn-2E&sid=PTeLG8kJP9N-Xx2nAAAQ HTTP/1.1" 200 -
2024-05-19 01:17:31,539 - INFO - 127.0.0.1 - - [19/May/2024 01:17:31] "OPTIONS /messages/get_messages?receiver_id=gEPooI5KujMcg8QMChAU32qh2ql1 HTTP/1.1" 200 -
2024-05-19 01:17:32,220 - INFO - 127.0.0.1 - - [19/May/2024 01:17:32] "GET /messages/get_messages?receiver_id=gEPooI5KujMcg8QMChAU32qh2ql1 HTTP/1.1" 200 -
2024-05-19 01:17:36,569 - INFO - 127.0.0.1 - - [19/May/2024 01:17:36] "OPTIONS /messages/publish HTTP/1.1" 200 -
2024-05-19 01:17:37,345 - INFO - Message published to Pub/Sub: 11184977231557406
2024-05-19 01:17:37,410 - INFO - Message saved to Firestore with ID: 51gR292b1Xa10IXuIFd9
2024-05-19 01:17:37,410 - INFO - 127.0.0.1 - - [19/May/2024 01:17:37] "POST /messages/publish HTTP/1.1" 200 -
2024-05-19 01:17:41,916 - INFO - Message published to Pub/Sub: 11184981126926715
2024-05-19 01:17:41,988 - INFO - Message saved to Firestore with ID: KYDQMEFeGEjPkVEdNXSF
2024-05-19 01:17:41,989 - INFO - 127.0.0.1 - - [19/May/2024 01:17:41] "POST /messages/publish HTTP/1.1" 200 -
2024-05-19 01:17:42,756 - INFO - 127.0.0.1 - - [19/May/2024 01:17:42] "OPTIONS /messages/publish HTTP/1.1" 200 -
2024-05-19 01:17:43,353 - INFO - Message published to Pub/Sub: 11184960623340944
2024-05-19 01:17:43,441 - INFO - Message saved to Firestore with ID: qjiPoaMLIrmQQJOyo26b
2024-05-19 01:17:43,441 - INFO - 127.0.0.1 - - [19/May/2024 01:17:43] "POST /messages/publish HTTP/1.1" 200 -
2024-05-19 01:17:53,290 - INFO - 127.0.0.1 - - [19/May/2024 01:17:53] "OPTIONS /messages/get_messages?receiver_id=kcA4QLnAfvcBnaxExxlmKqw1KIu2 HTTP/1.1" 200 -
2024-05-19 01:17:53,812 - INFO - 127.0.0.1 - - [19/May/2024 01:17:53] "GET /messages/get_messages?receiver_id=kcA4QLnAfvcBnaxExxlmKqw1KIu2 HTTP/1.1" 200 -
2024-05-19 01:23:06,304 - INFO - 127.0.0.1 - - [19/May/2024 01:23:06] "GET /socket.io/?EIO=4&transport=websocket&sid=PTeLG8kJP9N-Xx2nAAAQ HTTP/1.1" 200 -
2024-05-19 01:23:06,396 - INFO - 127.0.0.1 - - [19/May/2024 01:23:06] "GET /socket.io/?EIO=4&transport=websocket&sid=E9iEeNzDSxITrorqAAAO HTTP/1.1" 200 -
2024-05-19 01:23:06,404 - INFO - 127.0.0.1 - - [19/May/2024 01:23:06] "GET /socket.io/?EIO=4&transport=polling&t=O-DpJAX HTTP/1.1" 200 -
2024-05-19 01:23:06,407 - INFO - 127.0.0.1 - - [19/May/2024 01:23:06] "POST /socket.io/?EIO=4&transport=polling&t=O-DpJAb&sid=PolIDu1DDvSdBM_iAAAS HTTP/1.1" 200 -
2024-05-19 01:23:06,409 - INFO - 127.0.0.1 - - [19/May/2024 01:23:06] "GET /socket.io/?EIO=4&transport=polling&t=O-DpJAc&sid=PolIDu1DDvSdBM_iAAAS HTTP/1.1" 200 -
2024-05-19 01:23:06,531 - INFO - 127.0.0.1 - - [19/May/2024 01:23:06] "GET /socket.io/?EIO=4&transport=polling&t=O-DpJCY HTTP/1.1" 200 -
2024-05-19 01:23:06,534 - INFO - 127.0.0.1 - - [19/May/2024 01:23:06] "POST /socket.io/?EIO=4&transport=polling&t=O-DpJCb&sid=of1_YI9bPFJOo0h9AAAU HTTP/1.1" 200 -
2024-05-19 01:23:06,535 - INFO - 127.0.0.1 - - [19/May/2024 01:23:06] "GET /socket.io/?EIO=4&transport=polling&t=O-DpJCb.0&sid=of1_YI9bPFJOo0h9AAAU HTTP/1.1" 200 -
2024-05-19 01:23:06,537 - INFO - 127.0.0.1 - - [19/May/2024 01:23:06] "GET /socket.io/?EIO=4&transport=polling&t=O-DpJCe&sid=of1_YI9bPFJOo0h9AAAU HTTP/1.1" 200 -
2024-05-19 01:23:16,950 - INFO - 127.0.0.1 - - [19/May/2024 01:23:16] "GET /socket.io/?EIO=4&transport=websocket&sid=of1_YI9bPFJOo0h9AAAU HTTP/1.1" 200 -
2024-05-19 01:23:16,963 - INFO - 127.0.0.1 - - [19/May/2024 01:23:16] "GET /socket.io/?EIO=4&transport=websocket&sid=PolIDu1DDvSdBM_iAAAS HTTP/1.1" 200 -
2024-05-19 01:23:17,036 - INFO - 127.0.0.1 - - [19/May/2024 01:23:17] "GET /socket.io/?EIO=4&transport=polling&t=O-DpLmg HTTP/1.1" 200 -
2024-05-19 01:23:17,038 - INFO - 127.0.0.1 - - [19/May/2024 01:23:17] "POST /socket.io/?EIO=4&transport=polling&t=O-DpLmj&sid=u5K_lu4paRaX4z7LAAAW HTTP/1.1" 200 -
2024-05-19 01:23:17,039 - INFO - 127.0.0.1 - - [19/May/2024 01:23:17] "GET /socket.io/?EIO=4&transport=polling&t=O-DpLmk&sid=u5K_lu4paRaX4z7LAAAW HTTP/1.1" 200 -
2024-05-19 01:23:17,060 - INFO - 127.0.0.1 - - [19/May/2024 01:23:17] "GET /socket.io/?EIO=4&transport=polling&t=O-DpLn3 HTTP/1.1" 200 -
2024-05-19 01:23:17,062 - INFO - 127.0.0.1 - - [19/May/2024 01:23:17] "POST /socket.io/?EIO=4&transport=polling&t=O-DpLn5&sid=s_m1p9Tiltt9bhJrAAAY HTTP/1.1" 200 -
2024-05-19 01:23:17,063 - INFO - 127.0.0.1 - - [19/May/2024 01:23:17] "GET /socket.io/?EIO=4&transport=polling&t=O-DpLn5.0&sid=s_m1p9Tiltt9bhJrAAAY HTTP/1.1" 200 -
2024-05-19 01:23:17,064 - INFO - 127.0.0.1 - - [19/May/2024 01:23:17] "GET /socket.io/?EIO=4&transport=polling&t=O-DpLn7&sid=s_m1p9Tiltt9bhJrAAAY HTTP/1.1" 200 -
2024-05-19 01:24:09,804 - INFO - 127.0.0.1 - - [19/May/2024 01:24:09] "GET /socket.io/?EIO=4&transport=websocket&sid=u5K_lu4paRaX4z7LAAAW HTTP/1.1" 200 -
2024-05-19 01:24:09,895 - INFO - 127.0.0.1 - - [19/May/2024 01:24:09] "GET /socket.io/?EIO=4&transport=polling&t=O-DpYgc HTTP/1.1" 200 -
2024-05-19 01:24:09,898 - INFO - 127.0.0.1 - - [19/May/2024 01:24:09] "POST /socket.io/?EIO=4&transport=polling&t=O-DpYgf&sid=hw6n9OrCG_SuwSMcAAAa HTTP/1.1" 200 -
2024-05-19 01:24:09,900 - INFO - 127.0.0.1 - - [19/May/2024 01:24:09] "GET /socket.io/?EIO=4&transport=polling&t=O-DpYgf.0&sid=hw6n9OrCG_SuwSMcAAAa HTTP/1.1" 200 -
2024-05-19 01:24:10,425 - INFO - 127.0.0.1 - - [19/May/2024 01:24:10] "GET /socket.io/?EIO=4&transport=websocket&sid=s_m1p9Tiltt9bhJrAAAY HTTP/1.1" 200 -
2024-05-19 01:24:10,526 - INFO - 127.0.0.1 - - [19/May/2024 01:24:10] "GET /socket.io/?EIO=4&transport=polling&t=O-DpYqT HTTP/1.1" 200 -
2024-05-19 01:24:10,528 - INFO - 127.0.0.1 - - [19/May/2024 01:24:10] "POST /socket.io/?EIO=4&transport=polling&t=O-DpYqV&sid=Qvu78Fewj6A6S4OHAAAc HTTP/1.1" 200 -
2024-05-19 01:24:10,530 - INFO - 127.0.0.1 - - [19/May/2024 01:24:10] "GET /socket.io/?EIO=4&transport=polling&t=O-DpYqV.0&sid=Qvu78Fewj6A6S4OHAAAc HTTP/1.1" 200 -
2024-05-19 01:24:10,531 - INFO - 127.0.0.1 - - [19/May/2024 01:24:10] "GET /socket.io/?EIO=4&transport=polling&t=O-DpYqZ&sid=Qvu78Fewj6A6S4OHAAAc HTTP/1.1" 200 -
2024-05-19 01:24:15,724 - INFO - 127.0.0.1 - - [19/May/2024 01:24:15] "GET /socket.io/?EIO=4&transport=websocket&sid=hw6n9OrCG_SuwSMcAAAa HTTP/1.1" 200 -
2024-05-19 01:24:15,728 - INFO - 127.0.0.1 - - [19/May/2024 01:24:15] "GET /socket.io/?EIO=4&transport=websocket&sid=Qvu78Fewj6A6S4OHAAAc HTTP/1.1" 200 -
2024-05-19 01:24:15,801 - INFO - 127.0.0.1 - - [19/May/2024 01:24:15] "GET /socket.io/?EIO=4&transport=polling&t=O-Dpa6u HTTP/1.1" 200 -
2024-05-19 01:24:15,804 - INFO - 127.0.0.1 - - [19/May/2024 01:24:15] "POST /socket.io/?EIO=4&transport=polling&t=O-Dpa6w&sid=x1BX7_mWVcIPSOAxAAAe HTTP/1.1" 200 -
2024-05-19 01:24:15,804 - INFO - 127.0.0.1 - - [19/May/2024 01:24:15] "GET /socket.io/?EIO=4&transport=polling&t=O-Dpa6w.0&sid=x1BX7_mWVcIPSOAxAAAe HTTP/1.1" 200 -
2024-05-19 01:24:15,806 - INFO - 127.0.0.1 - - [19/May/2024 01:24:15] "GET /socket.io/?EIO=4&transport=polling&t=O-Dpa6z&sid=x1BX7_mWVcIPSOAxAAAe HTTP/1.1" 200 -
2024-05-19 01:24:15,829 - INFO - 127.0.0.1 - - [19/May/2024 01:24:15] "GET /socket.io/?EIO=4&transport=polling&t=O-Dpa7K HTTP/1.1" 200 -
2024-05-19 01:24:15,831 - INFO - 127.0.0.1 - - [19/May/2024 01:24:15] "POST /socket.io/?EIO=4&transport=polling&t=O-Dpa7M&sid=kq24wrAR_LH2HA7pAAAg HTTP/1.1" 200 -
2024-05-19 01:24:15,832 - INFO - 127.0.0.1 - - [19/May/2024 01:24:15] "GET /socket.io/?EIO=4&transport=polling&t=O-Dpa7M.0&sid=kq24wrAR_LH2HA7pAAAg HTTP/1.1" 200 -
2024-05-19 01:24:20,498 - INFO - 127.0.0.1 - - [19/May/2024 01:24:20] "GET /socket.io/?EIO=4&transport=websocket&sid=x1BX7_mWVcIPSOAxAAAe HTTP/1.1" 200 -
2024-05-19 01:24:20,568 - INFO - 127.0.0.1 - - [19/May/2024 01:24:20] "GET /socket.io/?EIO=4&transport=polling&t=O-DpbHM HTTP/1.1" 200 -
2024-05-19 01:24:20,569 - INFO - 127.0.0.1 - - [19/May/2024 01:24:20] "POST /socket.io/?EIO=4&transport=polling&t=O-DpbHP&sid=2uzdYToP0DLVui-ZAAAi HTTP/1.1" 200 -
2024-05-19 01:24:20,570 - INFO - 127.0.0.1 - - [19/May/2024 01:24:20] "GET /socket.io/?EIO=4&transport=polling&t=O-DpbHP.0&sid=2uzdYToP0DLVui-ZAAAi HTTP/1.1" 200 -
2024-05-19 01:24:20,572 - INFO - 127.0.0.1 - - [19/May/2024 01:24:20] "GET /socket.io/?EIO=4&transport=polling&t=O-DpbHR&sid=2uzdYToP0DLVui-ZAAAi HTTP/1.1" 200 -
2024-05-19 01:24:21,430 - INFO - 127.0.0.1 - - [19/May/2024 01:24:21] "GET /socket.io/?EIO=4&transport=websocket&sid=kq24wrAR_LH2HA7pAAAg HTTP/1.1" 200 -
2024-05-19 01:24:21,529 - INFO - 127.0.0.1 - - [19/May/2024 01:24:21] "GET /socket.io/?EIO=4&transport=polling&t=O-DpbWO HTTP/1.1" 200 -
2024-05-19 01:24:21,531 - INFO - 127.0.0.1 - - [19/May/2024 01:24:21] "POST /socket.io/?EIO=4&transport=polling&t=O-DpbWQ&sid=EemE1rJifGeb0DgwAAAk HTTP/1.1" 200 -
2024-05-19 01:24:21,533 - INFO - 127.0.0.1 - - [19/May/2024 01:24:21] "GET /socket.io/?EIO=4&transport=polling&t=O-DpbWQ.0&sid=EemE1rJifGeb0DgwAAAk HTTP/1.1" 200 -
2024-05-19 01:25:07,315 - INFO - 127.0.0.1 - - [19/May/2024 01:25:07] "GET /socket.io/?EIO=4&transport=websocket&sid=EemE1rJifGeb0DgwAAAk HTTP/1.1" 200 -
2024-05-19 01:25:07,324 - INFO - 127.0.0.1 - - [19/May/2024 01:25:07] "GET /socket.io/?EIO=4&transport=websocket&sid=2uzdYToP0DLVui-ZAAAi HTTP/1.1" 200 -
2024-05-19 01:25:07,413 - INFO - 127.0.0.1 - - [19/May/2024 01:25:07] "GET /socket.io/?EIO=4&transport=polling&t=O-DpmjJ HTTP/1.1" 200 -
2024-05-19 01:25:07,415 - INFO - 127.0.0.1 - - [19/May/2024 01:25:07] "POST /socket.io/?EIO=4&transport=polling&t=O-DpmjM&sid=3VUvRsp496GTdhEKAAAm HTTP/1.1" 200 -
2024-05-19 01:25:07,416 - INFO - 127.0.0.1 - - [19/May/2024 01:25:07] "GET /socket.io/?EIO=4&transport=polling&t=O-DpmjM.0&sid=3VUvRsp496GTdhEKAAAm HTTP/1.1" 200 -
2024-05-19 01:25:07,443 - INFO - 127.0.0.1 - - [19/May/2024 01:25:07] "GET /socket.io/?EIO=4&transport=polling&t=O-Dpmjo HTTP/1.1" 200 -
2024-05-19 01:25:07,444 - INFO - 127.0.0.1 - - [19/May/2024 01:25:07] "POST /socket.io/?EIO=4&transport=polling&t=O-Dpmjp&sid=Z3cQhEzo3ALcuCo9AAAo HTTP/1.1" 200 -
2024-05-19 01:25:07,445 - INFO - 127.0.0.1 - - [19/May/2024 01:25:07] "GET /socket.io/?EIO=4&transport=polling&t=O-Dpmjq&sid=Z3cQhEzo3ALcuCo9AAAo HTTP/1.1" 200 -
2024-05-19 01:25:07,446 - INFO - 127.0.0.1 - - [19/May/2024 01:25:07] "GET /socket.io/?EIO=4&transport=polling&t=O-Dpmjs&sid=Z3cQhEzo3ALcuCo9AAAo HTTP/1.1" 200 -
2024-05-19 01:25:28,432 - INFO - 127.0.0.1 - - [19/May/2024 01:25:28] "GET /socket.io/?EIO=4&transport=websocket&sid=Z3cQhEzo3ALcuCo9AAAo HTTP/1.1" 200 -
2024-05-19 01:25:28,432 - INFO - 127.0.0.1 - - [19/May/2024 01:25:28] "GET /socket.io/?EIO=4&transport=websocket&sid=3VUvRsp496GTdhEKAAAm HTTP/1.1" 200 -
2024-05-19 01:25:28,516 - INFO - 127.0.0.1 - - [19/May/2024 01:25:28] "GET /socket.io/?EIO=4&transport=polling&t=O-Dprt2 HTTP/1.1" 200 -
2024-05-19 01:25:28,519 - INFO - 127.0.0.1 - - [19/May/2024 01:25:28] "POST /socket.io/?EIO=4&transport=polling&t=O-Dprt6&sid=gpxZDPO6S7jlDtvtAAAq HTTP/1.1" 200 -
2024-05-19 01:25:28,520 - INFO - 127.0.0.1 - - [19/May/2024 01:25:28] "GET /socket.io/?EIO=4&transport=polling&t=O-Dprt6.0&sid=gpxZDPO6S7jlDtvtAAAq HTTP/1.1" 200 -
2024-05-19 01:25:28,550 - INFO - 127.0.0.1 - - [19/May/2024 01:25:28] "GET /socket.io/?EIO=4&transport=polling&t=O-Dprtb HTTP/1.1" 200 -
2024-05-19 01:25:28,552 - INFO - 127.0.0.1 - - [19/May/2024 01:25:28] "POST /socket.io/?EIO=4&transport=polling&t=O-Dprtd&sid=kRiHlvBeYZF54D9fAAAs HTTP/1.1" 200 -
2024-05-19 01:25:28,553 - INFO - 127.0.0.1 - - [19/May/2024 01:25:28] "GET /socket.io/?EIO=4&transport=polling&t=O-Dprtd.0&sid=kRiHlvBeYZF54D9fAAAs HTTP/1.1" 200 -
2024-05-19 01:25:43,651 - INFO - 127.0.0.1 - - [19/May/2024 01:25:43] "GET /socket.io/?EIO=4&transport=websocket&sid=gpxZDPO6S7jlDtvtAAAq HTTP/1.1" 200 -
2024-05-19 01:25:43,682 - INFO - 127.0.0.1 - - [19/May/2024 01:25:43] "GET /socket.io/?EIO=4&transport=websocket&sid=kRiHlvBeYZF54D9fAAAs HTTP/1.1" 200 -
2024-05-19 01:25:43,746 - INFO - 127.0.0.1 - - [19/May/2024 01:25:43] "GET /socket.io/?EIO=4&transport=polling&t=O-Dpvb0 HTTP/1.1" 200 -
2024-05-19 01:25:43,748 - INFO - 127.0.0.1 - - [19/May/2024 01:25:43] "POST /socket.io/?EIO=4&transport=polling&t=O-Dpvb3&sid=DQv3vtgE8gUWoLmXAAAu HTTP/1.1" 200 -
2024-05-19 01:25:43,749 - INFO - 127.0.0.1 - - [19/May/2024 01:25:43] "GET /socket.io/?EIO=4&transport=polling&t=O-Dpvb3.0&sid=DQv3vtgE8gUWoLmXAAAu HTTP/1.1" 200 -
2024-05-19 01:25:43,752 - INFO - 127.0.0.1 - - [19/May/2024 01:25:43] "GET /socket.io/?EIO=4&transport=polling&t=O-Dpvb7&sid=DQv3vtgE8gUWoLmXAAAu HTTP/1.1" 200 -
2024-05-19 01:25:43,778 - INFO - 127.0.0.1 - - [19/May/2024 01:25:43] "GET /socket.io/?EIO=4&transport=polling&t=O-DpvbX HTTP/1.1" 200 -
2024-05-19 01:25:43,780 - INFO - 127.0.0.1 - - [19/May/2024 01:25:43] "POST /socket.io/?EIO=4&transport=polling&t=O-DpvbZ&sid=2p222uObhogEgdRzAAAw HTTP/1.1" 200 -
2024-05-19 01:25:43,781 - INFO - 127.0.0.1 - - [19/May/2024 01:25:43] "GET /socket.io/?EIO=4&transport=polling&t=O-DpvbZ.0&sid=2p222uObhogEgdRzAAAw HTTP/1.1" 200 -
2024-05-19 01:27:00,388 - INFO - 127.0.0.1 - - [19/May/2024 01:27:00] "GET /socket.io/?EIO=4&transport=websocket&sid=DQv3vtgE8gUWoLmXAAAu HTTP/1.1" 200 -
2024-05-19 01:27:00,421 - INFO - 127.0.0.1 - - [19/May/2024 01:27:00] "GET /socket.io/?EIO=4&transport=websocket&sid=2p222uObhogEgdRzAAAw HTTP/1.1" 200 -
2024-05-19 01:27:00,478 - INFO - 127.0.0.1 - - [19/May/2024 01:27:00] "GET /socket.io/?EIO=4&transport=polling&t=O-DqCJy HTTP/1.1" 200 -
2024-05-19 01:27:00,480 - INFO - 127.0.0.1 - - [19/May/2024 01:27:00] "POST /socket.io/?EIO=4&transport=polling&t=O-DqCJ_&sid=uBLohturl51JQOeKAAAy HTTP/1.1" 200 -
2024-05-19 01:27:00,480 - INFO - 127.0.0.1 - - [19/May/2024 01:27:00] "GET /socket.io/?EIO=4&transport=polling&t=O-DqCJ_.0&sid=uBLohturl51JQOeKAAAy HTTP/1.1" 200 -
2024-05-19 01:27:00,517 - INFO - 127.0.0.1 - - [19/May/2024 01:27:00] "GET /socket.io/?EIO=4&transport=polling&t=O-DqCKa HTTP/1.1" 200 -
2024-05-19 01:27:00,519 - INFO - 127.0.0.1 - - [19/May/2024 01:27:00] "POST /socket.io/?EIO=4&transport=polling&t=O-DqCKc&sid=JGmllKF0vXn62aBhAAA0 HTTP/1.1" 200 -
2024-05-19 01:27:00,519 - INFO - 127.0.0.1 - - [19/May/2024 01:27:00] "GET /socket.io/?EIO=4&transport=polling&t=O-DqCKc.0&sid=JGmllKF0vXn62aBhAAA0 HTTP/1.1" 200 -
2024-05-19 01:27:02,698 - INFO - 127.0.0.1 - - [19/May/2024 01:27:02] "GET /socket.io/?EIO=4&transport=websocket&sid=uBLohturl51JQOeKAAAy HTTP/1.1" 200 -
2024-05-19 01:27:02,762 - INFO - 127.0.0.1 - - [19/May/2024 01:27:02] "GET /socket.io/?EIO=4&transport=polling&t=O-DqCte HTTP/1.1" 200 -
2024-05-19 01:27:02,763 - INFO - 127.0.0.1 - - [19/May/2024 01:27:02] "POST /socket.io/?EIO=4&transport=polling&t=O-DqCtg&sid=eDRBBRY-S2RP7eYmAAA2 HTTP/1.1" 200 -
2024-05-19 01:27:02,764 - INFO - 127.0.0.1 - - [19/May/2024 01:27:02] "GET /socket.io/?EIO=4&transport=polling&t=O-DqCtg.0&sid=eDRBBRY-S2RP7eYmAAA2 HTTP/1.1" 200 -
2024-05-19 01:27:02,766 - INFO - 127.0.0.1 - - [19/May/2024 01:27:02] "GET /socket.io/?EIO=4&transport=polling&t=O-DqCtj&sid=eDRBBRY-S2RP7eYmAAA2 HTTP/1.1" 200 -
2024-05-19 01:27:03,435 - INFO - 127.0.0.1 - - [19/May/2024 01:27:03] "GET /socket.io/?EIO=4&transport=websocket&sid=JGmllKF0vXn62aBhAAA0 HTTP/1.1" 200 -
2024-05-19 01:27:03,530 - INFO - 127.0.0.1 - - [19/May/2024 01:27:03] "GET /socket.io/?EIO=4&transport=polling&t=O-DqD3f HTTP/1.1" 200 -
2024-05-19 01:27:03,532 - INFO - 127.0.0.1 - - [19/May/2024 01:27:03] "POST /socket.io/?EIO=4&transport=polling&t=O-DqD3h&sid=l1qBKlXdJUQgY4bnAAA4 HTTP/1.1" 200 -
2024-05-19 01:27:03,534 - INFO - 127.0.0.1 - - [19/May/2024 01:27:03] "GET /socket.io/?EIO=4&transport=polling&t=O-DqD3h.0&sid=l1qBKlXdJUQgY4bnAAA4 HTTP/1.1" 200 -
2024-05-19 01:27:03,535 - INFO - 127.0.0.1 - - [19/May/2024 01:27:03] "GET /socket.io/?EIO=4&transport=polling&t=O-DqD3k&sid=l1qBKlXdJUQgY4bnAAA4 HTTP/1.1" 200 -
2024-05-19 01:27:35,784 - INFO - 127.0.0.1 - - [19/May/2024 01:27:35] "GET /socket.io/?EIO=4&transport=websocket&sid=eDRBBRY-S2RP7eYmAAA2 HTTP/1.1" 200 -
2024-05-19 01:27:35,826 - INFO - 127.0.0.1 - - [19/May/2024 01:27:35] "GET /socket.io/?EIO=4&transport=websocket&sid=l1qBKlXdJUQgY4bnAAA4 HTTP/1.1" 200 -
2024-05-19 01:27:35,878 - INFO - 127.0.0.1 - - [19/May/2024 01:27:35] "GET /socket.io/?EIO=4&transport=polling&t=O-DqKz4 HTTP/1.1" 200 -
2024-05-19 01:27:35,881 - INFO - 127.0.0.1 - - [19/May/2024 01:27:35] "POST /socket.io/?EIO=4&transport=polling&t=O-DqKz7&sid=MAuRLcgnMKL-jhpjAAA6 HTTP/1.1" 200 -
2024-05-19 01:27:35,882 - INFO - 127.0.0.1 - - [19/May/2024 01:27:35] "GET /socket.io/?EIO=4&transport=polling&t=O-DqKz8&sid=MAuRLcgnMKL-jhpjAAA6 HTTP/1.1" 200 -
2024-05-19 01:27:35,918 - INFO - 127.0.0.1 - - [19/May/2024 01:27:35] "GET /socket.io/?EIO=4&transport=polling&t=O-DqKzj HTTP/1.1" 200 -
2024-05-19 01:27:35,920 - INFO - 127.0.0.1 - - [19/May/2024 01:27:35] "POST /socket.io/?EIO=4&transport=polling&t=O-DqKzl&sid=bz7AA5c1I3gmUMTIAAA8 HTTP/1.1" 200 -
2024-05-19 01:27:35,920 - INFO - 127.0.0.1 - - [19/May/2024 01:27:35] "GET /socket.io/?EIO=4&transport=polling&t=O-DqKzl.0&sid=bz7AA5c1I3gmUMTIAAA8 HTTP/1.1" 200 -
2024-05-19 01:27:35,922 - INFO - 127.0.0.1 - - [19/May/2024 01:27:35] "GET /socket.io/?EIO=4&transport=polling&t=O-DqKzn&sid=bz7AA5c1I3gmUMTIAAA8 HTTP/1.1" 200 -
2024-05-19 01:27:43,249 - INFO - 127.0.0.1 - - [19/May/2024 01:27:43] "GET /socket.io/?EIO=4&transport=websocket&sid=MAuRLcgnMKL-jhpjAAA6 HTTP/1.1" 200 -
2024-05-19 01:27:43,331 - INFO - 127.0.0.1 - - [19/May/2024 01:27:43] "GET /socket.io/?EIO=4&transport=polling&t=O-DqMnX HTTP/1.1" 200 -
2024-05-19 01:27:43,333 - INFO - 127.0.0.1 - - [19/May/2024 01:27:43] "POST /socket.io/?EIO=4&transport=polling&t=O-DqMna&sid=IuF2q2Utv3MKJUvzAAA- HTTP/1.1" 200 -
2024-05-19 01:27:43,334 - INFO - 127.0.0.1 - - [19/May/2024 01:27:43] "GET /socket.io/?EIO=4&transport=polling&t=O-DqMna.0&sid=IuF2q2Utv3MKJUvzAAA- HTTP/1.1" 200 -
2024-05-19 01:27:43,335 - INFO - 127.0.0.1 - - [19/May/2024 01:27:43] "GET /socket.io/?EIO=4&transport=polling&t=O-DqMnd&sid=IuF2q2Utv3MKJUvzAAA- HTTP/1.1" 200 -
2024-05-19 01:27:43,424 - INFO - 127.0.0.1 - - [19/May/2024 01:27:43] "GET /socket.io/?EIO=4&transport=websocket&sid=bz7AA5c1I3gmUMTIAAA8 HTTP/1.1" 200 -
2024-05-19 01:27:43,520 - INFO - 127.0.0.1 - - [19/May/2024 01:27:43] "GET /socket.io/?EIO=4&transport=polling&t=O-DqMqU HTTP/1.1" 200 -
2024-05-19 01:27:43,521 - INFO - 127.0.0.1 - - [19/May/2024 01:27:43] "POST /socket.io/?EIO=4&transport=polling&t=O-DqMqW&sid=7SHufkMwGFeCDG6zAABA HTTP/1.1" 200 -
2024-05-19 01:27:43,523 - INFO - 127.0.0.1 - - [19/May/2024 01:27:43] "GET /socket.io/?EIO=4&transport=polling&t=O-DqMqW.0&sid=7SHufkMwGFeCDG6zAABA HTTP/1.1" 200 -
2024-05-19 01:27:44,290 - INFO - 127.0.0.1 - - [19/May/2024 01:27:44] "GET /socket.io/?EIO=4&transport=websocket&sid=IuF2q2Utv3MKJUvzAAA- HTTP/1.1" 200 -
2024-05-19 01:27:44,360 - INFO - 127.0.0.1 - - [19/May/2024 01:27:44] "GET /socket.io/?EIO=4&transport=polling&t=O-DqN1c HTTP/1.1" 200 -
2024-05-19 01:27:44,361 - INFO - 127.0.0.1 - - [19/May/2024 01:27:44] "POST /socket.io/?EIO=4&transport=polling&t=O-DqN1f&sid=WpCxLYZYAUv37llZAABC HTTP/1.1" 200 -
2024-05-19 01:27:44,362 - INFO - 127.0.0.1 - - [19/May/2024 01:27:44] "GET /socket.io/?EIO=4&transport=polling&t=O-DqN1f.0&sid=WpCxLYZYAUv37llZAABC HTTP/1.1" 200 -
2024-05-19 01:27:44,366 - INFO - 127.0.0.1 - - [19/May/2024 01:27:44] "GET /socket.io/?EIO=4&transport=polling&t=O-DqN1j&sid=WpCxLYZYAUv37llZAABC HTTP/1.1" 200 -
2024-05-19 01:27:44,422 - INFO - 127.0.0.1 - - [19/May/2024 01:27:44] "GET /socket.io/?EIO=4&transport=websocket&sid=7SHufkMwGFeCDG6zAABA HTTP/1.1" 200 -
2024-05-19 01:27:44,494 - INFO - 127.0.0.1 - - [19/May/2024 01:27:44] "GET /socket.io/?EIO=4&transport=polling&t=O-DqN3i HTTP/1.1" 200 -
2024-05-19 01:27:44,496 - INFO - 127.0.0.1 - - [19/May/2024 01:27:44] "POST /socket.io/?EIO=4&transport=polling&t=O-DqN3l&sid=3fXJGYoicg9LEMIuAABE HTTP/1.1" 200 -
2024-05-19 01:27:44,497 - INFO - 127.0.0.1 - - [19/May/2024 01:27:44] "GET /socket.io/?EIO=4&transport=polling&t=O-DqN3l.0&sid=3fXJGYoicg9LEMIuAABE HTTP/1.1" 200 -
2024-05-19 01:27:44,499 - INFO - 127.0.0.1 - - [19/May/2024 01:27:44] "GET /socket.io/?EIO=4&transport=polling&t=O-DqN3o&sid=3fXJGYoicg9LEMIuAABE HTTP/1.1" 200 -
2024-05-19 01:27:49,671 - INFO - 127.0.0.1 - - [19/May/2024 01:27:49] "OPTIONS /messages/get_messages?receiver_id=gEPooI5KujMcg8QMChAU32qh2ql1 HTTP/1.1" 200 -
2024-05-19 01:27:50,780 - INFO - 127.0.0.1 - - [19/May/2024 01:27:50] "GET /messages/get_messages?receiver_id=gEPooI5KujMcg8QMChAU32qh2ql1 HTTP/1.1" 200 -
2024-05-19 01:27:54,502 - INFO - 127.0.0.1 - - [19/May/2024 01:27:54] "OPTIONS /messages/get_messages?receiver_id=kcA4QLnAfvcBnaxExxlmKqw1KIu2 HTTP/1.1" 200 -
2024-05-19 01:27:55,049 - INFO - 127.0.0.1 - - [19/May/2024 01:27:55] "GET /messages/get_messages?receiver_id=kcA4QLnAfvcBnaxExxlmKqw1KIu2 HTTP/1.1" 200 -
2024-05-19 01:31:02,938 - INFO - 127.0.0.1 - - [19/May/2024 01:31:02] "GET /socket.io/?EIO=4&transport=websocket&sid=WpCxLYZYAUv37llZAABC HTTP/1.1" 200 -
2024-05-19 01:31:03,017 - INFO - 127.0.0.1 - - [19/May/2024 01:31:03] "GET /socket.io/?EIO=4&transport=polling&t=O-Dr7Xd HTTP/1.1" 200 -
2024-05-19 01:31:03,020 - INFO - 127.0.0.1 - - [19/May/2024 01:31:03] "POST /socket.io/?EIO=4&transport=polling&t=O-Dr7Xg&sid=MMpLHP8t-0a9jMxjAABG HTTP/1.1" 200 -
2024-05-19 01:31:03,022 - INFO - 127.0.0.1 - - [19/May/2024 01:31:03] "GET /socket.io/?EIO=4&transport=polling&t=O-Dr7Xh&sid=MMpLHP8t-0a9jMxjAABG HTTP/1.1" 200 -
2024-05-19 01:31:04,648 - INFO - 127.0.0.1 - - [19/May/2024 01:31:04] "OPTIONS /messages/get_messages?receiver_id=kcA4QLnAfvcBnaxExxlmKqw1KIu2 HTTP/1.1" 200 -
2024-05-19 01:31:05,031 - ERROR - Exception on /messages/get_messages [GET]
Traceback (most recent call last):
  File "/Users/muhailah/chtcht/chtcht/env/lib/python3.12/site-packages/pyrebase/pyrebase.py", line 544, in raise_detailed_error
    request_object.raise_for_status()
  File "/Users/muhailah/chtcht/chtcht/env/lib/python3.12/site-packages/requests/models.py", line 1021, in raise_for_status
    raise HTTPError(http_error_msg, response=self)
requests.exceptions.HTTPError: 400 Client Error: Bad Request for url: https://www.googleapis.com/identitytoolkit/v3/relyingparty/getAccountInfo?key=AIzaSyDd9YRWul2zoxW4l3SNw1Pso_S5ajE4bys

During handling of the above exception, another exception occurred:

Traceback (most recent call last):
  File "/Users/muhailah/chtcht/chtcht/env/lib/python3.12/site-packages/flask/app.py", line 1473, in wsgi_app
    response = self.full_dispatch_request()
               ^^^^^^^^^^^^^^^^^^^^^^^^^^^^
  File "/Users/muhailah/chtcht/chtcht/env/lib/python3.12/site-packages/flask/app.py", line 882, in full_dispatch_request
    rv = self.handle_user_exception(e)
         ^^^^^^^^^^^^^^^^^^^^^^^^^^^^^
  File "/Users/muhailah/chtcht/chtcht/env/lib/python3.12/site-packages/flask_cors/extension.py", line 176, in wrapped_function
    return cors_after_request(app.make_response(f(*args, **kwargs)))
                                                ^^^^^^^^^^^^^^^^^^
  File "/Users/muhailah/chtcht/chtcht/env/lib/python3.12/site-packages/flask/app.py", line 880, in full_dispatch_request
    rv = self.dispatch_request()
         ^^^^^^^^^^^^^^^^^^^^^^^
  File "/Users/muhailah/chtcht/chtcht/env/lib/python3.12/site-packages/flask/app.py", line 865, in dispatch_request
    return self.ensure_sync(self.view_functions[rule.endpoint])(**view_args)  # type: ignore[no-any-return]
           ^^^^^^^^^^^^^^^^^^^^^^^^^^^^^^^^^^^^^^^^^^^^^^^^^^^^^^^^^^^^^^^^^
  File "/Users/muhailah/chtcht/chtcht/app/blueprints/message.py", line 129, in get_messages
    user = auth.get_account_info(token)
           ^^^^^^^^^^^^^^^^^^^^^^^^^^^^
  File "/Users/muhailah/chtcht/chtcht/env/lib/python3.12/site-packages/pyrebase/pyrebase.py", line 139, in get_account_info
    raise_detailed_error(request_object)
  File "/Users/muhailah/chtcht/chtcht/env/lib/python3.12/site-packages/pyrebase/pyrebase.py", line 548, in raise_detailed_error
    raise HTTPError(e, request_object.text)
requests.exceptions.HTTPError: [Errno 400 Client Error: Bad Request for url: https://www.googleapis.com/identitytoolkit/v3/relyingparty/getAccountInfo?key=AIzaSyDd9YRWul2zoxW4l3SNw1Pso_S5ajE4bys] {
  "error": {
    "code": 400,
    "message": "INVALID_ID_TOKEN",
    "errors": [
      {
        "message": "INVALID_ID_TOKEN",
        "domain": "global",
        "reason": "invalid"
      }
    ]
  }
}

2024-05-19 01:31:05,045 - INFO - 127.0.0.1 - - [19/May/2024 01:31:05] "[35m[1mGET /messages/get_messages?receiver_id=kcA4QLnAfvcBnaxExxlmKqw1KIu2 HTTP/1.1[0m" 500 -
2024-05-19 01:31:10,444 - INFO - 127.0.0.1 - - [19/May/2024 01:31:10] "OPTIONS /messages/get_messages?receiver_id=gEPooI5KujMcg8QMChAU32qh2ql1 HTTP/1.1" 200 -
2024-05-19 01:31:10,823 - ERROR - Exception on /messages/get_messages [GET]
Traceback (most recent call last):
  File "/Users/muhailah/chtcht/chtcht/env/lib/python3.12/site-packages/pyrebase/pyrebase.py", line 544, in raise_detailed_error
    request_object.raise_for_status()
  File "/Users/muhailah/chtcht/chtcht/env/lib/python3.12/site-packages/requests/models.py", line 1021, in raise_for_status
    raise HTTPError(http_error_msg, response=self)
requests.exceptions.HTTPError: 400 Client Error: Bad Request for url: https://www.googleapis.com/identitytoolkit/v3/relyingparty/getAccountInfo?key=AIzaSyDd9YRWul2zoxW4l3SNw1Pso_S5ajE4bys

During handling of the above exception, another exception occurred:

Traceback (most recent call last):
  File "/Users/muhailah/chtcht/chtcht/env/lib/python3.12/site-packages/flask/app.py", line 1473, in wsgi_app
    response = self.full_dispatch_request()
               ^^^^^^^^^^^^^^^^^^^^^^^^^^^^
  File "/Users/muhailah/chtcht/chtcht/env/lib/python3.12/site-packages/flask/app.py", line 882, in full_dispatch_request
    rv = self.handle_user_exception(e)
         ^^^^^^^^^^^^^^^^^^^^^^^^^^^^^
  File "/Users/muhailah/chtcht/chtcht/env/lib/python3.12/site-packages/flask_cors/extension.py", line 176, in wrapped_function
    return cors_after_request(app.make_response(f(*args, **kwargs)))
                                                ^^^^^^^^^^^^^^^^^^
  File "/Users/muhailah/chtcht/chtcht/env/lib/python3.12/site-packages/flask/app.py", line 880, in full_dispatch_request
    rv = self.dispatch_request()
         ^^^^^^^^^^^^^^^^^^^^^^^
  File "/Users/muhailah/chtcht/chtcht/env/lib/python3.12/site-packages/flask/app.py", line 865, in dispatch_request
    return self.ensure_sync(self.view_functions[rule.endpoint])(**view_args)  # type: ignore[no-any-return]
           ^^^^^^^^^^^^^^^^^^^^^^^^^^^^^^^^^^^^^^^^^^^^^^^^^^^^^^^^^^^^^^^^^
  File "/Users/muhailah/chtcht/chtcht/app/blueprints/message.py", line 129, in get_messages
    user = auth.get_account_info(token)
           ^^^^^^^^^^^^^^^^^^^^^^^^^^^^
  File "/Users/muhailah/chtcht/chtcht/env/lib/python3.12/site-packages/pyrebase/pyrebase.py", line 139, in get_account_info
    raise_detailed_error(request_object)
  File "/Users/muhailah/chtcht/chtcht/env/lib/python3.12/site-packages/pyrebase/pyrebase.py", line 548, in raise_detailed_error
    raise HTTPError(e, request_object.text)
requests.exceptions.HTTPError: [Errno 400 Client Error: Bad Request for url: https://www.googleapis.com/identitytoolkit/v3/relyingparty/getAccountInfo?key=AIzaSyDd9YRWul2zoxW4l3SNw1Pso_S5ajE4bys] {
  "error": {
    "code": 400,
    "message": "INVALID_ID_TOKEN",
    "errors": [
      {
        "message": "INVALID_ID_TOKEN",
        "domain": "global",
        "reason": "invalid"
      }
    ]
  }
}

2024-05-19 01:31:10,827 - INFO - 127.0.0.1 - - [19/May/2024 01:31:10] "[35m[1mGET /messages/get_messages?receiver_id=gEPooI5KujMcg8QMChAU32qh2ql1 HTTP/1.1[0m" 500 -
2024-05-19 01:31:11,937 - INFO - 127.0.0.1 - - [19/May/2024 01:31:11] "OPTIONS /messages/get_messages?receiver_id=kcA4QLnAfvcBnaxExxlmKqw1KIu2 HTTP/1.1" 200 -
2024-05-19 01:31:12,359 - ERROR - Exception on /messages/get_messages [GET]
Traceback (most recent call last):
  File "/Users/muhailah/chtcht/chtcht/env/lib/python3.12/site-packages/pyrebase/pyrebase.py", line 544, in raise_detailed_error
    request_object.raise_for_status()
  File "/Users/muhailah/chtcht/chtcht/env/lib/python3.12/site-packages/requests/models.py", line 1021, in raise_for_status
    raise HTTPError(http_error_msg, response=self)
requests.exceptions.HTTPError: 400 Client Error: Bad Request for url: https://www.googleapis.com/identitytoolkit/v3/relyingparty/getAccountInfo?key=AIzaSyDd9YRWul2zoxW4l3SNw1Pso_S5ajE4bys

During handling of the above exception, another exception occurred:

Traceback (most recent call last):
  File "/Users/muhailah/chtcht/chtcht/env/lib/python3.12/site-packages/flask/app.py", line 1473, in wsgi_app
    response = self.full_dispatch_request()
               ^^^^^^^^^^^^^^^^^^^^^^^^^^^^
  File "/Users/muhailah/chtcht/chtcht/env/lib/python3.12/site-packages/flask/app.py", line 882, in full_dispatch_request
    rv = self.handle_user_exception(e)
         ^^^^^^^^^^^^^^^^^^^^^^^^^^^^^
  File "/Users/muhailah/chtcht/chtcht/env/lib/python3.12/site-packages/flask_cors/extension.py", line 176, in wrapped_function
    return cors_after_request(app.make_response(f(*args, **kwargs)))
                                                ^^^^^^^^^^^^^^^^^^
  File "/Users/muhailah/chtcht/chtcht/env/lib/python3.12/site-packages/flask/app.py", line 880, in full_dispatch_request
    rv = self.dispatch_request()
         ^^^^^^^^^^^^^^^^^^^^^^^
  File "/Users/muhailah/chtcht/chtcht/env/lib/python3.12/site-packages/flask/app.py", line 865, in dispatch_request
    return self.ensure_sync(self.view_functions[rule.endpoint])(**view_args)  # type: ignore[no-any-return]
           ^^^^^^^^^^^^^^^^^^^^^^^^^^^^^^^^^^^^^^^^^^^^^^^^^^^^^^^^^^^^^^^^^
  File "/Users/muhailah/chtcht/chtcht/app/blueprints/message.py", line 129, in get_messages
    user = auth.get_account_info(token)
           ^^^^^^^^^^^^^^^^^^^^^^^^^^^^
  File "/Users/muhailah/chtcht/chtcht/env/lib/python3.12/site-packages/pyrebase/pyrebase.py", line 139, in get_account_info
    raise_detailed_error(request_object)
  File "/Users/muhailah/chtcht/chtcht/env/lib/python3.12/site-packages/pyrebase/pyrebase.py", line 548, in raise_detailed_error
    raise HTTPError(e, request_object.text)
requests.exceptions.HTTPError: [Errno 400 Client Error: Bad Request for url: https://www.googleapis.com/identitytoolkit/v3/relyingparty/getAccountInfo?key=AIzaSyDd9YRWul2zoxW4l3SNw1Pso_S5ajE4bys] {
  "error": {
    "code": 400,
    "message": "INVALID_ID_TOKEN",
    "errors": [
      {
        "message": "INVALID_ID_TOKEN",
        "domain": "global",
        "reason": "invalid"
      }
    ]
  }
}

2024-05-19 01:31:12,363 - INFO - 127.0.0.1 - - [19/May/2024 01:31:12] "[35m[1mGET /messages/get_messages?receiver_id=kcA4QLnAfvcBnaxExxlmKqw1KIu2 HTTP/1.1[0m" 500 -
2024-05-19 01:31:12,407 - INFO - 127.0.0.1 - - [19/May/2024 01:31:12] "OPTIONS /messages/get_messages?receiver_id=Cq9vMZb8dfOqfHeZJy08SCPi7Fg1 HTTP/1.1" 200 -
2024-05-19 01:31:12,852 - ERROR - Exception on /messages/get_messages [GET]
Traceback (most recent call last):
  File "/Users/muhailah/chtcht/chtcht/env/lib/python3.12/site-packages/pyrebase/pyrebase.py", line 544, in raise_detailed_error
    request_object.raise_for_status()
  File "/Users/muhailah/chtcht/chtcht/env/lib/python3.12/site-packages/requests/models.py", line 1021, in raise_for_status
    raise HTTPError(http_error_msg, response=self)
requests.exceptions.HTTPError: 400 Client Error: Bad Request for url: https://www.googleapis.com/identitytoolkit/v3/relyingparty/getAccountInfo?key=AIzaSyDd9YRWul2zoxW4l3SNw1Pso_S5ajE4bys

During handling of the above exception, another exception occurred:

Traceback (most recent call last):
  File "/Users/muhailah/chtcht/chtcht/env/lib/python3.12/site-packages/flask/app.py", line 1473, in wsgi_app
    response = self.full_dispatch_request()
               ^^^^^^^^^^^^^^^^^^^^^^^^^^^^
  File "/Users/muhailah/chtcht/chtcht/env/lib/python3.12/site-packages/flask/app.py", line 882, in full_dispatch_request
    rv = self.handle_user_exception(e)
         ^^^^^^^^^^^^^^^^^^^^^^^^^^^^^
  File "/Users/muhailah/chtcht/chtcht/env/lib/python3.12/site-packages/flask_cors/extension.py", line 176, in wrapped_function
    return cors_after_request(app.make_response(f(*args, **kwargs)))
                                                ^^^^^^^^^^^^^^^^^^
  File "/Users/muhailah/chtcht/chtcht/env/lib/python3.12/site-packages/flask/app.py", line 880, in full_dispatch_request
    rv = self.dispatch_request()
         ^^^^^^^^^^^^^^^^^^^^^^^
  File "/Users/muhailah/chtcht/chtcht/env/lib/python3.12/site-packages/flask/app.py", line 865, in dispatch_request
    return self.ensure_sync(self.view_functions[rule.endpoint])(**view_args)  # type: ignore[no-any-return]
           ^^^^^^^^^^^^^^^^^^^^^^^^^^^^^^^^^^^^^^^^^^^^^^^^^^^^^^^^^^^^^^^^^
  File "/Users/muhailah/chtcht/chtcht/app/blueprints/message.py", line 129, in get_messages
    user = auth.get_account_info(token)
           ^^^^^^^^^^^^^^^^^^^^^^^^^^^^
  File "/Users/muhailah/chtcht/chtcht/env/lib/python3.12/site-packages/pyrebase/pyrebase.py", line 139, in get_account_info
    raise_detailed_error(request_object)
  File "/Users/muhailah/chtcht/chtcht/env/lib/python3.12/site-packages/pyrebase/pyrebase.py", line 548, in raise_detailed_error
    raise HTTPError(e, request_object.text)
requests.exceptions.HTTPError: [Errno 400 Client Error: Bad Request for url: https://www.googleapis.com/identitytoolkit/v3/relyingparty/getAccountInfo?key=AIzaSyDd9YRWul2zoxW4l3SNw1Pso_S5ajE4bys] {
  "error": {
    "code": 400,
    "message": "INVALID_ID_TOKEN",
    "errors": [
      {
        "message": "INVALID_ID_TOKEN",
        "domain": "global",
        "reason": "invalid"
      }
    ]
  }
}

2024-05-19 01:31:12,856 - INFO - 127.0.0.1 - - [19/May/2024 01:31:12] "[35m[1mGET /messages/get_messages?receiver_id=Cq9vMZb8dfOqfHeZJy08SCPi7Fg1 HTTP/1.1[0m" 500 -
2024-05-19 01:31:14,527 - INFO - 127.0.0.1 - - [19/May/2024 01:31:14] "OPTIONS /messages/get_messages?receiver_id=gEPooI5KujMcg8QMChAU32qh2ql1 HTTP/1.1" 200 -
2024-05-19 01:31:15,027 - INFO - 127.0.0.1 - - [19/May/2024 01:31:15] "OPTIONS /messages/get_messages?receiver_id=kcA4QLnAfvcBnaxExxlmKqw1KIu2 HTTP/1.1" 200 -
2024-05-19 01:31:15,086 - INFO - 127.0.0.1 - - [19/May/2024 01:31:15] "GET /messages/get_messages?receiver_id=gEPooI5KujMcg8QMChAU32qh2ql1 HTTP/1.1" 200 -
2024-05-19 01:31:15,407 - INFO - 127.0.0.1 - - [19/May/2024 01:31:15] "OPTIONS /messages/get_messages?receiver_id=Cq9vMZb8dfOqfHeZJy08SCPi7Fg1 HTTP/1.1" 200 -
2024-05-19 01:31:15,562 - INFO - 127.0.0.1 - - [19/May/2024 01:31:15] "GET /messages/get_messages?receiver_id=kcA4QLnAfvcBnaxExxlmKqw1KIu2 HTTP/1.1" 200 -
2024-05-19 01:31:15,874 - INFO - 127.0.0.1 - - [19/May/2024 01:31:15] "GET /messages/get_messages?receiver_id=Cq9vMZb8dfOqfHeZJy08SCPi7Fg1 HTTP/1.1" 200 -
2024-05-19 01:37:13,369 - INFO - 127.0.0.1 - - [19/May/2024 01:37:13] "GET /socket.io/?EIO=4&transport=websocket&sid=MMpLHP8t-0a9jMxjAABG HTTP/1.1" 200 -
2024-05-19 01:37:13,440 - INFO - 127.0.0.1 - - [19/May/2024 01:37:13] "GET /socket.io/?EIO=4&transport=websocket&sid=3fXJGYoicg9LEMIuAABE HTTP/1.1" 200 -
2024-05-19 01:37:13,521 - INFO - 127.0.0.1 - - [19/May/2024 01:37:13] "GET /socket.io/?EIO=4&transport=polling&t=O-DsX-l HTTP/1.1" 200 -
2024-05-19 01:37:13,525 - INFO - 127.0.0.1 - - [19/May/2024 01:37:13] "POST /socket.io/?EIO=4&transport=polling&t=O-DsX-p&sid=PD0PuHZtbqotLjKXAABI HTTP/1.1" 200 -
2024-05-19 01:37:13,525 - INFO - 127.0.0.1 - - [19/May/2024 01:37:13] "GET /socket.io/?EIO=4&transport=polling&t=O-DsX-p.0&sid=PD0PuHZtbqotLjKXAABI HTTP/1.1" 200 -
2024-05-19 01:37:13,528 - INFO - 127.0.0.1 - - [19/May/2024 01:37:13] "GET /socket.io/?EIO=4&transport=polling&t=O-DsX-t&sid=PD0PuHZtbqotLjKXAABI HTTP/1.1" 200 -
2024-05-19 01:37:13,533 - INFO - 127.0.0.1 - - [19/May/2024 01:37:13] "GET /socket.io/?EIO=4&transport=polling&t=O-DsX-y HTTP/1.1" 200 -
2024-05-19 01:37:13,536 - INFO - 127.0.0.1 - - [19/May/2024 01:37:13] "POST /socket.io/?EIO=4&transport=polling&t=O-DsX-_&sid=mlhin4WTkTew5RPFAABK HTTP/1.1" 200 -
2024-05-19 01:37:13,537 - INFO - 127.0.0.1 - - [19/May/2024 01:37:13] "GET /socket.io/?EIO=4&transport=polling&t=O-DsX-_.0&sid=mlhin4WTkTew5RPFAABK HTTP/1.1" 200 -
2024-05-19 01:37:13,539 - INFO - 127.0.0.1 - - [19/May/2024 01:37:13] "GET /socket.io/?EIO=4&transport=polling&t=O-DsX_2&sid=mlhin4WTkTew5RPFAABK HTTP/1.1" 200 -
2024-05-19 01:37:24,234 - INFO - 127.0.0.1 - - [19/May/2024 01:37:24] "GET /socket.io/?EIO=4&transport=websocket&sid=mlhin4WTkTew5RPFAABK HTTP/1.1" 200 -
2024-05-19 01:37:40,731 - INFO - 127.0.0.1 - - [19/May/2024 01:37:40] "GET /socket.io/?EIO=4&transport=websocket&sid=PD0PuHZtbqotLjKXAABI HTTP/1.1" 200 -
2024-05-19 01:38:17,424 - INFO - 127.0.0.1 - - [19/May/2024 01:38:17] "OPTIONS /auth/login HTTP/1.1" 200 -
2024-05-19 01:38:18,272 - INFO - 127.0.0.1 - - [19/May/2024 01:38:18] "POST /auth/login HTTP/1.1" 200 -
2024-05-19 01:38:18,286 - INFO - 127.0.0.1 - - [19/May/2024 01:38:18] "GET /socket.io/?EIO=4&transport=polling&t=O-Dsnod HTTP/1.1" 200 -
2024-05-19 01:38:18,292 - INFO - 127.0.0.1 - - [19/May/2024 01:38:18] "POST /socket.io/?EIO=4&transport=polling&t=O-Dsnoo&sid=BG2LTE4ttmLsDQS_AABM HTTP/1.1" 200 -
2024-05-19 01:38:18,294 - INFO - 127.0.0.1 - - [19/May/2024 01:38:18] "GET /socket.io/?EIO=4&transport=polling&t=O-Dsnop&sid=BG2LTE4ttmLsDQS_AABM HTTP/1.1" 200 -
2024-05-19 01:38:20,287 - INFO - 127.0.0.1 - - [19/May/2024 01:38:20] "OPTIONS /messages/get_messages?receiver_id=gEPooI5KujMcg8QMChAU32qh2ql1 HTTP/1.1" 200 -
2024-05-19 01:38:20,910 - INFO - 127.0.0.1 - - [19/May/2024 01:38:20] "GET /messages/get_messages?receiver_id=gEPooI5KujMcg8QMChAU32qh2ql1 HTTP/1.1" 200 -
2024-05-19 01:38:24,750 - INFO - 127.0.0.1 - - [19/May/2024 01:38:24] "OPTIONS /messages/get_messages?receiver_id=kcA4QLnAfvcBnaxExxlmKqw1KIu2 HTTP/1.1" 200 -
2024-05-19 01:38:25,235 - INFO - 127.0.0.1 - - [19/May/2024 01:38:25] "GET /messages/get_messages?receiver_id=kcA4QLnAfvcBnaxExxlmKqw1KIu2 HTTP/1.1" 200 -
